14-Oct-2016 06:20:33.428 WARNING [main] org.apache.catalina.startup.SetAllPropertiesRule.begin [SetAllPropertiesRule]{Server/Service/Connector} Setting property 'resolveHosts' to 'true' did not find a matching property.
14-Oct-2016 06:20:33.475 INFO [main] org.apache.catalina.startup.VersionLoggerListener.log Server version:        Apache Tomcat/8.5.5
14-Oct-2016 06:20:33.475 INFO [main] org.apache.catalina.startup.VersionLoggerListener.log Server built:          Aug 31 2016 19:51:16 UTC
14-Oct-2016 06:20:33.475 INFO [main] org.apache.catalina.startup.VersionLoggerListener.log Server number:         8.5.5.0
14-Oct-2016 06:20:33.475 INFO [main] org.apache.catalina.startup.VersionLoggerListener.log OS Name:               Windows 10
14-Oct-2016 06:20:33.475 INFO [main] org.apache.catalina.startup.VersionLoggerListener.log OS Version:            10.0
14-Oct-2016 06:20:33.475 INFO [main] org.apache.catalina.startup.VersionLoggerListener.log Architecture:          amd64
14-Oct-2016 06:20:33.475 INFO [main] org.apache.catalina.startup.VersionLoggerListener.log Java Home:             C:\Program Files\Java\jdk1.8.0_101\jre
14-Oct-2016 06:20:33.475 INFO [main] org.apache.catalina.startup.VersionLoggerListener.log JVM Version:           1.8.0_101-b13
14-Oct-2016 06:20:33.475 INFO [main] org.apache.catalina.startup.VersionLoggerListener.log JVM Vendor:            Oracle Corporation
14-Oct-2016 06:20:33.475 INFO [main] org.apache.catalina.startup.VersionLoggerListener.log CATALINA_BASE:         C:\Users\cjedwards1\Desktop\major classifier\tomcat
14-Oct-2016 06:20:33.475 INFO [main] org.apache.catalina.startup.VersionLoggerListener.log CATALINA_HOME:         C:\Users\cjedwards1\Desktop\major classifier\tomcat
14-Oct-2016 06:20:33.475 INFO [main] org.apache.catalina.startup.VersionLoggerListener.log Command line argument: -Djdk.tls.ephemeralDHKeySize=2048
14-Oct-2016 06:20:33.475 INFO [main] org.apache.catalina.startup.VersionLoggerListener.log Command line argument: -Djava.util.logging.config.file=C:\Users\cjedwards1\Desktop\major classifier\tomcat\conf\logging.properties
14-Oct-2016 06:20:33.475 INFO [main] org.apache.catalina.startup.VersionLoggerListener.log Command line argument: -Djava.util.logging.manager=org.apache.juli.ClassLoaderLogManager
14-Oct-2016 06:20:33.475 INFO [main] org.apache.catalina.startup.VersionLoggerListener.log Command line argument: -Dcatalina.base=C:\Users\cjedwards1\Desktop\major classifier\tomcat
14-Oct-2016 06:20:33.475 INFO [main] org.apache.catalina.startup.VersionLoggerListener.log Command line argument: -Dcatalina.home=C:\Users\cjedwards1\Desktop\major classifier\tomcat
14-Oct-2016 06:20:33.475 INFO [main] org.apache.catalina.startup.VersionLoggerListener.log Command line argument: -Djava.io.tmpdir=C:\Users\cjedwards1\Desktop\major classifier\tomcat\temp
14-Oct-2016 06:20:33.475 INFO [main] org.apache.catalina.core.AprLifecycleListener.lifecycleEvent The APR based Apache Tomcat Native library which allows optimal performance in production environments was not found on the java.library.path: C:\Program Files\Java\jdk1.8.0_101\bin;C:\WINDOWS\Sun\Java\bin;C:\WINDOWS\system32;C:\WINDOWS;C:\ProgramData\Oracle\Java\javapath;C:\WINDOWS\system32;C:\WINDOWS;C:\WINDOWS\System32\Wbem;C:\WINDOWS\System32\WindowsPowerShell\v1.0\;C:\Program Files (x86)\Microsoft SQL Server\110\Tools\Binn\ManagementStudio\;C:\Program Files (x86)\Microsoft SQL Server\110\Tools\Binn\;C:\Program Files\Microsoft SQL Server\110\Tools\Binn\;C:\Program Files (x86)\Microsoft SQL Server\110\DTS\Binn\;C:\Program Files (x86)\Microsoft SQL Server\Client SDK\ODBC\130\Tools\Binn\;C:\Program Files (x86)\Microsoft SQL Server\130\Tools\Binn\;C:\Program Files (x86)\Microsoft SQL Server\130\DTS\Binn\;C:\Program Files (x86)\Microsoft SQL Server\130\Tools\Binn\ManagementStudio\;C:\Users\cjedwards1\AppData\Local\Microsoft\WindowsApps;C:\Program Files\Java\jdk1.8.0_101\bin;C:\Users\cjedwards1\Desktop\apache-maven-3.3.9\bin;.
14-Oct-2016 06:20:33.600 INFO [main] org.apache.coyote.AbstractProtocol.init Initializing ProtocolHandler ["http-nio-172.20.151.127-8080"]
14-Oct-2016 06:20:33.710 INFO [main] org.apache.tomcat.util.net.NioSelectorPool.getSharedSelector Using a shared selector for servlet write/read
14-Oct-2016 06:20:33.710 INFO [main] org.apache.coyote.AbstractProtocol.init Initializing ProtocolHandler ["ajp-nio-8009"]
14-Oct-2016 06:20:33.710 INFO [main] org.apache.tomcat.util.net.NioSelectorPool.getSharedSelector Using a shared selector for servlet write/read
14-Oct-2016 06:20:33.710 INFO [main] org.apache.catalina.startup.Catalina.load Initialization processed in 890 ms
14-Oct-2016 06:20:33.741 INFO [main] org.apache.catalina.core.StandardService.startInternal Starting service Catalina
14-Oct-2016 06:20:33.741 INFO [main] org.apache.catalina.core.StandardEngine.startInternal Starting Servlet Engine: Apache Tomcat/8.5.5
14-Oct-2016 06:20:33.741 INFO [localhost-startStop-1] org.apache.catalina.startup.HostConfig.deployDirectory Deploying web application directory C:\Users\cjedwards1\Desktop\major classifier\tomcat\webapps\docs
14-Oct-2016 06:20:34.288 INFO [localhost-startStop-1] org.apache.jasper.servlet.TldScanner.scanJars At least one JAR was scanned for TLDs yet contained no TLDs. Enable debug logging for this logger for a complete list of JARs that were scanned but no TLDs were found in them. Skipping unneeded JARs during scanning can improve startup time and JSP compilation time.
14-Oct-2016 06:20:34.319 INFO [localhost-startStop-1] org.apache.catalina.startup.HostConfig.deployDirectory Deployment of web application directory C:\Users\cjedwards1\Desktop\major classifier\tomcat\webapps\docs has finished in 578 ms
14-Oct-2016 06:20:34.319 INFO [localhost-startStop-1] org.apache.catalina.startup.HostConfig.deployDirectory Deploying web application directory C:\Users\cjedwards1\Desktop\major classifier\tomcat\webapps\examples
14-Oct-2016 06:20:35.179 INFO [localhost-startStop-1] org.apache.jasper.servlet.TldScanner.scanJars At least one JAR was scanned for TLDs yet contained no TLDs. Enable debug logging for this logger for a complete list of JARs that were scanned but no TLDs were found in them. Skipping unneeded JARs during scanning can improve startup time and JSP compilation time.
14-Oct-2016 06:20:35.225 INFO [localhost-startStop-1] org.apache.catalina.startup.HostConfig.deployDirectory Deployment of web application directory C:\Users\cjedwards1\Desktop\major classifier\tomcat\webapps\examples has finished in 906 ms
14-Oct-2016 06:20:35.225 INFO [localhost-startStop-1] org.apache.catalina.startup.HostConfig.deployDirectory Deploying web application directory C:\Users\cjedwards1\Desktop\major classifier\tomcat\webapps\hello
14-Oct-2016 06:20:35.382 INFO [localhost-startStop-1] org.apache.jasper.servlet.TldScanner.scanJars At least one JAR was scanned for TLDs yet contained no TLDs. Enable debug logging for this logger for a complete list of JARs that were scanned but no TLDs were found in them. Skipping unneeded JARs during scanning can improve startup time and JSP compilation time.
14-Oct-2016 06:20:35.382 INFO [localhost-startStop-1] org.apache.catalina.startup.HostConfig.deployDirectory Deployment of web application directory C:\Users\cjedwards1\Desktop\major classifier\tomcat\webapps\hello has finished in 157 ms
14-Oct-2016 06:20:35.382 INFO [localhost-startStop-1] org.apache.catalina.startup.HostConfig.deployDirectory Deploying web application directory C:\Users\cjedwards1\Desktop\major classifier\tomcat\webapps\host-manager
14-Oct-2016 06:20:35.522 INFO [localhost-startStop-1] org.apache.jasper.servlet.TldScanner.scanJars At least one JAR was scanned for TLDs yet contained no TLDs. Enable debug logging for this logger for a complete list of JARs that were scanned but no TLDs were found in them. Skipping unneeded JARs during scanning can improve startup time and JSP compilation time.
14-Oct-2016 06:20:35.538 INFO [localhost-startStop-1] org.apache.catalina.startup.HostConfig.deployDirectory Deployment of web application directory C:\Users\cjedwards1\Desktop\major classifier\tomcat\webapps\host-manager has finished in 156 ms
14-Oct-2016 06:20:35.538 INFO [localhost-startStop-1] org.apache.catalina.startup.HostConfig.deployDirectory Deploying web application directory C:\Users\cjedwards1\Desktop\major classifier\tomcat\webapps\majorclassifier
14-Oct-2016 06:20:37.273 INFO [localhost-startStop-1] org.apache.jasper.servlet.TldScanner.scanJars At least one JAR was scanned for TLDs yet contained no TLDs. Enable debug logging for this logger for a complete list of JARs that were scanned but no TLDs were found in them. Skipping unneeded JARs during scanning can improve startup time and JSP compilation time.
14-Oct-2016 06:20:37.273 INFO [localhost-startStop-1] org.apache.catalina.startup.HostConfig.deployDirectory Deployment of web application directory C:\Users\cjedwards1\Desktop\major classifier\tomcat\webapps\majorclassifier has finished in 1,735 ms
14-Oct-2016 06:20:37.273 INFO [localhost-startStop-1] org.apache.catalina.startup.HostConfig.deployDirectory Deploying web application directory C:\Users\cjedwards1\Desktop\major classifier\tomcat\webapps\manager
14-Oct-2016 06:20:37.398 INFO [localhost-startStop-1] org.apache.jasper.servlet.TldScanner.scanJars At least one JAR was scanned for TLDs yet contained no TLDs. Enable debug logging for this logger for a complete list of JARs that were scanned but no TLDs were found in them. Skipping unneeded JARs during scanning can improve startup time and JSP compilation time.
14-Oct-2016 06:20:37.398 INFO [localhost-startStop-1] org.apache.catalina.startup.HostConfig.deployDirectory Deployment of web application directory C:\Users\cjedwards1\Desktop\major classifier\tomcat\webapps\manager has finished in 125 ms
14-Oct-2016 06:20:37.398 INFO [localhost-startStop-1] org.apache.catalina.startup.HostConfig.deployDirectory Deploying web application directory C:\Users\cjedwards1\Desktop\major classifier\tomcat\webapps\ROOT
14-Oct-2016 06:20:37.538 INFO [localhost-startStop-1] org.apache.jasper.servlet.TldScanner.scanJars At least one JAR was scanned for TLDs yet contained no TLDs. Enable debug logging for this logger for a complete list of JARs that were scanned but no TLDs were found in them. Skipping unneeded JARs during scanning can improve startup time and JSP compilation time.
14-Oct-2016 06:20:37.538 INFO [localhost-startStop-1] org.apache.catalina.startup.HostConfig.deployDirectory Deployment of web application directory C:\Users\cjedwards1\Desktop\major classifier\tomcat\webapps\ROOT has finished in 140 ms
14-Oct-2016 06:20:37.554 INFO [main] org.apache.coyote.AbstractProtocol.start Starting ProtocolHandler [http-nio-172.20.151.127-8080]
14-Oct-2016 06:20:37.554 INFO [main] org.apache.coyote.AbstractProtocol.start Starting ProtocolHandler [ajp-nio-8009]
14-Oct-2016 06:20:37.554 INFO [main] org.apache.catalina.startup.Catalina.start Server startup in 3851 ms
14-Oct-2016 08:34:20.889 INFO [ContainerBackgroundProcessor[StandardEngine[Catalina]]] org.apache.catalina.core.StandardContext.reload Reloading Context with name [/majorclassifier] has started
14-Oct-2016 08:34:20.920 WARNING [ContainerBackgroundProcessor[StandardEngine[Catalina]]] org.apache.catalina.loader.WebappClassLoaderBase.clearReferencesJdbc The web application [majorclassifier] registered the JDBC driver [com.microsoft.sqlserver.jdbc.SQLServerDriver] but failed to unregister it when the web application was stopped. To prevent a memory leak, the JDBC Driver has been forcibly unregistered.
14-Oct-2016 08:34:20.920 SEVERE [ContainerBackgroundProcessor[StandardEngine[Catalina]]] org.apache.catalina.loader.WebappClassLoaderBase.checkThreadLocalMapForLeaks The web application [majorclassifier] created a ThreadLocal with key of type [com.microsoft.sqlserver.jdbc.ActivityCorrelator$1] (value [com.microsoft.sqlserver.jdbc.ActivityCorrelator$1@5da9dcdf]) and a value of type [com.microsoft.sqlserver.jdbc.ActivityId] (value [c9d4e19b-1213-494b-8723-5d035b327594-20]) but failed to remove it when the web application was stopped. Threads are going to be renewed over time to try and avoid a probable memory leak.
14-Oct-2016 08:34:20.920 SEVERE [ContainerBackgroundProcessor[StandardEngine[Catalina]]] org.apache.catalina.loader.WebappClassLoaderBase.checkThreadLocalMapForLeaks The web application [majorclassifier] created a ThreadLocal with key of type [com.microsoft.sqlserver.jdbc.ActivityCorrelator$1] (value [com.microsoft.sqlserver.jdbc.ActivityCorrelator$1@5da9dcdf]) and a value of type [com.microsoft.sqlserver.jdbc.ActivityId] (value [498a005e-8ce4-4747-b7d6-603cf584d8f6-17]) but failed to remove it when the web application was stopped. Threads are going to be renewed over time to try and avoid a probable memory leak.
14-Oct-2016 08:34:20.920 SEVERE [ContainerBackgroundProcessor[StandardEngine[Catalina]]] org.apache.catalina.loader.WebappClassLoaderBase.checkThreadLocalMapForLeaks The web application [majorclassifier] created a ThreadLocal with key of type [com.microsoft.sqlserver.jdbc.ActivityCorrelator$1] (value [com.microsoft.sqlserver.jdbc.ActivityCorrelator$1@5da9dcdf]) and a value of type [com.microsoft.sqlserver.jdbc.ActivityId] (value [d59490f2-c016-41f6-ba32-e3d21cbde1e7-18]) but failed to remove it when the web application was stopped. Threads are going to be renewed over time to try and avoid a probable memory leak.
14-Oct-2016 08:34:20.920 SEVERE [ContainerBackgroundProcessor[StandardEngine[Catalina]]] org.apache.catalina.loader.WebappClassLoaderBase.checkThreadLocalMapForLeaks The web application [majorclassifier] created a ThreadLocal with key of type [com.microsoft.sqlserver.jdbc.ActivityCorrelator$1] (value [com.microsoft.sqlserver.jdbc.ActivityCorrelator$1@5da9dcdf]) and a value of type [com.microsoft.sqlserver.jdbc.ActivityId] (value [787903f0-5451-46ba-a4d3-3e97dd66c138-20]) but failed to remove it when the web application was stopped. Threads are going to be renewed over time to try and avoid a probable memory leak.
14-Oct-2016 08:34:20.920 SEVERE [ContainerBackgroundProcessor[StandardEngine[Catalina]]] org.apache.catalina.loader.WebappClassLoaderBase.checkThreadLocalMapForLeaks The web application [majorclassifier] created a ThreadLocal with key of type [com.microsoft.sqlserver.jdbc.ActivityCorrelator$1] (value [com.microsoft.sqlserver.jdbc.ActivityCorrelator$1@5da9dcdf]) and a value of type [com.microsoft.sqlserver.jdbc.ActivityId] (value [2fad29fa-704c-49dc-9708-ada2bd3a301c-16]) but failed to remove it when the web application was stopped. Threads are going to be renewed over time to try and avoid a probable memory leak.
14-Oct-2016 08:34:20.936 SEVERE [ContainerBackgroundProcessor[StandardEngine[Catalina]]] org.apache.catalina.loader.WebappClassLoaderBase.checkThreadLocalMapForLeaks The web application [majorclassifier] created a ThreadLocal with key of type [com.microsoft.sqlserver.jdbc.ActivityCorrelator$1] (value [com.microsoft.sqlserver.jdbc.ActivityCorrelator$1@5da9dcdf]) and a value of type [com.microsoft.sqlserver.jdbc.ActivityId] (value [876ef426-8556-4760-9a53-9209bc3a0255-16]) but failed to remove it when the web application was stopped. Threads are going to be renewed over time to try and avoid a probable memory leak.
14-Oct-2016 08:34:20.936 SEVERE [ContainerBackgroundProcessor[StandardEngine[Catalina]]] org.apache.catalina.loader.WebappClassLoaderBase.checkThreadLocalMapForLeaks The web application [majorclassifier] created a ThreadLocal with key of type [com.microsoft.sqlserver.jdbc.ActivityCorrelator$1] (value [com.microsoft.sqlserver.jdbc.ActivityCorrelator$1@5da9dcdf]) and a value of type [com.microsoft.sqlserver.jdbc.ActivityId] (value [1c8cf4eb-49f5-4425-a263-096a2581e25d-14]) but failed to remove it when the web application was stopped. Threads are going to be renewed over time to try and avoid a probable memory leak.
14-Oct-2016 08:34:20.936 SEVERE [ContainerBackgroundProcessor[StandardEngine[Catalina]]] org.apache.catalina.loader.WebappClassLoaderBase.checkThreadLocalMapForLeaks The web application [majorclassifier] created a ThreadLocal with key of type [com.microsoft.sqlserver.jdbc.ActivityCorrelator$1] (value [com.microsoft.sqlserver.jdbc.ActivityCorrelator$1@5da9dcdf]) and a value of type [com.microsoft.sqlserver.jdbc.ActivityId] (value [053d8646-8e88-4068-9b52-44ffe1dd8997-20]) but failed to remove it when the web application was stopped. Threads are going to be renewed over time to try and avoid a probable memory leak.
14-Oct-2016 08:34:20.936 SEVERE [ContainerBackgroundProcessor[StandardEngine[Catalina]]] org.apache.catalina.loader.WebappClassLoaderBase.checkThreadLocalMapForLeaks The web application [majorclassifier] created a ThreadLocal with key of type [com.microsoft.sqlserver.jdbc.ActivityCorrelator$1] (value [com.microsoft.sqlserver.jdbc.ActivityCorrelator$1@5da9dcdf]) and a value of type [com.microsoft.sqlserver.jdbc.ActivityId] (value [62ffefba-7b74-4a92-aec8-c816158d57e1-20]) but failed to remove it when the web application was stopped. Threads are going to be renewed over time to try and avoid a probable memory leak.
14-Oct-2016 08:34:20.936 SEVERE [ContainerBackgroundProcessor[StandardEngine[Catalina]]] org.apache.catalina.loader.WebappClassLoaderBase.checkThreadLocalMapForLeaks The web application [majorclassifier] created a ThreadLocal with key of type [com.microsoft.sqlserver.jdbc.ActivityCorrelator$1] (value [com.microsoft.sqlserver.jdbc.ActivityCorrelator$1@5da9dcdf]) and a value of type [com.microsoft.sqlserver.jdbc.ActivityId] (value [ca187e00-45a3-4a97-bb87-25ce2f138e45-18]) but failed to remove it when the web application was stopped. Threads are going to be renewed over time to try and avoid a probable memory leak.
14-Oct-2016 08:34:22.194 INFO [ContainerBackgroundProcessor[StandardEngine[Catalina]]] org.apache.jasper.servlet.TldScanner.scanJars At least one JAR was scanned for TLDs yet contained no TLDs. Enable debug logging for this logger for a complete list of JARs that were scanned but no TLDs were found in them. Skipping unneeded JARs during scanning can improve startup time and JSP compilation time.
14-Oct-2016 08:34:22.210 INFO [ContainerBackgroundProcessor[StandardEngine[Catalina]]] org.apache.catalina.core.StandardContext.reload Reloading Context with name [/majorclassifier] is completed
14-Oct-2016 08:38:31.620 INFO [main] org.apache.catalina.core.StandardServer.await A valid shutdown command was received via the shutdown port. Stopping the Server instance.
14-Oct-2016 08:38:31.620 INFO [main] org.apache.coyote.AbstractProtocol.pause Pausing ProtocolHandler ["http-nio-172.20.151.127-8080"]
14-Oct-2016 08:38:31.683 INFO [main] org.apache.coyote.AbstractProtocol.pause Pausing ProtocolHandler ["ajp-nio-8009"]
14-Oct-2016 08:38:31.745 INFO [main] org.apache.catalina.core.StandardService.stopInternal Stopping service Catalina
14-Oct-2016 08:38:31.790 INFO [main] org.apache.coyote.AbstractProtocol.stop Stopping ProtocolHandler ["http-nio-172.20.151.127-8080"]
14-Oct-2016 08:38:31.793 INFO [main] org.apache.coyote.AbstractProtocol.stop Stopping ProtocolHandler ["ajp-nio-8009"]
14-Oct-2016 08:38:31.793 INFO [main] org.apache.coyote.AbstractProtocol.destroy Destroying ProtocolHandler ["http-nio-172.20.151.127-8080"]
14-Oct-2016 08:38:31.793 INFO [main] org.apache.coyote.AbstractProtocol.destroy Destroying ProtocolHandler ["ajp-nio-8009"]
14-Oct-2016 08:38:33.483 WARNING [main] org.apache.catalina.startup.SetAllPropertiesRule.begin [SetAllPropertiesRule]{Server/Service/Connector} Setting property 'resolveHosts' to 'true' did not find a matching property.
14-Oct-2016 08:38:33.514 INFO [main] org.apache.catalina.startup.VersionLoggerListener.log Server version:        Apache Tomcat/8.5.5
14-Oct-2016 08:38:33.514 INFO [main] org.apache.catalina.startup.VersionLoggerListener.log Server built:          Aug 31 2016 19:51:16 UTC
14-Oct-2016 08:38:33.514 INFO [main] org.apache.catalina.startup.VersionLoggerListener.log Server number:         8.5.5.0
14-Oct-2016 08:38:33.514 INFO [main] org.apache.catalina.startup.VersionLoggerListener.log OS Name:               Windows 10
14-Oct-2016 08:38:33.514 INFO [main] org.apache.catalina.startup.VersionLoggerListener.log OS Version:            10.0
14-Oct-2016 08:38:33.514 INFO [main] org.apache.catalina.startup.VersionLoggerListener.log Architecture:          amd64
14-Oct-2016 08:38:33.514 INFO [main] org.apache.catalina.startup.VersionLoggerListener.log Java Home:             C:\Program Files\Java\jdk1.8.0_101\jre
14-Oct-2016 08:38:33.514 INFO [main] org.apache.catalina.startup.VersionLoggerListener.log JVM Version:           1.8.0_101-b13
14-Oct-2016 08:38:33.514 INFO [main] org.apache.catalina.startup.VersionLoggerListener.log JVM Vendor:            Oracle Corporation
14-Oct-2016 08:38:33.514 INFO [main] org.apache.catalina.startup.VersionLoggerListener.log CATALINA_BASE:         C:\Users\cjedwards1\Desktop\major classifier\tomcat
14-Oct-2016 08:38:33.514 INFO [main] org.apache.catalina.startup.VersionLoggerListener.log CATALINA_HOME:         C:\Users\cjedwards1\Desktop\major classifier\tomcat
14-Oct-2016 08:38:33.514 INFO [main] org.apache.catalina.startup.VersionLoggerListener.log Command line argument: -Djdk.tls.ephemeralDHKeySize=2048
14-Oct-2016 08:38:33.514 INFO [main] org.apache.catalina.startup.VersionLoggerListener.log Command line argument: -Djava.util.logging.config.file=C:\Users\cjedwards1\Desktop\major classifier\tomcat\conf\logging.properties
14-Oct-2016 08:38:33.514 INFO [main] org.apache.catalina.startup.VersionLoggerListener.log Command line argument: -Djava.util.logging.manager=org.apache.juli.ClassLoaderLogManager
14-Oct-2016 08:38:33.514 INFO [main] org.apache.catalina.startup.VersionLoggerListener.log Command line argument: -Dcatalina.base=C:\Users\cjedwards1\Desktop\major classifier\tomcat
14-Oct-2016 08:38:33.514 INFO [main] org.apache.catalina.startup.VersionLoggerListener.log Command line argument: -Dcatalina.home=C:\Users\cjedwards1\Desktop\major classifier\tomcat
14-Oct-2016 08:38:33.514 INFO [main] org.apache.catalina.startup.VersionLoggerListener.log Command line argument: -Djava.io.tmpdir=C:\Users\cjedwards1\Desktop\major classifier\tomcat\temp
14-Oct-2016 08:38:33.514 INFO [main] org.apache.catalina.core.AprLifecycleListener.lifecycleEvent The APR based Apache Tomcat Native library which allows optimal performance in production environments was not found on the java.library.path: C:\Program Files\Java\jdk1.8.0_101\bin;C:\WINDOWS\Sun\Java\bin;C:\WINDOWS\system32;C:\WINDOWS;C:\ProgramData\Oracle\Java\javapath;C:\WINDOWS\system32;C:\WINDOWS;C:\WINDOWS\System32\Wbem;C:\WINDOWS\System32\WindowsPowerShell\v1.0\;C:\Program Files (x86)\Microsoft SQL Server\110\Tools\Binn\ManagementStudio\;C:\Program Files (x86)\Microsoft SQL Server\110\Tools\Binn\;C:\Program Files\Microsoft SQL Server\110\Tools\Binn\;C:\Program Files (x86)\Microsoft SQL Server\110\DTS\Binn\;C:\Program Files (x86)\Microsoft SQL Server\Client SDK\ODBC\130\Tools\Binn\;C:\Program Files (x86)\Microsoft SQL Server\130\Tools\Binn\;C:\Program Files (x86)\Microsoft SQL Server\130\DTS\Binn\;C:\Program Files (x86)\Microsoft SQL Server\130\Tools\Binn\ManagementStudio\;C:\Users\cjedwards1\AppData\Local\Microsoft\WindowsApps;C:\Program Files\Java\jdk1.8.0_101\bin;C:\Users\cjedwards1\Desktop\apache-maven-3.3.9\bin;.
14-Oct-2016 08:38:33.639 INFO [main] org.apache.coyote.AbstractProtocol.init Initializing ProtocolHandler ["http-nio-172.20.151.127-8080"]
14-Oct-2016 08:38:33.793 INFO [main] org.apache.tomcat.util.net.NioSelectorPool.getSharedSelector Using a shared selector for servlet write/read
14-Oct-2016 08:38:33.793 INFO [main] org.apache.coyote.AbstractProtocol.init Initializing ProtocolHandler ["ajp-nio-8009"]
14-Oct-2016 08:38:33.793 INFO [main] org.apache.tomcat.util.net.NioSelectorPool.getSharedSelector Using a shared selector for servlet write/read
14-Oct-2016 08:38:33.793 INFO [main] org.apache.catalina.startup.Catalina.load Initialization processed in 587 ms
14-Oct-2016 08:38:33.824 INFO [main] org.apache.catalina.core.StandardService.startInternal Starting service Catalina
14-Oct-2016 08:38:33.824 INFO [main] org.apache.catalina.core.StandardEngine.startInternal Starting Servlet Engine: Apache Tomcat/8.5.5
14-Oct-2016 08:38:33.824 INFO [localhost-startStop-1] org.apache.catalina.startup.HostConfig.deployDirectory Deploying web application directory C:\Users\cjedwards1\Desktop\major classifier\tomcat\webapps\docs
14-Oct-2016 08:38:34.231 INFO [localhost-startStop-1] org.apache.jasper.servlet.TldScanner.scanJars At least one JAR was scanned for TLDs yet contained no TLDs. Enable debug logging for this logger for a complete list of JARs that were scanned but no TLDs were found in them. Skipping unneeded JARs during scanning can improve startup time and JSP compilation time.
14-Oct-2016 08:38:34.278 INFO [localhost-startStop-1] org.apache.catalina.startup.HostConfig.deployDirectory Deployment of web application directory C:\Users\cjedwards1\Desktop\major classifier\tomcat\webapps\docs has finished in 454 ms
14-Oct-2016 08:38:34.278 INFO [localhost-startStop-1] org.apache.catalina.startup.HostConfig.deployDirectory Deploying web application directory C:\Users\cjedwards1\Desktop\major classifier\tomcat\webapps\examples
14-Oct-2016 08:38:34.924 INFO [localhost-startStop-1] org.apache.jasper.servlet.TldScanner.scanJars At least one JAR was scanned for TLDs yet contained no TLDs. Enable debug logging for this logger for a complete list of JARs that were scanned but no TLDs were found in them. Skipping unneeded JARs during scanning can improve startup time and JSP compilation time.
14-Oct-2016 08:38:34.955 INFO [localhost-startStop-1] org.apache.catalina.startup.HostConfig.deployDirectory Deployment of web application directory C:\Users\cjedwards1\Desktop\major classifier\tomcat\webapps\examples has finished in 677 ms
14-Oct-2016 08:38:34.955 INFO [localhost-startStop-1] org.apache.catalina.startup.HostConfig.deployDirectory Deploying web application directory C:\Users\cjedwards1\Desktop\major classifier\tomcat\webapps\hello
14-Oct-2016 08:38:35.096 INFO [localhost-startStop-1] org.apache.jasper.servlet.TldScanner.scanJars At least one JAR was scanned for TLDs yet contained no TLDs. Enable debug logging for this logger for a complete list of JARs that were scanned but no TLDs were found in them. Skipping unneeded JARs during scanning can improve startup time and JSP compilation time.
14-Oct-2016 08:38:35.096 INFO [localhost-startStop-1] org.apache.catalina.startup.HostConfig.deployDirectory Deployment of web application directory C:\Users\cjedwards1\Desktop\major classifier\tomcat\webapps\hello has finished in 141 ms
14-Oct-2016 08:38:35.096 INFO [localhost-startStop-1] org.apache.catalina.startup.HostConfig.deployDirectory Deploying web application directory C:\Users\cjedwards1\Desktop\major classifier\tomcat\webapps\host-manager
14-Oct-2016 08:38:35.221 INFO [localhost-startStop-1] org.apache.jasper.servlet.TldScanner.scanJars At least one JAR was scanned for TLDs yet contained no TLDs. Enable debug logging for this logger for a complete list of JARs that were scanned but no TLDs were found in them. Skipping unneeded JARs during scanning can improve startup time and JSP compilation time.
14-Oct-2016 08:38:35.221 INFO [localhost-startStop-1] org.apache.catalina.startup.HostConfig.deployDirectory Deployment of web application directory C:\Users\cjedwards1\Desktop\major classifier\tomcat\webapps\host-manager has finished in 125 ms
14-Oct-2016 08:38:35.221 INFO [localhost-startStop-1] org.apache.catalina.startup.HostConfig.deployDirectory Deploying web application directory C:\Users\cjedwards1\Desktop\major classifier\tomcat\webapps\majorclassifier
14-Oct-2016 08:38:36.252 INFO [localhost-startStop-1] org.apache.jasper.servlet.TldScanner.scanJars At least one JAR was scanned for TLDs yet contained no TLDs. Enable debug logging for this logger for a complete list of JARs that were scanned but no TLDs were found in them. Skipping unneeded JARs during scanning can improve startup time and JSP compilation time.
14-Oct-2016 08:38:36.268 INFO [localhost-startStop-1] org.apache.catalina.startup.HostConfig.deployDirectory Deployment of web application directory C:\Users\cjedwards1\Desktop\major classifier\tomcat\webapps\majorclassifier has finished in 1,047 ms
14-Oct-2016 08:38:36.268 INFO [localhost-startStop-1] org.apache.catalina.startup.HostConfig.deployDirectory Deploying web application directory C:\Users\cjedwards1\Desktop\major classifier\tomcat\webapps\manager
14-Oct-2016 08:38:36.377 INFO [localhost-startStop-1] org.apache.jasper.servlet.TldScanner.scanJars At least one JAR was scanned for TLDs yet contained no TLDs. Enable debug logging for this logger for a complete list of JARs that were scanned but no TLDs were found in them. Skipping unneeded JARs during scanning can improve startup time and JSP compilation time.
14-Oct-2016 08:38:36.377 INFO [localhost-startStop-1] org.apache.catalina.startup.HostConfig.deployDirectory Deployment of web application directory C:\Users\cjedwards1\Desktop\major classifier\tomcat\webapps\manager has finished in 109 ms
14-Oct-2016 08:38:36.377 INFO [localhost-startStop-1] org.apache.catalina.startup.HostConfig.deployDirectory Deploying web application directory C:\Users\cjedwards1\Desktop\major classifier\tomcat\webapps\ROOT
14-Oct-2016 08:38:36.471 INFO [localhost-startStop-1] org.apache.jasper.servlet.TldScanner.scanJars At least one JAR was scanned for TLDs yet contained no TLDs. Enable debug logging for this logger for a complete list of JARs that were scanned but no TLDs were found in them. Skipping unneeded JARs during scanning can improve startup time and JSP compilation time.
14-Oct-2016 08:38:36.487 INFO [localhost-startStop-1] org.apache.catalina.startup.HostConfig.deployDirectory Deployment of web application directory C:\Users\cjedwards1\Desktop\major classifier\tomcat\webapps\ROOT has finished in 110 ms
14-Oct-2016 08:38:36.487 INFO [main] org.apache.coyote.AbstractProtocol.start Starting ProtocolHandler [http-nio-172.20.151.127-8080]
14-Oct-2016 08:38:36.487 INFO [main] org.apache.coyote.AbstractProtocol.start Starting ProtocolHandler [ajp-nio-8009]
14-Oct-2016 08:38:36.487 INFO [main] org.apache.catalina.startup.Catalina.start Server startup in 2694 ms
14-Oct-2016 08:39:10.394 INFO [main] org.apache.catalina.core.StandardServer.await A valid shutdown command was received via the shutdown port. Stopping the Server instance.
14-Oct-2016 08:39:10.409 INFO [main] org.apache.coyote.AbstractProtocol.pause Pausing ProtocolHandler ["http-nio-172.20.151.127-8080"]
14-Oct-2016 08:39:10.472 INFO [main] org.apache.coyote.AbstractProtocol.pause Pausing ProtocolHandler ["ajp-nio-8009"]
14-Oct-2016 08:39:10.534 INFO [main] org.apache.catalina.core.StandardService.stopInternal Stopping service Catalina
14-Oct-2016 08:39:10.571 INFO [main] org.apache.coyote.AbstractProtocol.stop Stopping ProtocolHandler ["http-nio-172.20.151.127-8080"]
14-Oct-2016 08:39:10.573 INFO [main] org.apache.coyote.AbstractProtocol.stop Stopping ProtocolHandler ["ajp-nio-8009"]
14-Oct-2016 08:39:10.575 INFO [main] org.apache.coyote.AbstractProtocol.destroy Destroying ProtocolHandler ["http-nio-172.20.151.127-8080"]
14-Oct-2016 08:39:10.576 INFO [main] org.apache.coyote.AbstractProtocol.destroy Destroying ProtocolHandler ["ajp-nio-8009"]
14-Oct-2016 08:39:12.056 WARNING [main] org.apache.catalina.startup.SetAllPropertiesRule.begin [SetAllPropertiesRule]{Server/Service/Connector} Setting property 'resolveHosts' to 'true' did not find a matching property.
14-Oct-2016 08:39:12.087 INFO [main] org.apache.catalina.startup.VersionLoggerListener.log Server version:        Apache Tomcat/8.5.5
14-Oct-2016 08:39:12.087 INFO [main] org.apache.catalina.startup.VersionLoggerListener.log Server built:          Aug 31 2016 19:51:16 UTC
14-Oct-2016 08:39:12.087 INFO [main] org.apache.catalina.startup.VersionLoggerListener.log Server number:         8.5.5.0
14-Oct-2016 08:39:12.087 INFO [main] org.apache.catalina.startup.VersionLoggerListener.log OS Name:               Windows 10
14-Oct-2016 08:39:12.087 INFO [main] org.apache.catalina.startup.VersionLoggerListener.log OS Version:            10.0
14-Oct-2016 08:39:12.087 INFO [main] org.apache.catalina.startup.VersionLoggerListener.log Architecture:          amd64
14-Oct-2016 08:39:12.087 INFO [main] org.apache.catalina.startup.VersionLoggerListener.log Java Home:             C:\Program Files\Java\jdk1.8.0_101\jre
14-Oct-2016 08:39:12.087 INFO [main] org.apache.catalina.startup.VersionLoggerListener.log JVM Version:           1.8.0_101-b13
14-Oct-2016 08:39:12.087 INFO [main] org.apache.catalina.startup.VersionLoggerListener.log JVM Vendor:            Oracle Corporation
14-Oct-2016 08:39:12.087 INFO [main] org.apache.catalina.startup.VersionLoggerListener.log CATALINA_BASE:         C:\Users\cjedwards1\Desktop\major classifier\tomcat
14-Oct-2016 08:39:12.087 INFO [main] org.apache.catalina.startup.VersionLoggerListener.log CATALINA_HOME:         C:\Users\cjedwards1\Desktop\major classifier\tomcat
14-Oct-2016 08:39:12.087 INFO [main] org.apache.catalina.startup.VersionLoggerListener.log Command line argument: -Djdk.tls.ephemeralDHKeySize=2048
14-Oct-2016 08:39:12.087 INFO [main] org.apache.catalina.startup.VersionLoggerListener.log Command line argument: -Djava.util.logging.config.file=C:\Users\cjedwards1\Desktop\major classifier\tomcat\conf\logging.properties
14-Oct-2016 08:39:12.087 INFO [main] org.apache.catalina.startup.VersionLoggerListener.log Command line argument: -Djava.util.logging.manager=org.apache.juli.ClassLoaderLogManager
14-Oct-2016 08:39:12.087 INFO [main] org.apache.catalina.startup.VersionLoggerListener.log Command line argument: -Dcatalina.base=C:\Users\cjedwards1\Desktop\major classifier\tomcat
14-Oct-2016 08:39:12.087 INFO [main] org.apache.catalina.startup.VersionLoggerListener.log Command line argument: -Dcatalina.home=C:\Users\cjedwards1\Desktop\major classifier\tomcat
14-Oct-2016 08:39:12.087 INFO [main] org.apache.catalina.startup.VersionLoggerListener.log Command line argument: -Djava.io.tmpdir=C:\Users\cjedwards1\Desktop\major classifier\tomcat\temp
14-Oct-2016 08:39:12.087 INFO [main] org.apache.catalina.core.AprLifecycleListener.lifecycleEvent The APR based Apache Tomcat Native library which allows optimal performance in production environments was not found on the java.library.path: C:\Program Files\Java\jdk1.8.0_101\bin;C:\WINDOWS\Sun\Java\bin;C:\WINDOWS\system32;C:\WINDOWS;C:\ProgramData\Oracle\Java\javapath;C:\WINDOWS\system32;C:\WINDOWS;C:\WINDOWS\System32\Wbem;C:\WINDOWS\System32\WindowsPowerShell\v1.0\;C:\Program Files (x86)\Microsoft SQL Server\110\Tools\Binn\ManagementStudio\;C:\Program Files (x86)\Microsoft SQL Server\110\Tools\Binn\;C:\Program Files\Microsoft SQL Server\110\Tools\Binn\;C:\Program Files (x86)\Microsoft SQL Server\110\DTS\Binn\;C:\Program Files (x86)\Microsoft SQL Server\Client SDK\ODBC\130\Tools\Binn\;C:\Program Files (x86)\Microsoft SQL Server\130\Tools\Binn\;C:\Program Files (x86)\Microsoft SQL Server\130\DTS\Binn\;C:\Program Files (x86)\Microsoft SQL Server\130\Tools\Binn\ManagementStudio\;C:\Users\cjedwards1\AppData\Local\Microsoft\WindowsApps;C:\Program Files\Java\jdk1.8.0_101\bin;C:\Users\cjedwards1\Desktop\apache-maven-3.3.9\bin;.
14-Oct-2016 08:39:12.166 INFO [main] org.apache.coyote.AbstractProtocol.init Initializing ProtocolHandler ["http-nio-172.20.151.127-8080"]
14-Oct-2016 08:39:12.259 INFO [main] org.apache.tomcat.util.net.NioSelectorPool.getSharedSelector Using a shared selector for servlet write/read
14-Oct-2016 08:39:12.259 INFO [main] org.apache.coyote.AbstractProtocol.init Initializing ProtocolHandler ["ajp-nio-8009"]
14-Oct-2016 08:39:12.259 INFO [main] org.apache.tomcat.util.net.NioSelectorPool.getSharedSelector Using a shared selector for servlet write/read
14-Oct-2016 08:39:12.259 INFO [main] org.apache.catalina.startup.Catalina.load Initialization processed in 420 ms
14-Oct-2016 08:39:12.275 INFO [main] org.apache.catalina.core.StandardService.startInternal Starting service Catalina
14-Oct-2016 08:39:12.275 INFO [main] org.apache.catalina.core.StandardEngine.startInternal Starting Servlet Engine: Apache Tomcat/8.5.5
14-Oct-2016 08:39:12.291 INFO [localhost-startStop-1] org.apache.catalina.startup.HostConfig.deployDirectory Deploying web application directory C:\Users\cjedwards1\Desktop\major classifier\tomcat\webapps\docs
14-Oct-2016 08:39:12.690 INFO [localhost-startStop-1] org.apache.jasper.servlet.TldScanner.scanJars At least one JAR was scanned for TLDs yet contained no TLDs. Enable debug logging for this logger for a complete list of JARs that were scanned but no TLDs were found in them. Skipping unneeded JARs during scanning can improve startup time and JSP compilation time.
14-Oct-2016 08:39:12.723 INFO [localhost-startStop-1] org.apache.catalina.startup.HostConfig.deployDirectory Deployment of web application directory C:\Users\cjedwards1\Desktop\major classifier\tomcat\webapps\docs has finished in 431 ms
14-Oct-2016 08:39:12.723 INFO [localhost-startStop-1] org.apache.catalina.startup.HostConfig.deployDirectory Deploying web application directory C:\Users\cjedwards1\Desktop\major classifier\tomcat\webapps\examples
14-Oct-2016 08:39:13.024 INFO [localhost-startStop-1] org.apache.jasper.servlet.TldScanner.scanJars At least one JAR was scanned for TLDs yet contained no TLDs. Enable debug logging for this logger for a complete list of JARs that were scanned but no TLDs were found in them. Skipping unneeded JARs during scanning can improve startup time and JSP compilation time.
14-Oct-2016 08:39:13.055 INFO [localhost-startStop-1] org.apache.catalina.startup.HostConfig.deployDirectory Deployment of web application directory C:\Users\cjedwards1\Desktop\major classifier\tomcat\webapps\examples has finished in 332 ms
14-Oct-2016 08:39:13.055 INFO [localhost-startStop-1] org.apache.catalina.startup.HostConfig.deployDirectory Deploying web application directory C:\Users\cjedwards1\Desktop\major classifier\tomcat\webapps\hello
14-Oct-2016 08:39:13.180 INFO [localhost-startStop-1] org.apache.jasper.servlet.TldScanner.scanJars At least one JAR was scanned for TLDs yet contained no TLDs. Enable debug logging for this logger for a complete list of JARs that were scanned but no TLDs were found in them. Skipping unneeded JARs during scanning can improve startup time and JSP compilation time.
14-Oct-2016 08:39:13.180 INFO [localhost-startStop-1] org.apache.catalina.startup.HostConfig.deployDirectory Deployment of web application directory C:\Users\cjedwards1\Desktop\major classifier\tomcat\webapps\hello has finished in 125 ms
14-Oct-2016 08:39:13.196 INFO [localhost-startStop-1] org.apache.catalina.startup.HostConfig.deployDirectory Deploying web application directory C:\Users\cjedwards1\Desktop\major classifier\tomcat\webapps\host-manager
14-Oct-2016 08:39:13.305 INFO [localhost-startStop-1] org.apache.jasper.servlet.TldScanner.scanJars At least one JAR was scanned for TLDs yet contained no TLDs. Enable debug logging for this logger for a complete list of JARs that were scanned but no TLDs were found in them. Skipping unneeded JARs during scanning can improve startup time and JSP compilation time.
14-Oct-2016 08:39:13.305 INFO [localhost-startStop-1] org.apache.catalina.startup.HostConfig.deployDirectory Deployment of web application directory C:\Users\cjedwards1\Desktop\major classifier\tomcat\webapps\host-manager has finished in 109 ms
14-Oct-2016 08:39:13.305 INFO [localhost-startStop-1] org.apache.catalina.startup.HostConfig.deployDirectory Deploying web application directory C:\Users\cjedwards1\Desktop\major classifier\tomcat\webapps\majorclassifier
14-Oct-2016 08:39:14.383 INFO [localhost-startStop-1] org.apache.jasper.servlet.TldScanner.scanJars At least one JAR was scanned for TLDs yet contained no TLDs. Enable debug logging for this logger for a complete list of JARs that were scanned but no TLDs were found in them. Skipping unneeded JARs during scanning can improve startup time and JSP compilation time.
14-Oct-2016 08:39:14.399 INFO [localhost-startStop-1] org.apache.catalina.startup.HostConfig.deployDirectory Deployment of web application directory C:\Users\cjedwards1\Desktop\major classifier\tomcat\webapps\majorclassifier has finished in 1,094 ms
14-Oct-2016 08:39:14.399 INFO [localhost-startStop-1] org.apache.catalina.startup.HostConfig.deployDirectory Deploying web application directory C:\Users\cjedwards1\Desktop\major classifier\tomcat\webapps\manager
14-Oct-2016 08:39:14.508 INFO [localhost-startStop-1] org.apache.jasper.servlet.TldScanner.scanJars At least one JAR was scanned for TLDs yet contained no TLDs. Enable debug logging for this logger for a complete list of JARs that were scanned but no TLDs were found in them. Skipping unneeded JARs during scanning can improve startup time and JSP compilation time.
14-Oct-2016 08:39:14.508 INFO [localhost-startStop-1] org.apache.catalina.startup.HostConfig.deployDirectory Deployment of web application directory C:\Users\cjedwards1\Desktop\major classifier\tomcat\webapps\manager has finished in 109 ms
14-Oct-2016 08:39:14.508 INFO [localhost-startStop-1] org.apache.catalina.startup.HostConfig.deployDirectory Deploying web application directory C:\Users\cjedwards1\Desktop\major classifier\tomcat\webapps\ROOT
14-Oct-2016 08:39:14.618 INFO [localhost-startStop-1] org.apache.jasper.servlet.TldScanner.scanJars At least one JAR was scanned for TLDs yet contained no TLDs. Enable debug logging for this logger for a complete list of JARs that were scanned but no TLDs were found in them. Skipping unneeded JARs during scanning can improve startup time and JSP compilation time.
14-Oct-2016 08:39:14.618 INFO [localhost-startStop-1] org.apache.catalina.startup.HostConfig.deployDirectory Deployment of web application directory C:\Users\cjedwards1\Desktop\major classifier\tomcat\webapps\ROOT has finished in 110 ms
14-Oct-2016 08:39:14.618 INFO [main] org.apache.coyote.AbstractProtocol.start Starting ProtocolHandler [http-nio-172.20.151.127-8080]
14-Oct-2016 08:39:14.633 INFO [main] org.apache.coyote.AbstractProtocol.start Starting ProtocolHandler [ajp-nio-8009]
14-Oct-2016 08:39:14.633 INFO [main] org.apache.catalina.startup.Catalina.start Server startup in 2369 ms
14-Oct-2016 08:40:50.824 INFO [main] org.apache.catalina.core.StandardServer.await A valid shutdown command was received via the shutdown port. Stopping the Server instance.
14-Oct-2016 08:40:50.824 INFO [main] org.apache.coyote.AbstractProtocol.pause Pausing ProtocolHandler ["http-nio-172.20.151.127-8080"]
14-Oct-2016 08:40:50.902 INFO [main] org.apache.coyote.AbstractProtocol.pause Pausing ProtocolHandler ["ajp-nio-8009"]
14-Oct-2016 08:40:50.964 INFO [main] org.apache.catalina.core.StandardService.stopInternal Stopping service Catalina
14-Oct-2016 08:40:51.010 WARNING [localhost-startStop-2] org.apache.catalina.loader.WebappClassLoaderBase.clearReferencesJdbc The web application [majorclassifier] registered the JDBC driver [com.microsoft.sqlserver.jdbc.SQLServerDriver] but failed to unregister it when the web application was stopped. To prevent a memory leak, the JDBC Driver has been forcibly unregistered.
14-Oct-2016 08:40:51.011 SEVERE [localhost-startStop-2] org.apache.catalina.loader.WebappClassLoaderBase.checkThreadLocalMapForLeaks The web application [majorclassifier] created a ThreadLocal with key of type [com.microsoft.sqlserver.jdbc.ActivityCorrelator$1] (value [com.microsoft.sqlserver.jdbc.ActivityCorrelator$1@50c743f1]) and a value of type [com.microsoft.sqlserver.jdbc.ActivityId] (value [b547b54f-8f3b-461c-be36-e98a78eb57ad-1]) but failed to remove it when the web application was stopped. Threads are going to be renewed over time to try and avoid a probable memory leak.
14-Oct-2016 08:40:51.012 SEVERE [localhost-startStop-2] org.apache.catalina.loader.WebappClassLoaderBase.checkThreadLocalMapForLeaks The web application [majorclassifier] created a ThreadLocal with key of type [com.microsoft.sqlserver.jdbc.ActivityCorrelator$1] (value [com.microsoft.sqlserver.jdbc.ActivityCorrelator$1@50c743f1]) and a value of type [com.microsoft.sqlserver.jdbc.ActivityId] (value [b9e93d13-8b58-4b66-8f25-2e849b1f01b7-1]) but failed to remove it when the web application was stopped. Threads are going to be renewed over time to try and avoid a probable memory leak.
14-Oct-2016 08:40:51.024 INFO [main] org.apache.coyote.AbstractProtocol.stop Stopping ProtocolHandler ["http-nio-172.20.151.127-8080"]
14-Oct-2016 08:40:51.026 INFO [main] org.apache.coyote.AbstractProtocol.stop Stopping ProtocolHandler ["ajp-nio-8009"]
14-Oct-2016 08:40:51.027 INFO [main] org.apache.coyote.AbstractProtocol.destroy Destroying ProtocolHandler ["http-nio-172.20.151.127-8080"]
14-Oct-2016 08:40:51.027 INFO [main] org.apache.coyote.AbstractProtocol.destroy Destroying ProtocolHandler ["ajp-nio-8009"]
14-Oct-2016 08:40:52.307 WARNING [main] org.apache.catalina.startup.SetAllPropertiesRule.begin [SetAllPropertiesRule]{Server/Service/Connector} Setting property 'resolveHosts' to 'true' did not find a matching property.
14-Oct-2016 08:40:52.330 INFO [main] org.apache.catalina.startup.VersionLoggerListener.log Server version:        Apache Tomcat/8.5.5
14-Oct-2016 08:40:52.345 INFO [main] org.apache.catalina.startup.VersionLoggerListener.log Server built:          Aug 31 2016 19:51:16 UTC
14-Oct-2016 08:40:52.345 INFO [main] org.apache.catalina.startup.VersionLoggerListener.log Server number:         8.5.5.0
14-Oct-2016 08:40:52.345 INFO [main] org.apache.catalina.startup.VersionLoggerListener.log OS Name:               Windows 10
14-Oct-2016 08:40:52.345 INFO [main] org.apache.catalina.startup.VersionLoggerListener.log OS Version:            10.0
14-Oct-2016 08:40:52.345 INFO [main] org.apache.catalina.startup.VersionLoggerListener.log Architecture:          amd64
14-Oct-2016 08:40:52.345 INFO [main] org.apache.catalina.startup.VersionLoggerListener.log Java Home:             C:\Program Files\Java\jdk1.8.0_101\jre
14-Oct-2016 08:40:52.345 INFO [main] org.apache.catalina.startup.VersionLoggerListener.log JVM Version:           1.8.0_101-b13
14-Oct-2016 08:40:52.345 INFO [main] org.apache.catalina.startup.VersionLoggerListener.log JVM Vendor:            Oracle Corporation
14-Oct-2016 08:40:52.345 INFO [main] org.apache.catalina.startup.VersionLoggerListener.log CATALINA_BASE:         C:\Users\cjedwards1\Desktop\major classifier\tomcat
14-Oct-2016 08:40:52.345 INFO [main] org.apache.catalina.startup.VersionLoggerListener.log CATALINA_HOME:         C:\Users\cjedwards1\Desktop\major classifier\tomcat
14-Oct-2016 08:40:52.345 INFO [main] org.apache.catalina.startup.VersionLoggerListener.log Command line argument: -Djdk.tls.ephemeralDHKeySize=2048
14-Oct-2016 08:40:52.345 INFO [main] org.apache.catalina.startup.VersionLoggerListener.log Command line argument: -Djava.util.logging.config.file=C:\Users\cjedwards1\Desktop\major classifier\tomcat\conf\logging.properties
14-Oct-2016 08:40:52.345 INFO [main] org.apache.catalina.startup.VersionLoggerListener.log Command line argument: -Djava.util.logging.manager=org.apache.juli.ClassLoaderLogManager
14-Oct-2016 08:40:52.345 INFO [main] org.apache.catalina.startup.VersionLoggerListener.log Command line argument: -Dcatalina.base=C:\Users\cjedwards1\Desktop\major classifier\tomcat
14-Oct-2016 08:40:52.345 INFO [main] org.apache.catalina.startup.VersionLoggerListener.log Command line argument: -Dcatalina.home=C:\Users\cjedwards1\Desktop\major classifier\tomcat
14-Oct-2016 08:40:52.345 INFO [main] org.apache.catalina.startup.VersionLoggerListener.log Command line argument: -Djava.io.tmpdir=C:\Users\cjedwards1\Desktop\major classifier\tomcat\temp
14-Oct-2016 08:40:52.345 INFO [main] org.apache.catalina.core.AprLifecycleListener.lifecycleEvent The APR based Apache Tomcat Native library which allows optimal performance in production environments was not found on the java.library.path: C:\Program Files\Java\jdk1.8.0_101\bin;C:\WINDOWS\Sun\Java\bin;C:\WINDOWS\system32;C:\WINDOWS;C:\ProgramData\Oracle\Java\javapath;C:\WINDOWS\system32;C:\WINDOWS;C:\WINDOWS\System32\Wbem;C:\WINDOWS\System32\WindowsPowerShell\v1.0\;C:\Program Files (x86)\Microsoft SQL Server\110\Tools\Binn\ManagementStudio\;C:\Program Files (x86)\Microsoft SQL Server\110\Tools\Binn\;C:\Program Files\Microsoft SQL Server\110\Tools\Binn\;C:\Program Files (x86)\Microsoft SQL Server\110\DTS\Binn\;C:\Program Files (x86)\Microsoft SQL Server\Client SDK\ODBC\130\Tools\Binn\;C:\Program Files (x86)\Microsoft SQL Server\130\Tools\Binn\;C:\Program Files (x86)\Microsoft SQL Server\130\DTS\Binn\;C:\Program Files (x86)\Microsoft SQL Server\130\Tools\Binn\ManagementStudio\;C:\Users\cjedwards1\AppData\Local\Microsoft\WindowsApps;C:\Program Files\Java\jdk1.8.0_101\bin;C:\Users\cjedwards1\Desktop\apache-maven-3.3.9\bin;.
14-Oct-2016 08:40:52.439 INFO [main] org.apache.coyote.AbstractProtocol.init Initializing ProtocolHandler ["http-nio-172.20.151.127-8080"]
14-Oct-2016 08:40:52.531 INFO [main] org.apache.tomcat.util.net.NioSelectorPool.getSharedSelector Using a shared selector for servlet write/read
14-Oct-2016 08:40:52.533 INFO [main] org.apache.coyote.AbstractProtocol.init Initializing ProtocolHandler ["ajp-nio-8009"]
14-Oct-2016 08:40:52.536 INFO [main] org.apache.tomcat.util.net.NioSelectorPool.getSharedSelector Using a shared selector for servlet write/read
14-Oct-2016 08:40:52.536 INFO [main] org.apache.catalina.startup.Catalina.load Initialization processed in 442 ms
14-Oct-2016 08:40:52.553 INFO [main] org.apache.catalina.core.StandardService.startInternal Starting service Catalina
14-Oct-2016 08:40:52.553 INFO [main] org.apache.catalina.core.StandardEngine.startInternal Starting Servlet Engine: Apache Tomcat/8.5.5
14-Oct-2016 08:40:52.560 INFO [localhost-startStop-1] org.apache.catalina.startup.HostConfig.deployDirectory Deploying web application directory C:\Users\cjedwards1\Desktop\major classifier\tomcat\webapps\docs
14-Oct-2016 08:40:52.970 INFO [localhost-startStop-1] org.apache.jasper.servlet.TldScanner.scanJars At least one JAR was scanned for TLDs yet contained no TLDs. Enable debug logging for this logger for a complete list of JARs that were scanned but no TLDs were found in them. Skipping unneeded JARs during scanning can improve startup time and JSP compilation time.
14-Oct-2016 08:40:53.004 INFO [localhost-startStop-1] org.apache.catalina.startup.HostConfig.deployDirectory Deployment of web application directory C:\Users\cjedwards1\Desktop\major classifier\tomcat\webapps\docs has finished in 444 ms
14-Oct-2016 08:40:53.005 INFO [localhost-startStop-1] org.apache.catalina.startup.HostConfig.deployDirectory Deploying web application directory C:\Users\cjedwards1\Desktop\major classifier\tomcat\webapps\examples
14-Oct-2016 08:40:53.267 INFO [localhost-startStop-1] org.apache.jasper.servlet.TldScanner.scanJars At least one JAR was scanned for TLDs yet contained no TLDs. Enable debug logging for this logger for a complete list of JARs that were scanned but no TLDs were found in them. Skipping unneeded JARs during scanning can improve startup time and JSP compilation time.
14-Oct-2016 08:40:53.299 INFO [localhost-startStop-1] org.apache.catalina.startup.HostConfig.deployDirectory Deployment of web application directory C:\Users\cjedwards1\Desktop\major classifier\tomcat\webapps\examples has finished in 294 ms
14-Oct-2016 08:40:53.299 INFO [localhost-startStop-1] org.apache.catalina.startup.HostConfig.deployDirectory Deploying web application directory C:\Users\cjedwards1\Desktop\major classifier\tomcat\webapps\hello
14-Oct-2016 08:40:53.424 INFO [localhost-startStop-1] org.apache.jasper.servlet.TldScanner.scanJars At least one JAR was scanned for TLDs yet contained no TLDs. Enable debug logging for this logger for a complete list of JARs that were scanned but no TLDs were found in them. Skipping unneeded JARs during scanning can improve startup time and JSP compilation time.
14-Oct-2016 08:40:53.439 INFO [localhost-startStop-1] org.apache.catalina.startup.HostConfig.deployDirectory Deployment of web application directory C:\Users\cjedwards1\Desktop\major classifier\tomcat\webapps\hello has finished in 140 ms
14-Oct-2016 08:40:53.439 INFO [localhost-startStop-1] org.apache.catalina.startup.HostConfig.deployDirectory Deploying web application directory C:\Users\cjedwards1\Desktop\major classifier\tomcat\webapps\host-manager
14-Oct-2016 08:40:53.548 INFO [localhost-startStop-1] org.apache.jasper.servlet.TldScanner.scanJars At least one JAR was scanned for TLDs yet contained no TLDs. Enable debug logging for this logger for a complete list of JARs that were scanned but no TLDs were found in them. Skipping unneeded JARs during scanning can improve startup time and JSP compilation time.
14-Oct-2016 08:40:53.548 INFO [localhost-startStop-1] org.apache.catalina.startup.HostConfig.deployDirectory Deployment of web application directory C:\Users\cjedwards1\Desktop\major classifier\tomcat\webapps\host-manager has finished in 109 ms
14-Oct-2016 08:40:53.548 INFO [localhost-startStop-1] org.apache.catalina.startup.HostConfig.deployDirectory Deploying web application directory C:\Users\cjedwards1\Desktop\major classifier\tomcat\webapps\majorclassifier
14-Oct-2016 08:40:54.607 INFO [localhost-startStop-1] org.apache.jasper.servlet.TldScanner.scanJars At least one JAR was scanned for TLDs yet contained no TLDs. Enable debug logging for this logger for a complete list of JARs that were scanned but no TLDs were found in them. Skipping unneeded JARs during scanning can improve startup time and JSP compilation time.
14-Oct-2016 08:40:54.623 INFO [localhost-startStop-1] org.apache.catalina.startup.HostConfig.deployDirectory Deployment of web application directory C:\Users\cjedwards1\Desktop\major classifier\tomcat\webapps\majorclassifier has finished in 1,075 ms
14-Oct-2016 08:40:54.623 INFO [localhost-startStop-1] org.apache.catalina.startup.HostConfig.deployDirectory Deploying web application directory C:\Users\cjedwards1\Desktop\major classifier\tomcat\webapps\manager
14-Oct-2016 08:40:54.748 INFO [localhost-startStop-1] org.apache.jasper.servlet.TldScanner.scanJars At least one JAR was scanned for TLDs yet contained no TLDs. Enable debug logging for this logger for a complete list of JARs that were scanned but no TLDs were found in them. Skipping unneeded JARs during scanning can improve startup time and JSP compilation time.
14-Oct-2016 08:40:54.748 INFO [localhost-startStop-1] org.apache.catalina.startup.HostConfig.deployDirectory Deployment of web application directory C:\Users\cjedwards1\Desktop\major classifier\tomcat\webapps\manager has finished in 125 ms
14-Oct-2016 08:40:54.748 INFO [localhost-startStop-1] org.apache.catalina.startup.HostConfig.deployDirectory Deploying web application directory C:\Users\cjedwards1\Desktop\major classifier\tomcat\webapps\ROOT
14-Oct-2016 08:40:54.873 INFO [localhost-startStop-1] org.apache.jasper.servlet.TldScanner.scanJars At least one JAR was scanned for TLDs yet contained no TLDs. Enable debug logging for this logger for a complete list of JARs that were scanned but no TLDs were found in them. Skipping unneeded JARs during scanning can improve startup time and JSP compilation time.
14-Oct-2016 08:40:54.873 INFO [localhost-startStop-1] org.apache.catalina.startup.HostConfig.deployDirectory Deployment of web application directory C:\Users\cjedwards1\Desktop\major classifier\tomcat\webapps\ROOT has finished in 125 ms
14-Oct-2016 08:40:54.873 INFO [main] org.apache.coyote.AbstractProtocol.start Starting ProtocolHandler [http-nio-172.20.151.127-8080]
14-Oct-2016 08:40:54.873 INFO [main] org.apache.coyote.AbstractProtocol.start Starting ProtocolHandler [ajp-nio-8009]
14-Oct-2016 08:40:54.889 INFO [main] org.apache.catalina.startup.Catalina.start Server startup in 2351 ms
14-Oct-2016 08:42:12.952 INFO [main] org.apache.catalina.core.StandardServer.await A valid shutdown command was received via the shutdown port. Stopping the Server instance.
14-Oct-2016 08:42:12.952 INFO [main] org.apache.coyote.AbstractProtocol.pause Pausing ProtocolHandler ["http-nio-172.20.151.127-8080"]
14-Oct-2016 08:42:13.015 INFO [main] org.apache.coyote.AbstractProtocol.pause Pausing ProtocolHandler ["ajp-nio-8009"]
14-Oct-2016 08:42:13.077 INFO [main] org.apache.catalina.core.StandardService.stopInternal Stopping service Catalina
14-Oct-2016 08:42:13.114 WARNING [localhost-startStop-2] org.apache.catalina.loader.WebappClassLoaderBase.clearReferencesJdbc The web application [majorclassifier] registered the JDBC driver [com.microsoft.sqlserver.jdbc.SQLServerDriver] but failed to unregister it when the web application was stopped. To prevent a memory leak, the JDBC Driver has been forcibly unregistered.
14-Oct-2016 08:42:13.114 SEVERE [localhost-startStop-2] org.apache.catalina.loader.WebappClassLoaderBase.checkThreadLocalMapForLeaks The web application [majorclassifier] created a ThreadLocal with key of type [com.microsoft.sqlserver.jdbc.ActivityCorrelator$1] (value [com.microsoft.sqlserver.jdbc.ActivityCorrelator$1@4f8566a0]) and a value of type [com.microsoft.sqlserver.jdbc.ActivityId] (value [87aa7395-b710-4c6f-9823-aa0fcffd2970-1]) but failed to remove it when the web application was stopped. Threads are going to be renewed over time to try and avoid a probable memory leak.
14-Oct-2016 08:42:13.114 SEVERE [localhost-startStop-2] org.apache.catalina.loader.WebappClassLoaderBase.checkThreadLocalMapForLeaks The web application [majorclassifier] created a ThreadLocal with key of type [com.microsoft.sqlserver.jdbc.ActivityCorrelator$1] (value [com.microsoft.sqlserver.jdbc.ActivityCorrelator$1@4f8566a0]) and a value of type [com.microsoft.sqlserver.jdbc.ActivityId] (value [0e7d2e1e-27da-4f70-8f8c-df63096a069d-1]) but failed to remove it when the web application was stopped. Threads are going to be renewed over time to try and avoid a probable memory leak.
14-Oct-2016 08:42:13.129 INFO [main] org.apache.coyote.AbstractProtocol.stop Stopping ProtocolHandler ["http-nio-172.20.151.127-8080"]
14-Oct-2016 08:42:13.129 INFO [main] org.apache.coyote.AbstractProtocol.stop Stopping ProtocolHandler ["ajp-nio-8009"]
14-Oct-2016 08:42:13.129 INFO [main] org.apache.coyote.AbstractProtocol.destroy Destroying ProtocolHandler ["http-nio-172.20.151.127-8080"]
14-Oct-2016 08:42:13.129 INFO [main] org.apache.coyote.AbstractProtocol.destroy Destroying ProtocolHandler ["ajp-nio-8009"]
14-Oct-2016 08:42:14.341 WARNING [main] org.apache.catalina.startup.SetAllPropertiesRule.begin [SetAllPropertiesRule]{Server/Service/Connector} Setting property 'resolveHosts' to 'true' did not find a matching property.
14-Oct-2016 08:42:14.372 INFO [main] org.apache.catalina.startup.VersionLoggerListener.log Server version:        Apache Tomcat/8.5.5
14-Oct-2016 08:42:14.372 INFO [main] org.apache.catalina.startup.VersionLoggerListener.log Server built:          Aug 31 2016 19:51:16 UTC
14-Oct-2016 08:42:14.372 INFO [main] org.apache.catalina.startup.VersionLoggerListener.log Server number:         8.5.5.0
14-Oct-2016 08:42:14.372 INFO [main] org.apache.catalina.startup.VersionLoggerListener.log OS Name:               Windows 10
14-Oct-2016 08:42:14.372 INFO [main] org.apache.catalina.startup.VersionLoggerListener.log OS Version:            10.0
14-Oct-2016 08:42:14.372 INFO [main] org.apache.catalina.startup.VersionLoggerListener.log Architecture:          amd64
14-Oct-2016 08:42:14.372 INFO [main] org.apache.catalina.startup.VersionLoggerListener.log Java Home:             C:\Program Files\Java\jdk1.8.0_101\jre
14-Oct-2016 08:42:14.372 INFO [main] org.apache.catalina.startup.VersionLoggerListener.log JVM Version:           1.8.0_101-b13
14-Oct-2016 08:42:14.372 INFO [main] org.apache.catalina.startup.VersionLoggerListener.log JVM Vendor:            Oracle Corporation
14-Oct-2016 08:42:14.372 INFO [main] org.apache.catalina.startup.VersionLoggerListener.log CATALINA_BASE:         C:\Users\cjedwards1\Desktop\major classifier\tomcat
14-Oct-2016 08:42:14.372 INFO [main] org.apache.catalina.startup.VersionLoggerListener.log CATALINA_HOME:         C:\Users\cjedwards1\Desktop\major classifier\tomcat
14-Oct-2016 08:42:14.372 INFO [main] org.apache.catalina.startup.VersionLoggerListener.log Command line argument: -Djdk.tls.ephemeralDHKeySize=2048
14-Oct-2016 08:42:14.372 INFO [main] org.apache.catalina.startup.VersionLoggerListener.log Command line argument: -Djava.util.logging.config.file=C:\Users\cjedwards1\Desktop\major classifier\tomcat\conf\logging.properties
14-Oct-2016 08:42:14.372 INFO [main] org.apache.catalina.startup.VersionLoggerListener.log Command line argument: -Djava.util.logging.manager=org.apache.juli.ClassLoaderLogManager
14-Oct-2016 08:42:14.372 INFO [main] org.apache.catalina.startup.VersionLoggerListener.log Command line argument: -Dcatalina.base=C:\Users\cjedwards1\Desktop\major classifier\tomcat
14-Oct-2016 08:42:14.372 INFO [main] org.apache.catalina.startup.VersionLoggerListener.log Command line argument: -Dcatalina.home=C:\Users\cjedwards1\Desktop\major classifier\tomcat
14-Oct-2016 08:42:14.372 INFO [main] org.apache.catalina.startup.VersionLoggerListener.log Command line argument: -Djava.io.tmpdir=C:\Users\cjedwards1\Desktop\major classifier\tomcat\temp
14-Oct-2016 08:42:14.372 INFO [main] org.apache.catalina.core.AprLifecycleListener.lifecycleEvent The APR based Apache Tomcat Native library which allows optimal performance in production environments was not found on the java.library.path: C:\Program Files\Java\jdk1.8.0_101\bin;C:\WINDOWS\Sun\Java\bin;C:\WINDOWS\system32;C:\WINDOWS;C:\ProgramData\Oracle\Java\javapath;C:\WINDOWS\system32;C:\WINDOWS;C:\WINDOWS\System32\Wbem;C:\WINDOWS\System32\WindowsPowerShell\v1.0\;C:\Program Files (x86)\Microsoft SQL Server\110\Tools\Binn\ManagementStudio\;C:\Program Files (x86)\Microsoft SQL Server\110\Tools\Binn\;C:\Program Files\Microsoft SQL Server\110\Tools\Binn\;C:\Program Files (x86)\Microsoft SQL Server\110\DTS\Binn\;C:\Program Files (x86)\Microsoft SQL Server\Client SDK\ODBC\130\Tools\Binn\;C:\Program Files (x86)\Microsoft SQL Server\130\Tools\Binn\;C:\Program Files (x86)\Microsoft SQL Server\130\DTS\Binn\;C:\Program Files (x86)\Microsoft SQL Server\130\Tools\Binn\ManagementStudio\;C:\Users\cjedwards1\AppData\Local\Microsoft\WindowsApps;C:\Program Files\Java\jdk1.8.0_101\bin;C:\Users\cjedwards1\Desktop\apache-maven-3.3.9\bin;.
14-Oct-2016 08:42:14.466 INFO [main] org.apache.coyote.AbstractProtocol.init Initializing ProtocolHandler ["http-nio-172.20.151.127-8080"]
14-Oct-2016 08:42:14.560 INFO [main] org.apache.tomcat.util.net.NioSelectorPool.getSharedSelector Using a shared selector for servlet write/read
14-Oct-2016 08:42:14.560 INFO [main] org.apache.coyote.AbstractProtocol.init Initializing ProtocolHandler ["ajp-nio-8009"]
14-Oct-2016 08:42:14.560 INFO [main] org.apache.tomcat.util.net.NioSelectorPool.getSharedSelector Using a shared selector for servlet write/read
14-Oct-2016 08:42:14.560 INFO [main] org.apache.catalina.startup.Catalina.load Initialization processed in 448 ms
14-Oct-2016 08:42:14.575 INFO [main] org.apache.catalina.core.StandardService.startInternal Starting service Catalina
14-Oct-2016 08:42:14.575 INFO [main] org.apache.catalina.core.StandardEngine.startInternal Starting Servlet Engine: Apache Tomcat/8.5.5
14-Oct-2016 08:42:14.591 INFO [localhost-startStop-1] org.apache.catalina.startup.HostConfig.deployDirectory Deploying web application directory C:\Users\cjedwards1\Desktop\major classifier\tomcat\webapps\docs
14-Oct-2016 08:42:14.973 INFO [localhost-startStop-1] org.apache.jasper.servlet.TldScanner.scanJars At least one JAR was scanned for TLDs yet contained no TLDs. Enable debug logging for this logger for a complete list of JARs that were scanned but no TLDs were found in them. Skipping unneeded JARs during scanning can improve startup time and JSP compilation time.
14-Oct-2016 08:42:15.009 INFO [localhost-startStop-1] org.apache.catalina.startup.HostConfig.deployDirectory Deployment of web application directory C:\Users\cjedwards1\Desktop\major classifier\tomcat\webapps\docs has finished in 418 ms
14-Oct-2016 08:42:15.009 INFO [localhost-startStop-1] org.apache.catalina.startup.HostConfig.deployDirectory Deploying web application directory C:\Users\cjedwards1\Desktop\major classifier\tomcat\webapps\examples
14-Oct-2016 08:42:15.297 INFO [localhost-startStop-1] org.apache.jasper.servlet.TldScanner.scanJars At least one JAR was scanned for TLDs yet contained no TLDs. Enable debug logging for this logger for a complete list of JARs that were scanned but no TLDs were found in them. Skipping unneeded JARs during scanning can improve startup time and JSP compilation time.
14-Oct-2016 08:42:15.328 INFO [localhost-startStop-1] org.apache.catalina.startup.HostConfig.deployDirectory Deployment of web application directory C:\Users\cjedwards1\Desktop\major classifier\tomcat\webapps\examples has finished in 319 ms
14-Oct-2016 08:42:15.328 INFO [localhost-startStop-1] org.apache.catalina.startup.HostConfig.deployDirectory Deploying web application directory C:\Users\cjedwards1\Desktop\major classifier\tomcat\webapps\hello
14-Oct-2016 08:42:15.453 INFO [localhost-startStop-1] org.apache.jasper.servlet.TldScanner.scanJars At least one JAR was scanned for TLDs yet contained no TLDs. Enable debug logging for this logger for a complete list of JARs that were scanned but no TLDs were found in them. Skipping unneeded JARs during scanning can improve startup time and JSP compilation time.
14-Oct-2016 08:42:15.469 INFO [localhost-startStop-1] org.apache.catalina.startup.HostConfig.deployDirectory Deployment of web application directory C:\Users\cjedwards1\Desktop\major classifier\tomcat\webapps\hello has finished in 141 ms
14-Oct-2016 08:42:15.469 INFO [localhost-startStop-1] org.apache.catalina.startup.HostConfig.deployDirectory Deploying web application directory C:\Users\cjedwards1\Desktop\major classifier\tomcat\webapps\host-manager
14-Oct-2016 08:42:15.578 INFO [localhost-startStop-1] org.apache.jasper.servlet.TldScanner.scanJars At least one JAR was scanned for TLDs yet contained no TLDs. Enable debug logging for this logger for a complete list of JARs that were scanned but no TLDs were found in them. Skipping unneeded JARs during scanning can improve startup time and JSP compilation time.
14-Oct-2016 08:42:15.594 INFO [localhost-startStop-1] org.apache.catalina.startup.HostConfig.deployDirectory Deployment of web application directory C:\Users\cjedwards1\Desktop\major classifier\tomcat\webapps\host-manager has finished in 125 ms
14-Oct-2016 08:42:15.594 INFO [localhost-startStop-1] org.apache.catalina.startup.HostConfig.deployDirectory Deploying web application directory C:\Users\cjedwards1\Desktop\major classifier\tomcat\webapps\majorclassifier
14-Oct-2016 08:42:16.639 INFO [localhost-startStop-1] org.apache.jasper.servlet.TldScanner.scanJars At least one JAR was scanned for TLDs yet contained no TLDs. Enable debug logging for this logger for a complete list of JARs that were scanned but no TLDs were found in them. Skipping unneeded JARs during scanning can improve startup time and JSP compilation time.
14-Oct-2016 08:42:16.655 INFO [localhost-startStop-1] org.apache.catalina.startup.HostConfig.deployDirectory Deployment of web application directory C:\Users\cjedwards1\Desktop\major classifier\tomcat\webapps\majorclassifier has finished in 1,061 ms
14-Oct-2016 08:42:16.655 INFO [localhost-startStop-1] org.apache.catalina.startup.HostConfig.deployDirectory Deploying web application directory C:\Users\cjedwards1\Desktop\major classifier\tomcat\webapps\manager
14-Oct-2016 08:42:16.774 INFO [localhost-startStop-1] org.apache.jasper.servlet.TldScanner.scanJars At least one JAR was scanned for TLDs yet contained no TLDs. Enable debug logging for this logger for a complete list of JARs that were scanned but no TLDs were found in them. Skipping unneeded JARs during scanning can improve startup time and JSP compilation time.
14-Oct-2016 08:42:16.774 INFO [localhost-startStop-1] org.apache.catalina.startup.HostConfig.deployDirectory Deployment of web application directory C:\Users\cjedwards1\Desktop\major classifier\tomcat\webapps\manager has finished in 119 ms
14-Oct-2016 08:42:16.774 INFO [localhost-startStop-1] org.apache.catalina.startup.HostConfig.deployDirectory Deploying web application directory C:\Users\cjedwards1\Desktop\major classifier\tomcat\webapps\ROOT
14-Oct-2016 08:42:16.899 INFO [localhost-startStop-1] org.apache.jasper.servlet.TldScanner.scanJars At least one JAR was scanned for TLDs yet contained no TLDs. Enable debug logging for this logger for a complete list of JARs that were scanned but no TLDs were found in them. Skipping unneeded JARs during scanning can improve startup time and JSP compilation time.
14-Oct-2016 08:42:16.899 INFO [localhost-startStop-1] org.apache.catalina.startup.HostConfig.deployDirectory Deployment of web application directory C:\Users\cjedwards1\Desktop\major classifier\tomcat\webapps\ROOT has finished in 125 ms
14-Oct-2016 08:42:16.899 INFO [main] org.apache.coyote.AbstractProtocol.start Starting ProtocolHandler [http-nio-172.20.151.127-8080]
14-Oct-2016 08:42:16.899 INFO [main] org.apache.coyote.AbstractProtocol.start Starting ProtocolHandler [ajp-nio-8009]
14-Oct-2016 08:42:16.899 INFO [main] org.apache.catalina.startup.Catalina.start Server startup in 2339 ms
14-Oct-2016 08:44:19.839 INFO [main] org.apache.catalina.core.StandardServer.await A valid shutdown command was received via the shutdown port. Stopping the Server instance.
14-Oct-2016 08:44:19.840 INFO [main] org.apache.coyote.AbstractProtocol.pause Pausing ProtocolHandler ["http-nio-172.20.151.127-8080"]
14-Oct-2016 08:44:19.892 INFO [main] org.apache.coyote.AbstractProtocol.pause Pausing ProtocolHandler ["ajp-nio-8009"]
14-Oct-2016 08:44:19.946 INFO [main] org.apache.catalina.core.StandardService.stopInternal Stopping service Catalina
14-Oct-2016 08:44:19.995 WARNING [localhost-startStop-2] org.apache.catalina.loader.WebappClassLoaderBase.clearReferencesJdbc The web application [majorclassifier] registered the JDBC driver [com.microsoft.sqlserver.jdbc.SQLServerDriver] but failed to unregister it when the web application was stopped. To prevent a memory leak, the JDBC Driver has been forcibly unregistered.
14-Oct-2016 08:44:19.996 SEVERE [localhost-startStop-2] org.apache.catalina.loader.WebappClassLoaderBase.checkThreadLocalMapForLeaks The web application [majorclassifier] created a ThreadLocal with key of type [com.microsoft.sqlserver.jdbc.ActivityCorrelator$1] (value [com.microsoft.sqlserver.jdbc.ActivityCorrelator$1@300fed60]) and a value of type [com.microsoft.sqlserver.jdbc.ActivityId] (value [b8269bd2-04a7-4854-984a-6c32081631fb-2]) but failed to remove it when the web application was stopped. Threads are going to be renewed over time to try and avoid a probable memory leak.
14-Oct-2016 08:44:19.997 SEVERE [localhost-startStop-2] org.apache.catalina.loader.WebappClassLoaderBase.checkThreadLocalMapForLeaks The web application [majorclassifier] created a ThreadLocal with key of type [com.microsoft.sqlserver.jdbc.ActivityCorrelator$1] (value [com.microsoft.sqlserver.jdbc.ActivityCorrelator$1@300fed60]) and a value of type [com.microsoft.sqlserver.jdbc.ActivityId] (value [d5c3e892-a5f1-46cc-9f99-97088fc9960f-2]) but failed to remove it when the web application was stopped. Threads are going to be renewed over time to try and avoid a probable memory leak.
14-Oct-2016 08:44:19.997 SEVERE [localhost-startStop-2] org.apache.catalina.loader.WebappClassLoaderBase.checkThreadLocalMapForLeaks The web application [majorclassifier] created a ThreadLocal with key of type [com.microsoft.sqlserver.jdbc.ActivityCorrelator$1] (value [com.microsoft.sqlserver.jdbc.ActivityCorrelator$1@300fed60]) and a value of type [com.microsoft.sqlserver.jdbc.ActivityId] (value [2b537771-cb96-4446-9ab2-e5bf411404e9-1]) but failed to remove it when the web application was stopped. Threads are going to be renewed over time to try and avoid a probable memory leak.
14-Oct-2016 08:44:19.997 SEVERE [localhost-startStop-2] org.apache.catalina.loader.WebappClassLoaderBase.checkThreadLocalMapForLeaks The web application [majorclassifier] created a ThreadLocal with key of type [com.microsoft.sqlserver.jdbc.ActivityCorrelator$1] (value [com.microsoft.sqlserver.jdbc.ActivityCorrelator$1@300fed60]) and a value of type [com.microsoft.sqlserver.jdbc.ActivityId] (value [60a2780a-6548-4245-a399-51d77901485f-1]) but failed to remove it when the web application was stopped. Threads are going to be renewed over time to try and avoid a probable memory leak.
14-Oct-2016 08:44:20.006 INFO [main] org.apache.coyote.AbstractProtocol.stop Stopping ProtocolHandler ["http-nio-172.20.151.127-8080"]
14-Oct-2016 08:44:20.009 INFO [main] org.apache.coyote.AbstractProtocol.stop Stopping ProtocolHandler ["ajp-nio-8009"]
14-Oct-2016 08:44:20.010 INFO [main] org.apache.coyote.AbstractProtocol.destroy Destroying ProtocolHandler ["http-nio-172.20.151.127-8080"]
14-Oct-2016 08:44:20.011 INFO [main] org.apache.coyote.AbstractProtocol.destroy Destroying ProtocolHandler ["ajp-nio-8009"]
14-Oct-2016 08:44:21.418 WARNING [main] org.apache.catalina.startup.SetAllPropertiesRule.begin [SetAllPropertiesRule]{Server/Service/Connector} Setting property 'resolveHosts' to 'true' did not find a matching property.
14-Oct-2016 08:44:21.451 INFO [main] org.apache.catalina.startup.VersionLoggerListener.log Server version:        Apache Tomcat/8.5.5
14-Oct-2016 08:44:21.452 INFO [main] org.apache.catalina.startup.VersionLoggerListener.log Server built:          Aug 31 2016 19:51:16 UTC
14-Oct-2016 08:44:21.452 INFO [main] org.apache.catalina.startup.VersionLoggerListener.log Server number:         8.5.5.0
14-Oct-2016 08:44:21.452 INFO [main] org.apache.catalina.startup.VersionLoggerListener.log OS Name:               Windows 10
14-Oct-2016 08:44:21.452 INFO [main] org.apache.catalina.startup.VersionLoggerListener.log OS Version:            10.0
14-Oct-2016 08:44:21.453 INFO [main] org.apache.catalina.startup.VersionLoggerListener.log Architecture:          amd64
14-Oct-2016 08:44:21.453 INFO [main] org.apache.catalina.startup.VersionLoggerListener.log Java Home:             C:\Program Files\Java\jdk1.8.0_101\jre
14-Oct-2016 08:44:21.453 INFO [main] org.apache.catalina.startup.VersionLoggerListener.log JVM Version:           1.8.0_101-b13
14-Oct-2016 08:44:21.454 INFO [main] org.apache.catalina.startup.VersionLoggerListener.log JVM Vendor:            Oracle Corporation
14-Oct-2016 08:44:21.454 INFO [main] org.apache.catalina.startup.VersionLoggerListener.log CATALINA_BASE:         C:\Users\cjedwards1\Desktop\major classifier\tomcat
14-Oct-2016 08:44:21.455 INFO [main] org.apache.catalina.startup.VersionLoggerListener.log CATALINA_HOME:         C:\Users\cjedwards1\Desktop\major classifier\tomcat
14-Oct-2016 08:44:21.455 INFO [main] org.apache.catalina.startup.VersionLoggerListener.log Command line argument: -Djdk.tls.ephemeralDHKeySize=2048
14-Oct-2016 08:44:21.455 INFO [main] org.apache.catalina.startup.VersionLoggerListener.log Command line argument: -Djava.util.logging.config.file=C:\Users\cjedwards1\Desktop\major classifier\tomcat\conf\logging.properties
14-Oct-2016 08:44:21.455 INFO [main] org.apache.catalina.startup.VersionLoggerListener.log Command line argument: -Djava.util.logging.manager=org.apache.juli.ClassLoaderLogManager
14-Oct-2016 08:44:21.455 INFO [main] org.apache.catalina.startup.VersionLoggerListener.log Command line argument: -Dcatalina.base=C:\Users\cjedwards1\Desktop\major classifier\tomcat
14-Oct-2016 08:44:21.456 INFO [main] org.apache.catalina.startup.VersionLoggerListener.log Command line argument: -Dcatalina.home=C:\Users\cjedwards1\Desktop\major classifier\tomcat
14-Oct-2016 08:44:21.456 INFO [main] org.apache.catalina.startup.VersionLoggerListener.log Command line argument: -Djava.io.tmpdir=C:\Users\cjedwards1\Desktop\major classifier\tomcat\temp
14-Oct-2016 08:44:21.457 INFO [main] org.apache.catalina.core.AprLifecycleListener.lifecycleEvent The APR based Apache Tomcat Native library which allows optimal performance in production environments was not found on the java.library.path: C:\Program Files\Java\jdk1.8.0_101\bin;C:\WINDOWS\Sun\Java\bin;C:\WINDOWS\system32;C:\WINDOWS;C:\ProgramData\Oracle\Java\javapath;C:\WINDOWS\system32;C:\WINDOWS;C:\WINDOWS\System32\Wbem;C:\WINDOWS\System32\WindowsPowerShell\v1.0\;C:\Program Files (x86)\Microsoft SQL Server\110\Tools\Binn\ManagementStudio\;C:\Program Files (x86)\Microsoft SQL Server\110\Tools\Binn\;C:\Program Files\Microsoft SQL Server\110\Tools\Binn\;C:\Program Files (x86)\Microsoft SQL Server\110\DTS\Binn\;C:\Program Files (x86)\Microsoft SQL Server\Client SDK\ODBC\130\Tools\Binn\;C:\Program Files (x86)\Microsoft SQL Server\130\Tools\Binn\;C:\Program Files (x86)\Microsoft SQL Server\130\DTS\Binn\;C:\Program Files (x86)\Microsoft SQL Server\130\Tools\Binn\ManagementStudio\;C:\Users\cjedwards1\AppData\Local\Microsoft\WindowsApps;C:\Program Files\Java\jdk1.8.0_101\bin;C:\Users\cjedwards1\Desktop\apache-maven-3.3.9\bin;.
14-Oct-2016 08:44:21.573 INFO [main] org.apache.coyote.AbstractProtocol.init Initializing ProtocolHandler ["http-nio-172.20.151.127-8080"]
14-Oct-2016 08:44:21.674 INFO [main] org.apache.tomcat.util.net.NioSelectorPool.getSharedSelector Using a shared selector for servlet write/read
14-Oct-2016 08:44:21.676 INFO [main] org.apache.coyote.AbstractProtocol.init Initializing ProtocolHandler ["ajp-nio-8009"]
14-Oct-2016 08:44:21.678 INFO [main] org.apache.tomcat.util.net.NioSelectorPool.getSharedSelector Using a shared selector for servlet write/read
14-Oct-2016 08:44:21.679 INFO [main] org.apache.catalina.startup.Catalina.load Initialization processed in 481 ms
14-Oct-2016 08:44:21.697 INFO [main] org.apache.catalina.core.StandardService.startInternal Starting service Catalina
14-Oct-2016 08:44:21.697 INFO [main] org.apache.catalina.core.StandardEngine.startInternal Starting Servlet Engine: Apache Tomcat/8.5.5
14-Oct-2016 08:44:21.707 INFO [localhost-startStop-1] org.apache.catalina.startup.HostConfig.deployDirectory Deploying web application directory C:\Users\cjedwards1\Desktop\major classifier\tomcat\webapps\docs
14-Oct-2016 08:44:22.122 INFO [localhost-startStop-1] org.apache.jasper.servlet.TldScanner.scanJars At least one JAR was scanned for TLDs yet contained no TLDs. Enable debug logging for this logger for a complete list of JARs that were scanned but no TLDs were found in them. Skipping unneeded JARs during scanning can improve startup time and JSP compilation time.
14-Oct-2016 08:44:22.157 INFO [localhost-startStop-1] org.apache.catalina.startup.HostConfig.deployDirectory Deployment of web application directory C:\Users\cjedwards1\Desktop\major classifier\tomcat\webapps\docs has finished in 449 ms
14-Oct-2016 08:44:22.157 INFO [localhost-startStop-1] org.apache.catalina.startup.HostConfig.deployDirectory Deploying web application directory C:\Users\cjedwards1\Desktop\major classifier\tomcat\webapps\examples
14-Oct-2016 08:44:22.478 INFO [localhost-startStop-1] org.apache.jasper.servlet.TldScanner.scanJars At least one JAR was scanned for TLDs yet contained no TLDs. Enable debug logging for this logger for a complete list of JARs that were scanned but no TLDs were found in them. Skipping unneeded JARs during scanning can improve startup time and JSP compilation time.
14-Oct-2016 08:44:22.517 INFO [localhost-startStop-1] org.apache.catalina.startup.HostConfig.deployDirectory Deployment of web application directory C:\Users\cjedwards1\Desktop\major classifier\tomcat\webapps\examples has finished in 360 ms
14-Oct-2016 08:44:22.518 INFO [localhost-startStop-1] org.apache.catalina.startup.HostConfig.deployDirectory Deploying web application directory C:\Users\cjedwards1\Desktop\major classifier\tomcat\webapps\hello
14-Oct-2016 08:44:22.667 INFO [localhost-startStop-1] org.apache.jasper.servlet.TldScanner.scanJars At least one JAR was scanned for TLDs yet contained no TLDs. Enable debug logging for this logger for a complete list of JARs that were scanned but no TLDs were found in them. Skipping unneeded JARs during scanning can improve startup time and JSP compilation time.
14-Oct-2016 08:44:22.672 INFO [localhost-startStop-1] org.apache.catalina.startup.HostConfig.deployDirectory Deployment of web application directory C:\Users\cjedwards1\Desktop\major classifier\tomcat\webapps\hello has finished in 155 ms
14-Oct-2016 08:44:22.672 INFO [localhost-startStop-1] org.apache.catalina.startup.HostConfig.deployDirectory Deploying web application directory C:\Users\cjedwards1\Desktop\major classifier\tomcat\webapps\host-manager
14-Oct-2016 08:44:22.794 INFO [localhost-startStop-1] org.apache.jasper.servlet.TldScanner.scanJars At least one JAR was scanned for TLDs yet contained no TLDs. Enable debug logging for this logger for a complete list of JARs that were scanned but no TLDs were found in them. Skipping unneeded JARs during scanning can improve startup time and JSP compilation time.
14-Oct-2016 08:44:22.797 INFO [localhost-startStop-1] org.apache.catalina.startup.HostConfig.deployDirectory Deployment of web application directory C:\Users\cjedwards1\Desktop\major classifier\tomcat\webapps\host-manager has finished in 125 ms
14-Oct-2016 08:44:22.797 INFO [localhost-startStop-1] org.apache.catalina.startup.HostConfig.deployDirectory Deploying web application directory C:\Users\cjedwards1\Desktop\major classifier\tomcat\webapps\majorclassifier
14-Oct-2016 08:44:23.903 INFO [localhost-startStop-1] org.apache.jasper.servlet.TldScanner.scanJars At least one JAR was scanned for TLDs yet contained no TLDs. Enable debug logging for this logger for a complete list of JARs that were scanned but no TLDs were found in them. Skipping unneeded JARs during scanning can improve startup time and JSP compilation time.
14-Oct-2016 08:44:23.911 INFO [localhost-startStop-1] org.apache.catalina.startup.HostConfig.deployDirectory Deployment of web application directory C:\Users\cjedwards1\Desktop\major classifier\tomcat\webapps\majorclassifier has finished in 1,114 ms
14-Oct-2016 08:44:23.912 INFO [localhost-startStop-1] org.apache.catalina.startup.HostConfig.deployDirectory Deploying web application directory C:\Users\cjedwards1\Desktop\major classifier\tomcat\webapps\manager
14-Oct-2016 08:44:24.025 INFO [localhost-startStop-1] org.apache.jasper.servlet.TldScanner.scanJars At least one JAR was scanned for TLDs yet contained no TLDs. Enable debug logging for this logger for a complete list of JARs that were scanned but no TLDs were found in them. Skipping unneeded JARs during scanning can improve startup time and JSP compilation time.
14-Oct-2016 08:44:24.028 INFO [localhost-startStop-1] org.apache.catalina.startup.HostConfig.deployDirectory Deployment of web application directory C:\Users\cjedwards1\Desktop\major classifier\tomcat\webapps\manager has finished in 116 ms
14-Oct-2016 08:44:24.029 INFO [localhost-startStop-1] org.apache.catalina.startup.HostConfig.deployDirectory Deploying web application directory C:\Users\cjedwards1\Desktop\major classifier\tomcat\webapps\ROOT
14-Oct-2016 08:44:24.148 INFO [localhost-startStop-1] org.apache.jasper.servlet.TldScanner.scanJars At least one JAR was scanned for TLDs yet contained no TLDs. Enable debug logging for this logger for a complete list of JARs that were scanned but no TLDs were found in them. Skipping unneeded JARs during scanning can improve startup time and JSP compilation time.
14-Oct-2016 08:44:24.151 INFO [localhost-startStop-1] org.apache.catalina.startup.HostConfig.deployDirectory Deployment of web application directory C:\Users\cjedwards1\Desktop\major classifier\tomcat\webapps\ROOT has finished in 121 ms
14-Oct-2016 08:44:24.155 INFO [main] org.apache.coyote.AbstractProtocol.start Starting ProtocolHandler [http-nio-172.20.151.127-8080]
14-Oct-2016 08:44:24.161 INFO [main] org.apache.coyote.AbstractProtocol.start Starting ProtocolHandler [ajp-nio-8009]
14-Oct-2016 08:44:24.165 INFO [main] org.apache.catalina.startup.Catalina.start Server startup in 2485 ms
14-Oct-2016 08:45:52.909 INFO [main] org.apache.catalina.core.StandardServer.await A valid shutdown command was received via the shutdown port. Stopping the Server instance.
14-Oct-2016 08:45:52.909 INFO [main] org.apache.coyote.AbstractProtocol.pause Pausing ProtocolHandler ["http-nio-172.20.151.127-8080"]
14-Oct-2016 08:45:52.972 INFO [main] org.apache.coyote.AbstractProtocol.pause Pausing ProtocolHandler ["ajp-nio-8009"]
14-Oct-2016 08:45:53.034 INFO [main] org.apache.catalina.core.StandardService.stopInternal Stopping service Catalina
14-Oct-2016 08:45:53.065 WARNING [localhost-startStop-2] org.apache.catalina.loader.WebappClassLoaderBase.clearReferencesJdbc The web application [majorclassifier] registered the JDBC driver [com.microsoft.sqlserver.jdbc.SQLServerDriver] but failed to unregister it when the web application was stopped. To prevent a memory leak, the JDBC Driver has been forcibly unregistered.
14-Oct-2016 08:45:53.065 SEVERE [localhost-startStop-2] org.apache.catalina.loader.WebappClassLoaderBase.checkThreadLocalMapForLeaks The web application [majorclassifier] created a ThreadLocal with key of type [com.microsoft.sqlserver.jdbc.ActivityCorrelator$1] (value [com.microsoft.sqlserver.jdbc.ActivityCorrelator$1@70718b77]) and a value of type [com.microsoft.sqlserver.jdbc.ActivityId] (value [5ba6c853-71f4-40d0-987d-ca7d361faaf8-1]) but failed to remove it when the web application was stopped. Threads are going to be renewed over time to try and avoid a probable memory leak.
14-Oct-2016 08:45:53.065 SEVERE [localhost-startStop-2] org.apache.catalina.loader.WebappClassLoaderBase.checkThreadLocalMapForLeaks The web application [majorclassifier] created a ThreadLocal with key of type [com.microsoft.sqlserver.jdbc.ActivityCorrelator$1] (value [com.microsoft.sqlserver.jdbc.ActivityCorrelator$1@70718b77]) and a value of type [com.microsoft.sqlserver.jdbc.ActivityId] (value [c8b4e7ea-6bc0-4b22-8c7a-4c9ddb2e404e-1]) but failed to remove it when the web application was stopped. Threads are going to be renewed over time to try and avoid a probable memory leak.
14-Oct-2016 08:45:53.065 INFO [main] org.apache.coyote.AbstractProtocol.stop Stopping ProtocolHandler ["http-nio-172.20.151.127-8080"]
14-Oct-2016 08:45:53.065 INFO [main] org.apache.coyote.AbstractProtocol.stop Stopping ProtocolHandler ["ajp-nio-8009"]
14-Oct-2016 08:45:53.065 INFO [main] org.apache.coyote.AbstractProtocol.destroy Destroying ProtocolHandler ["http-nio-172.20.151.127-8080"]
14-Oct-2016 08:45:53.065 INFO [main] org.apache.coyote.AbstractProtocol.destroy Destroying ProtocolHandler ["ajp-nio-8009"]
