27-Oct-2016 08:08:38.840 WARNING [main] org.apache.catalina.startup.SetAllPropertiesRule.begin [SetAllPropertiesRule]{Server/Service/Connector} Setting property 'resolveHosts' to 'true' did not find a matching property.
27-Oct-2016 08:08:38.887 INFO [main] org.apache.catalina.startup.VersionLoggerListener.log Server version:        Apache Tomcat/8.5.5
27-Oct-2016 08:08:38.887 INFO [main] org.apache.catalina.startup.VersionLoggerListener.log Server built:          Aug 31 2016 19:51:16 UTC
27-Oct-2016 08:08:38.887 INFO [main] org.apache.catalina.startup.VersionLoggerListener.log Server number:         8.5.5.0
27-Oct-2016 08:08:38.887 INFO [main] org.apache.catalina.startup.VersionLoggerListener.log OS Name:               Windows 10
27-Oct-2016 08:08:38.887 INFO [main] org.apache.catalina.startup.VersionLoggerListener.log OS Version:            10.0
27-Oct-2016 08:08:38.887 INFO [main] org.apache.catalina.startup.VersionLoggerListener.log Architecture:          amd64
27-Oct-2016 08:08:38.887 INFO [main] org.apache.catalina.startup.VersionLoggerListener.log Java Home:             C:\Program Files\Java\jdk1.8.0_101\jre
27-Oct-2016 08:08:38.887 INFO [main] org.apache.catalina.startup.VersionLoggerListener.log JVM Version:           1.8.0_101-b13
27-Oct-2016 08:08:38.887 INFO [main] org.apache.catalina.startup.VersionLoggerListener.log JVM Vendor:            Oracle Corporation
27-Oct-2016 08:08:38.887 INFO [main] org.apache.catalina.startup.VersionLoggerListener.log CATALINA_BASE:         C:\Users\cjedwards1\Desktop\major classifier\tomcat
27-Oct-2016 08:08:38.887 INFO [main] org.apache.catalina.startup.VersionLoggerListener.log CATALINA_HOME:         C:\Users\cjedwards1\Desktop\major classifier\tomcat
27-Oct-2016 08:08:38.887 INFO [main] org.apache.catalina.startup.VersionLoggerListener.log Command line argument: -Djdk.tls.ephemeralDHKeySize=2048
27-Oct-2016 08:08:38.887 INFO [main] org.apache.catalina.startup.VersionLoggerListener.log Command line argument: -Djava.util.logging.config.file=C:\Users\cjedwards1\Desktop\major classifier\tomcat\conf\logging.properties
27-Oct-2016 08:08:38.887 INFO [main] org.apache.catalina.startup.VersionLoggerListener.log Command line argument: -Djava.util.logging.manager=org.apache.juli.ClassLoaderLogManager
27-Oct-2016 08:08:38.887 INFO [main] org.apache.catalina.startup.VersionLoggerListener.log Command line argument: -Dcatalina.base=C:\Users\cjedwards1\Desktop\major classifier\tomcat
27-Oct-2016 08:08:38.887 INFO [main] org.apache.catalina.startup.VersionLoggerListener.log Command line argument: -Dcatalina.home=C:\Users\cjedwards1\Desktop\major classifier\tomcat
27-Oct-2016 08:08:38.887 INFO [main] org.apache.catalina.startup.VersionLoggerListener.log Command line argument: -Djava.io.tmpdir=C:\Users\cjedwards1\Desktop\major classifier\tomcat\temp
27-Oct-2016 08:08:38.887 INFO [main] org.apache.catalina.core.AprLifecycleListener.lifecycleEvent The APR based Apache Tomcat Native library which allows optimal performance in production environments was not found on the java.library.path: C:\Program Files\Java\jdk1.8.0_101\bin;C:\WINDOWS\Sun\Java\bin;C:\WINDOWS\system32;C:\WINDOWS;C:\ProgramData\Oracle\Java\javapath;C:\WINDOWS\system32;C:\WINDOWS;C:\WINDOWS\System32\Wbem;C:\WINDOWS\System32\WindowsPowerShell\v1.0\;C:\Program Files (x86)\Microsoft SQL Server\110\Tools\Binn\ManagementStudio\;C:\Program Files (x86)\Microsoft SQL Server\110\Tools\Binn\;C:\Program Files\Microsoft SQL Server\110\Tools\Binn\;C:\Program Files (x86)\Microsoft SQL Server\110\DTS\Binn\;C:\Program Files (x86)\Microsoft SQL Server\Client SDK\ODBC\130\Tools\Binn\;C:\Program Files (x86)\Microsoft SQL Server\130\Tools\Binn\;C:\Program Files (x86)\Microsoft SQL Server\130\DTS\Binn\;C:\Program Files (x86)\Microsoft SQL Server\130\Tools\Binn\ManagementStudio\;C:\Users\cjedwards1\AppData\Local\Microsoft\WindowsApps;C:\Program Files\Java\jdk1.8.0_101\bin;C:\Users\cjedwards1\Desktop\apache-maven-3.3.9\bin;.
27-Oct-2016 08:08:39.103 INFO [main] org.apache.coyote.AbstractProtocol.init Initializing ProtocolHandler ["http-nio-172.20.151.127-8080"]
27-Oct-2016 08:08:39.209 INFO [main] org.apache.tomcat.util.net.NioSelectorPool.getSharedSelector Using a shared selector for servlet write/read
27-Oct-2016 08:08:39.209 INFO [main] org.apache.coyote.AbstractProtocol.init Initializing ProtocolHandler ["ajp-nio-8009"]
27-Oct-2016 08:08:39.209 INFO [main] org.apache.tomcat.util.net.NioSelectorPool.getSharedSelector Using a shared selector for servlet write/read
27-Oct-2016 08:08:39.209 INFO [main] org.apache.catalina.startup.Catalina.load Initialization processed in 708 ms
27-Oct-2016 08:08:39.240 INFO [main] org.apache.catalina.core.StandardService.startInternal Starting service Catalina
27-Oct-2016 08:08:39.240 INFO [main] org.apache.catalina.core.StandardEngine.startInternal Starting Servlet Engine: Apache Tomcat/8.5.5
27-Oct-2016 08:08:39.256 INFO [localhost-startStop-1] org.apache.catalina.startup.HostConfig.deployDirectory Deploying web application directory C:\Users\cjedwards1\Desktop\major classifier\tomcat\webapps\avienMigration
27-Oct-2016 08:08:42.724 INFO [localhost-startStop-1] org.apache.jasper.servlet.TldScanner.scanJars At least one JAR was scanned for TLDs yet contained no TLDs. Enable debug logging for this logger for a complete list of JARs that were scanned but no TLDs were found in them. Skipping unneeded JARs during scanning can improve startup time and JSP compilation time.
27-Oct-2016 08:08:42.778 INFO [localhost-startStop-1] org.apache.catalina.startup.HostConfig.deployDirectory Deployment of web application directory C:\Users\cjedwards1\Desktop\major classifier\tomcat\webapps\avienMigration has finished in 3,522 ms
27-Oct-2016 08:08:42.778 INFO [localhost-startStop-1] org.apache.catalina.startup.HostConfig.deployDirectory Deploying web application directory C:\Users\cjedwards1\Desktop\major classifier\tomcat\webapps\docs
27-Oct-2016 08:08:42.944 INFO [localhost-startStop-1] org.apache.jasper.servlet.TldScanner.scanJars At least one JAR was scanned for TLDs yet contained no TLDs. Enable debug logging for this logger for a complete list of JARs that were scanned but no TLDs were found in them. Skipping unneeded JARs during scanning can improve startup time and JSP compilation time.
27-Oct-2016 08:08:42.947 INFO [localhost-startStop-1] org.apache.catalina.startup.HostConfig.deployDirectory Deployment of web application directory C:\Users\cjedwards1\Desktop\major classifier\tomcat\webapps\docs has finished in 169 ms
27-Oct-2016 08:08:42.947 INFO [localhost-startStop-1] org.apache.catalina.startup.HostConfig.deployDirectory Deploying web application directory C:\Users\cjedwards1\Desktop\major classifier\tomcat\webapps\examples
27-Oct-2016 08:08:43.682 INFO [localhost-startStop-1] org.apache.jasper.servlet.TldScanner.scanJars At least one JAR was scanned for TLDs yet contained no TLDs. Enable debug logging for this logger for a complete list of JARs that were scanned but no TLDs were found in them. Skipping unneeded JARs during scanning can improve startup time and JSP compilation time.
27-Oct-2016 08:08:43.729 INFO [localhost-startStop-1] org.apache.catalina.startup.HostConfig.deployDirectory Deployment of web application directory C:\Users\cjedwards1\Desktop\major classifier\tomcat\webapps\examples has finished in 782 ms
27-Oct-2016 08:08:43.729 INFO [localhost-startStop-1] org.apache.catalina.startup.HostConfig.deployDirectory Deploying web application directory C:\Users\cjedwards1\Desktop\major classifier\tomcat\webapps\host-manager
27-Oct-2016 08:08:43.845 INFO [localhost-startStop-1] org.apache.jasper.servlet.TldScanner.scanJars At least one JAR was scanned for TLDs yet contained no TLDs. Enable debug logging for this logger for a complete list of JARs that were scanned but no TLDs were found in them. Skipping unneeded JARs during scanning can improve startup time and JSP compilation time.
27-Oct-2016 08:08:43.845 INFO [localhost-startStop-1] org.apache.catalina.startup.HostConfig.deployDirectory Deployment of web application directory C:\Users\cjedwards1\Desktop\major classifier\tomcat\webapps\host-manager has finished in 116 ms
27-Oct-2016 08:08:43.845 INFO [localhost-startStop-1] org.apache.catalina.startup.HostConfig.deployDirectory Deploying web application directory C:\Users\cjedwards1\Desktop\major classifier\tomcat\webapps\majorclassifier
27-Oct-2016 08:08:45.026 INFO [localhost-startStop-1] org.apache.jasper.servlet.TldScanner.scanJars At least one JAR was scanned for TLDs yet contained no TLDs. Enable debug logging for this logger for a complete list of JARs that were scanned but no TLDs were found in them. Skipping unneeded JARs during scanning can improve startup time and JSP compilation time.
27-Oct-2016 08:08:45.041 INFO [localhost-startStop-1] org.apache.catalina.startup.HostConfig.deployDirectory Deployment of web application directory C:\Users\cjedwards1\Desktop\major classifier\tomcat\webapps\majorclassifier has finished in 1,196 ms
27-Oct-2016 08:08:45.041 INFO [localhost-startStop-1] org.apache.catalina.startup.HostConfig.deployDirectory Deploying web application directory C:\Users\cjedwards1\Desktop\major classifier\tomcat\webapps\manager
27-Oct-2016 08:08:45.159 INFO [localhost-startStop-1] org.apache.jasper.servlet.TldScanner.scanJars At least one JAR was scanned for TLDs yet contained no TLDs. Enable debug logging for this logger for a complete list of JARs that were scanned but no TLDs were found in them. Skipping unneeded JARs during scanning can improve startup time and JSP compilation time.
27-Oct-2016 08:08:45.159 INFO [localhost-startStop-1] org.apache.catalina.startup.HostConfig.deployDirectory Deployment of web application directory C:\Users\cjedwards1\Desktop\major classifier\tomcat\webapps\manager has finished in 118 ms
27-Oct-2016 08:08:45.159 INFO [localhost-startStop-1] org.apache.catalina.startup.HostConfig.deployDirectory Deploying web application directory C:\Users\cjedwards1\Desktop\major classifier\tomcat\webapps\ROOT
27-Oct-2016 08:08:45.268 INFO [localhost-startStop-1] org.apache.jasper.servlet.TldScanner.scanJars At least one JAR was scanned for TLDs yet contained no TLDs. Enable debug logging for this logger for a complete list of JARs that were scanned but no TLDs were found in them. Skipping unneeded JARs during scanning can improve startup time and JSP compilation time.
27-Oct-2016 08:08:45.268 INFO [localhost-startStop-1] org.apache.catalina.startup.HostConfig.deployDirectory Deployment of web application directory C:\Users\cjedwards1\Desktop\major classifier\tomcat\webapps\ROOT has finished in 109 ms
27-Oct-2016 08:08:45.268 INFO [main] org.apache.coyote.AbstractProtocol.start Starting ProtocolHandler [http-nio-172.20.151.127-8080]
27-Oct-2016 08:08:45.284 INFO [main] org.apache.coyote.AbstractProtocol.start Starting ProtocolHandler [ajp-nio-8009]
27-Oct-2016 08:08:45.284 INFO [main] org.apache.catalina.startup.Catalina.start Server startup in 6065 ms
27-Oct-2016 08:08:56.008 INFO [ContainerBackgroundProcessor[StandardEngine[Catalina]]] org.apache.catalina.webresources.Cache.backgroundProcess The background cache eviction process was unable to free [10] percent of the cache for Context [/avienMigration] - consider increasing the maximum size of the cache. After eviction approximately [9,766] KB of data remained in the cache.
27-Oct-2016 08:09:06.867 INFO [ContainerBackgroundProcessor[StandardEngine[Catalina]]] org.apache.catalina.webresources.Cache.backgroundProcess The background cache eviction process was unable to free [10] percent of the cache for Context [/avienMigration] - consider increasing the maximum size of the cache. After eviction approximately [9,762] KB of data remained in the cache.
27-Oct-2016 08:09:17.751 INFO [ContainerBackgroundProcessor[StandardEngine[Catalina]]] org.apache.catalina.webresources.Cache.backgroundProcess The background cache eviction process was unable to free [10] percent of the cache for Context [/avienMigration] - consider increasing the maximum size of the cache. After eviction approximately [9,760] KB of data remained in the cache.
27-Oct-2016 08:09:28.581 INFO [ContainerBackgroundProcessor[StandardEngine[Catalina]]] org.apache.catalina.webresources.Cache.backgroundProcess The background cache eviction process was unable to free [10] percent of the cache for Context [/avienMigration] - consider increasing the maximum size of the cache. After eviction approximately [9,760] KB of data remained in the cache.
27-Oct-2016 08:09:39.417 INFO [ContainerBackgroundProcessor[StandardEngine[Catalina]]] org.apache.catalina.webresources.Cache.backgroundProcess The background cache eviction process was unable to free [10] percent of the cache for Context [/avienMigration] - consider increasing the maximum size of the cache. After eviction approximately [9,760] KB of data remained in the cache.
27-Oct-2016 08:09:50.257 INFO [ContainerBackgroundProcessor[StandardEngine[Catalina]]] org.apache.catalina.webresources.Cache.backgroundProcess The background cache eviction process was unable to free [10] percent of the cache for Context [/avienMigration] - consider increasing the maximum size of the cache. After eviction approximately [9,760] KB of data remained in the cache.
27-Oct-2016 08:10:01.106 INFO [ContainerBackgroundProcessor[StandardEngine[Catalina]]] org.apache.catalina.webresources.Cache.backgroundProcess The background cache eviction process was unable to free [10] percent of the cache for Context [/avienMigration] - consider increasing the maximum size of the cache. After eviction approximately [9,760] KB of data remained in the cache.
27-Oct-2016 08:10:06.639 INFO [main] org.apache.catalina.core.StandardServer.await A valid shutdown command was received via the shutdown port. Stopping the Server instance.
27-Oct-2016 08:10:06.639 INFO [main] org.apache.coyote.AbstractProtocol.pause Pausing ProtocolHandler ["http-nio-172.20.151.127-8080"]
27-Oct-2016 08:10:06.702 INFO [main] org.apache.coyote.AbstractProtocol.pause Pausing ProtocolHandler ["ajp-nio-8009"]
27-Oct-2016 08:10:06.765 INFO [main] org.apache.catalina.core.StandardService.stopInternal Stopping service Catalina
27-Oct-2016 08:10:06.848 WARNING [localhost-startStop-2] org.apache.catalina.loader.WebappClassLoaderBase.clearReferencesJdbc The web application [majorclassifier] registered the JDBC driver [com.microsoft.sqlserver.jdbc.SQLServerDriver] but failed to unregister it when the web application was stopped. To prevent a memory leak, the JDBC Driver has been forcibly unregistered.
27-Oct-2016 08:10:06.848 SEVERE [localhost-startStop-2] org.apache.catalina.loader.WebappClassLoaderBase.checkThreadLocalMapForLeaks The web application [majorclassifier] created a ThreadLocal with key of type [com.microsoft.sqlserver.jdbc.ActivityCorrelator$1] (value [com.microsoft.sqlserver.jdbc.ActivityCorrelator$1@4bb58765]) and a value of type [com.microsoft.sqlserver.jdbc.ActivityId] (value [5bec6da8-8cf0-4fae-b4a4-55aad272c803-1]) but failed to remove it when the web application was stopped. Threads are going to be renewed over time to try and avoid a probable memory leak.
27-Oct-2016 08:10:06.848 SEVERE [localhost-startStop-2] org.apache.catalina.loader.WebappClassLoaderBase.checkThreadLocalMapForLeaks The web application [majorclassifier] created a ThreadLocal with key of type [com.microsoft.sqlserver.jdbc.ActivityCorrelator$1] (value [com.microsoft.sqlserver.jdbc.ActivityCorrelator$1@4bb58765]) and a value of type [com.microsoft.sqlserver.jdbc.ActivityId] (value [7dbcdc95-c333-46f3-945c-c4df5c7cec61-1]) but failed to remove it when the web application was stopped. Threads are going to be renewed over time to try and avoid a probable memory leak.
27-Oct-2016 08:10:06.848 SEVERE [localhost-startStop-2] org.apache.catalina.loader.WebappClassLoaderBase.checkThreadLocalMapForLeaks The web application [majorclassifier] created a ThreadLocal with key of type [com.microsoft.sqlserver.jdbc.ActivityCorrelator$1] (value [com.microsoft.sqlserver.jdbc.ActivityCorrelator$1@4bb58765]) and a value of type [com.microsoft.sqlserver.jdbc.ActivityId] (value [56300cd3-0ad1-4209-9b42-8c1e432f15ab-1]) but failed to remove it when the web application was stopped. Threads are going to be renewed over time to try and avoid a probable memory leak.
27-Oct-2016 08:10:06.848 SEVERE [localhost-startStop-2] org.apache.catalina.loader.WebappClassLoaderBase.checkThreadLocalMapForLeaks The web application [majorclassifier] created a ThreadLocal with key of type [com.microsoft.sqlserver.jdbc.ActivityCorrelator$1] (value [com.microsoft.sqlserver.jdbc.ActivityCorrelator$1@4bb58765]) and a value of type [com.microsoft.sqlserver.jdbc.ActivityId] (value [648be609-e849-4cb6-91da-5777d0a63554-1]) but failed to remove it when the web application was stopped. Threads are going to be renewed over time to try and avoid a probable memory leak.
27-Oct-2016 08:10:06.863 INFO [main] org.apache.coyote.AbstractProtocol.stop Stopping ProtocolHandler ["http-nio-172.20.151.127-8080"]
27-Oct-2016 08:10:06.863 INFO [main] org.apache.coyote.AbstractProtocol.stop Stopping ProtocolHandler ["ajp-nio-8009"]
27-Oct-2016 08:10:06.863 INFO [main] org.apache.coyote.AbstractProtocol.destroy Destroying ProtocolHandler ["http-nio-172.20.151.127-8080"]
27-Oct-2016 08:10:06.863 INFO [main] org.apache.coyote.AbstractProtocol.destroy Destroying ProtocolHandler ["ajp-nio-8009"]
27-Oct-2016 08:22:27.390 WARNING [main] org.apache.catalina.startup.SetAllPropertiesRule.begin [SetAllPropertiesRule]{Server/Service/Connector} Setting property 'resolveHosts' to 'true' did not find a matching property.
27-Oct-2016 08:22:27.437 INFO [main] org.apache.catalina.startup.VersionLoggerListener.log Server version:        Apache Tomcat/8.5.5
27-Oct-2016 08:22:27.437 INFO [main] org.apache.catalina.startup.VersionLoggerListener.log Server built:          Aug 31 2016 19:51:16 UTC
27-Oct-2016 08:22:27.437 INFO [main] org.apache.catalina.startup.VersionLoggerListener.log Server number:         8.5.5.0
27-Oct-2016 08:22:27.437 INFO [main] org.apache.catalina.startup.VersionLoggerListener.log OS Name:               Windows 10
27-Oct-2016 08:22:27.437 INFO [main] org.apache.catalina.startup.VersionLoggerListener.log OS Version:            10.0
27-Oct-2016 08:22:27.437 INFO [main] org.apache.catalina.startup.VersionLoggerListener.log Architecture:          amd64
27-Oct-2016 08:22:27.437 INFO [main] org.apache.catalina.startup.VersionLoggerListener.log Java Home:             C:\Program Files\Java\jdk1.8.0_101\jre
27-Oct-2016 08:22:27.437 INFO [main] org.apache.catalina.startup.VersionLoggerListener.log JVM Version:           1.8.0_101-b13
27-Oct-2016 08:22:27.437 INFO [main] org.apache.catalina.startup.VersionLoggerListener.log JVM Vendor:            Oracle Corporation
27-Oct-2016 08:22:27.437 INFO [main] org.apache.catalina.startup.VersionLoggerListener.log CATALINA_BASE:         C:\Users\cjedwards1\Desktop\major classifier\tomcat
27-Oct-2016 08:22:27.437 INFO [main] org.apache.catalina.startup.VersionLoggerListener.log CATALINA_HOME:         C:\Users\cjedwards1\Desktop\major classifier\tomcat
27-Oct-2016 08:22:27.437 INFO [main] org.apache.catalina.startup.VersionLoggerListener.log Command line argument: -Djdk.tls.ephemeralDHKeySize=2048
27-Oct-2016 08:22:27.437 INFO [main] org.apache.catalina.startup.VersionLoggerListener.log Command line argument: -Djava.util.logging.config.file=C:\Users\cjedwards1\Desktop\major classifier\tomcat\conf\logging.properties
27-Oct-2016 08:22:27.437 INFO [main] org.apache.catalina.startup.VersionLoggerListener.log Command line argument: -Djava.util.logging.manager=org.apache.juli.ClassLoaderLogManager
27-Oct-2016 08:22:27.437 INFO [main] org.apache.catalina.startup.VersionLoggerListener.log Command line argument: -Dcatalina.base=C:\Users\cjedwards1\Desktop\major classifier\tomcat
27-Oct-2016 08:22:27.437 INFO [main] org.apache.catalina.startup.VersionLoggerListener.log Command line argument: -Dcatalina.home=C:\Users\cjedwards1\Desktop\major classifier\tomcat
27-Oct-2016 08:22:27.437 INFO [main] org.apache.catalina.startup.VersionLoggerListener.log Command line argument: -Djava.io.tmpdir=C:\Users\cjedwards1\Desktop\major classifier\tomcat\temp
27-Oct-2016 08:22:27.437 INFO [main] org.apache.catalina.core.AprLifecycleListener.lifecycleEvent The APR based Apache Tomcat Native library which allows optimal performance in production environments was not found on the java.library.path: C:\Program Files\Java\jdk1.8.0_101\bin;C:\WINDOWS\Sun\Java\bin;C:\WINDOWS\system32;C:\WINDOWS;C:\ProgramData\Oracle\Java\javapath;C:\WINDOWS\system32;C:\WINDOWS;C:\WINDOWS\System32\Wbem;C:\WINDOWS\System32\WindowsPowerShell\v1.0\;C:\Program Files (x86)\Microsoft SQL Server\110\Tools\Binn\ManagementStudio\;C:\Program Files (x86)\Microsoft SQL Server\110\Tools\Binn\;C:\Program Files\Microsoft SQL Server\110\Tools\Binn\;C:\Program Files (x86)\Microsoft SQL Server\110\DTS\Binn\;C:\Program Files (x86)\Microsoft SQL Server\Client SDK\ODBC\130\Tools\Binn\;C:\Program Files (x86)\Microsoft SQL Server\130\Tools\Binn\;C:\Program Files (x86)\Microsoft SQL Server\130\DTS\Binn\;C:\Program Files (x86)\Microsoft SQL Server\130\Tools\Binn\ManagementStudio\;C:\Users\cjedwards1\AppData\Local\Microsoft\WindowsApps;C:\Program Files\Java\jdk1.8.0_101\bin;C:\Users\cjedwards1\Desktop\apache-maven-3.3.9\bin;.
27-Oct-2016 08:22:27.531 INFO [main] org.apache.coyote.AbstractProtocol.init Initializing ProtocolHandler ["http-nio-172.20.151.127-8080"]
27-Oct-2016 08:22:27.625 INFO [main] org.apache.tomcat.util.net.NioSelectorPool.getSharedSelector Using a shared selector for servlet write/read
27-Oct-2016 08:22:27.625 INFO [main] org.apache.coyote.AbstractProtocol.init Initializing ProtocolHandler ["ajp-nio-8009"]
27-Oct-2016 08:22:27.625 INFO [main] org.apache.tomcat.util.net.NioSelectorPool.getSharedSelector Using a shared selector for servlet write/read
27-Oct-2016 08:22:27.625 INFO [main] org.apache.catalina.startup.Catalina.load Initialization processed in 463 ms
27-Oct-2016 08:22:27.640 INFO [main] org.apache.catalina.core.StandardService.startInternal Starting service Catalina
27-Oct-2016 08:22:27.640 INFO [main] org.apache.catalina.core.StandardEngine.startInternal Starting Servlet Engine: Apache Tomcat/8.5.5
27-Oct-2016 08:22:27.656 INFO [localhost-startStop-1] org.apache.catalina.startup.HostConfig.deployDirectory Deploying web application directory C:\Users\cjedwards1\Desktop\major classifier\tomcat\webapps\avienMigration
27-Oct-2016 08:22:30.125 INFO [localhost-startStop-1] org.apache.jasper.servlet.TldScanner.scanJars At least one JAR was scanned for TLDs yet contained no TLDs. Enable debug logging for this logger for a complete list of JARs that were scanned but no TLDs were found in them. Skipping unneeded JARs during scanning can improve startup time and JSP compilation time.
27-Oct-2016 08:22:30.172 INFO [localhost-startStop-1] org.apache.catalina.startup.HostConfig.deployDirectory Deployment of web application directory C:\Users\cjedwards1\Desktop\major classifier\tomcat\webapps\avienMigration has finished in 2,516 ms
27-Oct-2016 08:22:30.172 INFO [localhost-startStop-1] org.apache.catalina.startup.HostConfig.deployDirectory Deploying web application directory C:\Users\cjedwards1\Desktop\major classifier\tomcat\webapps\docs
27-Oct-2016 08:22:30.312 INFO [localhost-startStop-1] org.apache.jasper.servlet.TldScanner.scanJars At least one JAR was scanned for TLDs yet contained no TLDs. Enable debug logging for this logger for a complete list of JARs that were scanned but no TLDs were found in them. Skipping unneeded JARs during scanning can improve startup time and JSP compilation time.
27-Oct-2016 08:22:30.312 INFO [localhost-startStop-1] org.apache.catalina.startup.HostConfig.deployDirectory Deployment of web application directory C:\Users\cjedwards1\Desktop\major classifier\tomcat\webapps\docs has finished in 140 ms
27-Oct-2016 08:22:30.312 INFO [localhost-startStop-1] org.apache.catalina.startup.HostConfig.deployDirectory Deploying web application directory C:\Users\cjedwards1\Desktop\major classifier\tomcat\webapps\examples
27-Oct-2016 08:22:30.641 INFO [localhost-startStop-1] org.apache.jasper.servlet.TldScanner.scanJars At least one JAR was scanned for TLDs yet contained no TLDs. Enable debug logging for this logger for a complete list of JARs that were scanned but no TLDs were found in them. Skipping unneeded JARs during scanning can improve startup time and JSP compilation time.
27-Oct-2016 08:22:30.672 INFO [localhost-startStop-1] org.apache.catalina.startup.HostConfig.deployDirectory Deployment of web application directory C:\Users\cjedwards1\Desktop\major classifier\tomcat\webapps\examples has finished in 360 ms
27-Oct-2016 08:22:30.672 INFO [localhost-startStop-1] org.apache.catalina.startup.HostConfig.deployDirectory Deploying web application directory C:\Users\cjedwards1\Desktop\major classifier\tomcat\webapps\host-manager
27-Oct-2016 08:22:30.812 INFO [localhost-startStop-1] org.apache.jasper.servlet.TldScanner.scanJars At least one JAR was scanned for TLDs yet contained no TLDs. Enable debug logging for this logger for a complete list of JARs that were scanned but no TLDs were found in them. Skipping unneeded JARs during scanning can improve startup time and JSP compilation time.
27-Oct-2016 08:22:30.812 INFO [localhost-startStop-1] org.apache.catalina.startup.HostConfig.deployDirectory Deployment of web application directory C:\Users\cjedwards1\Desktop\major classifier\tomcat\webapps\host-manager has finished in 140 ms
27-Oct-2016 08:22:30.812 INFO [localhost-startStop-1] org.apache.catalina.startup.HostConfig.deployDirectory Deploying web application directory C:\Users\cjedwards1\Desktop\major classifier\tomcat\webapps\majorclassifier
27-Oct-2016 08:22:31.845 INFO [localhost-startStop-1] org.apache.jasper.servlet.TldScanner.scanJars At least one JAR was scanned for TLDs yet contained no TLDs. Enable debug logging for this logger for a complete list of JARs that were scanned but no TLDs were found in them. Skipping unneeded JARs during scanning can improve startup time and JSP compilation time.
27-Oct-2016 08:22:31.845 INFO [localhost-startStop-1] org.apache.catalina.startup.HostConfig.deployDirectory Deployment of web application directory C:\Users\cjedwards1\Desktop\major classifier\tomcat\webapps\majorclassifier has finished in 1,033 ms
27-Oct-2016 08:22:31.860 INFO [localhost-startStop-1] org.apache.catalina.startup.HostConfig.deployDirectory Deploying web application directory C:\Users\cjedwards1\Desktop\major classifier\tomcat\webapps\manager
27-Oct-2016 08:22:31.970 INFO [localhost-startStop-1] org.apache.jasper.servlet.TldScanner.scanJars At least one JAR was scanned for TLDs yet contained no TLDs. Enable debug logging for this logger for a complete list of JARs that were scanned but no TLDs were found in them. Skipping unneeded JARs during scanning can improve startup time and JSP compilation time.
27-Oct-2016 08:22:31.970 INFO [localhost-startStop-1] org.apache.catalina.startup.HostConfig.deployDirectory Deployment of web application directory C:\Users\cjedwards1\Desktop\major classifier\tomcat\webapps\manager has finished in 110 ms
27-Oct-2016 08:22:31.970 INFO [localhost-startStop-1] org.apache.catalina.startup.HostConfig.deployDirectory Deploying web application directory C:\Users\cjedwards1\Desktop\major classifier\tomcat\webapps\ROOT
27-Oct-2016 08:22:32.095 INFO [localhost-startStop-1] org.apache.jasper.servlet.TldScanner.scanJars At least one JAR was scanned for TLDs yet contained no TLDs. Enable debug logging for this logger for a complete list of JARs that were scanned but no TLDs were found in them. Skipping unneeded JARs during scanning can improve startup time and JSP compilation time.
27-Oct-2016 08:22:32.095 INFO [localhost-startStop-1] org.apache.catalina.startup.HostConfig.deployDirectory Deployment of web application directory C:\Users\cjedwards1\Desktop\major classifier\tomcat\webapps\ROOT has finished in 125 ms
27-Oct-2016 08:22:32.095 INFO [main] org.apache.coyote.AbstractProtocol.start Starting ProtocolHandler [http-nio-172.20.151.127-8080]
27-Oct-2016 08:22:32.110 INFO [main] org.apache.coyote.AbstractProtocol.start Starting ProtocolHandler [ajp-nio-8009]
27-Oct-2016 08:22:32.110 INFO [main] org.apache.catalina.startup.Catalina.start Server startup in 4478 ms
27-Oct-2016 08:22:42.736 INFO [ContainerBackgroundProcessor[StandardEngine[Catalina]]] org.apache.catalina.webresources.Cache.backgroundProcess The background cache eviction process was unable to free [10] percent of the cache for Context [/avienMigration] - consider increasing the maximum size of the cache. After eviction approximately [9,766] KB of data remained in the cache.
27-Oct-2016 08:22:53.577 INFO [ContainerBackgroundProcessor[StandardEngine[Catalina]]] org.apache.catalina.webresources.Cache.backgroundProcess The background cache eviction process was unable to free [10] percent of the cache for Context [/avienMigration] - consider increasing the maximum size of the cache. After eviction approximately [9,765] KB of data remained in the cache.
27-Oct-2016 08:23:04.428 INFO [ContainerBackgroundProcessor[StandardEngine[Catalina]]] org.apache.catalina.webresources.Cache.backgroundProcess The background cache eviction process was unable to free [10] percent of the cache for Context [/avienMigration] - consider increasing the maximum size of the cache. After eviction approximately [9,760] KB of data remained in the cache.
27-Oct-2016 08:23:15.277 INFO [ContainerBackgroundProcessor[StandardEngine[Catalina]]] org.apache.catalina.webresources.Cache.backgroundProcess The background cache eviction process was unable to free [10] percent of the cache for Context [/avienMigration] - consider increasing the maximum size of the cache. After eviction approximately [9,763] KB of data remained in the cache.
27-Oct-2016 08:23:26.190 INFO [ContainerBackgroundProcessor[StandardEngine[Catalina]]] org.apache.catalina.webresources.Cache.backgroundProcess The background cache eviction process was unable to free [10] percent of the cache for Context [/avienMigration] - consider increasing the maximum size of the cache. After eviction approximately [9,760] KB of data remained in the cache.
27-Oct-2016 08:23:37.000 INFO [ContainerBackgroundProcessor[StandardEngine[Catalina]]] org.apache.catalina.webresources.Cache.backgroundProcess The background cache eviction process was unable to free [10] percent of the cache for Context [/avienMigration] - consider increasing the maximum size of the cache. After eviction approximately [9,760] KB of data remained in the cache.
27-Oct-2016 08:23:47.824 INFO [ContainerBackgroundProcessor[StandardEngine[Catalina]]] org.apache.catalina.webresources.Cache.backgroundProcess The background cache eviction process was unable to free [10] percent of the cache for Context [/avienMigration] - consider increasing the maximum size of the cache. After eviction approximately [9,760] KB of data remained in the cache.
27-Oct-2016 08:23:58.696 INFO [ContainerBackgroundProcessor[StandardEngine[Catalina]]] org.apache.catalina.webresources.Cache.backgroundProcess The background cache eviction process was unable to free [10] percent of the cache for Context [/avienMigration] - consider increasing the maximum size of the cache. After eviction approximately [9,760] KB of data remained in the cache.
27-Oct-2016 08:24:09.519 INFO [ContainerBackgroundProcessor[StandardEngine[Catalina]]] org.apache.catalina.webresources.Cache.backgroundProcess The background cache eviction process was unable to free [10] percent of the cache for Context [/avienMigration] - consider increasing the maximum size of the cache. After eviction approximately [9,760] KB of data remained in the cache.
27-Oct-2016 08:24:20.338 INFO [ContainerBackgroundProcessor[StandardEngine[Catalina]]] org.apache.catalina.webresources.Cache.backgroundProcess The background cache eviction process was unable to free [10] percent of the cache for Context [/avienMigration] - consider increasing the maximum size of the cache. After eviction approximately [9,760] KB of data remained in the cache.
27-Oct-2016 08:24:31.133 INFO [ContainerBackgroundProcessor[StandardEngine[Catalina]]] org.apache.catalina.webresources.Cache.backgroundProcess The background cache eviction process was unable to free [10] percent of the cache for Context [/avienMigration] - consider increasing the maximum size of the cache. After eviction approximately [9,760] KB of data remained in the cache.
27-Oct-2016 08:24:41.954 INFO [ContainerBackgroundProcessor[StandardEngine[Catalina]]] org.apache.catalina.webresources.Cache.backgroundProcess The background cache eviction process was unable to free [10] percent of the cache for Context [/avienMigration] - consider increasing the maximum size of the cache. After eviction approximately [9,760] KB of data remained in the cache.
27-Oct-2016 08:24:52.749 INFO [ContainerBackgroundProcessor[StandardEngine[Catalina]]] org.apache.catalina.webresources.Cache.backgroundProcess The background cache eviction process was unable to free [10] percent of the cache for Context [/avienMigration] - consider increasing the maximum size of the cache. After eviction approximately [9,760] KB of data remained in the cache.
27-Oct-2016 08:25:03.547 INFO [ContainerBackgroundProcessor[StandardEngine[Catalina]]] org.apache.catalina.webresources.Cache.backgroundProcess The background cache eviction process was unable to free [10] percent of the cache for Context [/avienMigration] - consider increasing the maximum size of the cache. After eviction approximately [9,760] KB of data remained in the cache.
27-Oct-2016 08:25:14.380 INFO [ContainerBackgroundProcessor[StandardEngine[Catalina]]] org.apache.catalina.webresources.Cache.backgroundProcess The background cache eviction process was unable to free [10] percent of the cache for Context [/avienMigration] - consider increasing the maximum size of the cache. After eviction approximately [9,760] KB of data remained in the cache.
27-Oct-2016 08:25:25.178 INFO [ContainerBackgroundProcessor[StandardEngine[Catalina]]] org.apache.catalina.webresources.Cache.backgroundProcess The background cache eviction process was unable to free [10] percent of the cache for Context [/avienMigration] - consider increasing the maximum size of the cache. After eviction approximately [9,760] KB of data remained in the cache.
27-Oct-2016 08:25:36.014 INFO [ContainerBackgroundProcessor[StandardEngine[Catalina]]] org.apache.catalina.webresources.Cache.backgroundProcess The background cache eviction process was unable to free [10] percent of the cache for Context [/avienMigration] - consider increasing the maximum size of the cache. After eviction approximately [9,760] KB of data remained in the cache.
27-Oct-2016 08:25:46.848 INFO [ContainerBackgroundProcessor[StandardEngine[Catalina]]] org.apache.catalina.webresources.Cache.backgroundProcess The background cache eviction process was unable to free [10] percent of the cache for Context [/avienMigration] - consider increasing the maximum size of the cache. After eviction approximately [9,760] KB of data remained in the cache.
27-Oct-2016 08:25:57.663 INFO [ContainerBackgroundProcessor[StandardEngine[Catalina]]] org.apache.catalina.webresources.Cache.backgroundProcess The background cache eviction process was unable to free [10] percent of the cache for Context [/avienMigration] - consider increasing the maximum size of the cache. After eviction approximately [9,760] KB of data remained in the cache.
27-Oct-2016 08:26:08.451 INFO [ContainerBackgroundProcessor[StandardEngine[Catalina]]] org.apache.catalina.webresources.Cache.backgroundProcess The background cache eviction process was unable to free [10] percent of the cache for Context [/avienMigration] - consider increasing the maximum size of the cache. After eviction approximately [9,760] KB of data remained in the cache.
27-Oct-2016 08:26:19.294 INFO [ContainerBackgroundProcessor[StandardEngine[Catalina]]] org.apache.catalina.webresources.Cache.backgroundProcess The background cache eviction process was unable to free [10] percent of the cache for Context [/avienMigration] - consider increasing the maximum size of the cache. After eviction approximately [9,760] KB of data remained in the cache.
27-Oct-2016 08:26:30.116 INFO [ContainerBackgroundProcessor[StandardEngine[Catalina]]] org.apache.catalina.webresources.Cache.backgroundProcess The background cache eviction process was unable to free [10] percent of the cache for Context [/avienMigration] - consider increasing the maximum size of the cache. After eviction approximately [9,763] KB of data remained in the cache.
27-Oct-2016 08:26:40.935 INFO [ContainerBackgroundProcessor[StandardEngine[Catalina]]] org.apache.catalina.webresources.Cache.backgroundProcess The background cache eviction process was unable to free [10] percent of the cache for Context [/avienMigration] - consider increasing the maximum size of the cache. After eviction approximately [9,760] KB of data remained in the cache.
27-Oct-2016 08:26:51.832 INFO [ContainerBackgroundProcessor[StandardEngine[Catalina]]] org.apache.catalina.webresources.Cache.backgroundProcess The background cache eviction process was unable to free [10] percent of the cache for Context [/avienMigration] - consider increasing the maximum size of the cache. After eviction approximately [9,760] KB of data remained in the cache.
27-Oct-2016 08:27:02.669 INFO [ContainerBackgroundProcessor[StandardEngine[Catalina]]] org.apache.catalina.webresources.Cache.backgroundProcess The background cache eviction process was unable to free [10] percent of the cache for Context [/avienMigration] - consider increasing the maximum size of the cache. After eviction approximately [9,760] KB of data remained in the cache.
27-Oct-2016 08:27:13.543 INFO [ContainerBackgroundProcessor[StandardEngine[Catalina]]] org.apache.catalina.webresources.Cache.backgroundProcess The background cache eviction process was unable to free [10] percent of the cache for Context [/avienMigration] - consider increasing the maximum size of the cache. After eviction approximately [9,760] KB of data remained in the cache.
27-Oct-2016 08:27:24.538 INFO [ContainerBackgroundProcessor[StandardEngine[Catalina]]] org.apache.catalina.webresources.Cache.backgroundProcess The background cache eviction process was unable to free [10] percent of the cache for Context [/avienMigration] - consider increasing the maximum size of the cache. After eviction approximately [9,760] KB of data remained in the cache.
27-Oct-2016 08:27:35.555 INFO [ContainerBackgroundProcessor[StandardEngine[Catalina]]] org.apache.catalina.webresources.Cache.backgroundProcess The background cache eviction process was unable to free [10] percent of the cache for Context [/avienMigration] - consider increasing the maximum size of the cache. After eviction approximately [9,760] KB of data remained in the cache.
27-Oct-2016 08:27:46.419 INFO [ContainerBackgroundProcessor[StandardEngine[Catalina]]] org.apache.catalina.webresources.Cache.backgroundProcess The background cache eviction process was unable to free [10] percent of the cache for Context [/avienMigration] - consider increasing the maximum size of the cache. After eviction approximately [9,763] KB of data remained in the cache.
27-Oct-2016 08:27:57.244 INFO [ContainerBackgroundProcessor[StandardEngine[Catalina]]] org.apache.catalina.webresources.Cache.backgroundProcess The background cache eviction process was unable to free [10] percent of the cache for Context [/avienMigration] - consider increasing the maximum size of the cache. After eviction approximately [9,760] KB of data remained in the cache.
27-Oct-2016 08:28:08.095 INFO [ContainerBackgroundProcessor[StandardEngine[Catalina]]] org.apache.catalina.webresources.Cache.backgroundProcess The background cache eviction process was unable to free [10] percent of the cache for Context [/avienMigration] - consider increasing the maximum size of the cache. After eviction approximately [9,763] KB of data remained in the cache.
27-Oct-2016 08:28:18.935 INFO [ContainerBackgroundProcessor[StandardEngine[Catalina]]] org.apache.catalina.webresources.Cache.backgroundProcess The background cache eviction process was unable to free [10] percent of the cache for Context [/avienMigration] - consider increasing the maximum size of the cache. After eviction approximately [9,760] KB of data remained in the cache.
27-Oct-2016 08:28:29.719 INFO [ContainerBackgroundProcessor[StandardEngine[Catalina]]] org.apache.catalina.webresources.Cache.backgroundProcess The background cache eviction process was unable to free [10] percent of the cache for Context [/avienMigration] - consider increasing the maximum size of the cache. After eviction approximately [9,760] KB of data remained in the cache.
27-Oct-2016 08:28:40.533 INFO [ContainerBackgroundProcessor[StandardEngine[Catalina]]] org.apache.catalina.webresources.Cache.backgroundProcess The background cache eviction process was unable to free [10] percent of the cache for Context [/avienMigration] - consider increasing the maximum size of the cache. After eviction approximately [9,760] KB of data remained in the cache.
27-Oct-2016 08:28:51.345 INFO [ContainerBackgroundProcessor[StandardEngine[Catalina]]] org.apache.catalina.webresources.Cache.backgroundProcess The background cache eviction process was unable to free [10] percent of the cache for Context [/avienMigration] - consider increasing the maximum size of the cache. After eviction approximately [9,760] KB of data remained in the cache.
27-Oct-2016 08:29:02.163 INFO [ContainerBackgroundProcessor[StandardEngine[Catalina]]] org.apache.catalina.webresources.Cache.backgroundProcess The background cache eviction process was unable to free [10] percent of the cache for Context [/avienMigration] - consider increasing the maximum size of the cache. After eviction approximately [9,760] KB of data remained in the cache.
27-Oct-2016 08:29:12.986 INFO [ContainerBackgroundProcessor[StandardEngine[Catalina]]] org.apache.catalina.webresources.Cache.backgroundProcess The background cache eviction process was unable to free [10] percent of the cache for Context [/avienMigration] - consider increasing the maximum size of the cache. After eviction approximately [9,760] KB of data remained in the cache.
27-Oct-2016 08:29:23.793 INFO [ContainerBackgroundProcessor[StandardEngine[Catalina]]] org.apache.catalina.webresources.Cache.backgroundProcess The background cache eviction process was unable to free [10] percent of the cache for Context [/avienMigration] - consider increasing the maximum size of the cache. After eviction approximately [9,760] KB of data remained in the cache.
27-Oct-2016 08:29:34.622 INFO [ContainerBackgroundProcessor[StandardEngine[Catalina]]] org.apache.catalina.webresources.Cache.backgroundProcess The background cache eviction process was unable to free [10] percent of the cache for Context [/avienMigration] - consider increasing the maximum size of the cache. After eviction approximately [9,760] KB of data remained in the cache.
27-Oct-2016 08:29:45.500 INFO [ContainerBackgroundProcessor[StandardEngine[Catalina]]] org.apache.catalina.webresources.Cache.backgroundProcess The background cache eviction process was unable to free [10] percent of the cache for Context [/avienMigration] - consider increasing the maximum size of the cache. After eviction approximately [9,760] KB of data remained in the cache.
27-Oct-2016 08:29:56.323 INFO [ContainerBackgroundProcessor[StandardEngine[Catalina]]] org.apache.catalina.webresources.Cache.backgroundProcess The background cache eviction process was unable to free [10] percent of the cache for Context [/avienMigration] - consider increasing the maximum size of the cache. After eviction approximately [9,760] KB of data remained in the cache.
27-Oct-2016 08:30:07.165 INFO [ContainerBackgroundProcessor[StandardEngine[Catalina]]] org.apache.catalina.webresources.Cache.backgroundProcess The background cache eviction process was unable to free [10] percent of the cache for Context [/avienMigration] - consider increasing the maximum size of the cache. After eviction approximately [9,760] KB of data remained in the cache.
27-Oct-2016 08:30:17.959 INFO [ContainerBackgroundProcessor[StandardEngine[Catalina]]] org.apache.catalina.webresources.Cache.backgroundProcess The background cache eviction process was unable to free [10] percent of the cache for Context [/avienMigration] - consider increasing the maximum size of the cache. After eviction approximately [9,760] KB of data remained in the cache.
27-Oct-2016 08:30:28.788 INFO [ContainerBackgroundProcessor[StandardEngine[Catalina]]] org.apache.catalina.webresources.Cache.backgroundProcess The background cache eviction process was unable to free [10] percent of the cache for Context [/avienMigration] - consider increasing the maximum size of the cache. After eviction approximately [9,760] KB of data remained in the cache.
27-Oct-2016 08:30:39.588 INFO [ContainerBackgroundProcessor[StandardEngine[Catalina]]] org.apache.catalina.webresources.Cache.backgroundProcess The background cache eviction process was unable to free [10] percent of the cache for Context [/avienMigration] - consider increasing the maximum size of the cache. After eviction approximately [9,760] KB of data remained in the cache.
27-Oct-2016 08:30:50.376 INFO [ContainerBackgroundProcessor[StandardEngine[Catalina]]] org.apache.catalina.webresources.Cache.backgroundProcess The background cache eviction process was unable to free [10] percent of the cache for Context [/avienMigration] - consider increasing the maximum size of the cache. After eviction approximately [9,760] KB of data remained in the cache.
27-Oct-2016 08:31:01.205 INFO [ContainerBackgroundProcessor[StandardEngine[Catalina]]] org.apache.catalina.webresources.Cache.backgroundProcess The background cache eviction process was unable to free [10] percent of the cache for Context [/avienMigration] - consider increasing the maximum size of the cache. After eviction approximately [9,760] KB of data remained in the cache.
27-Oct-2016 08:31:12.033 INFO [ContainerBackgroundProcessor[StandardEngine[Catalina]]] org.apache.catalina.webresources.Cache.backgroundProcess The background cache eviction process was unable to free [10] percent of the cache for Context [/avienMigration] - consider increasing the maximum size of the cache. After eviction approximately [9,760] KB of data remained in the cache.
27-Oct-2016 08:31:22.864 INFO [ContainerBackgroundProcessor[StandardEngine[Catalina]]] org.apache.catalina.webresources.Cache.backgroundProcess The background cache eviction process was unable to free [10] percent of the cache for Context [/avienMigration] - consider increasing the maximum size of the cache. After eviction approximately [9,760] KB of data remained in the cache.
27-Oct-2016 08:31:33.680 INFO [ContainerBackgroundProcessor[StandardEngine[Catalina]]] org.apache.catalina.webresources.Cache.backgroundProcess The background cache eviction process was unable to free [10] percent of the cache for Context [/avienMigration] - consider increasing the maximum size of the cache. After eviction approximately [9,760] KB of data remained in the cache.
27-Oct-2016 08:31:44.495 INFO [ContainerBackgroundProcessor[StandardEngine[Catalina]]] org.apache.catalina.webresources.Cache.backgroundProcess The background cache eviction process was unable to free [10] percent of the cache for Context [/avienMigration] - consider increasing the maximum size of the cache. After eviction approximately [9,760] KB of data remained in the cache.
27-Oct-2016 08:31:55.316 INFO [ContainerBackgroundProcessor[StandardEngine[Catalina]]] org.apache.catalina.webresources.Cache.backgroundProcess The background cache eviction process was unable to free [10] percent of the cache for Context [/avienMigration] - consider increasing the maximum size of the cache. After eviction approximately [9,760] KB of data remained in the cache.
27-Oct-2016 08:32:06.114 INFO [ContainerBackgroundProcessor[StandardEngine[Catalina]]] org.apache.catalina.webresources.Cache.backgroundProcess The background cache eviction process was unable to free [10] percent of the cache for Context [/avienMigration] - consider increasing the maximum size of the cache. After eviction approximately [9,760] KB of data remained in the cache.
27-Oct-2016 08:32:16.937 INFO [ContainerBackgroundProcessor[StandardEngine[Catalina]]] org.apache.catalina.webresources.Cache.backgroundProcess The background cache eviction process was unable to free [10] percent of the cache for Context [/avienMigration] - consider increasing the maximum size of the cache. After eviction approximately [9,760] KB of data remained in the cache.
27-Oct-2016 08:32:27.767 INFO [ContainerBackgroundProcessor[StandardEngine[Catalina]]] org.apache.catalina.webresources.Cache.backgroundProcess The background cache eviction process was unable to free [10] percent of the cache for Context [/avienMigration] - consider increasing the maximum size of the cache. After eviction approximately [9,760] KB of data remained in the cache.
27-Oct-2016 08:32:38.587 INFO [ContainerBackgroundProcessor[StandardEngine[Catalina]]] org.apache.catalina.webresources.Cache.backgroundProcess The background cache eviction process was unable to free [10] percent of the cache for Context [/avienMigration] - consider increasing the maximum size of the cache. After eviction approximately [9,760] KB of data remained in the cache.
27-Oct-2016 08:32:49.390 INFO [ContainerBackgroundProcessor[StandardEngine[Catalina]]] org.apache.catalina.webresources.Cache.backgroundProcess The background cache eviction process was unable to free [10] percent of the cache for Context [/avienMigration] - consider increasing the maximum size of the cache. After eviction approximately [9,760] KB of data remained in the cache.
27-Oct-2016 08:33:00.225 INFO [ContainerBackgroundProcessor[StandardEngine[Catalina]]] org.apache.catalina.webresources.Cache.backgroundProcess The background cache eviction process was unable to free [10] percent of the cache for Context [/avienMigration] - consider increasing the maximum size of the cache. After eviction approximately [9,760] KB of data remained in the cache.
27-Oct-2016 08:33:11.056 INFO [ContainerBackgroundProcessor[StandardEngine[Catalina]]] org.apache.catalina.webresources.Cache.backgroundProcess The background cache eviction process was unable to free [10] percent of the cache for Context [/avienMigration] - consider increasing the maximum size of the cache. After eviction approximately [9,760] KB of data remained in the cache.
27-Oct-2016 08:33:21.913 INFO [ContainerBackgroundProcessor[StandardEngine[Catalina]]] org.apache.catalina.webresources.Cache.backgroundProcess The background cache eviction process was unable to free [10] percent of the cache for Context [/avienMigration] - consider increasing the maximum size of the cache. After eviction approximately [9,760] KB of data remained in the cache.
27-Oct-2016 08:33:32.714 INFO [ContainerBackgroundProcessor[StandardEngine[Catalina]]] org.apache.catalina.webresources.Cache.backgroundProcess The background cache eviction process was unable to free [10] percent of the cache for Context [/avienMigration] - consider increasing the maximum size of the cache. After eviction approximately [9,760] KB of data remained in the cache.
27-Oct-2016 08:33:43.513 INFO [ContainerBackgroundProcessor[StandardEngine[Catalina]]] org.apache.catalina.webresources.Cache.backgroundProcess The background cache eviction process was unable to free [10] percent of the cache for Context [/avienMigration] - consider increasing the maximum size of the cache. After eviction approximately [9,760] KB of data remained in the cache.
27-Oct-2016 08:33:54.338 INFO [ContainerBackgroundProcessor[StandardEngine[Catalina]]] org.apache.catalina.webresources.Cache.backgroundProcess The background cache eviction process was unable to free [10] percent of the cache for Context [/avienMigration] - consider increasing the maximum size of the cache. After eviction approximately [9,760] KB of data remained in the cache.
27-Oct-2016 08:34:05.153 INFO [ContainerBackgroundProcessor[StandardEngine[Catalina]]] org.apache.catalina.webresources.Cache.backgroundProcess The background cache eviction process was unable to free [10] percent of the cache for Context [/avienMigration] - consider increasing the maximum size of the cache. After eviction approximately [9,760] KB of data remained in the cache.
27-Oct-2016 08:34:15.964 INFO [ContainerBackgroundProcessor[StandardEngine[Catalina]]] org.apache.catalina.webresources.Cache.backgroundProcess The background cache eviction process was unable to free [10] percent of the cache for Context [/avienMigration] - consider increasing the maximum size of the cache. After eviction approximately [9,760] KB of data remained in the cache.
27-Oct-2016 08:34:26.762 INFO [ContainerBackgroundProcessor[StandardEngine[Catalina]]] org.apache.catalina.webresources.Cache.backgroundProcess The background cache eviction process was unable to free [10] percent of the cache for Context [/avienMigration] - consider increasing the maximum size of the cache. After eviction approximately [9,760] KB of data remained in the cache.
27-Oct-2016 08:34:37.590 INFO [ContainerBackgroundProcessor[StandardEngine[Catalina]]] org.apache.catalina.webresources.Cache.backgroundProcess The background cache eviction process was unable to free [10] percent of the cache for Context [/avienMigration] - consider increasing the maximum size of the cache. After eviction approximately [9,760] KB of data remained in the cache.
27-Oct-2016 08:34:48.399 INFO [ContainerBackgroundProcessor[StandardEngine[Catalina]]] org.apache.catalina.webresources.Cache.backgroundProcess The background cache eviction process was unable to free [10] percent of the cache for Context [/avienMigration] - consider increasing the maximum size of the cache. After eviction approximately [9,760] KB of data remained in the cache.
27-Oct-2016 08:34:59.216 INFO [ContainerBackgroundProcessor[StandardEngine[Catalina]]] org.apache.catalina.webresources.Cache.backgroundProcess The background cache eviction process was unable to free [10] percent of the cache for Context [/avienMigration] - consider increasing the maximum size of the cache. After eviction approximately [9,760] KB of data remained in the cache.
27-Oct-2016 08:35:10.017 INFO [ContainerBackgroundProcessor[StandardEngine[Catalina]]] org.apache.catalina.webresources.Cache.backgroundProcess The background cache eviction process was unable to free [10] percent of the cache for Context [/avienMigration] - consider increasing the maximum size of the cache. After eviction approximately [9,760] KB of data remained in the cache.
27-Oct-2016 08:35:20.823 INFO [ContainerBackgroundProcessor[StandardEngine[Catalina]]] org.apache.catalina.webresources.Cache.backgroundProcess The background cache eviction process was unable to free [10] percent of the cache for Context [/avienMigration] - consider increasing the maximum size of the cache. After eviction approximately [9,760] KB of data remained in the cache.
27-Oct-2016 08:35:31.630 INFO [ContainerBackgroundProcessor[StandardEngine[Catalina]]] org.apache.catalina.webresources.Cache.backgroundProcess The background cache eviction process was unable to free [10] percent of the cache for Context [/avienMigration] - consider increasing the maximum size of the cache. After eviction approximately [9,760] KB of data remained in the cache.
27-Oct-2016 08:35:42.447 INFO [ContainerBackgroundProcessor[StandardEngine[Catalina]]] org.apache.catalina.webresources.Cache.backgroundProcess The background cache eviction process was unable to free [10] percent of the cache for Context [/avienMigration] - consider increasing the maximum size of the cache. After eviction approximately [9,760] KB of data remained in the cache.
27-Oct-2016 08:35:53.258 INFO [ContainerBackgroundProcessor[StandardEngine[Catalina]]] org.apache.catalina.webresources.Cache.backgroundProcess The background cache eviction process was unable to free [10] percent of the cache for Context [/avienMigration] - consider increasing the maximum size of the cache. After eviction approximately [9,760] KB of data remained in the cache.
27-Oct-2016 08:36:04.059 INFO [ContainerBackgroundProcessor[StandardEngine[Catalina]]] org.apache.catalina.webresources.Cache.backgroundProcess The background cache eviction process was unable to free [10] percent of the cache for Context [/avienMigration] - consider increasing the maximum size of the cache. After eviction approximately [9,760] KB of data remained in the cache.
27-Oct-2016 08:36:14.863 INFO [ContainerBackgroundProcessor[StandardEngine[Catalina]]] org.apache.catalina.webresources.Cache.backgroundProcess The background cache eviction process was unable to free [10] percent of the cache for Context [/avienMigration] - consider increasing the maximum size of the cache. After eviction approximately [9,760] KB of data remained in the cache.
27-Oct-2016 08:36:25.702 INFO [ContainerBackgroundProcessor[StandardEngine[Catalina]]] org.apache.catalina.webresources.Cache.backgroundProcess The background cache eviction process was unable to free [10] percent of the cache for Context [/avienMigration] - consider increasing the maximum size of the cache. After eviction approximately [9,763] KB of data remained in the cache.
27-Oct-2016 08:36:36.517 INFO [ContainerBackgroundProcessor[StandardEngine[Catalina]]] org.apache.catalina.webresources.Cache.backgroundProcess The background cache eviction process was unable to free [10] percent of the cache for Context [/avienMigration] - consider increasing the maximum size of the cache. After eviction approximately [9,760] KB of data remained in the cache.
27-Oct-2016 08:36:47.329 INFO [ContainerBackgroundProcessor[StandardEngine[Catalina]]] org.apache.catalina.webresources.Cache.backgroundProcess The background cache eviction process was unable to free [10] percent of the cache for Context [/avienMigration] - consider increasing the maximum size of the cache. After eviction approximately [9,760] KB of data remained in the cache.
27-Oct-2016 08:36:58.159 INFO [ContainerBackgroundProcessor[StandardEngine[Catalina]]] org.apache.catalina.webresources.Cache.backgroundProcess The background cache eviction process was unable to free [10] percent of the cache for Context [/avienMigration] - consider increasing the maximum size of the cache. After eviction approximately [9,760] KB of data remained in the cache.
27-Oct-2016 08:37:08.988 INFO [ContainerBackgroundProcessor[StandardEngine[Catalina]]] org.apache.catalina.webresources.Cache.backgroundProcess The background cache eviction process was unable to free [10] percent of the cache for Context [/avienMigration] - consider increasing the maximum size of the cache. After eviction approximately [9,760] KB of data remained in the cache.
27-Oct-2016 08:37:19.844 INFO [ContainerBackgroundProcessor[StandardEngine[Catalina]]] org.apache.catalina.webresources.Cache.backgroundProcess The background cache eviction process was unable to free [10] percent of the cache for Context [/avienMigration] - consider increasing the maximum size of the cache. After eviction approximately [9,760] KB of data remained in the cache.
27-Oct-2016 08:37:30.691 INFO [ContainerBackgroundProcessor[StandardEngine[Catalina]]] org.apache.catalina.webresources.Cache.backgroundProcess The background cache eviction process was unable to free [10] percent of the cache for Context [/avienMigration] - consider increasing the maximum size of the cache. After eviction approximately [9,760] KB of data remained in the cache.
27-Oct-2016 08:37:41.509 INFO [ContainerBackgroundProcessor[StandardEngine[Catalina]]] org.apache.catalina.webresources.Cache.backgroundProcess The background cache eviction process was unable to free [10] percent of the cache for Context [/avienMigration] - consider increasing the maximum size of the cache. After eviction approximately [9,760] KB of data remained in the cache.
27-Oct-2016 08:37:52.323 INFO [ContainerBackgroundProcessor[StandardEngine[Catalina]]] org.apache.catalina.webresources.Cache.backgroundProcess The background cache eviction process was unable to free [10] percent of the cache for Context [/avienMigration] - consider increasing the maximum size of the cache. After eviction approximately [9,760] KB of data remained in the cache.
27-Oct-2016 08:38:03.121 INFO [ContainerBackgroundProcessor[StandardEngine[Catalina]]] org.apache.catalina.webresources.Cache.backgroundProcess The background cache eviction process was unable to free [10] percent of the cache for Context [/avienMigration] - consider increasing the maximum size of the cache. After eviction approximately [9,760] KB of data remained in the cache.
27-Oct-2016 08:38:13.921 INFO [ContainerBackgroundProcessor[StandardEngine[Catalina]]] org.apache.catalina.webresources.Cache.backgroundProcess The background cache eviction process was unable to free [10] percent of the cache for Context [/avienMigration] - consider increasing the maximum size of the cache. After eviction approximately [9,760] KB of data remained in the cache.
27-Oct-2016 08:38:24.765 INFO [ContainerBackgroundProcessor[StandardEngine[Catalina]]] org.apache.catalina.webresources.Cache.backgroundProcess The background cache eviction process was unable to free [10] percent of the cache for Context [/avienMigration] - consider increasing the maximum size of the cache. After eviction approximately [9,760] KB of data remained in the cache.
27-Oct-2016 08:38:35.564 INFO [ContainerBackgroundProcessor[StandardEngine[Catalina]]] org.apache.catalina.webresources.Cache.backgroundProcess The background cache eviction process was unable to free [10] percent of the cache for Context [/avienMigration] - consider increasing the maximum size of the cache. After eviction approximately [9,760] KB of data remained in the cache.
27-Oct-2016 08:38:46.394 INFO [ContainerBackgroundProcessor[StandardEngine[Catalina]]] org.apache.catalina.webresources.Cache.backgroundProcess The background cache eviction process was unable to free [10] percent of the cache for Context [/avienMigration] - consider increasing the maximum size of the cache. After eviction approximately [9,760] KB of data remained in the cache.
27-Oct-2016 08:38:57.195 INFO [ContainerBackgroundProcessor[StandardEngine[Catalina]]] org.apache.catalina.webresources.Cache.backgroundProcess The background cache eviction process was unable to free [10] percent of the cache for Context [/avienMigration] - consider increasing the maximum size of the cache. After eviction approximately [9,760] KB of data remained in the cache.
27-Oct-2016 08:39:08.003 INFO [ContainerBackgroundProcessor[StandardEngine[Catalina]]] org.apache.catalina.webresources.Cache.backgroundProcess The background cache eviction process was unable to free [10] percent of the cache for Context [/avienMigration] - consider increasing the maximum size of the cache. After eviction approximately [9,760] KB of data remained in the cache.
27-Oct-2016 08:39:18.801 INFO [ContainerBackgroundProcessor[StandardEngine[Catalina]]] org.apache.catalina.webresources.Cache.backgroundProcess The background cache eviction process was unable to free [10] percent of the cache for Context [/avienMigration] - consider increasing the maximum size of the cache. After eviction approximately [9,760] KB of data remained in the cache.
27-Oct-2016 08:39:29.620 INFO [ContainerBackgroundProcessor[StandardEngine[Catalina]]] org.apache.catalina.webresources.Cache.backgroundProcess The background cache eviction process was unable to free [10] percent of the cache for Context [/avienMigration] - consider increasing the maximum size of the cache. After eviction approximately [9,760] KB of data remained in the cache.
27-Oct-2016 08:39:40.407 INFO [ContainerBackgroundProcessor[StandardEngine[Catalina]]] org.apache.catalina.webresources.Cache.backgroundProcess The background cache eviction process was unable to free [10] percent of the cache for Context [/avienMigration] - consider increasing the maximum size of the cache. After eviction approximately [9,760] KB of data remained in the cache.
27-Oct-2016 08:39:51.234 INFO [ContainerBackgroundProcessor[StandardEngine[Catalina]]] org.apache.catalina.webresources.Cache.backgroundProcess The background cache eviction process was unable to free [10] percent of the cache for Context [/avienMigration] - consider increasing the maximum size of the cache. After eviction approximately [9,760] KB of data remained in the cache.
27-Oct-2016 08:40:02.065 INFO [ContainerBackgroundProcessor[StandardEngine[Catalina]]] org.apache.catalina.webresources.Cache.backgroundProcess The background cache eviction process was unable to free [10] percent of the cache for Context [/avienMigration] - consider increasing the maximum size of the cache. After eviction approximately [9,760] KB of data remained in the cache.
27-Oct-2016 08:40:12.880 INFO [ContainerBackgroundProcessor[StandardEngine[Catalina]]] org.apache.catalina.webresources.Cache.backgroundProcess The background cache eviction process was unable to free [10] percent of the cache for Context [/avienMigration] - consider increasing the maximum size of the cache. After eviction approximately [9,760] KB of data remained in the cache.
27-Oct-2016 08:40:23.680 INFO [ContainerBackgroundProcessor[StandardEngine[Catalina]]] org.apache.catalina.webresources.Cache.backgroundProcess The background cache eviction process was unable to free [10] percent of the cache for Context [/avienMigration] - consider increasing the maximum size of the cache. After eviction approximately [9,760] KB of data remained in the cache.
27-Oct-2016 08:40:34.522 INFO [ContainerBackgroundProcessor[StandardEngine[Catalina]]] org.apache.catalina.webresources.Cache.backgroundProcess The background cache eviction process was unable to free [10] percent of the cache for Context [/avienMigration] - consider increasing the maximum size of the cache. After eviction approximately [9,760] KB of data remained in the cache.
27-Oct-2016 08:40:45.305 INFO [ContainerBackgroundProcessor[StandardEngine[Catalina]]] org.apache.catalina.webresources.Cache.backgroundProcess The background cache eviction process was unable to free [10] percent of the cache for Context [/avienMigration] - consider increasing the maximum size of the cache. After eviction approximately [9,760] KB of data remained in the cache.
27-Oct-2016 08:40:56.156 INFO [ContainerBackgroundProcessor[StandardEngine[Catalina]]] org.apache.catalina.webresources.Cache.backgroundProcess The background cache eviction process was unable to free [10] percent of the cache for Context [/avienMigration] - consider increasing the maximum size of the cache. After eviction approximately [9,760] KB of data remained in the cache.
27-Oct-2016 08:41:06.969 INFO [ContainerBackgroundProcessor[StandardEngine[Catalina]]] org.apache.catalina.webresources.Cache.backgroundProcess The background cache eviction process was unable to free [10] percent of the cache for Context [/avienMigration] - consider increasing the maximum size of the cache. After eviction approximately [9,760] KB of data remained in the cache.
27-Oct-2016 08:41:17.776 INFO [ContainerBackgroundProcessor[StandardEngine[Catalina]]] org.apache.catalina.webresources.Cache.backgroundProcess The background cache eviction process was unable to free [10] percent of the cache for Context [/avienMigration] - consider increasing the maximum size of the cache. After eviction approximately [9,760] KB of data remained in the cache.
27-Oct-2016 08:41:28.559 INFO [ContainerBackgroundProcessor[StandardEngine[Catalina]]] org.apache.catalina.webresources.Cache.backgroundProcess The background cache eviction process was unable to free [10] percent of the cache for Context [/avienMigration] - consider increasing the maximum size of the cache. After eviction approximately [9,760] KB of data remained in the cache.
27-Oct-2016 08:41:39.381 INFO [ContainerBackgroundProcessor[StandardEngine[Catalina]]] org.apache.catalina.webresources.Cache.backgroundProcess The background cache eviction process was unable to free [10] percent of the cache for Context [/avienMigration] - consider increasing the maximum size of the cache. After eviction approximately [9,760] KB of data remained in the cache.
27-Oct-2016 08:41:45.735 INFO [main] org.apache.catalina.core.StandardServer.await A valid shutdown command was received via the shutdown port. Stopping the Server instance.
27-Oct-2016 08:41:45.736 INFO [main] org.apache.coyote.AbstractProtocol.pause Pausing ProtocolHandler ["http-nio-172.20.151.127-8080"]
27-Oct-2016 08:41:45.789 INFO [main] org.apache.coyote.AbstractProtocol.pause Pausing ProtocolHandler ["ajp-nio-8009"]
27-Oct-2016 08:41:45.842 INFO [main] org.apache.catalina.core.StandardService.stopInternal Stopping service Catalina
27-Oct-2016 08:41:45.929 WARNING [localhost-startStop-2] org.apache.catalina.loader.WebappClassLoaderBase.clearReferencesJdbc The web application [majorclassifier] registered the JDBC driver [com.microsoft.sqlserver.jdbc.SQLServerDriver] but failed to unregister it when the web application was stopped. To prevent a memory leak, the JDBC Driver has been forcibly unregistered.
27-Oct-2016 08:41:45.930 SEVERE [localhost-startStop-2] org.apache.catalina.loader.WebappClassLoaderBase.checkThreadLocalMapForLeaks The web application [majorclassifier] created a ThreadLocal with key of type [com.microsoft.sqlserver.jdbc.ActivityCorrelator$1] (value [com.microsoft.sqlserver.jdbc.ActivityCorrelator$1@36786de]) and a value of type [com.microsoft.sqlserver.jdbc.ActivityId] (value [f039be30-2fec-4c12-b787-300140750630-1]) but failed to remove it when the web application was stopped. Threads are going to be renewed over time to try and avoid a probable memory leak.
27-Oct-2016 08:41:45.932 SEVERE [localhost-startStop-2] org.apache.catalina.loader.WebappClassLoaderBase.checkThreadLocalMapForLeaks The web application [majorclassifier] created a ThreadLocal with key of type [com.microsoft.sqlserver.jdbc.ActivityCorrelator$1] (value [com.microsoft.sqlserver.jdbc.ActivityCorrelator$1@36786de]) and a value of type [com.microsoft.sqlserver.jdbc.ActivityId] (value [379e8de6-5339-43d1-8653-1af452a7855d-1]) but failed to remove it when the web application was stopped. Threads are going to be renewed over time to try and avoid a probable memory leak.
27-Oct-2016 08:41:45.932 SEVERE [localhost-startStop-2] org.apache.catalina.loader.WebappClassLoaderBase.checkThreadLocalMapForLeaks The web application [majorclassifier] created a ThreadLocal with key of type [com.microsoft.sqlserver.jdbc.ActivityCorrelator$1] (value [com.microsoft.sqlserver.jdbc.ActivityCorrelator$1@36786de]) and a value of type [com.microsoft.sqlserver.jdbc.ActivityId] (value [2f38762c-91aa-4af4-be32-d17bc93f2829-1]) but failed to remove it when the web application was stopped. Threads are going to be renewed over time to try and avoid a probable memory leak.
27-Oct-2016 08:41:45.933 SEVERE [localhost-startStop-2] org.apache.catalina.loader.WebappClassLoaderBase.checkThreadLocalMapForLeaks The web application [majorclassifier] created a ThreadLocal with key of type [com.microsoft.sqlserver.jdbc.ActivityCorrelator$1] (value [com.microsoft.sqlserver.jdbc.ActivityCorrelator$1@36786de]) and a value of type [com.microsoft.sqlserver.jdbc.ActivityId] (value [4554c465-5dd7-4cb1-894c-93bdc0c3d532-1]) but failed to remove it when the web application was stopped. Threads are going to be renewed over time to try and avoid a probable memory leak.
27-Oct-2016 08:41:45.948 INFO [main] org.apache.coyote.AbstractProtocol.stop Stopping ProtocolHandler ["http-nio-172.20.151.127-8080"]
27-Oct-2016 08:41:45.951 INFO [main] org.apache.coyote.AbstractProtocol.stop Stopping ProtocolHandler ["ajp-nio-8009"]
27-Oct-2016 08:41:45.951 INFO [main] org.apache.coyote.AbstractProtocol.destroy Destroying ProtocolHandler ["http-nio-172.20.151.127-8080"]
27-Oct-2016 08:41:45.953 INFO [main] org.apache.coyote.AbstractProtocol.destroy Destroying ProtocolHandler ["ajp-nio-8009"]
