07-Nov-2016 09:58:31.260 WARNING [main] org.apache.catalina.startup.SetAllPropertiesRule.begin [SetAllPropertiesRule]{Server/Service/Connector} Setting property 'resolveHosts' to 'true' did not find a matching property.
07-Nov-2016 09:58:31.300 INFO [main] org.apache.catalina.startup.VersionLoggerListener.log Server version:        Apache Tomcat/8.5.5
07-Nov-2016 09:58:31.301 INFO [main] org.apache.catalina.startup.VersionLoggerListener.log Server built:          Aug 31 2016 19:51:16 UTC
07-Nov-2016 09:58:31.301 INFO [main] org.apache.catalina.startup.VersionLoggerListener.log Server number:         8.5.5.0
07-Nov-2016 09:58:31.301 INFO [main] org.apache.catalina.startup.VersionLoggerListener.log OS Name:               Windows 10
07-Nov-2016 09:58:31.301 INFO [main] org.apache.catalina.startup.VersionLoggerListener.log OS Version:            10.0
07-Nov-2016 09:58:31.301 INFO [main] org.apache.catalina.startup.VersionLoggerListener.log Architecture:          amd64
07-Nov-2016 09:58:31.301 INFO [main] org.apache.catalina.startup.VersionLoggerListener.log Java Home:             C:\Program Files\Java\jdk1.8.0_101\jre
07-Nov-2016 09:58:31.302 INFO [main] org.apache.catalina.startup.VersionLoggerListener.log JVM Version:           1.8.0_101-b13
07-Nov-2016 09:58:31.302 INFO [main] org.apache.catalina.startup.VersionLoggerListener.log JVM Vendor:            Oracle Corporation
07-Nov-2016 09:58:31.303 INFO [main] org.apache.catalina.startup.VersionLoggerListener.log CATALINA_BASE:         C:\Users\cjedwards1\Desktop\avien migration\tomcat
07-Nov-2016 09:58:31.303 INFO [main] org.apache.catalina.startup.VersionLoggerListener.log CATALINA_HOME:         C:\Users\cjedwards1\Desktop\avien migration\tomcat
07-Nov-2016 09:58:31.303 INFO [main] org.apache.catalina.startup.VersionLoggerListener.log Command line argument: -Djdk.tls.ephemeralDHKeySize=2048
07-Nov-2016 09:58:31.303 INFO [main] org.apache.catalina.startup.VersionLoggerListener.log Command line argument: -Djava.util.logging.config.file=C:\Users\cjedwards1\Desktop\avien migration\tomcat\conf\logging.properties
07-Nov-2016 09:58:31.303 INFO [main] org.apache.catalina.startup.VersionLoggerListener.log Command line argument: -Djava.util.logging.manager=org.apache.juli.ClassLoaderLogManager
07-Nov-2016 09:58:31.303 INFO [main] org.apache.catalina.startup.VersionLoggerListener.log Command line argument: -Dcatalina.base=C:\Users\cjedwards1\Desktop\avien migration\tomcat
07-Nov-2016 09:58:31.303 INFO [main] org.apache.catalina.startup.VersionLoggerListener.log Command line argument: -Dcatalina.home=C:\Users\cjedwards1\Desktop\avien migration\tomcat
07-Nov-2016 09:58:31.304 INFO [main] org.apache.catalina.startup.VersionLoggerListener.log Command line argument: -Djava.io.tmpdir=C:\Users\cjedwards1\Desktop\avien migration\tomcat\temp
07-Nov-2016 09:58:31.304 INFO [main] org.apache.catalina.core.AprLifecycleListener.lifecycleEvent The APR based Apache Tomcat Native library which allows optimal performance in production environments was not found on the java.library.path: C:\Program Files\Java\jdk1.8.0_101\bin;C:\WINDOWS\Sun\Java\bin;C:\WINDOWS\system32;C:\WINDOWS;C:\ProgramData\Oracle\Java\javapath;C:\WINDOWS\system32;C:\WINDOWS;C:\WINDOWS\System32\Wbem;C:\WINDOWS\System32\WindowsPowerShell\v1.0\;C:\Program Files (x86)\Microsoft SQL Server\110\Tools\Binn\ManagementStudio\;C:\Program Files (x86)\Microsoft SQL Server\110\Tools\Binn\;C:\Program Files\Microsoft SQL Server\110\Tools\Binn\;C:\Program Files (x86)\Microsoft SQL Server\110\DTS\Binn\;C:\Program Files (x86)\Microsoft SQL Server\Client SDK\ODBC\130\Tools\Binn\;C:\Program Files (x86)\Microsoft SQL Server\130\Tools\Binn\;C:\Program Files (x86)\Microsoft SQL Server\130\DTS\Binn\;C:\Program Files (x86)\Microsoft SQL Server\130\Tools\Binn\ManagementStudio\;C:\Users\cjedwards1\AppData\Local\Microsoft\WindowsApps;C:\Program Files\Java\jdk1.8.0_101\bin;C:\Users\cjedwards1\Desktop\apache-maven-3.3.9\bin;.
07-Nov-2016 09:58:31.453 INFO [main] org.apache.coyote.AbstractProtocol.init Initializing ProtocolHandler ["http-nio-172.20.151.127-8080"]
07-Nov-2016 09:58:31.575 INFO [main] org.apache.tomcat.util.net.NioSelectorPool.getSharedSelector Using a shared selector for servlet write/read
07-Nov-2016 09:58:31.577 INFO [main] org.apache.coyote.AbstractProtocol.init Initializing ProtocolHandler ["ajp-nio-8009"]
07-Nov-2016 09:58:31.580 INFO [main] org.apache.tomcat.util.net.NioSelectorPool.getSharedSelector Using a shared selector for servlet write/read
07-Nov-2016 09:58:31.580 INFO [main] org.apache.catalina.startup.Catalina.load Initialization processed in 665 ms
07-Nov-2016 09:58:31.608 INFO [main] org.apache.catalina.core.StandardService.startInternal Starting service Catalina
07-Nov-2016 09:58:31.608 INFO [main] org.apache.catalina.core.StandardEngine.startInternal Starting Servlet Engine: Apache Tomcat/8.5.5
07-Nov-2016 09:58:31.617 INFO [localhost-startStop-1] org.apache.catalina.startup.HostConfig.deployDirectory Deploying web application directory C:\Users\cjedwards1\Desktop\avien migration\tomcat\webapps\avienMigration
07-Nov-2016 09:58:35.812 INFO [localhost-startStop-1] org.apache.jasper.servlet.TldScanner.scanJars At least one JAR was scanned for TLDs yet contained no TLDs. Enable debug logging for this logger for a complete list of JARs that were scanned but no TLDs were found in them. Skipping unneeded JARs during scanning can improve startup time and JSP compilation time.
07-Nov-2016 09:58:35.862 INFO [localhost-startStop-1] org.apache.catalina.startup.HostConfig.deployDirectory Deployment of web application directory C:\Users\cjedwards1\Desktop\avien migration\tomcat\webapps\avienMigration has finished in 4,244 ms
07-Nov-2016 09:58:35.862 INFO [localhost-startStop-1] org.apache.catalina.startup.HostConfig.deployDirectory Deploying web application directory C:\Users\cjedwards1\Desktop\avien migration\tomcat\webapps\docs
07-Nov-2016 09:58:36.025 INFO [localhost-startStop-1] org.apache.jasper.servlet.TldScanner.scanJars At least one JAR was scanned for TLDs yet contained no TLDs. Enable debug logging for this logger for a complete list of JARs that were scanned but no TLDs were found in them. Skipping unneeded JARs during scanning can improve startup time and JSP compilation time.
07-Nov-2016 09:58:36.028 INFO [localhost-startStop-1] org.apache.catalina.startup.HostConfig.deployDirectory Deployment of web application directory C:\Users\cjedwards1\Desktop\avien migration\tomcat\webapps\docs has finished in 165 ms
07-Nov-2016 09:58:36.028 INFO [localhost-startStop-1] org.apache.catalina.startup.HostConfig.deployDirectory Deploying web application directory C:\Users\cjedwards1\Desktop\avien migration\tomcat\webapps\examples
07-Nov-2016 09:58:36.801 INFO [localhost-startStop-1] org.apache.jasper.servlet.TldScanner.scanJars At least one JAR was scanned for TLDs yet contained no TLDs. Enable debug logging for this logger for a complete list of JARs that were scanned but no TLDs were found in them. Skipping unneeded JARs during scanning can improve startup time and JSP compilation time.
07-Nov-2016 09:58:36.836 INFO [localhost-startStop-1] org.apache.catalina.startup.HostConfig.deployDirectory Deployment of web application directory C:\Users\cjedwards1\Desktop\avien migration\tomcat\webapps\examples has finished in 808 ms
07-Nov-2016 09:58:36.836 INFO [localhost-startStop-1] org.apache.catalina.startup.HostConfig.deployDirectory Deploying web application directory C:\Users\cjedwards1\Desktop\avien migration\tomcat\webapps\host-manager
07-Nov-2016 09:58:36.999 INFO [localhost-startStop-1] org.apache.jasper.servlet.TldScanner.scanJars At least one JAR was scanned for TLDs yet contained no TLDs. Enable debug logging for this logger for a complete list of JARs that were scanned but no TLDs were found in them. Skipping unneeded JARs during scanning can improve startup time and JSP compilation time.
07-Nov-2016 09:58:37.015 INFO [localhost-startStop-1] org.apache.catalina.startup.HostConfig.deployDirectory Deployment of web application directory C:\Users\cjedwards1\Desktop\avien migration\tomcat\webapps\host-manager has finished in 179 ms
07-Nov-2016 09:58:37.015 INFO [localhost-startStop-1] org.apache.catalina.startup.HostConfig.deployDirectory Deploying web application directory C:\Users\cjedwards1\Desktop\avien migration\tomcat\webapps\manager
07-Nov-2016 09:58:37.182 INFO [localhost-startStop-1] org.apache.jasper.servlet.TldScanner.scanJars At least one JAR was scanned for TLDs yet contained no TLDs. Enable debug logging for this logger for a complete list of JARs that were scanned but no TLDs were found in them. Skipping unneeded JARs during scanning can improve startup time and JSP compilation time.
07-Nov-2016 09:58:37.184 INFO [localhost-startStop-1] org.apache.catalina.startup.HostConfig.deployDirectory Deployment of web application directory C:\Users\cjedwards1\Desktop\avien migration\tomcat\webapps\manager has finished in 169 ms
07-Nov-2016 09:58:37.185 INFO [localhost-startStop-1] org.apache.catalina.startup.HostConfig.deployDirectory Deploying web application directory C:\Users\cjedwards1\Desktop\avien migration\tomcat\webapps\ROOT
07-Nov-2016 09:58:37.475 INFO [localhost-startStop-1] org.apache.jasper.servlet.TldScanner.scanJars At least one JAR was scanned for TLDs yet contained no TLDs. Enable debug logging for this logger for a complete list of JARs that were scanned but no TLDs were found in them. Skipping unneeded JARs during scanning can improve startup time and JSP compilation time.
07-Nov-2016 09:58:37.477 INFO [localhost-startStop-1] org.apache.catalina.startup.HostConfig.deployDirectory Deployment of web application directory C:\Users\cjedwards1\Desktop\avien migration\tomcat\webapps\ROOT has finished in 292 ms
07-Nov-2016 09:58:37.481 INFO [main] org.apache.coyote.AbstractProtocol.start Starting ProtocolHandler [http-nio-172.20.151.127-8080]
07-Nov-2016 09:58:37.481 INFO [main] org.apache.coyote.AbstractProtocol.start Starting ProtocolHandler [ajp-nio-8009]
07-Nov-2016 09:58:37.481 INFO [main] org.apache.catalina.startup.Catalina.start Server startup in 5908 ms
07-Nov-2016 10:01:28.747 INFO [ContainerBackgroundProcessor[StandardEngine[Catalina]]] org.apache.catalina.loader.WebappClassLoaderBase.modified One or more JARs have been added to the web application [/avienMigration]
07-Nov-2016 10:01:28.747 INFO [ContainerBackgroundProcessor[StandardEngine[Catalina]]] org.apache.catalina.core.StandardContext.reload Reloading Context with name [/avienMigration] has started
07-Nov-2016 10:01:31.231 INFO [ContainerBackgroundProcessor[StandardEngine[Catalina]]] org.apache.catalina.core.StandardContext.reload Reloading Context with name [/avienMigration] is completed
07-Nov-2016 10:02:35.227 INFO [ContainerBackgroundProcessor[StandardEngine[Catalina]]] org.apache.catalina.core.StandardContext.reload Reloading Context with name [/avienMigration] has started
07-Nov-2016 10:02:37.243 INFO [ContainerBackgroundProcessor[StandardEngine[Catalina]]] org.apache.catalina.core.StandardContext.reload Reloading Context with name [/avienMigration] is completed
07-Nov-2016 10:04:35.930 INFO [ContainerBackgroundProcessor[StandardEngine[Catalina]]] org.apache.catalina.core.StandardContext.reload Reloading Context with name [/avienMigration] has started
07-Nov-2016 10:04:38.087 INFO [ContainerBackgroundProcessor[StandardEngine[Catalina]]] org.apache.catalina.core.StandardContext.reload Reloading Context with name [/avienMigration] is completed
07-Nov-2016 10:07:31.017 INFO [ContainerBackgroundProcessor[StandardEngine[Catalina]]] org.apache.catalina.core.StandardContext.reload Reloading Context with name [/avienMigration] has started
07-Nov-2016 10:07:33.211 INFO [ContainerBackgroundProcessor[StandardEngine[Catalina]]] org.apache.catalina.core.StandardContext.reload Reloading Context with name [/avienMigration] is completed
07-Nov-2016 10:11:32.629 INFO [ContainerBackgroundProcessor[StandardEngine[Catalina]]] org.apache.catalina.core.StandardContext.reload Reloading Context with name [/avienMigration] has started
07-Nov-2016 10:11:34.630 INFO [ContainerBackgroundProcessor[StandardEngine[Catalina]]] org.apache.catalina.core.StandardContext.reload Reloading Context with name [/avienMigration] is completed
07-Nov-2016 10:13:00.355 INFO [ContainerBackgroundProcessor[StandardEngine[Catalina]]] org.apache.catalina.core.StandardContext.reload Reloading Context with name [/avienMigration] has started
07-Nov-2016 10:13:02.555 INFO [ContainerBackgroundProcessor[StandardEngine[Catalina]]] org.apache.catalina.core.StandardContext.reload Reloading Context with name [/avienMigration] is completed
07-Nov-2016 10:16:28.290 INFO [ContainerBackgroundProcessor[StandardEngine[Catalina]]] org.apache.catalina.core.StandardContext.reload Reloading Context with name [/avienMigration] has started
07-Nov-2016 10:16:30.321 INFO [ContainerBackgroundProcessor[StandardEngine[Catalina]]] org.apache.catalina.core.StandardContext.reload Reloading Context with name [/avienMigration] is completed
07-Nov-2016 10:23:12.599 SEVERE [main] org.apache.catalina.startup.Catalina.stopServer Could not contact localhost:8005. Tomcat may not be running.
07-Nov-2016 10:23:12.599 SEVERE [main] org.apache.catalina.startup.Catalina.stopServer Catalina.stop: 
 java.net.ConnectException: Connection refused: connect
	at java.net.DualStackPlainSocketImpl.connect0(Native Method)
	at java.net.DualStackPlainSocketImpl.socketConnect(DualStackPlainSocketImpl.java:79)
	at java.net.AbstractPlainSocketImpl.doConnect(AbstractPlainSocketImpl.java:350)
	at java.net.AbstractPlainSocketImpl.connectToAddress(AbstractPlainSocketImpl.java:206)
	at java.net.AbstractPlainSocketImpl.connect(AbstractPlainSocketImpl.java:188)
	at java.net.PlainSocketImpl.connect(PlainSocketImpl.java:172)
	at java.net.SocksSocketImpl.connect(SocksSocketImpl.java:392)
	at java.net.Socket.connect(Socket.java:589)
	at java.net.Socket.connect(Socket.java:538)
	at java.net.Socket.<init>(Socket.java:434)
	at java.net.Socket.<init>(Socket.java:211)
	at org.apache.catalina.startup.Catalina.stopServer(Catalina.java:476)
	at sun.reflect.NativeMethodAccessorImpl.invoke0(Native Method)
	at sun.reflect.NativeMethodAccessorImpl.invoke(NativeMethodAccessorImpl.java:62)
	at sun.reflect.DelegatingMethodAccessorImpl.invoke(DelegatingMethodAccessorImpl.java:43)
	at java.lang.reflect.Method.invoke(Method.java:498)
	at org.apache.catalina.startup.Bootstrap.stopServer(Bootstrap.java:408)
	at org.apache.catalina.startup.Bootstrap.main(Bootstrap.java:497)

07-Nov-2016 10:40:03.828 WARNING [main] org.apache.catalina.startup.SetAllPropertiesRule.begin [SetAllPropertiesRule]{Server/Service/Connector} Setting property 'resolveHosts' to 'true' did not find a matching property.
07-Nov-2016 10:40:03.864 INFO [main] org.apache.catalina.startup.VersionLoggerListener.log Server version:        Apache Tomcat/8.5.5
07-Nov-2016 10:40:03.864 INFO [main] org.apache.catalina.startup.VersionLoggerListener.log Server built:          Aug 31 2016 19:51:16 UTC
07-Nov-2016 10:40:03.865 INFO [main] org.apache.catalina.startup.VersionLoggerListener.log Server number:         8.5.5.0
07-Nov-2016 10:40:03.865 INFO [main] org.apache.catalina.startup.VersionLoggerListener.log OS Name:               Windows 10
07-Nov-2016 10:40:03.865 INFO [main] org.apache.catalina.startup.VersionLoggerListener.log OS Version:            10.0
07-Nov-2016 10:40:03.865 INFO [main] org.apache.catalina.startup.VersionLoggerListener.log Architecture:          amd64
07-Nov-2016 10:40:03.865 INFO [main] org.apache.catalina.startup.VersionLoggerListener.log Java Home:             C:\Program Files\Java\jdk1.8.0_101\jre
07-Nov-2016 10:40:03.865 INFO [main] org.apache.catalina.startup.VersionLoggerListener.log JVM Version:           1.8.0_101-b13
07-Nov-2016 10:40:03.866 INFO [main] org.apache.catalina.startup.VersionLoggerListener.log JVM Vendor:            Oracle Corporation
07-Nov-2016 10:40:03.866 INFO [main] org.apache.catalina.startup.VersionLoggerListener.log CATALINA_BASE:         C:\Users\cjedwards1\Desktop\avien migration\tomcat
07-Nov-2016 10:40:03.866 INFO [main] org.apache.catalina.startup.VersionLoggerListener.log CATALINA_HOME:         C:\Users\cjedwards1\Desktop\avien migration\tomcat
07-Nov-2016 10:40:03.866 INFO [main] org.apache.catalina.startup.VersionLoggerListener.log Command line argument: -Djdk.tls.ephemeralDHKeySize=2048
07-Nov-2016 10:40:03.866 INFO [main] org.apache.catalina.startup.VersionLoggerListener.log Command line argument: -Djava.util.logging.config.file=C:\Users\cjedwards1\Desktop\avien migration\tomcat\conf\logging.properties
07-Nov-2016 10:40:03.867 INFO [main] org.apache.catalina.startup.VersionLoggerListener.log Command line argument: -Djava.util.logging.manager=org.apache.juli.ClassLoaderLogManager
07-Nov-2016 10:40:03.867 INFO [main] org.apache.catalina.startup.VersionLoggerListener.log Command line argument: -Dcatalina.base=C:\Users\cjedwards1\Desktop\avien migration\tomcat
07-Nov-2016 10:40:03.867 INFO [main] org.apache.catalina.startup.VersionLoggerListener.log Command line argument: -Dcatalina.home=C:\Users\cjedwards1\Desktop\avien migration\tomcat
07-Nov-2016 10:40:03.867 INFO [main] org.apache.catalina.startup.VersionLoggerListener.log Command line argument: -Djava.io.tmpdir=C:\Users\cjedwards1\Desktop\avien migration\tomcat\temp
07-Nov-2016 10:40:03.868 INFO [main] org.apache.catalina.core.AprLifecycleListener.lifecycleEvent The APR based Apache Tomcat Native library which allows optimal performance in production environments was not found on the java.library.path: C:\Program Files\Java\jdk1.8.0_101\bin;C:\WINDOWS\Sun\Java\bin;C:\WINDOWS\system32;C:\WINDOWS;C:\ProgramData\Oracle\Java\javapath;C:\WINDOWS\system32;C:\WINDOWS;C:\WINDOWS\System32\Wbem;C:\WINDOWS\System32\WindowsPowerShell\v1.0\;C:\Program Files (x86)\Microsoft SQL Server\110\Tools\Binn\ManagementStudio\;C:\Program Files (x86)\Microsoft SQL Server\110\Tools\Binn\;C:\Program Files\Microsoft SQL Server\110\Tools\Binn\;C:\Program Files (x86)\Microsoft SQL Server\110\DTS\Binn\;C:\Program Files (x86)\Microsoft SQL Server\Client SDK\ODBC\130\Tools\Binn\;C:\Program Files (x86)\Microsoft SQL Server\130\Tools\Binn\;C:\Program Files (x86)\Microsoft SQL Server\130\DTS\Binn\;C:\Program Files (x86)\Microsoft SQL Server\130\Tools\Binn\ManagementStudio\;C:\Users\cjedwards1\AppData\Local\Microsoft\WindowsApps;C:\Program Files\Java\jdk1.8.0_101\bin;C:\Users\cjedwards1\Desktop\apache-maven-3.3.9\bin;.
07-Nov-2016 10:40:03.965 INFO [main] org.apache.coyote.AbstractProtocol.init Initializing ProtocolHandler ["http-nio-172.20.151.127-8080"]
07-Nov-2016 10:40:04.061 INFO [main] org.apache.tomcat.util.net.NioSelectorPool.getSharedSelector Using a shared selector for servlet write/read
07-Nov-2016 10:40:04.063 INFO [main] org.apache.coyote.AbstractProtocol.init Initializing ProtocolHandler ["ajp-nio-8009"]
07-Nov-2016 10:40:04.065 INFO [main] org.apache.tomcat.util.net.NioSelectorPool.getSharedSelector Using a shared selector for servlet write/read
07-Nov-2016 10:40:04.065 INFO [main] org.apache.catalina.startup.Catalina.load Initialization processed in 485 ms
07-Nov-2016 10:40:04.083 INFO [main] org.apache.catalina.core.StandardService.startInternal Starting service Catalina
07-Nov-2016 10:40:04.084 INFO [main] org.apache.catalina.core.StandardEngine.startInternal Starting Servlet Engine: Apache Tomcat/8.5.5
07-Nov-2016 10:40:04.092 INFO [localhost-startStop-1] org.apache.catalina.startup.HostConfig.deployDirectory Deploying web application directory C:\Users\cjedwards1\Desktop\avien migration\tomcat\webapps\avienMigration
07-Nov-2016 10:40:07.511 INFO [localhost-startStop-1] org.apache.jasper.servlet.TldScanner.scanJars At least one JAR was scanned for TLDs yet contained no TLDs. Enable debug logging for this logger for a complete list of JARs that were scanned but no TLDs were found in them. Skipping unneeded JARs during scanning can improve startup time and JSP compilation time.
07-Nov-2016 10:40:07.558 INFO [localhost-startStop-1] org.apache.catalina.startup.HostConfig.deployDirectory Deployment of web application directory C:\Users\cjedwards1\Desktop\avien migration\tomcat\webapps\avienMigration has finished in 3,466 ms
07-Nov-2016 10:40:07.558 INFO [localhost-startStop-1] org.apache.catalina.startup.HostConfig.deployDirectory Deploying web application directory C:\Users\cjedwards1\Desktop\avien migration\tomcat\webapps\docs
07-Nov-2016 10:40:07.763 INFO [localhost-startStop-1] org.apache.jasper.servlet.TldScanner.scanJars At least one JAR was scanned for TLDs yet contained no TLDs. Enable debug logging for this logger for a complete list of JARs that were scanned but no TLDs were found in them. Skipping unneeded JARs during scanning can improve startup time and JSP compilation time.
07-Nov-2016 10:40:07.765 INFO [localhost-startStop-1] org.apache.catalina.startup.HostConfig.deployDirectory Deployment of web application directory C:\Users\cjedwards1\Desktop\avien migration\tomcat\webapps\docs has finished in 207 ms
07-Nov-2016 10:40:07.765 INFO [localhost-startStop-1] org.apache.catalina.startup.HostConfig.deployDirectory Deploying web application directory C:\Users\cjedwards1\Desktop\avien migration\tomcat\webapps\examples
07-Nov-2016 10:40:08.133 INFO [localhost-startStop-1] org.apache.jasper.servlet.TldScanner.scanJars At least one JAR was scanned for TLDs yet contained no TLDs. Enable debug logging for this logger for a complete list of JARs that were scanned but no TLDs were found in them. Skipping unneeded JARs during scanning can improve startup time and JSP compilation time.
07-Nov-2016 10:40:08.174 INFO [localhost-startStop-1] org.apache.catalina.startup.HostConfig.deployDirectory Deployment of web application directory C:\Users\cjedwards1\Desktop\avien migration\tomcat\webapps\examples has finished in 409 ms
07-Nov-2016 10:40:08.174 INFO [localhost-startStop-1] org.apache.catalina.startup.HostConfig.deployDirectory Deploying web application directory C:\Users\cjedwards1\Desktop\avien migration\tomcat\webapps\host-manager
07-Nov-2016 10:40:08.366 INFO [localhost-startStop-1] org.apache.jasper.servlet.TldScanner.scanJars At least one JAR was scanned for TLDs yet contained no TLDs. Enable debug logging for this logger for a complete list of JARs that were scanned but no TLDs were found in them. Skipping unneeded JARs during scanning can improve startup time and JSP compilation time.
07-Nov-2016 10:40:08.370 INFO [localhost-startStop-1] org.apache.catalina.startup.HostConfig.deployDirectory Deployment of web application directory C:\Users\cjedwards1\Desktop\avien migration\tomcat\webapps\host-manager has finished in 196 ms
07-Nov-2016 10:40:08.370 INFO [localhost-startStop-1] org.apache.catalina.startup.HostConfig.deployDirectory Deploying web application directory C:\Users\cjedwards1\Desktop\avien migration\tomcat\webapps\manager
07-Nov-2016 10:40:08.538 INFO [localhost-startStop-1] org.apache.jasper.servlet.TldScanner.scanJars At least one JAR was scanned for TLDs yet contained no TLDs. Enable debug logging for this logger for a complete list of JARs that were scanned but no TLDs were found in them. Skipping unneeded JARs during scanning can improve startup time and JSP compilation time.
07-Nov-2016 10:40:08.540 INFO [localhost-startStop-1] org.apache.catalina.startup.HostConfig.deployDirectory Deployment of web application directory C:\Users\cjedwards1\Desktop\avien migration\tomcat\webapps\manager has finished in 170 ms
07-Nov-2016 10:40:08.540 INFO [localhost-startStop-1] org.apache.catalina.startup.HostConfig.deployDirectory Deploying web application directory C:\Users\cjedwards1\Desktop\avien migration\tomcat\webapps\ROOT
07-Nov-2016 10:40:08.686 INFO [localhost-startStop-1] org.apache.jasper.servlet.TldScanner.scanJars At least one JAR was scanned for TLDs yet contained no TLDs. Enable debug logging for this logger for a complete list of JARs that were scanned but no TLDs were found in them. Skipping unneeded JARs during scanning can improve startup time and JSP compilation time.
07-Nov-2016 10:40:08.688 INFO [localhost-startStop-1] org.apache.catalina.startup.HostConfig.deployDirectory Deployment of web application directory C:\Users\cjedwards1\Desktop\avien migration\tomcat\webapps\ROOT has finished in 148 ms
07-Nov-2016 10:40:08.692 INFO [main] org.apache.coyote.AbstractProtocol.start Starting ProtocolHandler [http-nio-172.20.151.127-8080]
07-Nov-2016 10:40:08.699 INFO [main] org.apache.coyote.AbstractProtocol.start Starting ProtocolHandler [ajp-nio-8009]
07-Nov-2016 10:40:08.701 INFO [main] org.apache.catalina.startup.Catalina.start Server startup in 4634 ms
07-Nov-2016 10:41:45.760 INFO [ContainerBackgroundProcessor[StandardEngine[Catalina]]] org.apache.catalina.core.StandardContext.reload Reloading Context with name [/avienMigration] has started
07-Nov-2016 10:41:48.269 INFO [ContainerBackgroundProcessor[StandardEngine[Catalina]]] org.apache.catalina.core.StandardContext.reload Reloading Context with name [/avienMigration] is completed
07-Nov-2016 10:46:30.375 INFO [ContainerBackgroundProcessor[StandardEngine[Catalina]]] org.apache.catalina.core.StandardContext.reload Reloading Context with name [/avienMigration] has started
07-Nov-2016 10:46:32.669 INFO [ContainerBackgroundProcessor[StandardEngine[Catalina]]] org.apache.catalina.core.StandardContext.reload Reloading Context with name [/avienMigration] is completed
07-Nov-2016 10:47:58.651 INFO [ContainerBackgroundProcessor[StandardEngine[Catalina]]] org.apache.catalina.core.StandardContext.reload Reloading Context with name [/avienMigration] has started
07-Nov-2016 10:48:00.752 INFO [ContainerBackgroundProcessor[StandardEngine[Catalina]]] org.apache.catalina.core.StandardContext.reload Reloading Context with name [/avienMigration] is completed
07-Nov-2016 11:15:59.078 INFO [main] org.apache.catalina.core.StandardServer.await A valid shutdown command was received via the shutdown port. Stopping the Server instance.
07-Nov-2016 11:15:59.078 INFO [main] org.apache.coyote.AbstractProtocol.pause Pausing ProtocolHandler ["http-nio-172.20.151.127-8080"]
07-Nov-2016 11:15:59.141 INFO [main] org.apache.coyote.AbstractProtocol.pause Pausing ProtocolHandler ["ajp-nio-8009"]
07-Nov-2016 11:15:59.203 INFO [main] org.apache.catalina.core.StandardService.stopInternal Stopping service Catalina
07-Nov-2016 11:15:59.235 INFO [main] org.apache.coyote.AbstractProtocol.stop Stopping ProtocolHandler ["http-nio-172.20.151.127-8080"]
07-Nov-2016 11:15:59.235 INFO [main] org.apache.coyote.AbstractProtocol.stop Stopping ProtocolHandler ["ajp-nio-8009"]
07-Nov-2016 11:15:59.235 INFO [main] org.apache.coyote.AbstractProtocol.destroy Destroying ProtocolHandler ["http-nio-172.20.151.127-8080"]
07-Nov-2016 11:15:59.235 INFO [main] org.apache.coyote.AbstractProtocol.destroy Destroying ProtocolHandler ["ajp-nio-8009"]
07-Nov-2016 16:18:02.020 WARNING [main] org.apache.catalina.startup.SetAllPropertiesRule.begin [SetAllPropertiesRule]{Server/Service/Connector} Setting property 'resolveHosts' to 'true' did not find a matching property.
07-Nov-2016 16:18:02.054 INFO [main] org.apache.catalina.startup.VersionLoggerListener.log Server version:        Apache Tomcat/8.5.5
07-Nov-2016 16:18:02.055 INFO [main] org.apache.catalina.startup.VersionLoggerListener.log Server built:          Aug 31 2016 19:51:16 UTC
07-Nov-2016 16:18:02.055 INFO [main] org.apache.catalina.startup.VersionLoggerListener.log Server number:         8.5.5.0
07-Nov-2016 16:18:02.055 INFO [main] org.apache.catalina.startup.VersionLoggerListener.log OS Name:               Windows 10
07-Nov-2016 16:18:02.055 INFO [main] org.apache.catalina.startup.VersionLoggerListener.log OS Version:            10.0
07-Nov-2016 16:18:02.055 INFO [main] org.apache.catalina.startup.VersionLoggerListener.log Architecture:          amd64
07-Nov-2016 16:18:02.056 INFO [main] org.apache.catalina.startup.VersionLoggerListener.log Java Home:             C:\Program Files\Java\jdk1.8.0_101\jre
07-Nov-2016 16:18:02.056 INFO [main] org.apache.catalina.startup.VersionLoggerListener.log JVM Version:           1.8.0_101-b13
07-Nov-2016 16:18:02.056 INFO [main] org.apache.catalina.startup.VersionLoggerListener.log JVM Vendor:            Oracle Corporation
07-Nov-2016 16:18:02.057 INFO [main] org.apache.catalina.startup.VersionLoggerListener.log CATALINA_BASE:         C:\Users\cjedwards1\Desktop\avien migration\tomcat
07-Nov-2016 16:18:02.057 INFO [main] org.apache.catalina.startup.VersionLoggerListener.log CATALINA_HOME:         C:\Users\cjedwards1\Desktop\avien migration\tomcat
07-Nov-2016 16:18:02.057 INFO [main] org.apache.catalina.startup.VersionLoggerListener.log Command line argument: -Djdk.tls.ephemeralDHKeySize=2048
07-Nov-2016 16:18:02.057 INFO [main] org.apache.catalina.startup.VersionLoggerListener.log Command line argument: -Djava.util.logging.config.file=C:\Users\cjedwards1\Desktop\avien migration\tomcat\conf\logging.properties
07-Nov-2016 16:18:02.057 INFO [main] org.apache.catalina.startup.VersionLoggerListener.log Command line argument: -Djava.util.logging.manager=org.apache.juli.ClassLoaderLogManager
07-Nov-2016 16:18:02.058 INFO [main] org.apache.catalina.startup.VersionLoggerListener.log Command line argument: -Dcatalina.base=C:\Users\cjedwards1\Desktop\avien migration\tomcat
07-Nov-2016 16:18:02.058 INFO [main] org.apache.catalina.startup.VersionLoggerListener.log Command line argument: -Dcatalina.home=C:\Users\cjedwards1\Desktop\avien migration\tomcat
07-Nov-2016 16:18:02.058 INFO [main] org.apache.catalina.startup.VersionLoggerListener.log Command line argument: -Djava.io.tmpdir=C:\Users\cjedwards1\Desktop\avien migration\tomcat\temp
07-Nov-2016 16:18:02.059 INFO [main] org.apache.catalina.core.AprLifecycleListener.lifecycleEvent The APR based Apache Tomcat Native library which allows optimal performance in production environments was not found on the java.library.path: C:\Program Files\Java\jdk1.8.0_101\bin;C:\WINDOWS\Sun\Java\bin;C:\WINDOWS\system32;C:\WINDOWS;C:\ProgramData\Oracle\Java\javapath;C:\WINDOWS\system32;C:\WINDOWS;C:\WINDOWS\System32\Wbem;C:\WINDOWS\System32\WindowsPowerShell\v1.0\;C:\Program Files (x86)\Microsoft SQL Server\110\Tools\Binn\ManagementStudio\;C:\Program Files (x86)\Microsoft SQL Server\110\Tools\Binn\;C:\Program Files\Microsoft SQL Server\110\Tools\Binn\;C:\Program Files (x86)\Microsoft SQL Server\110\DTS\Binn\;C:\Program Files (x86)\Microsoft SQL Server\Client SDK\ODBC\130\Tools\Binn\;C:\Program Files (x86)\Microsoft SQL Server\130\Tools\Binn\;C:\Program Files (x86)\Microsoft SQL Server\130\DTS\Binn\;C:\Program Files (x86)\Microsoft SQL Server\130\Tools\Binn\ManagementStudio\;C:\Users\cjedwards1\AppData\Local\Microsoft\WindowsApps;C:\Program Files\Java\jdk1.8.0_101\bin;C:\Users\cjedwards1\Desktop\apache-maven-3.3.9\bin;.
07-Nov-2016 16:18:02.170 INFO [main] org.apache.coyote.AbstractProtocol.init Initializing ProtocolHandler ["http-nio-172.20.151.127-8080"]
07-Nov-2016 16:18:02.273 INFO [main] org.apache.tomcat.util.net.NioSelectorPool.getSharedSelector Using a shared selector for servlet write/read
07-Nov-2016 16:18:02.276 INFO [main] org.apache.coyote.AbstractProtocol.init Initializing ProtocolHandler ["ajp-nio-8009"]
07-Nov-2016 16:18:02.278 INFO [main] org.apache.tomcat.util.net.NioSelectorPool.getSharedSelector Using a shared selector for servlet write/read
07-Nov-2016 16:18:02.279 INFO [main] org.apache.catalina.startup.Catalina.load Initialization processed in 518 ms
07-Nov-2016 16:18:02.302 INFO [main] org.apache.catalina.core.StandardService.startInternal Starting service Catalina
07-Nov-2016 16:18:02.303 INFO [main] org.apache.catalina.core.StandardEngine.startInternal Starting Servlet Engine: Apache Tomcat/8.5.5
07-Nov-2016 16:18:02.311 INFO [localhost-startStop-1] org.apache.catalina.startup.HostConfig.deployDirectory Deploying web application directory C:\Users\cjedwards1\Desktop\avien migration\tomcat\webapps\avienMigration
07-Nov-2016 16:18:06.394 INFO [localhost-startStop-1] org.apache.jasper.servlet.TldScanner.scanJars At least one JAR was scanned for TLDs yet contained no TLDs. Enable debug logging for this logger for a complete list of JARs that were scanned but no TLDs were found in them. Skipping unneeded JARs during scanning can improve startup time and JSP compilation time.
07-Nov-2016 16:18:06.439 INFO [localhost-startStop-1] org.apache.catalina.startup.HostConfig.deployDirectory Deployment of web application directory C:\Users\cjedwards1\Desktop\avien migration\tomcat\webapps\avienMigration has finished in 4,129 ms
07-Nov-2016 16:18:06.440 INFO [localhost-startStop-1] org.apache.catalina.startup.HostConfig.deployDirectory Deploying web application directory C:\Users\cjedwards1\Desktop\avien migration\tomcat\webapps\docs
07-Nov-2016 16:18:06.609 INFO [localhost-startStop-1] org.apache.jasper.servlet.TldScanner.scanJars At least one JAR was scanned for TLDs yet contained no TLDs. Enable debug logging for this logger for a complete list of JARs that were scanned but no TLDs were found in them. Skipping unneeded JARs during scanning can improve startup time and JSP compilation time.
07-Nov-2016 16:18:06.611 INFO [localhost-startStop-1] org.apache.catalina.startup.HostConfig.deployDirectory Deployment of web application directory C:\Users\cjedwards1\Desktop\avien migration\tomcat\webapps\docs has finished in 171 ms
07-Nov-2016 16:18:06.650 INFO [localhost-startStop-1] org.apache.catalina.startup.HostConfig.deployDirectory Deploying web application directory C:\Users\cjedwards1\Desktop\avien migration\tomcat\webapps\examples
07-Nov-2016 16:18:07.334 INFO [localhost-startStop-1] org.apache.jasper.servlet.TldScanner.scanJars At least one JAR was scanned for TLDs yet contained no TLDs. Enable debug logging for this logger for a complete list of JARs that were scanned but no TLDs were found in them. Skipping unneeded JARs during scanning can improve startup time and JSP compilation time.
07-Nov-2016 16:18:07.366 INFO [localhost-startStop-1] org.apache.catalina.startup.HostConfig.deployDirectory Deployment of web application directory C:\Users\cjedwards1\Desktop\avien migration\tomcat\webapps\examples has finished in 755 ms
07-Nov-2016 16:18:07.367 INFO [localhost-startStop-1] org.apache.catalina.startup.HostConfig.deployDirectory Deploying web application directory C:\Users\cjedwards1\Desktop\avien migration\tomcat\webapps\host-manager
07-Nov-2016 16:18:07.509 INFO [localhost-startStop-1] org.apache.jasper.servlet.TldScanner.scanJars At least one JAR was scanned for TLDs yet contained no TLDs. Enable debug logging for this logger for a complete list of JARs that were scanned but no TLDs were found in them. Skipping unneeded JARs during scanning can improve startup time and JSP compilation time.
07-Nov-2016 16:18:07.513 INFO [localhost-startStop-1] org.apache.catalina.startup.HostConfig.deployDirectory Deployment of web application directory C:\Users\cjedwards1\Desktop\avien migration\tomcat\webapps\host-manager has finished in 146 ms
07-Nov-2016 16:18:07.513 INFO [localhost-startStop-1] org.apache.catalina.startup.HostConfig.deployDirectory Deploying web application directory C:\Users\cjedwards1\Desktop\avien migration\tomcat\webapps\manager
07-Nov-2016 16:18:07.650 INFO [localhost-startStop-1] org.apache.jasper.servlet.TldScanner.scanJars At least one JAR was scanned for TLDs yet contained no TLDs. Enable debug logging for this logger for a complete list of JARs that were scanned but no TLDs were found in them. Skipping unneeded JARs during scanning can improve startup time and JSP compilation time.
07-Nov-2016 16:18:07.652 INFO [localhost-startStop-1] org.apache.catalina.startup.HostConfig.deployDirectory Deployment of web application directory C:\Users\cjedwards1\Desktop\avien migration\tomcat\webapps\manager has finished in 139 ms
07-Nov-2016 16:18:07.653 INFO [localhost-startStop-1] org.apache.catalina.startup.HostConfig.deployDirectory Deploying web application directory C:\Users\cjedwards1\Desktop\avien migration\tomcat\webapps\ROOT
07-Nov-2016 16:18:07.787 INFO [localhost-startStop-1] org.apache.jasper.servlet.TldScanner.scanJars At least one JAR was scanned for TLDs yet contained no TLDs. Enable debug logging for this logger for a complete list of JARs that were scanned but no TLDs were found in them. Skipping unneeded JARs during scanning can improve startup time and JSP compilation time.
07-Nov-2016 16:18:07.789 INFO [localhost-startStop-1] org.apache.catalina.startup.HostConfig.deployDirectory Deployment of web application directory C:\Users\cjedwards1\Desktop\avien migration\tomcat\webapps\ROOT has finished in 136 ms
07-Nov-2016 16:18:07.794 INFO [main] org.apache.coyote.AbstractProtocol.start Starting ProtocolHandler [http-nio-172.20.151.127-8080]
07-Nov-2016 16:18:07.799 INFO [main] org.apache.coyote.AbstractProtocol.start Starting ProtocolHandler [ajp-nio-8009]
07-Nov-2016 16:18:07.802 INFO [main] org.apache.catalina.startup.Catalina.start Server startup in 5522 ms
07-Nov-2016 16:18:46.759 SEVERE [main] org.apache.catalina.startup.Catalina.stopServer Could not contact localhost:8005. Tomcat may not be running.
07-Nov-2016 16:18:46.761 SEVERE [main] org.apache.catalina.startup.Catalina.stopServer Catalina.stop: 
 java.net.ConnectException: Connection refused: connect
	at java.net.DualStackPlainSocketImpl.connect0(Native Method)
	at java.net.DualStackPlainSocketImpl.socketConnect(DualStackPlainSocketImpl.java:79)
	at java.net.AbstractPlainSocketImpl.doConnect(AbstractPlainSocketImpl.java:350)
	at java.net.AbstractPlainSocketImpl.connectToAddress(AbstractPlainSocketImpl.java:206)
	at java.net.AbstractPlainSocketImpl.connect(AbstractPlainSocketImpl.java:188)
	at java.net.PlainSocketImpl.connect(PlainSocketImpl.java:172)
	at java.net.SocksSocketImpl.connect(SocksSocketImpl.java:392)
	at java.net.Socket.connect(Socket.java:589)
	at java.net.Socket.connect(Socket.java:538)
	at java.net.Socket.<init>(Socket.java:434)
	at java.net.Socket.<init>(Socket.java:211)
	at org.apache.catalina.startup.Catalina.stopServer(Catalina.java:476)
	at sun.reflect.NativeMethodAccessorImpl.invoke0(Native Method)
	at sun.reflect.NativeMethodAccessorImpl.invoke(NativeMethodAccessorImpl.java:62)
	at sun.reflect.DelegatingMethodAccessorImpl.invoke(DelegatingMethodAccessorImpl.java:43)
	at java.lang.reflect.Method.invoke(Method.java:498)
	at org.apache.catalina.startup.Bootstrap.stopServer(Bootstrap.java:408)
	at org.apache.catalina.startup.Bootstrap.main(Bootstrap.java:497)

07-Nov-2016 16:20:19.784 WARNING [main] org.apache.catalina.startup.SetAllPropertiesRule.begin [SetAllPropertiesRule]{Server/Service/Connector} Setting property 'resolveHosts' to 'true' did not find a matching property.
07-Nov-2016 16:20:19.822 INFO [main] org.apache.catalina.startup.VersionLoggerListener.log Server version:        Apache Tomcat/8.5.5
07-Nov-2016 16:20:19.822 INFO [main] org.apache.catalina.startup.VersionLoggerListener.log Server built:          Aug 31 2016 19:51:16 UTC
07-Nov-2016 16:20:19.823 INFO [main] org.apache.catalina.startup.VersionLoggerListener.log Server number:         8.5.5.0
07-Nov-2016 16:20:19.823 INFO [main] org.apache.catalina.startup.VersionLoggerListener.log OS Name:               Windows 10
07-Nov-2016 16:20:19.823 INFO [main] org.apache.catalina.startup.VersionLoggerListener.log OS Version:            10.0
07-Nov-2016 16:20:19.823 INFO [main] org.apache.catalina.startup.VersionLoggerListener.log Architecture:          amd64
07-Nov-2016 16:20:19.823 INFO [main] org.apache.catalina.startup.VersionLoggerListener.log Java Home:             C:\Program Files\Java\jdk1.8.0_101\jre
07-Nov-2016 16:20:19.823 INFO [main] org.apache.catalina.startup.VersionLoggerListener.log JVM Version:           1.8.0_101-b13
07-Nov-2016 16:20:19.823 INFO [main] org.apache.catalina.startup.VersionLoggerListener.log JVM Vendor:            Oracle Corporation
07-Nov-2016 16:20:19.823 INFO [main] org.apache.catalina.startup.VersionLoggerListener.log CATALINA_BASE:         C:\Users\cjedwards1\Desktop\avien migration\tomcat
07-Nov-2016 16:20:19.824 INFO [main] org.apache.catalina.startup.VersionLoggerListener.log CATALINA_HOME:         C:\Users\cjedwards1\Desktop\avien migration\tomcat
07-Nov-2016 16:20:19.824 INFO [main] org.apache.catalina.startup.VersionLoggerListener.log Command line argument: -Djdk.tls.ephemeralDHKeySize=2048
07-Nov-2016 16:20:19.824 INFO [main] org.apache.catalina.startup.VersionLoggerListener.log Command line argument: -Djava.util.logging.config.file=C:\Users\cjedwards1\Desktop\avien migration\tomcat\conf\logging.properties
07-Nov-2016 16:20:19.824 INFO [main] org.apache.catalina.startup.VersionLoggerListener.log Command line argument: -Djava.util.logging.manager=org.apache.juli.ClassLoaderLogManager
07-Nov-2016 16:20:19.824 INFO [main] org.apache.catalina.startup.VersionLoggerListener.log Command line argument: -Dcatalina.base=C:\Users\cjedwards1\Desktop\avien migration\tomcat
07-Nov-2016 16:20:19.824 INFO [main] org.apache.catalina.startup.VersionLoggerListener.log Command line argument: -Dcatalina.home=C:\Users\cjedwards1\Desktop\avien migration\tomcat
07-Nov-2016 16:20:19.825 INFO [main] org.apache.catalina.startup.VersionLoggerListener.log Command line argument: -Djava.io.tmpdir=C:\Users\cjedwards1\Desktop\avien migration\tomcat\temp
07-Nov-2016 16:20:19.825 INFO [main] org.apache.catalina.core.AprLifecycleListener.lifecycleEvent The APR based Apache Tomcat Native library which allows optimal performance in production environments was not found on the java.library.path: C:\Program Files\Java\jdk1.8.0_101\bin;C:\WINDOWS\Sun\Java\bin;C:\WINDOWS\system32;C:\WINDOWS;C:\ProgramData\Oracle\Java\javapath;C:\WINDOWS\system32;C:\WINDOWS;C:\WINDOWS\System32\Wbem;C:\WINDOWS\System32\WindowsPowerShell\v1.0\;C:\Program Files (x86)\Microsoft SQL Server\110\Tools\Binn\ManagementStudio\;C:\Program Files (x86)\Microsoft SQL Server\110\Tools\Binn\;C:\Program Files\Microsoft SQL Server\110\Tools\Binn\;C:\Program Files (x86)\Microsoft SQL Server\110\DTS\Binn\;C:\Program Files (x86)\Microsoft SQL Server\Client SDK\ODBC\130\Tools\Binn\;C:\Program Files (x86)\Microsoft SQL Server\130\Tools\Binn\;C:\Program Files (x86)\Microsoft SQL Server\130\DTS\Binn\;C:\Program Files (x86)\Microsoft SQL Server\130\Tools\Binn\ManagementStudio\;C:\Users\cjedwards1\AppData\Local\Microsoft\WindowsApps;C:\Program Files\Java\jdk1.8.0_101\bin;C:\Users\cjedwards1\Desktop\apache-maven-3.3.9\bin;.
07-Nov-2016 16:20:19.918 INFO [main] org.apache.coyote.AbstractProtocol.init Initializing ProtocolHandler ["http-nio-172.20.151.127-8080"]
07-Nov-2016 16:20:20.014 INFO [main] org.apache.tomcat.util.net.NioSelectorPool.getSharedSelector Using a shared selector for servlet write/read
07-Nov-2016 16:20:20.017 INFO [main] org.apache.coyote.AbstractProtocol.init Initializing ProtocolHandler ["ajp-nio-8009"]
07-Nov-2016 16:20:20.019 INFO [main] org.apache.tomcat.util.net.NioSelectorPool.getSharedSelector Using a shared selector for servlet write/read
07-Nov-2016 16:20:20.019 INFO [main] org.apache.catalina.startup.Catalina.load Initialization processed in 476 ms
07-Nov-2016 16:20:20.036 INFO [main] org.apache.catalina.core.StandardService.startInternal Starting service Catalina
07-Nov-2016 16:20:20.037 INFO [main] org.apache.catalina.core.StandardEngine.startInternal Starting Servlet Engine: Apache Tomcat/8.5.5
07-Nov-2016 16:20:20.045 INFO [localhost-startStop-1] org.apache.catalina.startup.HostConfig.deployDirectory Deploying web application directory C:\Users\cjedwards1\Desktop\avien migration\tomcat\webapps\avienMigration
07-Nov-2016 16:20:23.097 INFO [localhost-startStop-1] org.apache.jasper.servlet.TldScanner.scanJars At least one JAR was scanned for TLDs yet contained no TLDs. Enable debug logging for this logger for a complete list of JARs that were scanned but no TLDs were found in them. Skipping unneeded JARs during scanning can improve startup time and JSP compilation time.
07-Nov-2016 16:20:23.131 INFO [localhost-startStop-1] org.apache.catalina.startup.HostConfig.deployDirectory Deployment of web application directory C:\Users\cjedwards1\Desktop\avien migration\tomcat\webapps\avienMigration has finished in 3,086 ms
07-Nov-2016 16:20:23.131 INFO [localhost-startStop-1] org.apache.catalina.startup.HostConfig.deployDirectory Deploying web application directory C:\Users\cjedwards1\Desktop\avien migration\tomcat\webapps\docs
07-Nov-2016 16:20:23.336 INFO [localhost-startStop-1] org.apache.jasper.servlet.TldScanner.scanJars At least one JAR was scanned for TLDs yet contained no TLDs. Enable debug logging for this logger for a complete list of JARs that were scanned but no TLDs were found in them. Skipping unneeded JARs during scanning can improve startup time and JSP compilation time.
07-Nov-2016 16:20:23.338 INFO [localhost-startStop-1] org.apache.catalina.startup.HostConfig.deployDirectory Deployment of web application directory C:\Users\cjedwards1\Desktop\avien migration\tomcat\webapps\docs has finished in 207 ms
07-Nov-2016 16:20:23.339 INFO [localhost-startStop-1] org.apache.catalina.startup.HostConfig.deployDirectory Deploying web application directory C:\Users\cjedwards1\Desktop\avien migration\tomcat\webapps\examples
07-Nov-2016 16:20:23.733 INFO [localhost-startStop-1] org.apache.jasper.servlet.TldScanner.scanJars At least one JAR was scanned for TLDs yet contained no TLDs. Enable debug logging for this logger for a complete list of JARs that were scanned but no TLDs were found in them. Skipping unneeded JARs during scanning can improve startup time and JSP compilation time.
07-Nov-2016 16:20:23.765 INFO [localhost-startStop-1] org.apache.catalina.startup.HostConfig.deployDirectory Deployment of web application directory C:\Users\cjedwards1\Desktop\avien migration\tomcat\webapps\examples has finished in 427 ms
07-Nov-2016 16:20:23.765 INFO [localhost-startStop-1] org.apache.catalina.startup.HostConfig.deployDirectory Deploying web application directory C:\Users\cjedwards1\Desktop\avien migration\tomcat\webapps\host-manager
07-Nov-2016 16:20:23.931 INFO [localhost-startStop-1] org.apache.jasper.servlet.TldScanner.scanJars At least one JAR was scanned for TLDs yet contained no TLDs. Enable debug logging for this logger for a complete list of JARs that were scanned but no TLDs were found in them. Skipping unneeded JARs during scanning can improve startup time and JSP compilation time.
07-Nov-2016 16:20:23.935 INFO [localhost-startStop-1] org.apache.catalina.startup.HostConfig.deployDirectory Deployment of web application directory C:\Users\cjedwards1\Desktop\avien migration\tomcat\webapps\host-manager has finished in 170 ms
07-Nov-2016 16:20:23.936 INFO [localhost-startStop-1] org.apache.catalina.startup.HostConfig.deployDirectory Deploying web application directory C:\Users\cjedwards1\Desktop\avien migration\tomcat\webapps\manager
07-Nov-2016 16:20:24.097 INFO [localhost-startStop-1] org.apache.jasper.servlet.TldScanner.scanJars At least one JAR was scanned for TLDs yet contained no TLDs. Enable debug logging for this logger for a complete list of JARs that were scanned but no TLDs were found in them. Skipping unneeded JARs during scanning can improve startup time and JSP compilation time.
07-Nov-2016 16:20:24.099 INFO [localhost-startStop-1] org.apache.catalina.startup.HostConfig.deployDirectory Deployment of web application directory C:\Users\cjedwards1\Desktop\avien migration\tomcat\webapps\manager has finished in 163 ms
07-Nov-2016 16:20:24.099 INFO [localhost-startStop-1] org.apache.catalina.startup.HostConfig.deployDirectory Deploying web application directory C:\Users\cjedwards1\Desktop\avien migration\tomcat\webapps\ROOT
07-Nov-2016 16:20:24.246 INFO [localhost-startStop-1] org.apache.jasper.servlet.TldScanner.scanJars At least one JAR was scanned for TLDs yet contained no TLDs. Enable debug logging for this logger for a complete list of JARs that were scanned but no TLDs were found in them. Skipping unneeded JARs during scanning can improve startup time and JSP compilation time.
07-Nov-2016 16:20:24.248 INFO [localhost-startStop-1] org.apache.catalina.startup.HostConfig.deployDirectory Deployment of web application directory C:\Users\cjedwards1\Desktop\avien migration\tomcat\webapps\ROOT has finished in 149 ms
07-Nov-2016 16:20:24.252 INFO [main] org.apache.coyote.AbstractProtocol.start Starting ProtocolHandler [http-nio-172.20.151.127-8080]
07-Nov-2016 16:20:24.259 INFO [main] org.apache.coyote.AbstractProtocol.start Starting ProtocolHandler [ajp-nio-8009]
07-Nov-2016 16:20:24.261 INFO [main] org.apache.catalina.startup.Catalina.start Server startup in 4240 ms
07-Nov-2016 16:30:44.678 INFO [ContainerBackgroundProcessor[StandardEngine[Catalina]]] org.apache.catalina.core.StandardContext.reload Reloading Context with name [/avienMigration] has started
07-Nov-2016 16:30:47.020 INFO [ContainerBackgroundProcessor[StandardEngine[Catalina]]] org.apache.catalina.core.StandardContext.reload Reloading Context with name [/avienMigration] is completed
07-Nov-2016 16:42:22.129 INFO [ContainerBackgroundProcessor[StandardEngine[Catalina]]] org.apache.catalina.core.StandardContext.reload Reloading Context with name [/avienMigration] has started
07-Nov-2016 16:42:24.323 INFO [ContainerBackgroundProcessor[StandardEngine[Catalina]]] org.apache.catalina.core.StandardContext.reload Reloading Context with name [/avienMigration] is completed
