17-Nov-2016 06:49:04.585 WARNING [main] org.apache.catalina.startup.SetAllPropertiesRule.begin [SetAllPropertiesRule]{Server/Service/Connector} Setting property 'resolveHosts' to 'true' did not find a matching property.
17-Nov-2016 06:49:04.624 INFO [main] org.apache.catalina.startup.VersionLoggerListener.log Server version:        Apache Tomcat/8.5.5
17-Nov-2016 06:49:04.624 INFO [main] org.apache.catalina.startup.VersionLoggerListener.log Server built:          Aug 31 2016 19:51:16 UTC
17-Nov-2016 06:49:04.625 INFO [main] org.apache.catalina.startup.VersionLoggerListener.log Server number:         8.5.5.0
17-Nov-2016 06:49:04.625 INFO [main] org.apache.catalina.startup.VersionLoggerListener.log OS Name:               Windows 10
17-Nov-2016 06:49:04.625 INFO [main] org.apache.catalina.startup.VersionLoggerListener.log OS Version:            10.0
17-Nov-2016 06:49:04.625 INFO [main] org.apache.catalina.startup.VersionLoggerListener.log Architecture:          amd64
17-Nov-2016 06:49:04.625 INFO [main] org.apache.catalina.startup.VersionLoggerListener.log Java Home:             C:\Program Files\Java\jdk1.8.0_101\jre
17-Nov-2016 06:49:04.626 INFO [main] org.apache.catalina.startup.VersionLoggerListener.log JVM Version:           1.8.0_101-b13
17-Nov-2016 06:49:04.627 INFO [main] org.apache.catalina.startup.VersionLoggerListener.log JVM Vendor:            Oracle Corporation
17-Nov-2016 06:49:04.627 INFO [main] org.apache.catalina.startup.VersionLoggerListener.log CATALINA_BASE:         C:\Users\cjedwards1\Desktop\avien migration\tomcat
17-Nov-2016 06:49:04.627 INFO [main] org.apache.catalina.startup.VersionLoggerListener.log CATALINA_HOME:         C:\Users\cjedwards1\Desktop\avien migration\tomcat
17-Nov-2016 06:49:04.627 INFO [main] org.apache.catalina.startup.VersionLoggerListener.log Command line argument: -Djdk.tls.ephemeralDHKeySize=2048
17-Nov-2016 06:49:04.628 INFO [main] org.apache.catalina.startup.VersionLoggerListener.log Command line argument: -Djava.util.logging.config.file=C:\Users\cjedwards1\Desktop\avien migration\tomcat\conf\logging.properties
17-Nov-2016 06:49:04.628 INFO [main] org.apache.catalina.startup.VersionLoggerListener.log Command line argument: -Djava.util.logging.manager=org.apache.juli.ClassLoaderLogManager
17-Nov-2016 06:49:04.628 INFO [main] org.apache.catalina.startup.VersionLoggerListener.log Command line argument: -Dcatalina.base=C:\Users\cjedwards1\Desktop\avien migration\tomcat
17-Nov-2016 06:49:04.628 INFO [main] org.apache.catalina.startup.VersionLoggerListener.log Command line argument: -Dcatalina.home=C:\Users\cjedwards1\Desktop\avien migration\tomcat
17-Nov-2016 06:49:04.629 INFO [main] org.apache.catalina.startup.VersionLoggerListener.log Command line argument: -Djava.io.tmpdir=C:\Users\cjedwards1\Desktop\avien migration\tomcat\temp
17-Nov-2016 06:49:04.630 INFO [main] org.apache.catalina.core.AprLifecycleListener.lifecycleEvent The APR based Apache Tomcat Native library which allows optimal performance in production environments was not found on the java.library.path: C:\Program Files\Java\jdk1.8.0_101\bin;C:\WINDOWS\Sun\Java\bin;C:\WINDOWS\system32;C:\WINDOWS;C:\ProgramData\Oracle\Java\javapath;C:\WINDOWS\system32;C:\WINDOWS;C:\WINDOWS\System32\Wbem;C:\WINDOWS\System32\WindowsPowerShell\v1.0\;C:\Program Files (x86)\Microsoft SQL Server\110\Tools\Binn\ManagementStudio\;C:\Program Files (x86)\Microsoft SQL Server\110\Tools\Binn\;C:\Program Files\Microsoft SQL Server\110\Tools\Binn\;C:\Program Files (x86)\Microsoft SQL Server\110\DTS\Binn\;C:\Program Files (x86)\Microsoft SQL Server\Client SDK\ODBC\130\Tools\Binn\;C:\Program Files (x86)\Microsoft SQL Server\130\Tools\Binn\;C:\Program Files (x86)\Microsoft SQL Server\130\DTS\Binn\;C:\Program Files (x86)\Microsoft SQL Server\130\Tools\Binn\ManagementStudio\;C:\Users\cjedwards1\AppData\Local\Microsoft\WindowsApps;C:\Program Files\Java\jdk1.8.0_101\bin;C:\Users\cjedwards1\Desktop\apache-maven-3.3.9\bin;.
17-Nov-2016 06:49:04.964 INFO [main] org.apache.coyote.AbstractProtocol.init Initializing ProtocolHandler ["http-nio-172.20.151.127-8080"]
17-Nov-2016 06:49:05.102 INFO [main] org.apache.tomcat.util.net.NioSelectorPool.getSharedSelector Using a shared selector for servlet write/read
17-Nov-2016 06:49:05.105 INFO [main] org.apache.coyote.AbstractProtocol.init Initializing ProtocolHandler ["ajp-nio-8009"]
17-Nov-2016 06:49:05.107 INFO [main] org.apache.tomcat.util.net.NioSelectorPool.getSharedSelector Using a shared selector for servlet write/read
17-Nov-2016 06:49:05.107 INFO [main] org.apache.catalina.startup.Catalina.load Initialization processed in 835 ms
17-Nov-2016 06:49:05.135 INFO [main] org.apache.catalina.core.StandardService.startInternal Starting service Catalina
17-Nov-2016 06:49:05.135 INFO [main] org.apache.catalina.core.StandardEngine.startInternal Starting Servlet Engine: Apache Tomcat/8.5.5
17-Nov-2016 06:49:05.147 INFO [localhost-startStop-1] org.apache.catalina.startup.HostConfig.deployDirectory Deploying web application directory C:\Users\cjedwards1\Desktop\avien migration\tomcat\webapps\avienMigration
17-Nov-2016 06:49:09.278 INFO [localhost-startStop-1] org.apache.jasper.servlet.TldScanner.scanJars At least one JAR was scanned for TLDs yet contained no TLDs. Enable debug logging for this logger for a complete list of JARs that were scanned but no TLDs were found in them. Skipping unneeded JARs during scanning can improve startup time and JSP compilation time.
17-Nov-2016 06:49:09.321 INFO [localhost-startStop-1] org.apache.catalina.startup.HostConfig.deployDirectory Deployment of web application directory C:\Users\cjedwards1\Desktop\avien migration\tomcat\webapps\avienMigration has finished in 4,173 ms
17-Nov-2016 06:49:09.321 INFO [localhost-startStop-1] org.apache.catalina.startup.HostConfig.deployDirectory Deploying web application directory C:\Users\cjedwards1\Desktop\avien migration\tomcat\webapps\docs
17-Nov-2016 06:49:09.469 INFO [localhost-startStop-1] org.apache.jasper.servlet.TldScanner.scanJars At least one JAR was scanned for TLDs yet contained no TLDs. Enable debug logging for this logger for a complete list of JARs that were scanned but no TLDs were found in them. Skipping unneeded JARs during scanning can improve startup time and JSP compilation time.
17-Nov-2016 06:49:09.471 INFO [localhost-startStop-1] org.apache.catalina.startup.HostConfig.deployDirectory Deployment of web application directory C:\Users\cjedwards1\Desktop\avien migration\tomcat\webapps\docs has finished in 150 ms
17-Nov-2016 06:49:09.471 INFO [localhost-startStop-1] org.apache.catalina.startup.HostConfig.deployDirectory Deploying web application directory C:\Users\cjedwards1\Desktop\avien migration\tomcat\webapps\examples
17-Nov-2016 06:49:10.172 INFO [localhost-startStop-1] org.apache.jasper.servlet.TldScanner.scanJars At least one JAR was scanned for TLDs yet contained no TLDs. Enable debug logging for this logger for a complete list of JARs that were scanned but no TLDs were found in them. Skipping unneeded JARs during scanning can improve startup time and JSP compilation time.
17-Nov-2016 06:49:10.202 INFO [localhost-startStop-1] org.apache.catalina.startup.HostConfig.deployDirectory Deployment of web application directory C:\Users\cjedwards1\Desktop\avien migration\tomcat\webapps\examples has finished in 731 ms
17-Nov-2016 06:49:10.203 INFO [localhost-startStop-1] org.apache.catalina.startup.HostConfig.deployDirectory Deploying web application directory C:\Users\cjedwards1\Desktop\avien migration\tomcat\webapps\host-manager
17-Nov-2016 06:49:10.360 INFO [localhost-startStop-1] org.apache.jasper.servlet.TldScanner.scanJars At least one JAR was scanned for TLDs yet contained no TLDs. Enable debug logging for this logger for a complete list of JARs that were scanned but no TLDs were found in them. Skipping unneeded JARs during scanning can improve startup time and JSP compilation time.
17-Nov-2016 06:49:10.363 INFO [localhost-startStop-1] org.apache.catalina.startup.HostConfig.deployDirectory Deployment of web application directory C:\Users\cjedwards1\Desktop\avien migration\tomcat\webapps\host-manager has finished in 160 ms
17-Nov-2016 06:49:10.363 INFO [localhost-startStop-1] org.apache.catalina.startup.HostConfig.deployDirectory Deploying web application directory C:\Users\cjedwards1\Desktop\avien migration\tomcat\webapps\manager
17-Nov-2016 06:49:10.511 INFO [localhost-startStop-1] org.apache.jasper.servlet.TldScanner.scanJars At least one JAR was scanned for TLDs yet contained no TLDs. Enable debug logging for this logger for a complete list of JARs that were scanned but no TLDs were found in them. Skipping unneeded JARs during scanning can improve startup time and JSP compilation time.
17-Nov-2016 06:49:10.513 INFO [localhost-startStop-1] org.apache.catalina.startup.HostConfig.deployDirectory Deployment of web application directory C:\Users\cjedwards1\Desktop\avien migration\tomcat\webapps\manager has finished in 150 ms
17-Nov-2016 06:49:10.514 INFO [localhost-startStop-1] org.apache.catalina.startup.HostConfig.deployDirectory Deploying web application directory C:\Users\cjedwards1\Desktop\avien migration\tomcat\webapps\ROOT
17-Nov-2016 06:49:10.640 INFO [localhost-startStop-1] org.apache.jasper.servlet.TldScanner.scanJars At least one JAR was scanned for TLDs yet contained no TLDs. Enable debug logging for this logger for a complete list of JARs that were scanned but no TLDs were found in them. Skipping unneeded JARs during scanning can improve startup time and JSP compilation time.
17-Nov-2016 06:49:10.642 INFO [localhost-startStop-1] org.apache.catalina.startup.HostConfig.deployDirectory Deployment of web application directory C:\Users\cjedwards1\Desktop\avien migration\tomcat\webapps\ROOT has finished in 128 ms
17-Nov-2016 06:49:10.647 INFO [main] org.apache.coyote.AbstractProtocol.start Starting ProtocolHandler [http-nio-172.20.151.127-8080]
17-Nov-2016 06:49:10.654 INFO [main] org.apache.coyote.AbstractProtocol.start Starting ProtocolHandler [ajp-nio-8009]
17-Nov-2016 06:49:10.656 INFO [main] org.apache.catalina.startup.Catalina.start Server startup in 5548 ms
17-Nov-2016 06:54:56.351 INFO [main] org.apache.catalina.core.StandardServer.await A valid shutdown command was received via the shutdown port. Stopping the Server instance.
17-Nov-2016 06:54:56.351 INFO [main] org.apache.coyote.AbstractProtocol.pause Pausing ProtocolHandler ["http-nio-172.20.151.127-8080"]
17-Nov-2016 06:54:56.413 INFO [main] org.apache.coyote.AbstractProtocol.pause Pausing ProtocolHandler ["ajp-nio-8009"]
17-Nov-2016 06:54:59.171 INFO [main] org.apache.catalina.core.StandardService.stopInternal Stopping service Catalina
17-Nov-2016 06:55:01.649 INFO [localhost-startStop-2] org.apache.catalina.core.StandardWrapper.unload Waiting for 1 instance(s) to be deallocated for Servlet [csvreader.EntryPoint]
17-Nov-2016 06:55:02.731 INFO [localhost-startStop-2] org.apache.catalina.core.StandardWrapper.unload Waiting for 1 instance(s) to be deallocated for Servlet [csvreader.EntryPoint]
17-Nov-2016 06:55:03.806 INFO [localhost-startStop-2] org.apache.catalina.core.StandardWrapper.unload Waiting for 1 instance(s) to be deallocated for Servlet [csvreader.EntryPoint]
17-Nov-2016 06:55:03.955 INFO [main] org.apache.coyote.AbstractProtocol.stop Stopping ProtocolHandler ["http-nio-172.20.151.127-8080"]
17-Nov-2016 06:55:03.956 INFO [main] org.apache.coyote.AbstractProtocol.stop Stopping ProtocolHandler ["ajp-nio-8009"]
17-Nov-2016 06:55:03.957 INFO [main] org.apache.coyote.AbstractProtocol.destroy Destroying ProtocolHandler ["http-nio-172.20.151.127-8080"]
17-Nov-2016 06:55:03.958 INFO [main] org.apache.coyote.AbstractProtocol.destroy Destroying ProtocolHandler ["ajp-nio-8009"]
17-Nov-2016 06:59:32.869 WARNING [main] org.apache.catalina.startup.SetAllPropertiesRule.begin [SetAllPropertiesRule]{Server/Service/Connector} Setting property 'resolveHosts' to 'true' did not find a matching property.
17-Nov-2016 06:59:32.901 INFO [main] org.apache.catalina.startup.VersionLoggerListener.log Server version:        Apache Tomcat/8.5.5
17-Nov-2016 06:59:32.902 INFO [main] org.apache.catalina.startup.VersionLoggerListener.log Server built:          Aug 31 2016 19:51:16 UTC
17-Nov-2016 06:59:32.902 INFO [main] org.apache.catalina.startup.VersionLoggerListener.log Server number:         8.5.5.0
17-Nov-2016 06:59:32.902 INFO [main] org.apache.catalina.startup.VersionLoggerListener.log OS Name:               Windows 10
17-Nov-2016 06:59:32.902 INFO [main] org.apache.catalina.startup.VersionLoggerListener.log OS Version:            10.0
17-Nov-2016 06:59:32.902 INFO [main] org.apache.catalina.startup.VersionLoggerListener.log Architecture:          amd64
17-Nov-2016 06:59:32.903 INFO [main] org.apache.catalina.startup.VersionLoggerListener.log Java Home:             C:\Program Files\Java\jdk1.8.0_101\jre
17-Nov-2016 06:59:32.903 INFO [main] org.apache.catalina.startup.VersionLoggerListener.log JVM Version:           1.8.0_101-b13
17-Nov-2016 06:59:32.903 INFO [main] org.apache.catalina.startup.VersionLoggerListener.log JVM Vendor:            Oracle Corporation
17-Nov-2016 06:59:32.903 INFO [main] org.apache.catalina.startup.VersionLoggerListener.log CATALINA_BASE:         C:\Users\cjedwards1\Desktop\avien migration\tomcat
17-Nov-2016 06:59:32.903 INFO [main] org.apache.catalina.startup.VersionLoggerListener.log CATALINA_HOME:         C:\Users\cjedwards1\Desktop\avien migration\tomcat
17-Nov-2016 06:59:32.903 INFO [main] org.apache.catalina.startup.VersionLoggerListener.log Command line argument: -Xmx7G
17-Nov-2016 06:59:32.904 INFO [main] org.apache.catalina.startup.VersionLoggerListener.log Command line argument: -Djdk.tls.ephemeralDHKeySize=2048
17-Nov-2016 06:59:32.904 INFO [main] org.apache.catalina.startup.VersionLoggerListener.log Command line argument: -Djava.util.logging.config.file=C:\Users\cjedwards1\Desktop\avien migration\tomcat\conf\logging.properties
17-Nov-2016 06:59:32.904 INFO [main] org.apache.catalina.startup.VersionLoggerListener.log Command line argument: -Djava.util.logging.manager=org.apache.juli.ClassLoaderLogManager
17-Nov-2016 06:59:32.904 INFO [main] org.apache.catalina.startup.VersionLoggerListener.log Command line argument: -Dcatalina.base=C:\Users\cjedwards1\Desktop\avien migration\tomcat
17-Nov-2016 06:59:32.904 INFO [main] org.apache.catalina.startup.VersionLoggerListener.log Command line argument: -Dcatalina.home=C:\Users\cjedwards1\Desktop\avien migration\tomcat
17-Nov-2016 06:59:32.905 INFO [main] org.apache.catalina.startup.VersionLoggerListener.log Command line argument: -Djava.io.tmpdir=C:\Users\cjedwards1\Desktop\avien migration\tomcat\temp
17-Nov-2016 06:59:32.905 INFO [main] org.apache.catalina.core.AprLifecycleListener.lifecycleEvent The APR based Apache Tomcat Native library which allows optimal performance in production environments was not found on the java.library.path: C:\Program Files\Java\jdk1.8.0_101\bin;C:\WINDOWS\Sun\Java\bin;C:\WINDOWS\system32;C:\WINDOWS;C:\ProgramData\Oracle\Java\javapath;C:\WINDOWS\system32;C:\WINDOWS;C:\WINDOWS\System32\Wbem;C:\WINDOWS\System32\WindowsPowerShell\v1.0\;C:\Program Files (x86)\Microsoft SQL Server\110\Tools\Binn\ManagementStudio\;C:\Program Files (x86)\Microsoft SQL Server\110\Tools\Binn\;C:\Program Files\Microsoft SQL Server\110\Tools\Binn\;C:\Program Files (x86)\Microsoft SQL Server\110\DTS\Binn\;C:\Program Files (x86)\Microsoft SQL Server\Client SDK\ODBC\130\Tools\Binn\;C:\Program Files (x86)\Microsoft SQL Server\130\Tools\Binn\;C:\Program Files (x86)\Microsoft SQL Server\130\DTS\Binn\;C:\Program Files (x86)\Microsoft SQL Server\130\Tools\Binn\ManagementStudio\;C:\Users\cjedwards1\AppData\Local\Microsoft\WindowsApps;C:\Program Files\Java\jdk1.8.0_101\bin;C:\Users\cjedwards1\Desktop\apache-maven-3.3.9\bin;.
17-Nov-2016 06:59:32.998 INFO [main] org.apache.coyote.AbstractProtocol.init Initializing ProtocolHandler ["http-nio-172.20.151.127-8080"]
17-Nov-2016 06:59:33.087 INFO [main] org.apache.tomcat.util.net.NioSelectorPool.getSharedSelector Using a shared selector for servlet write/read
17-Nov-2016 06:59:33.090 INFO [main] org.apache.coyote.AbstractProtocol.init Initializing ProtocolHandler ["ajp-nio-8009"]
17-Nov-2016 06:59:33.092 INFO [main] org.apache.tomcat.util.net.NioSelectorPool.getSharedSelector Using a shared selector for servlet write/read
17-Nov-2016 06:59:33.093 INFO [main] org.apache.catalina.startup.Catalina.load Initialization processed in 449 ms
17-Nov-2016 06:59:33.109 INFO [main] org.apache.catalina.core.StandardService.startInternal Starting service Catalina
17-Nov-2016 06:59:33.110 INFO [main] org.apache.catalina.core.StandardEngine.startInternal Starting Servlet Engine: Apache Tomcat/8.5.5
17-Nov-2016 06:59:33.118 INFO [localhost-startStop-1] org.apache.catalina.startup.HostConfig.deployDirectory Deploying web application directory C:\Users\cjedwards1\Desktop\avien migration\tomcat\webapps\avienMigration
17-Nov-2016 06:59:35.938 INFO [localhost-startStop-1] org.apache.jasper.servlet.TldScanner.scanJars At least one JAR was scanned for TLDs yet contained no TLDs. Enable debug logging for this logger for a complete list of JARs that were scanned but no TLDs were found in them. Skipping unneeded JARs during scanning can improve startup time and JSP compilation time.
17-Nov-2016 06:59:35.974 INFO [localhost-startStop-1] org.apache.catalina.startup.HostConfig.deployDirectory Deployment of web application directory C:\Users\cjedwards1\Desktop\avien migration\tomcat\webapps\avienMigration has finished in 2,857 ms
17-Nov-2016 06:59:35.975 INFO [localhost-startStop-1] org.apache.catalina.startup.HostConfig.deployDirectory Deploying web application directory C:\Users\cjedwards1\Desktop\avien migration\tomcat\webapps\docs
17-Nov-2016 06:59:36.139 INFO [localhost-startStop-1] org.apache.jasper.servlet.TldScanner.scanJars At least one JAR was scanned for TLDs yet contained no TLDs. Enable debug logging for this logger for a complete list of JARs that were scanned but no TLDs were found in them. Skipping unneeded JARs during scanning can improve startup time and JSP compilation time.
17-Nov-2016 06:59:36.141 INFO [localhost-startStop-1] org.apache.catalina.startup.HostConfig.deployDirectory Deployment of web application directory C:\Users\cjedwards1\Desktop\avien migration\tomcat\webapps\docs has finished in 166 ms
17-Nov-2016 06:59:36.141 INFO [localhost-startStop-1] org.apache.catalina.startup.HostConfig.deployDirectory Deploying web application directory C:\Users\cjedwards1\Desktop\avien migration\tomcat\webapps\examples
17-Nov-2016 06:59:36.460 INFO [localhost-startStop-1] org.apache.jasper.servlet.TldScanner.scanJars At least one JAR was scanned for TLDs yet contained no TLDs. Enable debug logging for this logger for a complete list of JARs that were scanned but no TLDs were found in them. Skipping unneeded JARs during scanning can improve startup time and JSP compilation time.
17-Nov-2016 06:59:36.491 INFO [localhost-startStop-1] org.apache.catalina.startup.HostConfig.deployDirectory Deployment of web application directory C:\Users\cjedwards1\Desktop\avien migration\tomcat\webapps\examples has finished in 350 ms
17-Nov-2016 06:59:36.491 INFO [localhost-startStop-1] org.apache.catalina.startup.HostConfig.deployDirectory Deploying web application directory C:\Users\cjedwards1\Desktop\avien migration\tomcat\webapps\host-manager
17-Nov-2016 06:59:36.634 INFO [localhost-startStop-1] org.apache.jasper.servlet.TldScanner.scanJars At least one JAR was scanned for TLDs yet contained no TLDs. Enable debug logging for this logger for a complete list of JARs that were scanned but no TLDs were found in them. Skipping unneeded JARs during scanning can improve startup time and JSP compilation time.
17-Nov-2016 06:59:36.637 INFO [localhost-startStop-1] org.apache.catalina.startup.HostConfig.deployDirectory Deployment of web application directory C:\Users\cjedwards1\Desktop\avien migration\tomcat\webapps\host-manager has finished in 146 ms
17-Nov-2016 06:59:36.637 INFO [localhost-startStop-1] org.apache.catalina.startup.HostConfig.deployDirectory Deploying web application directory C:\Users\cjedwards1\Desktop\avien migration\tomcat\webapps\manager
17-Nov-2016 06:59:36.779 INFO [localhost-startStop-1] org.apache.jasper.servlet.TldScanner.scanJars At least one JAR was scanned for TLDs yet contained no TLDs. Enable debug logging for this logger for a complete list of JARs that were scanned but no TLDs were found in them. Skipping unneeded JARs during scanning can improve startup time and JSP compilation time.
17-Nov-2016 06:59:36.781 INFO [localhost-startStop-1] org.apache.catalina.startup.HostConfig.deployDirectory Deployment of web application directory C:\Users\cjedwards1\Desktop\avien migration\tomcat\webapps\manager has finished in 144 ms
17-Nov-2016 06:59:36.782 INFO [localhost-startStop-1] org.apache.catalina.startup.HostConfig.deployDirectory Deploying web application directory C:\Users\cjedwards1\Desktop\avien migration\tomcat\webapps\ROOT
17-Nov-2016 06:59:36.907 INFO [localhost-startStop-1] org.apache.jasper.servlet.TldScanner.scanJars At least one JAR was scanned for TLDs yet contained no TLDs. Enable debug logging for this logger for a complete list of JARs that were scanned but no TLDs were found in them. Skipping unneeded JARs during scanning can improve startup time and JSP compilation time.
17-Nov-2016 06:59:36.909 INFO [localhost-startStop-1] org.apache.catalina.startup.HostConfig.deployDirectory Deployment of web application directory C:\Users\cjedwards1\Desktop\avien migration\tomcat\webapps\ROOT has finished in 127 ms
17-Nov-2016 06:59:36.913 INFO [main] org.apache.coyote.AbstractProtocol.start Starting ProtocolHandler [http-nio-172.20.151.127-8080]
17-Nov-2016 06:59:36.919 INFO [main] org.apache.coyote.AbstractProtocol.start Starting ProtocolHandler [ajp-nio-8009]
17-Nov-2016 06:59:36.921 INFO [main] org.apache.catalina.startup.Catalina.start Server startup in 3827 ms
17-Nov-2016 07:44:29.996 INFO [main] org.apache.catalina.core.StandardServer.await A valid shutdown command was received via the shutdown port. Stopping the Server instance.
17-Nov-2016 07:44:30.002 INFO [main] org.apache.coyote.AbstractProtocol.pause Pausing ProtocolHandler ["http-nio-172.20.151.127-8080"]
17-Nov-2016 07:44:30.054 INFO [main] org.apache.coyote.AbstractProtocol.pause Pausing ProtocolHandler ["ajp-nio-8009"]
17-Nov-2016 07:44:30.106 INFO [main] org.apache.catalina.core.StandardService.stopInternal Stopping service Catalina
17-Nov-2016 07:44:30.150 INFO [main] org.apache.coyote.AbstractProtocol.stop Stopping ProtocolHandler ["http-nio-172.20.151.127-8080"]
17-Nov-2016 07:44:30.154 INFO [main] org.apache.coyote.AbstractProtocol.stop Stopping ProtocolHandler ["ajp-nio-8009"]
17-Nov-2016 07:44:30.155 INFO [main] org.apache.coyote.AbstractProtocol.destroy Destroying ProtocolHandler ["http-nio-172.20.151.127-8080"]
17-Nov-2016 07:44:30.157 INFO [main] org.apache.coyote.AbstractProtocol.destroy Destroying ProtocolHandler ["ajp-nio-8009"]
17-Nov-2016 07:46:34.676 WARNING [main] org.apache.catalina.startup.SetAllPropertiesRule.begin [SetAllPropertiesRule]{Server/Service/Connector} Setting property 'resolveHosts' to 'true' did not find a matching property.
17-Nov-2016 07:46:34.713 INFO [main] org.apache.catalina.startup.VersionLoggerListener.log Server version:        Apache Tomcat/8.5.5
17-Nov-2016 07:46:34.713 INFO [main] org.apache.catalina.startup.VersionLoggerListener.log Server built:          Aug 31 2016 19:51:16 UTC
17-Nov-2016 07:46:34.714 INFO [main] org.apache.catalina.startup.VersionLoggerListener.log Server number:         8.5.5.0
17-Nov-2016 07:46:34.714 INFO [main] org.apache.catalina.startup.VersionLoggerListener.log OS Name:               Windows 10
17-Nov-2016 07:46:34.714 INFO [main] org.apache.catalina.startup.VersionLoggerListener.log OS Version:            10.0
17-Nov-2016 07:46:34.714 INFO [main] org.apache.catalina.startup.VersionLoggerListener.log Architecture:          amd64
17-Nov-2016 07:46:34.715 INFO [main] org.apache.catalina.startup.VersionLoggerListener.log Java Home:             C:\Program Files\Java\jdk1.8.0_101\jre
17-Nov-2016 07:46:34.715 INFO [main] org.apache.catalina.startup.VersionLoggerListener.log JVM Version:           1.8.0_101-b13
17-Nov-2016 07:46:34.716 INFO [main] org.apache.catalina.startup.VersionLoggerListener.log JVM Vendor:            Oracle Corporation
17-Nov-2016 07:46:34.716 INFO [main] org.apache.catalina.startup.VersionLoggerListener.log CATALINA_BASE:         C:\Users\cjedwards1\Desktop\avien migration\tomcat
17-Nov-2016 07:46:34.716 INFO [main] org.apache.catalina.startup.VersionLoggerListener.log CATALINA_HOME:         C:\Users\cjedwards1\Desktop\avien migration\tomcat
17-Nov-2016 07:46:34.717 INFO [main] org.apache.catalina.startup.VersionLoggerListener.log Command line argument: -Xmx7G
17-Nov-2016 07:46:34.717 INFO [main] org.apache.catalina.startup.VersionLoggerListener.log Command line argument: -Djdk.tls.ephemeralDHKeySize=2048
17-Nov-2016 07:46:34.717 INFO [main] org.apache.catalina.startup.VersionLoggerListener.log Command line argument: -Djava.util.logging.config.file=C:\Users\cjedwards1\Desktop\avien migration\tomcat\conf\logging.properties
17-Nov-2016 07:46:34.717 INFO [main] org.apache.catalina.startup.VersionLoggerListener.log Command line argument: -Djava.util.logging.manager=org.apache.juli.ClassLoaderLogManager
17-Nov-2016 07:46:34.718 INFO [main] org.apache.catalina.startup.VersionLoggerListener.log Command line argument: -Dcatalina.base=C:\Users\cjedwards1\Desktop\avien migration\tomcat
17-Nov-2016 07:46:34.718 INFO [main] org.apache.catalina.startup.VersionLoggerListener.log Command line argument: -Dcatalina.home=C:\Users\cjedwards1\Desktop\avien migration\tomcat
17-Nov-2016 07:46:34.719 INFO [main] org.apache.catalina.startup.VersionLoggerListener.log Command line argument: -Djava.io.tmpdir=C:\Users\cjedwards1\Desktop\avien migration\tomcat\temp
17-Nov-2016 07:46:34.719 INFO [main] org.apache.catalina.core.AprLifecycleListener.lifecycleEvent The APR based Apache Tomcat Native library which allows optimal performance in production environments was not found on the java.library.path: C:\Program Files\Java\jdk1.8.0_101\bin;C:\WINDOWS\Sun\Java\bin;C:\WINDOWS\system32;C:\WINDOWS;C:\ProgramData\Oracle\Java\javapath;C:\WINDOWS\system32;C:\WINDOWS;C:\WINDOWS\System32\Wbem;C:\WINDOWS\System32\WindowsPowerShell\v1.0\;C:\Program Files (x86)\Microsoft SQL Server\110\Tools\Binn\ManagementStudio\;C:\Program Files (x86)\Microsoft SQL Server\110\Tools\Binn\;C:\Program Files\Microsoft SQL Server\110\Tools\Binn\;C:\Program Files (x86)\Microsoft SQL Server\110\DTS\Binn\;C:\Program Files (x86)\Microsoft SQL Server\Client SDK\ODBC\130\Tools\Binn\;C:\Program Files (x86)\Microsoft SQL Server\130\Tools\Binn\;C:\Program Files (x86)\Microsoft SQL Server\130\DTS\Binn\;C:\Program Files (x86)\Microsoft SQL Server\130\Tools\Binn\ManagementStudio\;C:\Users\cjedwards1\AppData\Local\Microsoft\WindowsApps;C:\Program Files\Java\jdk1.8.0_101\bin;C:\Users\cjedwards1\Desktop\apache-maven-3.3.9\bin;.
17-Nov-2016 07:46:34.883 INFO [main] org.apache.coyote.AbstractProtocol.init Initializing ProtocolHandler ["http-nio-172.20.151.127-8080"]
17-Nov-2016 07:46:34.984 INFO [main] org.apache.tomcat.util.net.NioSelectorPool.getSharedSelector Using a shared selector for servlet write/read
17-Nov-2016 07:46:34.986 INFO [main] org.apache.coyote.AbstractProtocol.init Initializing ProtocolHandler ["ajp-nio-8009"]
17-Nov-2016 07:46:34.989 INFO [main] org.apache.tomcat.util.net.NioSelectorPool.getSharedSelector Using a shared selector for servlet write/read
17-Nov-2016 07:46:34.989 INFO [main] org.apache.catalina.startup.Catalina.load Initialization processed in 557 ms
17-Nov-2016 07:46:35.016 INFO [main] org.apache.catalina.core.StandardService.startInternal Starting service Catalina
17-Nov-2016 07:46:35.016 INFO [main] org.apache.catalina.core.StandardEngine.startInternal Starting Servlet Engine: Apache Tomcat/8.5.5
17-Nov-2016 07:46:35.024 INFO [localhost-startStop-1] org.apache.catalina.startup.HostConfig.deployDirectory Deploying web application directory C:\Users\cjedwards1\Desktop\avien migration\tomcat\webapps\avienMigration
17-Nov-2016 07:46:38.182 INFO [localhost-startStop-1] org.apache.jasper.servlet.TldScanner.scanJars At least one JAR was scanned for TLDs yet contained no TLDs. Enable debug logging for this logger for a complete list of JARs that were scanned but no TLDs were found in them. Skipping unneeded JARs during scanning can improve startup time and JSP compilation time.
17-Nov-2016 07:46:38.220 INFO [localhost-startStop-1] org.apache.catalina.startup.HostConfig.deployDirectory Deployment of web application directory C:\Users\cjedwards1\Desktop\avien migration\tomcat\webapps\avienMigration has finished in 3,195 ms
17-Nov-2016 07:46:38.220 INFO [localhost-startStop-1] org.apache.catalina.startup.HostConfig.deployDirectory Deploying web application directory C:\Users\cjedwards1\Desktop\avien migration\tomcat\webapps\docs
17-Nov-2016 07:46:38.391 INFO [localhost-startStop-1] org.apache.jasper.servlet.TldScanner.scanJars At least one JAR was scanned for TLDs yet contained no TLDs. Enable debug logging for this logger for a complete list of JARs that were scanned but no TLDs were found in them. Skipping unneeded JARs during scanning can improve startup time and JSP compilation time.
17-Nov-2016 07:46:38.394 INFO [localhost-startStop-1] org.apache.catalina.startup.HostConfig.deployDirectory Deployment of web application directory C:\Users\cjedwards1\Desktop\avien migration\tomcat\webapps\docs has finished in 173 ms
17-Nov-2016 07:46:38.394 INFO [localhost-startStop-1] org.apache.catalina.startup.HostConfig.deployDirectory Deploying web application directory C:\Users\cjedwards1\Desktop\avien migration\tomcat\webapps\examples
17-Nov-2016 07:46:38.782 INFO [localhost-startStop-1] org.apache.jasper.servlet.TldScanner.scanJars At least one JAR was scanned for TLDs yet contained no TLDs. Enable debug logging for this logger for a complete list of JARs that were scanned but no TLDs were found in them. Skipping unneeded JARs during scanning can improve startup time and JSP compilation time.
17-Nov-2016 07:46:38.813 INFO [localhost-startStop-1] org.apache.catalina.startup.HostConfig.deployDirectory Deployment of web application directory C:\Users\cjedwards1\Desktop\avien migration\tomcat\webapps\examples has finished in 419 ms
17-Nov-2016 07:46:38.813 INFO [localhost-startStop-1] org.apache.catalina.startup.HostConfig.deployDirectory Deploying web application directory C:\Users\cjedwards1\Desktop\avien migration\tomcat\webapps\host-manager
17-Nov-2016 07:46:38.951 INFO [localhost-startStop-1] org.apache.jasper.servlet.TldScanner.scanJars At least one JAR was scanned for TLDs yet contained no TLDs. Enable debug logging for this logger for a complete list of JARs that were scanned but no TLDs were found in them. Skipping unneeded JARs during scanning can improve startup time and JSP compilation time.
17-Nov-2016 07:46:38.953 INFO [localhost-startStop-1] org.apache.catalina.startup.HostConfig.deployDirectory Deployment of web application directory C:\Users\cjedwards1\Desktop\avien migration\tomcat\webapps\host-manager has finished in 140 ms
17-Nov-2016 07:46:38.953 INFO [localhost-startStop-1] org.apache.catalina.startup.HostConfig.deployDirectory Deploying web application directory C:\Users\cjedwards1\Desktop\avien migration\tomcat\webapps\manager
17-Nov-2016 07:46:39.095 INFO [localhost-startStop-1] org.apache.jasper.servlet.TldScanner.scanJars At least one JAR was scanned for TLDs yet contained no TLDs. Enable debug logging for this logger for a complete list of JARs that were scanned but no TLDs were found in them. Skipping unneeded JARs during scanning can improve startup time and JSP compilation time.
17-Nov-2016 07:46:39.097 INFO [localhost-startStop-1] org.apache.catalina.startup.HostConfig.deployDirectory Deployment of web application directory C:\Users\cjedwards1\Desktop\avien migration\tomcat\webapps\manager has finished in 144 ms
17-Nov-2016 07:46:39.098 INFO [localhost-startStop-1] org.apache.catalina.startup.HostConfig.deployDirectory Deploying web application directory C:\Users\cjedwards1\Desktop\avien migration\tomcat\webapps\ROOT
17-Nov-2016 07:46:39.229 INFO [localhost-startStop-1] org.apache.jasper.servlet.TldScanner.scanJars At least one JAR was scanned for TLDs yet contained no TLDs. Enable debug logging for this logger for a complete list of JARs that were scanned but no TLDs were found in them. Skipping unneeded JARs during scanning can improve startup time and JSP compilation time.
17-Nov-2016 07:46:39.232 INFO [localhost-startStop-1] org.apache.catalina.startup.HostConfig.deployDirectory Deployment of web application directory C:\Users\cjedwards1\Desktop\avien migration\tomcat\webapps\ROOT has finished in 134 ms
17-Nov-2016 07:46:39.236 INFO [main] org.apache.coyote.AbstractProtocol.start Starting ProtocolHandler [http-nio-172.20.151.127-8080]
17-Nov-2016 07:46:39.242 INFO [main] org.apache.coyote.AbstractProtocol.start Starting ProtocolHandler [ajp-nio-8009]
17-Nov-2016 07:46:39.245 INFO [main] org.apache.catalina.startup.Catalina.start Server startup in 4255 ms
17-Nov-2016 07:47:10.639 INFO [main] org.apache.catalina.core.StandardServer.await A valid shutdown command was received via the shutdown port. Stopping the Server instance.
17-Nov-2016 07:47:10.640 INFO [main] org.apache.coyote.AbstractProtocol.pause Pausing ProtocolHandler ["http-nio-172.20.151.127-8080"]
17-Nov-2016 07:47:10.695 INFO [main] org.apache.coyote.AbstractProtocol.pause Pausing ProtocolHandler ["ajp-nio-8009"]
17-Nov-2016 07:47:10.747 INFO [main] org.apache.catalina.core.StandardService.stopInternal Stopping service Catalina
17-Nov-2016 07:47:11.320 INFO [main] org.apache.coyote.AbstractProtocol.stop Stopping ProtocolHandler ["http-nio-172.20.151.127-8080"]
17-Nov-2016 07:47:11.321 INFO [main] org.apache.coyote.AbstractProtocol.stop Stopping ProtocolHandler ["ajp-nio-8009"]
17-Nov-2016 07:47:11.322 INFO [main] org.apache.coyote.AbstractProtocol.destroy Destroying ProtocolHandler ["http-nio-172.20.151.127-8080"]
17-Nov-2016 07:47:11.323 INFO [main] org.apache.coyote.AbstractProtocol.destroy Destroying ProtocolHandler ["ajp-nio-8009"]
17-Nov-2016 07:47:56.497 WARNING [main] org.apache.catalina.startup.SetAllPropertiesRule.begin [SetAllPropertiesRule]{Server/Service/Connector} Setting property 'resolveHosts' to 'true' did not find a matching property.
17-Nov-2016 07:47:56.529 INFO [main] org.apache.catalina.startup.VersionLoggerListener.log Server version:        Apache Tomcat/8.5.5
17-Nov-2016 07:47:56.529 INFO [main] org.apache.catalina.startup.VersionLoggerListener.log Server built:          Aug 31 2016 19:51:16 UTC
17-Nov-2016 07:47:56.529 INFO [main] org.apache.catalina.startup.VersionLoggerListener.log Server number:         8.5.5.0
17-Nov-2016 07:47:56.530 INFO [main] org.apache.catalina.startup.VersionLoggerListener.log OS Name:               Windows 10
17-Nov-2016 07:47:56.530 INFO [main] org.apache.catalina.startup.VersionLoggerListener.log OS Version:            10.0
17-Nov-2016 07:47:56.530 INFO [main] org.apache.catalina.startup.VersionLoggerListener.log Architecture:          amd64
17-Nov-2016 07:47:56.530 INFO [main] org.apache.catalina.startup.VersionLoggerListener.log Java Home:             C:\Program Files\Java\jdk1.8.0_101\jre
17-Nov-2016 07:47:56.530 INFO [main] org.apache.catalina.startup.VersionLoggerListener.log JVM Version:           1.8.0_101-b13
17-Nov-2016 07:47:56.530 INFO [main] org.apache.catalina.startup.VersionLoggerListener.log JVM Vendor:            Oracle Corporation
17-Nov-2016 07:47:56.530 INFO [main] org.apache.catalina.startup.VersionLoggerListener.log CATALINA_BASE:         C:\Users\cjedwards1\Desktop\avien migration\tomcat
17-Nov-2016 07:47:56.530 INFO [main] org.apache.catalina.startup.VersionLoggerListener.log CATALINA_HOME:         C:\Users\cjedwards1\Desktop\avien migration\tomcat
17-Nov-2016 07:47:56.531 INFO [main] org.apache.catalina.startup.VersionLoggerListener.log Command line argument: -Xmx7G
17-Nov-2016 07:47:56.531 INFO [main] org.apache.catalina.startup.VersionLoggerListener.log Command line argument: -Djdk.tls.ephemeralDHKeySize=2048
17-Nov-2016 07:47:56.531 INFO [main] org.apache.catalina.startup.VersionLoggerListener.log Command line argument: -Djava.util.logging.config.file=C:\Users\cjedwards1\Desktop\avien migration\tomcat\conf\logging.properties
17-Nov-2016 07:47:56.531 INFO [main] org.apache.catalina.startup.VersionLoggerListener.log Command line argument: -Djava.util.logging.manager=org.apache.juli.ClassLoaderLogManager
17-Nov-2016 07:47:56.531 INFO [main] org.apache.catalina.startup.VersionLoggerListener.log Command line argument: -Dcatalina.base=C:\Users\cjedwards1\Desktop\avien migration\tomcat
17-Nov-2016 07:47:56.532 INFO [main] org.apache.catalina.startup.VersionLoggerListener.log Command line argument: -Dcatalina.home=C:\Users\cjedwards1\Desktop\avien migration\tomcat
17-Nov-2016 07:47:56.532 INFO [main] org.apache.catalina.startup.VersionLoggerListener.log Command line argument: -Djava.io.tmpdir=C:\Users\cjedwards1\Desktop\avien migration\tomcat\temp
17-Nov-2016 07:47:56.533 INFO [main] org.apache.catalina.core.AprLifecycleListener.lifecycleEvent The APR based Apache Tomcat Native library which allows optimal performance in production environments was not found on the java.library.path: C:\Program Files\Java\jdk1.8.0_101\bin;C:\WINDOWS\Sun\Java\bin;C:\WINDOWS\system32;C:\WINDOWS;C:\ProgramData\Oracle\Java\javapath;C:\WINDOWS\system32;C:\WINDOWS;C:\WINDOWS\System32\Wbem;C:\WINDOWS\System32\WindowsPowerShell\v1.0\;C:\Program Files (x86)\Microsoft SQL Server\110\Tools\Binn\ManagementStudio\;C:\Program Files (x86)\Microsoft SQL Server\110\Tools\Binn\;C:\Program Files\Microsoft SQL Server\110\Tools\Binn\;C:\Program Files (x86)\Microsoft SQL Server\110\DTS\Binn\;C:\Program Files (x86)\Microsoft SQL Server\Client SDK\ODBC\130\Tools\Binn\;C:\Program Files (x86)\Microsoft SQL Server\130\Tools\Binn\;C:\Program Files (x86)\Microsoft SQL Server\130\DTS\Binn\;C:\Program Files (x86)\Microsoft SQL Server\130\Tools\Binn\ManagementStudio\;C:\Users\cjedwards1\AppData\Local\Microsoft\WindowsApps;C:\Program Files\Java\jdk1.8.0_101\bin;C:\Users\cjedwards1\Desktop\apache-maven-3.3.9\bin;.
17-Nov-2016 07:47:56.623 INFO [main] org.apache.coyote.AbstractProtocol.init Initializing ProtocolHandler ["http-nio-172.20.151.127-8080"]
17-Nov-2016 07:47:56.725 INFO [main] org.apache.tomcat.util.net.NioSelectorPool.getSharedSelector Using a shared selector for servlet write/read
17-Nov-2016 07:47:56.728 INFO [main] org.apache.coyote.AbstractProtocol.init Initializing ProtocolHandler ["ajp-nio-8009"]
17-Nov-2016 07:47:56.730 INFO [main] org.apache.tomcat.util.net.NioSelectorPool.getSharedSelector Using a shared selector for servlet write/read
17-Nov-2016 07:47:56.730 INFO [main] org.apache.catalina.startup.Catalina.load Initialization processed in 447 ms
17-Nov-2016 07:47:56.747 INFO [main] org.apache.catalina.core.StandardService.startInternal Starting service Catalina
17-Nov-2016 07:47:56.747 INFO [main] org.apache.catalina.core.StandardEngine.startInternal Starting Servlet Engine: Apache Tomcat/8.5.5
17-Nov-2016 07:47:56.755 INFO [localhost-startStop-1] org.apache.catalina.startup.HostConfig.deployDirectory Deploying web application directory C:\Users\cjedwards1\Desktop\avien migration\tomcat\webapps\avienMigration
17-Nov-2016 07:47:59.654 INFO [localhost-startStop-1] org.apache.jasper.servlet.TldScanner.scanJars At least one JAR was scanned for TLDs yet contained no TLDs. Enable debug logging for this logger for a complete list of JARs that were scanned but no TLDs were found in them. Skipping unneeded JARs during scanning can improve startup time and JSP compilation time.
17-Nov-2016 07:47:59.691 INFO [localhost-startStop-1] org.apache.catalina.startup.HostConfig.deployDirectory Deployment of web application directory C:\Users\cjedwards1\Desktop\avien migration\tomcat\webapps\avienMigration has finished in 2,935 ms
17-Nov-2016 07:47:59.693 INFO [main] org.apache.coyote.AbstractProtocol.start Starting ProtocolHandler [http-nio-172.20.151.127-8080]
17-Nov-2016 07:47:59.700 INFO [main] org.apache.coyote.AbstractProtocol.start Starting ProtocolHandler [ajp-nio-8009]
17-Nov-2016 07:47:59.702 INFO [main] org.apache.catalina.startup.Catalina.start Server startup in 2971 ms
17-Nov-2016 07:56:10.300 INFO [main] org.apache.catalina.core.StandardServer.await A valid shutdown command was received via the shutdown port. Stopping the Server instance.
17-Nov-2016 07:56:10.301 INFO [main] org.apache.coyote.AbstractProtocol.pause Pausing ProtocolHandler ["http-nio-172.20.151.127-8080"]
17-Nov-2016 07:56:10.353 INFO [main] org.apache.coyote.AbstractProtocol.pause Pausing ProtocolHandler ["ajp-nio-8009"]
17-Nov-2016 07:56:10.405 INFO [main] org.apache.catalina.core.StandardService.stopInternal Stopping service Catalina
17-Nov-2016 07:56:10.435 INFO [main] org.apache.coyote.AbstractProtocol.stop Stopping ProtocolHandler ["http-nio-172.20.151.127-8080"]
17-Nov-2016 07:56:10.438 INFO [main] org.apache.coyote.AbstractProtocol.stop Stopping ProtocolHandler ["ajp-nio-8009"]
17-Nov-2016 07:56:10.441 INFO [main] org.apache.coyote.AbstractProtocol.destroy Destroying ProtocolHandler ["http-nio-172.20.151.127-8080"]
17-Nov-2016 07:56:10.444 INFO [main] org.apache.coyote.AbstractProtocol.destroy Destroying ProtocolHandler ["ajp-nio-8009"]
17-Nov-2016 07:56:48.608 WARNING [main] org.apache.catalina.startup.SetAllPropertiesRule.begin [SetAllPropertiesRule]{Server/Service/Connector} Setting property 'resolveHosts' to 'true' did not find a matching property.
17-Nov-2016 07:56:48.639 INFO [main] org.apache.catalina.startup.VersionLoggerListener.log Server version:        Apache Tomcat/8.5.5
17-Nov-2016 07:56:48.639 INFO [main] org.apache.catalina.startup.VersionLoggerListener.log Server built:          Aug 31 2016 19:51:16 UTC
17-Nov-2016 07:56:48.640 INFO [main] org.apache.catalina.startup.VersionLoggerListener.log Server number:         8.5.5.0
17-Nov-2016 07:56:48.640 INFO [main] org.apache.catalina.startup.VersionLoggerListener.log OS Name:               Windows 10
17-Nov-2016 07:56:48.640 INFO [main] org.apache.catalina.startup.VersionLoggerListener.log OS Version:            10.0
17-Nov-2016 07:56:48.640 INFO [main] org.apache.catalina.startup.VersionLoggerListener.log Architecture:          amd64
17-Nov-2016 07:56:48.641 INFO [main] org.apache.catalina.startup.VersionLoggerListener.log Java Home:             C:\Program Files\Java\jdk1.8.0_101\jre
17-Nov-2016 07:56:48.641 INFO [main] org.apache.catalina.startup.VersionLoggerListener.log JVM Version:           1.8.0_101-b13
17-Nov-2016 07:56:48.641 INFO [main] org.apache.catalina.startup.VersionLoggerListener.log JVM Vendor:            Oracle Corporation
17-Nov-2016 07:56:48.641 INFO [main] org.apache.catalina.startup.VersionLoggerListener.log CATALINA_BASE:         C:\Users\cjedwards1\Desktop\avien migration\tomcat
17-Nov-2016 07:56:48.642 INFO [main] org.apache.catalina.startup.VersionLoggerListener.log CATALINA_HOME:         C:\Users\cjedwards1\Desktop\avien migration\tomcat
17-Nov-2016 07:56:48.642 INFO [main] org.apache.catalina.startup.VersionLoggerListener.log Command line argument: -Xmx7G
17-Nov-2016 07:56:48.642 INFO [main] org.apache.catalina.startup.VersionLoggerListener.log Command line argument: -Djdk.tls.ephemeralDHKeySize=2048
17-Nov-2016 07:56:48.642 INFO [main] org.apache.catalina.startup.VersionLoggerListener.log Command line argument: -Djava.util.logging.config.file=C:\Users\cjedwards1\Desktop\avien migration\tomcat\conf\logging.properties
17-Nov-2016 07:56:48.643 INFO [main] org.apache.catalina.startup.VersionLoggerListener.log Command line argument: -Djava.util.logging.manager=org.apache.juli.ClassLoaderLogManager
17-Nov-2016 07:56:48.643 INFO [main] org.apache.catalina.startup.VersionLoggerListener.log Command line argument: -Dcatalina.base=C:\Users\cjedwards1\Desktop\avien migration\tomcat
17-Nov-2016 07:56:48.644 INFO [main] org.apache.catalina.startup.VersionLoggerListener.log Command line argument: -Dcatalina.home=C:\Users\cjedwards1\Desktop\avien migration\tomcat
17-Nov-2016 07:56:48.644 INFO [main] org.apache.catalina.startup.VersionLoggerListener.log Command line argument: -Djava.io.tmpdir=C:\Users\cjedwards1\Desktop\avien migration\tomcat\temp
17-Nov-2016 07:56:48.645 INFO [main] org.apache.catalina.core.AprLifecycleListener.lifecycleEvent The APR based Apache Tomcat Native library which allows optimal performance in production environments was not found on the java.library.path: C:\Program Files\Java\jdk1.8.0_101\bin;C:\WINDOWS\Sun\Java\bin;C:\WINDOWS\system32;C:\WINDOWS;C:\ProgramData\Oracle\Java\javapath;C:\WINDOWS\system32;C:\WINDOWS;C:\WINDOWS\System32\Wbem;C:\WINDOWS\System32\WindowsPowerShell\v1.0\;C:\Program Files (x86)\Microsoft SQL Server\110\Tools\Binn\ManagementStudio\;C:\Program Files (x86)\Microsoft SQL Server\110\Tools\Binn\;C:\Program Files\Microsoft SQL Server\110\Tools\Binn\;C:\Program Files (x86)\Microsoft SQL Server\110\DTS\Binn\;C:\Program Files (x86)\Microsoft SQL Server\Client SDK\ODBC\130\Tools\Binn\;C:\Program Files (x86)\Microsoft SQL Server\130\Tools\Binn\;C:\Program Files (x86)\Microsoft SQL Server\130\DTS\Binn\;C:\Program Files (x86)\Microsoft SQL Server\130\Tools\Binn\ManagementStudio\;C:\Users\cjedwards1\AppData\Local\Microsoft\WindowsApps;C:\Program Files\Java\jdk1.8.0_101\bin;C:\Users\cjedwards1\Desktop\apache-maven-3.3.9\bin;.
17-Nov-2016 07:56:48.739 INFO [main] org.apache.coyote.AbstractProtocol.init Initializing ProtocolHandler ["http-nio-172.20.151.127-8080"]
17-Nov-2016 07:56:48.829 INFO [main] org.apache.tomcat.util.net.NioSelectorPool.getSharedSelector Using a shared selector for servlet write/read
17-Nov-2016 07:56:48.832 INFO [main] org.apache.coyote.AbstractProtocol.init Initializing ProtocolHandler ["ajp-nio-8009"]
17-Nov-2016 07:56:48.834 INFO [main] org.apache.tomcat.util.net.NioSelectorPool.getSharedSelector Using a shared selector for servlet write/read
17-Nov-2016 07:56:48.834 INFO [main] org.apache.catalina.startup.Catalina.load Initialization processed in 449 ms
17-Nov-2016 07:56:48.852 INFO [main] org.apache.catalina.core.StandardService.startInternal Starting service Catalina
17-Nov-2016 07:56:48.852 INFO [main] org.apache.catalina.core.StandardEngine.startInternal Starting Servlet Engine: Apache Tomcat/8.5.5
17-Nov-2016 07:56:48.861 INFO [localhost-startStop-1] org.apache.catalina.startup.HostConfig.deployDirectory Deploying web application directory C:\Users\cjedwards1\Desktop\avien migration\tomcat\webapps\avienMigration
17-Nov-2016 07:56:51.689 INFO [localhost-startStop-1] org.apache.jasper.servlet.TldScanner.scanJars At least one JAR was scanned for TLDs yet contained no TLDs. Enable debug logging for this logger for a complete list of JARs that were scanned but no TLDs were found in them. Skipping unneeded JARs during scanning can improve startup time and JSP compilation time.
17-Nov-2016 07:56:51.723 INFO [localhost-startStop-1] org.apache.catalina.startup.HostConfig.deployDirectory Deployment of web application directory C:\Users\cjedwards1\Desktop\avien migration\tomcat\webapps\avienMigration has finished in 2,862 ms
17-Nov-2016 07:56:51.726 INFO [main] org.apache.coyote.AbstractProtocol.start Starting ProtocolHandler [http-nio-172.20.151.127-8080]
17-Nov-2016 07:56:51.732 INFO [main] org.apache.coyote.AbstractProtocol.start Starting ProtocolHandler [ajp-nio-8009]
17-Nov-2016 07:56:51.734 INFO [main] org.apache.catalina.startup.Catalina.start Server startup in 2899 ms
17-Nov-2016 08:17:14.388 INFO [main] org.apache.catalina.core.StandardServer.await A valid shutdown command was received via the shutdown port. Stopping the Server instance.
17-Nov-2016 08:17:14.389 INFO [main] org.apache.coyote.AbstractProtocol.pause Pausing ProtocolHandler ["http-nio-172.20.151.127-8080"]
17-Nov-2016 08:17:14.440 INFO [main] org.apache.coyote.AbstractProtocol.pause Pausing ProtocolHandler ["ajp-nio-8009"]
17-Nov-2016 08:17:14.491 INFO [main] org.apache.catalina.core.StandardService.stopInternal Stopping service Catalina
17-Nov-2016 08:17:14.516 INFO [main] org.apache.coyote.AbstractProtocol.stop Stopping ProtocolHandler ["http-nio-172.20.151.127-8080"]
17-Nov-2016 08:17:14.518 INFO [main] org.apache.coyote.AbstractProtocol.stop Stopping ProtocolHandler ["ajp-nio-8009"]
17-Nov-2016 08:17:14.519 INFO [main] org.apache.coyote.AbstractProtocol.destroy Destroying ProtocolHandler ["http-nio-172.20.151.127-8080"]
17-Nov-2016 08:17:14.520 INFO [main] org.apache.coyote.AbstractProtocol.destroy Destroying ProtocolHandler ["ajp-nio-8009"]
17-Nov-2016 08:17:28.201 WARNING [main] org.apache.catalina.startup.SetAllPropertiesRule.begin [SetAllPropertiesRule]{Server/Service/Connector} Setting property 'resolveHosts' to 'true' did not find a matching property.
17-Nov-2016 08:17:28.233 INFO [main] org.apache.catalina.startup.VersionLoggerListener.log Server version:        Apache Tomcat/8.5.5
17-Nov-2016 08:17:28.233 INFO [main] org.apache.catalina.startup.VersionLoggerListener.log Server built:          Aug 31 2016 19:51:16 UTC
17-Nov-2016 08:17:28.234 INFO [main] org.apache.catalina.startup.VersionLoggerListener.log Server number:         8.5.5.0
17-Nov-2016 08:17:28.234 INFO [main] org.apache.catalina.startup.VersionLoggerListener.log OS Name:               Windows 10
17-Nov-2016 08:17:28.234 INFO [main] org.apache.catalina.startup.VersionLoggerListener.log OS Version:            10.0
17-Nov-2016 08:17:28.234 INFO [main] org.apache.catalina.startup.VersionLoggerListener.log Architecture:          amd64
17-Nov-2016 08:17:28.235 INFO [main] org.apache.catalina.startup.VersionLoggerListener.log Java Home:             C:\Program Files\Java\jdk1.8.0_101\jre
17-Nov-2016 08:17:28.235 INFO [main] org.apache.catalina.startup.VersionLoggerListener.log JVM Version:           1.8.0_101-b13
17-Nov-2016 08:17:28.235 INFO [main] org.apache.catalina.startup.VersionLoggerListener.log JVM Vendor:            Oracle Corporation
17-Nov-2016 08:17:28.235 INFO [main] org.apache.catalina.startup.VersionLoggerListener.log CATALINA_BASE:         C:\Users\cjedwards1\Desktop\avien migration\tomcat
17-Nov-2016 08:17:28.235 INFO [main] org.apache.catalina.startup.VersionLoggerListener.log CATALINA_HOME:         C:\Users\cjedwards1\Desktop\avien migration\tomcat
17-Nov-2016 08:17:28.236 INFO [main] org.apache.catalina.startup.VersionLoggerListener.log Command line argument: -Xmx7G
17-Nov-2016 08:17:28.236 INFO [main] org.apache.catalina.startup.VersionLoggerListener.log Command line argument: -Djdk.tls.ephemeralDHKeySize=2048
17-Nov-2016 08:17:28.236 INFO [main] org.apache.catalina.startup.VersionLoggerListener.log Command line argument: -Djava.util.logging.config.file=C:\Users\cjedwards1\Desktop\avien migration\tomcat\conf\logging.properties
17-Nov-2016 08:17:28.236 INFO [main] org.apache.catalina.startup.VersionLoggerListener.log Command line argument: -Djava.util.logging.manager=org.apache.juli.ClassLoaderLogManager
17-Nov-2016 08:17:28.237 INFO [main] org.apache.catalina.startup.VersionLoggerListener.log Command line argument: -Dcatalina.base=C:\Users\cjedwards1\Desktop\avien migration\tomcat
17-Nov-2016 08:17:28.238 INFO [main] org.apache.catalina.startup.VersionLoggerListener.log Command line argument: -Dcatalina.home=C:\Users\cjedwards1\Desktop\avien migration\tomcat
17-Nov-2016 08:17:28.238 INFO [main] org.apache.catalina.startup.VersionLoggerListener.log Command line argument: -Djava.io.tmpdir=C:\Users\cjedwards1\Desktop\avien migration\tomcat\temp
17-Nov-2016 08:17:28.239 INFO [main] org.apache.catalina.core.AprLifecycleListener.lifecycleEvent The APR based Apache Tomcat Native library which allows optimal performance in production environments was not found on the java.library.path: C:\Program Files\Java\jdk1.8.0_101\bin;C:\WINDOWS\Sun\Java\bin;C:\WINDOWS\system32;C:\WINDOWS;C:\ProgramData\Oracle\Java\javapath;C:\WINDOWS\system32;C:\WINDOWS;C:\WINDOWS\System32\Wbem;C:\WINDOWS\System32\WindowsPowerShell\v1.0\;C:\Program Files (x86)\Microsoft SQL Server\110\Tools\Binn\ManagementStudio\;C:\Program Files (x86)\Microsoft SQL Server\110\Tools\Binn\;C:\Program Files\Microsoft SQL Server\110\Tools\Binn\;C:\Program Files (x86)\Microsoft SQL Server\110\DTS\Binn\;C:\Program Files (x86)\Microsoft SQL Server\Client SDK\ODBC\130\Tools\Binn\;C:\Program Files (x86)\Microsoft SQL Server\130\Tools\Binn\;C:\Program Files (x86)\Microsoft SQL Server\130\DTS\Binn\;C:\Program Files (x86)\Microsoft SQL Server\130\Tools\Binn\ManagementStudio\;C:\Users\cjedwards1\AppData\Local\Microsoft\WindowsApps;C:\Program Files\Java\jdk1.8.0_101\bin;C:\Users\cjedwards1\Desktop\apache-maven-3.3.9\bin;.
17-Nov-2016 08:17:28.479 INFO [main] org.apache.coyote.AbstractProtocol.init Initializing ProtocolHandler ["http-nio-172.20.151.127-8080"]
17-Nov-2016 08:17:28.577 INFO [main] org.apache.tomcat.util.net.NioSelectorPool.getSharedSelector Using a shared selector for servlet write/read
17-Nov-2016 08:17:28.579 INFO [main] org.apache.coyote.AbstractProtocol.init Initializing ProtocolHandler ["ajp-nio-8009"]
17-Nov-2016 08:17:28.581 INFO [main] org.apache.tomcat.util.net.NioSelectorPool.getSharedSelector Using a shared selector for servlet write/read
17-Nov-2016 08:17:28.581 INFO [main] org.apache.catalina.startup.Catalina.load Initialization processed in 608 ms
17-Nov-2016 08:17:28.598 INFO [main] org.apache.catalina.core.StandardService.startInternal Starting service Catalina
17-Nov-2016 08:17:28.599 INFO [main] org.apache.catalina.core.StandardEngine.startInternal Starting Servlet Engine: Apache Tomcat/8.5.5
17-Nov-2016 08:17:28.606 INFO [localhost-startStop-1] org.apache.catalina.startup.HostConfig.deployDirectory Deploying web application directory C:\Users\cjedwards1\Desktop\avien migration\tomcat\webapps\avienMigration
17-Nov-2016 08:17:31.443 INFO [localhost-startStop-1] org.apache.jasper.servlet.TldScanner.scanJars At least one JAR was scanned for TLDs yet contained no TLDs. Enable debug logging for this logger for a complete list of JARs that were scanned but no TLDs were found in them. Skipping unneeded JARs during scanning can improve startup time and JSP compilation time.
17-Nov-2016 08:17:31.483 INFO [localhost-startStop-1] org.apache.catalina.startup.HostConfig.deployDirectory Deployment of web application directory C:\Users\cjedwards1\Desktop\avien migration\tomcat\webapps\avienMigration has finished in 2,876 ms
17-Nov-2016 08:17:31.486 INFO [main] org.apache.coyote.AbstractProtocol.start Starting ProtocolHandler [http-nio-172.20.151.127-8080]
17-Nov-2016 08:17:31.492 INFO [main] org.apache.coyote.AbstractProtocol.start Starting ProtocolHandler [ajp-nio-8009]
17-Nov-2016 08:17:31.495 INFO [main] org.apache.catalina.startup.Catalina.start Server startup in 2913 ms
17-Nov-2016 08:32:21.991 INFO [ContainerBackgroundProcessor[StandardEngine[Catalina]]] org.apache.catalina.core.StandardContext.reload Reloading Context with name [/avienMigration] has started
17-Nov-2016 08:32:24.126 INFO [ContainerBackgroundProcessor[StandardEngine[Catalina]]] org.apache.catalina.core.StandardContext.reload Reloading Context with name [/avienMigration] is completed
17-Nov-2016 10:05:32.620 INFO [ContainerBackgroundProcessor[StandardEngine[Catalina]]] org.apache.catalina.core.StandardContext.reload Reloading Context with name [/avienMigration] has started
17-Nov-2016 10:05:34.897 INFO [ContainerBackgroundProcessor[StandardEngine[Catalina]]] org.apache.catalina.core.StandardContext.reload Reloading Context with name [/avienMigration] is completed
