11-Oct-2016 09:27:21.344 WARNING [main] org.apache.catalina.startup.SetAllPropertiesRule.begin [SetAllPropertiesRule]{Server/Service/Connector} Setting property 'resolveHosts' to 'true' did not find a matching property.
11-Oct-2016 09:27:21.381 INFO [main] org.apache.catalina.startup.VersionLoggerListener.log Server version:        Apache Tomcat/8.5.5
11-Oct-2016 09:27:21.382 INFO [main] org.apache.catalina.startup.VersionLoggerListener.log Server built:          Aug 31 2016 19:51:16 UTC
11-Oct-2016 09:27:21.382 INFO [main] org.apache.catalina.startup.VersionLoggerListener.log Server number:         8.5.5.0
11-Oct-2016 09:27:21.382 INFO [main] org.apache.catalina.startup.VersionLoggerListener.log OS Name:               Windows 10
11-Oct-2016 09:27:21.383 INFO [main] org.apache.catalina.startup.VersionLoggerListener.log OS Version:            10.0
11-Oct-2016 09:27:21.383 INFO [main] org.apache.catalina.startup.VersionLoggerListener.log Architecture:          amd64
11-Oct-2016 09:27:21.383 INFO [main] org.apache.catalina.startup.VersionLoggerListener.log Java Home:             C:\Program Files\Java\jdk1.8.0_101\jre
11-Oct-2016 09:27:21.383 INFO [main] org.apache.catalina.startup.VersionLoggerListener.log JVM Version:           1.8.0_101-b13
11-Oct-2016 09:27:21.384 INFO [main] org.apache.catalina.startup.VersionLoggerListener.log JVM Vendor:            Oracle Corporation
11-Oct-2016 09:27:21.384 INFO [main] org.apache.catalina.startup.VersionLoggerListener.log CATALINA_BASE:         C:\Users\cjedwards1\Desktop\major classifier\tomcat
11-Oct-2016 09:27:21.384 INFO [main] org.apache.catalina.startup.VersionLoggerListener.log CATALINA_HOME:         C:\Users\cjedwards1\Desktop\major classifier\tomcat
11-Oct-2016 09:27:21.385 INFO [main] org.apache.catalina.startup.VersionLoggerListener.log Command line argument: -Djdk.tls.ephemeralDHKeySize=2048
11-Oct-2016 09:27:21.385 INFO [main] org.apache.catalina.startup.VersionLoggerListener.log Command line argument: -Djava.util.logging.config.file=C:\Users\cjedwards1\Desktop\major classifier\tomcat\conf\logging.properties
11-Oct-2016 09:27:21.385 INFO [main] org.apache.catalina.startup.VersionLoggerListener.log Command line argument: -Djava.util.logging.manager=org.apache.juli.ClassLoaderLogManager
11-Oct-2016 09:27:21.385 INFO [main] org.apache.catalina.startup.VersionLoggerListener.log Command line argument: -Dcatalina.base=C:\Users\cjedwards1\Desktop\major classifier\tomcat
11-Oct-2016 09:27:21.385 INFO [main] org.apache.catalina.startup.VersionLoggerListener.log Command line argument: -Dcatalina.home=C:\Users\cjedwards1\Desktop\major classifier\tomcat
11-Oct-2016 09:27:21.386 INFO [main] org.apache.catalina.startup.VersionLoggerListener.log Command line argument: -Djava.io.tmpdir=C:\Users\cjedwards1\Desktop\major classifier\tomcat\temp
11-Oct-2016 09:27:21.386 INFO [main] org.apache.catalina.core.AprLifecycleListener.lifecycleEvent The APR based Apache Tomcat Native library which allows optimal performance in production environments was not found on the java.library.path: C:\Program Files\Java\jdk1.8.0_101\bin;C:\WINDOWS\Sun\Java\bin;C:\WINDOWS\system32;C:\WINDOWS;C:\ProgramData\Oracle\Java\javapath;C:\WINDOWS\system32;C:\WINDOWS;C:\WINDOWS\System32\Wbem;C:\WINDOWS\System32\WindowsPowerShell\v1.0\;C:\Program Files (x86)\Microsoft SQL Server\110\Tools\Binn\ManagementStudio\;C:\Program Files (x86)\Microsoft SQL Server\110\Tools\Binn\;C:\Program Files\Microsoft SQL Server\110\Tools\Binn\;C:\Program Files (x86)\Microsoft SQL Server\110\DTS\Binn\;C:\Program Files (x86)\Microsoft SQL Server\Client SDK\ODBC\130\Tools\Binn\;C:\Program Files (x86)\Microsoft SQL Server\130\Tools\Binn\;C:\Program Files (x86)\Microsoft SQL Server\130\DTS\Binn\;C:\Program Files (x86)\Microsoft SQL Server\130\Tools\Binn\ManagementStudio\;C:\Users\cjedwards1\AppData\Local\Microsoft\WindowsApps;C:\Program Files\Java\jdk1.8.0_101\bin;C:\Users\cjedwards1\Desktop\apache-maven-3.3.9\bin;.
11-Oct-2016 09:27:21.535 INFO [main] org.apache.coyote.AbstractProtocol.init Initializing ProtocolHandler ["http-nio-172.20.151.127-8080"]
11-Oct-2016 09:27:21.625 INFO [main] org.apache.tomcat.util.net.NioSelectorPool.getSharedSelector Using a shared selector for servlet write/read
11-Oct-2016 09:27:21.628 INFO [main] org.apache.coyote.AbstractProtocol.init Initializing ProtocolHandler ["ajp-nio-8009"]
11-Oct-2016 09:27:21.630 INFO [main] org.apache.tomcat.util.net.NioSelectorPool.getSharedSelector Using a shared selector for servlet write/read
11-Oct-2016 09:27:21.630 INFO [main] org.apache.catalina.startup.Catalina.load Initialization processed in 595 ms
11-Oct-2016 09:27:21.657 INFO [main] org.apache.catalina.core.StandardService.startInternal Starting service Catalina
11-Oct-2016 09:27:21.658 INFO [main] org.apache.catalina.core.StandardEngine.startInternal Starting Servlet Engine: Apache Tomcat/8.5.5
11-Oct-2016 09:27:21.668 INFO [localhost-startStop-1] org.apache.catalina.startup.HostConfig.deployDirectory Deploying web application directory C:\Users\cjedwards1\Desktop\major classifier\tomcat\webapps\docs
11-Oct-2016 09:27:22.063 INFO [localhost-startStop-1] org.apache.jasper.servlet.TldScanner.scanJars At least one JAR was scanned for TLDs yet contained no TLDs. Enable debug logging for this logger for a complete list of JARs that were scanned but no TLDs were found in them. Skipping unneeded JARs during scanning can improve startup time and JSP compilation time.
11-Oct-2016 09:27:22.102 INFO [localhost-startStop-1] org.apache.catalina.startup.HostConfig.deployDirectory Deployment of web application directory C:\Users\cjedwards1\Desktop\major classifier\tomcat\webapps\docs has finished in 433 ms
11-Oct-2016 09:27:22.102 INFO [localhost-startStop-1] org.apache.catalina.startup.HostConfig.deployDirectory Deploying web application directory C:\Users\cjedwards1\Desktop\major classifier\tomcat\webapps\examples
11-Oct-2016 09:27:22.820 INFO [localhost-startStop-1] org.apache.jasper.servlet.TldScanner.scanJars At least one JAR was scanned for TLDs yet contained no TLDs. Enable debug logging for this logger for a complete list of JARs that were scanned but no TLDs were found in them. Skipping unneeded JARs during scanning can improve startup time and JSP compilation time.
11-Oct-2016 09:27:22.853 INFO [localhost-startStop-1] org.apache.catalina.startup.HostConfig.deployDirectory Deployment of web application directory C:\Users\cjedwards1\Desktop\major classifier\tomcat\webapps\examples has finished in 751 ms
11-Oct-2016 09:27:22.854 INFO [localhost-startStop-1] org.apache.catalina.startup.HostConfig.deployDirectory Deploying web application directory C:\Users\cjedwards1\Desktop\major classifier\tomcat\webapps\hello
11-Oct-2016 09:27:22.999 INFO [localhost-startStop-1] org.apache.jasper.servlet.TldScanner.scanJars At least one JAR was scanned for TLDs yet contained no TLDs. Enable debug logging for this logger for a complete list of JARs that were scanned but no TLDs were found in them. Skipping unneeded JARs during scanning can improve startup time and JSP compilation time.
11-Oct-2016 09:27:23.006 INFO [localhost-startStop-1] org.apache.catalina.startup.HostConfig.deployDirectory Deployment of web application directory C:\Users\cjedwards1\Desktop\major classifier\tomcat\webapps\hello has finished in 153 ms
11-Oct-2016 09:27:23.007 INFO [localhost-startStop-1] org.apache.catalina.startup.HostConfig.deployDirectory Deploying web application directory C:\Users\cjedwards1\Desktop\major classifier\tomcat\webapps\host-manager
11-Oct-2016 09:27:23.119 INFO [localhost-startStop-1] org.apache.jasper.servlet.TldScanner.scanJars At least one JAR was scanned for TLDs yet contained no TLDs. Enable debug logging for this logger for a complete list of JARs that were scanned but no TLDs were found in them. Skipping unneeded JARs during scanning can improve startup time and JSP compilation time.
11-Oct-2016 09:27:23.123 INFO [localhost-startStop-1] org.apache.catalina.startup.HostConfig.deployDirectory Deployment of web application directory C:\Users\cjedwards1\Desktop\major classifier\tomcat\webapps\host-manager has finished in 117 ms
11-Oct-2016 09:27:23.124 INFO [localhost-startStop-1] org.apache.catalina.startup.HostConfig.deployDirectory Deploying web application directory C:\Users\cjedwards1\Desktop\major classifier\tomcat\webapps\majorclassifier
11-Oct-2016 09:27:24.540 INFO [localhost-startStop-1] org.apache.jasper.servlet.TldScanner.scanJars At least one JAR was scanned for TLDs yet contained no TLDs. Enable debug logging for this logger for a complete list of JARs that were scanned but no TLDs were found in them. Skipping unneeded JARs during scanning can improve startup time and JSP compilation time.
11-Oct-2016 09:27:24.566 INFO [localhost-startStop-1] org.apache.catalina.startup.HostConfig.deployDirectory Deployment of web application directory C:\Users\cjedwards1\Desktop\major classifier\tomcat\webapps\majorclassifier has finished in 1,442 ms
11-Oct-2016 09:27:24.566 INFO [localhost-startStop-1] org.apache.catalina.startup.HostConfig.deployDirectory Deploying web application directory C:\Users\cjedwards1\Desktop\major classifier\tomcat\webapps\manager
11-Oct-2016 09:27:24.680 INFO [localhost-startStop-1] org.apache.jasper.servlet.TldScanner.scanJars At least one JAR was scanned for TLDs yet contained no TLDs. Enable debug logging for this logger for a complete list of JARs that were scanned but no TLDs were found in them. Skipping unneeded JARs during scanning can improve startup time and JSP compilation time.
11-Oct-2016 09:27:24.683 INFO [localhost-startStop-1] org.apache.catalina.startup.HostConfig.deployDirectory Deployment of web application directory C:\Users\cjedwards1\Desktop\major classifier\tomcat\webapps\manager has finished in 116 ms
11-Oct-2016 09:27:24.683 INFO [localhost-startStop-1] org.apache.catalina.startup.HostConfig.deployDirectory Deploying web application directory C:\Users\cjedwards1\Desktop\major classifier\tomcat\webapps\ROOT
11-Oct-2016 09:27:24.786 INFO [localhost-startStop-1] org.apache.jasper.servlet.TldScanner.scanJars At least one JAR was scanned for TLDs yet contained no TLDs. Enable debug logging for this logger for a complete list of JARs that were scanned but no TLDs were found in them. Skipping unneeded JARs during scanning can improve startup time and JSP compilation time.
11-Oct-2016 09:27:24.788 INFO [localhost-startStop-1] org.apache.catalina.startup.HostConfig.deployDirectory Deployment of web application directory C:\Users\cjedwards1\Desktop\major classifier\tomcat\webapps\ROOT has finished in 105 ms
11-Oct-2016 09:27:24.791 INFO [main] org.apache.coyote.AbstractProtocol.start Starting ProtocolHandler [http-nio-172.20.151.127-8080]
11-Oct-2016 09:27:24.798 INFO [main] org.apache.coyote.AbstractProtocol.start Starting ProtocolHandler [ajp-nio-8009]
11-Oct-2016 09:27:24.799 INFO [main] org.apache.catalina.startup.Catalina.start Server startup in 3167 ms
11-Oct-2016 12:42:29.962 INFO [main] org.apache.catalina.core.StandardServer.await A valid shutdown command was received via the shutdown port. Stopping the Server instance.
11-Oct-2016 12:42:29.978 INFO [main] org.apache.coyote.AbstractProtocol.pause Pausing ProtocolHandler ["http-nio-172.20.151.127-8080"]
11-Oct-2016 12:42:30.040 INFO [main] org.apache.coyote.AbstractProtocol.pause Pausing ProtocolHandler ["ajp-nio-8009"]
11-Oct-2016 12:42:30.103 INFO [main] org.apache.catalina.core.StandardService.stopInternal Stopping service Catalina
11-Oct-2016 12:42:30.150 INFO [main] org.apache.coyote.AbstractProtocol.stop Stopping ProtocolHandler ["http-nio-172.20.151.127-8080"]
11-Oct-2016 12:42:30.150 INFO [main] org.apache.coyote.AbstractProtocol.stop Stopping ProtocolHandler ["ajp-nio-8009"]
11-Oct-2016 12:42:30.150 INFO [main] org.apache.coyote.AbstractProtocol.destroy Destroying ProtocolHandler ["http-nio-172.20.151.127-8080"]
11-Oct-2016 12:42:30.150 INFO [main] org.apache.coyote.AbstractProtocol.destroy Destroying ProtocolHandler ["ajp-nio-8009"]
