Feb 13, 2017 9:44:28 AM org.apache.catalina.startup.VersionLoggerListener log
INFO: Server version:        Apache Tomcat (TomEE)/7.0.68 (1.7.4)
Feb 13, 2017 9:44:28 AM org.apache.catalina.startup.VersionLoggerListener log
INFO: Server built:          Feb 8 2016 20:25:54 UTC
Feb 13, 2017 9:44:28 AM org.apache.catalina.startup.VersionLoggerListener log
INFO: Server number:         7.0.68.0
Feb 13, 2017 9:44:28 AM org.apache.catalina.startup.VersionLoggerListener log
INFO: OS Name:               Windows 10
Feb 13, 2017 9:44:28 AM org.apache.catalina.startup.VersionLoggerListener log
INFO: OS Version:            10.0
Feb 13, 2017 9:44:28 AM org.apache.catalina.startup.VersionLoggerListener log
INFO: Architecture:          amd64
Feb 13, 2017 9:44:28 AM org.apache.catalina.startup.VersionLoggerListener log
INFO: Java Home:             C:\Program Files\Java\jdk1.8.0_101\jre
Feb 13, 2017 9:44:28 AM org.apache.catalina.startup.VersionLoggerListener log
INFO: JVM Version:           1.8.0_101-b13
Feb 13, 2017 9:44:28 AM org.apache.catalina.startup.VersionLoggerListener log
INFO: JVM Vendor:            Oracle Corporation
Feb 13, 2017 9:44:28 AM org.apache.catalina.startup.VersionLoggerListener log
INFO: CATALINA_BASE:         C:\Users\cjedwards1\Desktop\AvianMigration\apache-tomee-webprofile-1.7.4
Feb 13, 2017 9:44:28 AM org.apache.catalina.startup.VersionLoggerListener log
INFO: CATALINA_HOME:         C:\Users\cjedwards1\Desktop\AvianMigration\apache-tomee-webprofile-1.7.4
Feb 13, 2017 9:44:28 AM org.apache.catalina.startup.VersionLoggerListener log
INFO: Command line argument: -javaagent:C:\Users\cjedwards1\Desktop\AvianMigration\apache-tomee-webprofile-1.7.4\lib\openejb-javaagent.jar
Feb 13, 2017 9:44:28 AM org.apache.catalina.startup.VersionLoggerListener log
INFO: Command line argument: -Djava.util.logging.config.file=C:\Users\cjedwards1\Desktop\AvianMigration\apache-tomee-webprofile-1.7.4\conf\logging.properties
Feb 13, 2017 9:44:28 AM org.apache.catalina.startup.VersionLoggerListener log
INFO: Command line argument: -Djava.util.logging.manager=org.apache.juli.ClassLoaderLogManager
Feb 13, 2017 9:44:28 AM org.apache.catalina.startup.VersionLoggerListener log
INFO: Command line argument: -Djava.endorsed.dirs=C:\Users\cjedwards1\Desktop\AvianMigration\apache-tomee-webprofile-1.7.4\endorsed
Feb 13, 2017 9:44:28 AM org.apache.catalina.startup.VersionLoggerListener log
INFO: Command line argument: -Dcatalina.base=C:\Users\cjedwards1\Desktop\AvianMigration\apache-tomee-webprofile-1.7.4
Feb 13, 2017 9:44:28 AM org.apache.catalina.startup.VersionLoggerListener log
INFO: Command line argument: -Dcatalina.home=C:\Users\cjedwards1\Desktop\AvianMigration\apache-tomee-webprofile-1.7.4
Feb 13, 2017 9:44:28 AM org.apache.catalina.startup.VersionLoggerListener log
INFO: Command line argument: -Djava.io.tmpdir=C:\Users\cjedwards1\Desktop\AvianMigration\apache-tomee-webprofile-1.7.4\temp
Feb 13, 2017 9:44:28 AM org.apache.catalina.core.AprLifecycleListener lifecycleEvent
INFO: The APR based Apache Tomcat Native library which allows optimal performance in production environments was not found on the java.library.path: C:\Program Files\Java\jdk1.8.0_101\bin;C:\WINDOWS\Sun\Java\bin;C:\WINDOWS\system32;C:\WINDOWS;C:\ProgramData\Oracle\Java\javapath;C:\WINDOWS\system32;C:\WINDOWS;C:\WINDOWS\System32\Wbem;C:\WINDOWS\System32\WindowsPowerShell\v1.0\;C:\Program Files (x86)\Microsoft SQL Server\110\Tools\Binn\ManagementStudio\;C:\Program Files (x86)\Microsoft SQL Server\110\Tools\Binn\;C:\Program Files\Microsoft SQL Server\110\Tools\Binn\;C:\Program Files (x86)\Microsoft SQL Server\110\DTS\Binn\;C:\Program Files (x86)\Microsoft SQL Server\Client SDK\ODBC\130\Tools\Binn\;C:\Program Files (x86)\Microsoft SQL Server\130\Tools\Binn\;C:\Program Files (x86)\Microsoft SQL Server\130\DTS\Binn\;C:\Program Files (x86)\Microsoft SQL Server\130\Tools\Binn\ManagementStudio\;C:\Users\cjedwards1\AppData\Local\Microsoft\WindowsApps;C:\Program Files\Java\jdk1.8.0_101\bin;C:\Users\cjedwards1\Desktop\apache-maven-3.3.9\bin;C:\Users\cjedwards1\AppData\Local\Programs\Git\cmd;.
Feb 13, 2017 9:44:28 AM org.apache.coyote.AbstractProtocol init
INFO: Initializing ProtocolHandler ["http-bio-8080"]
Feb 13, 2017 9:44:28 AM org.apache.coyote.AbstractProtocol init
INFO: Initializing ProtocolHandler ["ajp-bio-8009"]
Feb 13, 2017 9:44:29 AM org.apache.openejb.util.OptionsLog info
INFO: Using 'openejb.jdbc.datasource-creator=org.apache.tomee.jdbc.TomEEDataSourceCreator'
Feb 13, 2017 9:44:29 AM org.apache.openejb.OpenEJB$Instance <init>
INFO: ********************************************************************************
Feb 13, 2017 9:44:29 AM org.apache.openejb.OpenEJB$Instance <init>
INFO: OpenEJB http://tomee.apache.org/
Feb 13, 2017 9:44:29 AM org.apache.openejb.OpenEJB$Instance <init>
INFO: Startup: Mon Feb 13 09:44:29 EST 2017
Feb 13, 2017 9:44:29 AM org.apache.openejb.OpenEJB$Instance <init>
INFO: Copyright 1999-2015 (C) Apache OpenEJB/TomEE Project, All Rights Reserved.
Feb 13, 2017 9:44:29 AM org.apache.openejb.OpenEJB$Instance <init>
INFO: Version: 4.7.4
Feb 13, 2017 9:44:29 AM org.apache.openejb.OpenEJB$Instance <init>
INFO: Build date: 20160304
Feb 13, 2017 9:44:29 AM org.apache.openejb.OpenEJB$Instance <init>
INFO: Build time: 09:05
Feb 13, 2017 9:44:29 AM org.apache.openejb.OpenEJB$Instance <init>
INFO: ********************************************************************************
Feb 13, 2017 9:44:29 AM org.apache.openejb.OpenEJB$Instance <init>
INFO: openejb.home = C:\Users\cjedwards1\Desktop\AvianMigration\apache-tomee-webprofile-1.7.4
Feb 13, 2017 9:44:29 AM org.apache.openejb.OpenEJB$Instance <init>
INFO: openejb.base = C:\Users\cjedwards1\Desktop\AvianMigration\apache-tomee-webprofile-1.7.4
Feb 13, 2017 9:44:29 AM org.apache.openejb.cdi.CdiBuilder initializeOWB
INFO: Created new singletonService org.apache.openejb.cdi.ThreadSingletonServiceImpl@5427c60c
Feb 13, 2017 9:44:29 AM org.apache.openejb.cdi.CdiBuilder initializeOWB
INFO: Succeeded in installing singleton service
Feb 13, 2017 9:44:29 AM org.apache.openejb.config.ConfigurationFactory init
INFO: openejb configuration file is 'C:\Users\cjedwards1\Desktop\AvianMigration\apache-tomee-webprofile-1.7.4\conf\tomee.xml'
Feb 13, 2017 9:44:29 AM org.apache.openejb.config.ConfigurationFactory configureService
INFO: Configuring Service(id=Tomcat Security Service, type=SecurityService, provider-id=Tomcat Security Service)
Feb 13, 2017 9:44:29 AM org.apache.openejb.config.ConfigurationFactory configureService
INFO: Configuring Service(id=Default Transaction Manager, type=TransactionManager, provider-id=Default Transaction Manager)
Feb 13, 2017 9:44:29 AM org.apache.openejb.util.OptionsLog info
INFO: Using 'openejb.system.apps=true'
Feb 13, 2017 9:44:29 AM org.apache.openejb.config.ConfigurationFactory configureApplication
INFO: Configuring enterprise application: openejb
Feb 13, 2017 9:44:29 AM org.apache.openejb.config.InitEjbDeployments deploy
INFO: Using openejb.deploymentId.format '{ejbName}'
Feb 13, 2017 9:44:29 AM org.apache.openejb.config.InitEjbDeployments deploy
INFO: Auto-deploying ejb openejb/Deployer: EjbDeployment(deployment-id=openejb/Deployer)
Feb 13, 2017 9:44:29 AM org.apache.openejb.config.InitEjbDeployments deploy
INFO: Auto-deploying ejb openejb/ConfigurationInfo: EjbDeployment(deployment-id=openejb/ConfigurationInfo)
Feb 13, 2017 9:44:29 AM org.apache.openejb.config.InitEjbDeployments deploy
INFO: Auto-deploying ejb MEJB: EjbDeployment(deployment-id=MEJB)
Feb 13, 2017 9:44:29 AM org.apache.openejb.config.ConfigurationFactory configureService
INFO: Configuring Service(id=Default Stateless Container, type=Container, provider-id=Default Stateless Container)
Feb 13, 2017 9:44:29 AM org.apache.openejb.config.AutoConfig createContainer
INFO: Auto-creating a container for bean openejb/Deployer: Container(type=STATELESS, id=Default Stateless Container)
Feb 13, 2017 9:44:29 AM org.apache.openejb.config.AppInfoBuilder build
INFO: Enterprise application "openejb" loaded.
Feb 13, 2017 9:44:29 AM org.apache.openejb.assembler.classic.Assembler createRecipe
INFO: Creating TransactionManager(id=Default Transaction Manager)
Feb 13, 2017 9:44:29 AM org.apache.openejb.assembler.classic.Assembler createRecipe
INFO: Creating SecurityService(id=Tomcat Security Service)
Feb 13, 2017 9:44:29 AM org.apache.openejb.assembler.classic.Assembler createRecipe
INFO: Creating Container(id=Default Stateless Container)
Feb 13, 2017 9:44:29 AM org.apache.openejb.assembler.classic.Assembler createAppClassLoader
INFO: Not creating another application classloader for openejb
Feb 13, 2017 9:44:29 AM org.apache.openejb.assembler.classic.Assembler createApplication
INFO: Assembling app: openejb
Feb 13, 2017 9:44:29 AM org.apache.openejb.util.OptionsLog info
INFO: Using 'openejb.jndiname.format={deploymentId}{interfaceType.openejbLegacyName}'
Feb 13, 2017 9:44:29 AM org.apache.openejb.assembler.classic.JndiBuilder bind
INFO: Jndi(name=openejb/DeployerBusinessRemote) --> Ejb(deployment-id=openejb/Deployer)
Feb 13, 2017 9:44:29 AM org.apache.openejb.assembler.classic.JndiBuilder bind
INFO: Jndi(name=global/openejb/openejb/Deployer!org.apache.openejb.assembler.Deployer) --> Ejb(deployment-id=openejb/Deployer)
Feb 13, 2017 9:44:29 AM org.apache.openejb.assembler.classic.JndiBuilder bind
INFO: Jndi(name=global/openejb/openejb/Deployer) --> Ejb(deployment-id=openejb/Deployer)
Feb 13, 2017 9:44:29 AM org.apache.openejb.assembler.classic.JndiBuilder bind
INFO: Jndi(name=openejb/ConfigurationInfoBusinessRemote) --> Ejb(deployment-id=openejb/ConfigurationInfo)
Feb 13, 2017 9:44:29 AM org.apache.openejb.assembler.classic.JndiBuilder bind
INFO: Jndi(name=global/openejb/openejb/ConfigurationInfo!org.apache.openejb.assembler.classic.cmd.ConfigurationInfo) --> Ejb(deployment-id=openejb/ConfigurationInfo)
Feb 13, 2017 9:44:29 AM org.apache.openejb.assembler.classic.JndiBuilder bind
INFO: Jndi(name=global/openejb/openejb/ConfigurationInfo) --> Ejb(deployment-id=openejb/ConfigurationInfo)
Feb 13, 2017 9:44:29 AM org.apache.openejb.assembler.classic.JndiBuilder bind
INFO: Jndi(name=MEJB) --> Ejb(deployment-id=MEJB)
Feb 13, 2017 9:44:29 AM org.apache.openejb.assembler.classic.JndiBuilder bind
INFO: Jndi(name=global/openejb/MEJB!javax.management.j2ee.ManagementHome) --> Ejb(deployment-id=MEJB)
Feb 13, 2017 9:44:29 AM org.apache.openejb.assembler.classic.JndiBuilder bind
INFO: Jndi(name=global/openejb/MEJB) --> Ejb(deployment-id=MEJB)
Feb 13, 2017 9:44:29 AM org.apache.openejb.assembler.classic.Assembler startEjbs
INFO: Created Ejb(deployment-id=MEJB, ejb-name=MEJB, container=Default Stateless Container)
Feb 13, 2017 9:44:29 AM org.apache.openejb.assembler.classic.Assembler startEjbs
INFO: Created Ejb(deployment-id=openejb/ConfigurationInfo, ejb-name=openejb/ConfigurationInfo, container=Default Stateless Container)
Feb 13, 2017 9:44:29 AM org.apache.openejb.assembler.classic.Assembler startEjbs
INFO: Created Ejb(deployment-id=openejb/Deployer, ejb-name=openejb/Deployer, container=Default Stateless Container)
Feb 13, 2017 9:44:29 AM org.apache.openejb.assembler.classic.Assembler startEjbs
INFO: Started Ejb(deployment-id=MEJB, ejb-name=MEJB, container=Default Stateless Container)
Feb 13, 2017 9:44:29 AM org.apache.openejb.assembler.classic.Assembler startEjbs
INFO: Started Ejb(deployment-id=openejb/ConfigurationInfo, ejb-name=openejb/ConfigurationInfo, container=Default Stateless Container)
Feb 13, 2017 9:44:29 AM org.apache.openejb.assembler.classic.Assembler startEjbs
INFO: Started Ejb(deployment-id=openejb/Deployer, ejb-name=openejb/Deployer, container=Default Stateless Container)
Feb 13, 2017 9:44:29 AM org.apache.openejb.assembler.classic.Assembler deployMBean
INFO: Deployed MBean(openejb.user.mbeans:application=openejb,group=org.apache.openejb.assembler.monitoring,name=JMXDeployer)
Feb 13, 2017 9:44:29 AM org.apache.openejb.assembler.classic.Assembler createApplication
INFO: Deployed Application(path=openejb)
Feb 13, 2017 9:44:29 AM org.apache.openejb.server.SimpleServiceManager start
INFO:   ** Bound Services **
Feb 13, 2017 9:44:29 AM org.apache.openejb.server.SimpleServiceManager printRow
INFO:   NAME                 IP              PORT  
Feb 13, 2017 9:44:29 AM org.apache.openejb.server.SimpleServiceManager start
INFO: -------
Feb 13, 2017 9:44:29 AM org.apache.openejb.server.SimpleServiceManager start
INFO: Ready!
Feb 13, 2017 9:44:29 AM org.apache.catalina.startup.Catalina load
INFO: Initialization processed in 1618 ms
Feb 13, 2017 9:44:29 AM org.apache.tomee.catalina.OpenEJBNamingContextListener bindResource
INFO: Importing a Tomcat Resource with id 'UserDatabase' of type 'org.apache.catalina.UserDatabase'.
Feb 13, 2017 9:44:29 AM org.apache.openejb.assembler.classic.Assembler createRecipe
INFO: Creating Resource(id=UserDatabase)
Feb 13, 2017 9:44:29 AM org.apache.catalina.core.StandardService startInternal
INFO: Starting service Catalina
Feb 13, 2017 9:44:29 AM org.apache.catalina.core.StandardEngine startInternal
INFO: Starting Servlet Engine: Apache Tomcat (TomEE)/7.0.68 (1.7.4)
Feb 13, 2017 9:44:29 AM org.apache.catalina.startup.HostConfig deployDescriptor
INFO: Deploying configuration descriptor C:\Users\cjedwards1\Desktop\AvianMigration\apache-tomee-webprofile-1.7.4\conf\Catalina\localhost\avianMigration.xml
Feb 13, 2017 9:44:29 AM org.apache.tomee.catalina.TomcatWebAppBuilder init
INFO: ------------------------- localhost -> /avianMigration
Feb 13, 2017 9:44:31 AM org.apache.catalina.loader.WebappClassLoaderBase validateJarFile
INFO: validateJarFile(C:\Users\cjedwards1\Desktop\AvianMigration\avianMigration\build\web\WEB-INF\lib\servlet-api.jar) - jar not loaded. See Servlet Spec 3.0, section 10.7.2. Offending class: javax/servlet/Servlet.class
Feb 13, 2017 9:44:32 AM org.apache.openejb.config.ConfigurationFactory configureApplication
INFO: Configuring enterprise application: C:\Users\cjedwards1\Desktop\AvianMigration\avianMigration\build\web
Feb 13, 2017 9:44:32 AM org.apache.openejb.config.ConfigurationFactory configureService
INFO: Configuring Service(id=web/jdbc/TestDB, type=Resource, provider-id=Default JDBC Database)
Feb 13, 2017 9:44:32 AM org.apache.openejb.assembler.classic.Assembler createRecipe
INFO: Creating Resource(id=web/jdbc/TestDB)
Feb 13, 2017 9:44:32 AM org.apache.tomee.jdbc.TomEEDataSourceCreator$TomEEDataSource readOnly
INFO: Disabling testOnBorrow since no validation query is provided
Feb 13, 2017 9:44:32 AM org.apache.tomcat.jdbc.pool.ConnectionPool checkPoolConfiguration
WARNING: maxIdle is larger than maxActive, setting maxIdle to: 20
Feb 13, 2017 9:44:32 AM org.apache.openejb.assembler.classic.Assembler unusedProperty
WARNING: Property "maxTotal" not supported by "web/jdbc/TestDB"
Feb 13, 2017 9:44:32 AM org.apache.openejb.assembler.classic.Assembler unusedProperty
WARNING: Property "maxWaitMillis" not supported by "web/jdbc/TestDB"
Feb 13, 2017 9:44:32 AM org.apache.openejb.config.AppInfoBuilder build
INFO: Enterprise application "C:\Users\cjedwards1\Desktop\AvianMigration\avianMigration\build\web" loaded.
Feb 13, 2017 9:44:32 AM org.apache.openejb.assembler.classic.Assembler createApplication
INFO: Assembling app: C:\Users\cjedwards1\Desktop\AvianMigration\avianMigration\build\web
Feb 13, 2017 9:44:32 AM org.apache.openejb.cdi.CdiBuilder initSingleton
INFO: Existing thread singleton service in SystemInstance(): org.apache.openejb.cdi.ThreadSingletonServiceImpl@5427c60c
Feb 13, 2017 9:44:32 AM org.apache.openejb.cdi.OpenEJBLifecycle startApplication
INFO: OpenWebBeans Container is starting...
Feb 13, 2017 9:44:32 AM org.apache.webbeans.plugins.PluginLoader startUp
INFO: Adding OpenWebBeansPlugin : [CdiPlugin]
Feb 13, 2017 9:44:32 AM org.apache.webbeans.plugins.PluginLoader startUp
INFO: Adding OpenWebBeansPlugin : [OpenWebBeansJsfPlugin]
Feb 13, 2017 9:44:32 AM org.apache.webbeans.config.BeansDeployer validateInjectionPoints
INFO: All injection points were validated successfully.
Feb 13, 2017 9:44:32 AM org.apache.openejb.cdi.OpenEJBLifecycle startApplication
INFO: OpenWebBeans Container has started, it took 62 ms.
Feb 13, 2017 9:44:32 AM org.apache.tomee.catalina.TomcatWebAppBuilder deployWebApps
INFO: using context file C:\Users\cjedwards1\Desktop\AvianMigration\avianMigration\build\web\META-INF\context.xml
Feb 13, 2017 9:44:32 AM org.apache.openejb.assembler.classic.Assembler createApplication
INFO: Deployed Application(path=C:\Users\cjedwards1\Desktop\AvianMigration\avianMigration\build\web)
Feb 13, 2017 9:44:32 AM org.springframework.web.context.ContextLoader initWebApplicationContext
INFO: Root WebApplicationContext: initialization started
Feb 13, 2017 9:44:33 AM org.springframework.context.support.AbstractApplicationContext prepareRefresh
INFO: Refreshing Root WebApplicationContext: startup date [Mon Feb 13 09:44:33 EST 2017]; root of context hierarchy
Feb 13, 2017 9:44:33 AM org.springframework.beans.factory.xml.XmlBeanDefinitionReader loadBeanDefinitions
INFO: Loading XML bean definitions from ServletContext resource [/WEB-INF/applicationContext.xml]
Feb 13, 2017 9:44:33 AM org.springframework.beans.factory.support.DefaultListableBeanFactory preInstantiateSingletons
INFO: Pre-instantiating singletons in org.springframework.beans.factory.support.DefaultListableBeanFactory@3cd3a122: defining beans []; root of factory hierarchy
Feb 13, 2017 9:44:33 AM org.springframework.web.context.ContextLoader initWebApplicationContext
INFO: Root WebApplicationContext: initialization completed in 403 ms
Feb 13, 2017 9:44:33 AM org.springframework.web.servlet.FrameworkServlet initServletBean
INFO: FrameworkServlet 'dispatcher': initialization started
Feb 13, 2017 9:44:33 AM org.springframework.context.support.AbstractApplicationContext prepareRefresh
INFO: Refreshing WebApplicationContext for namespace 'dispatcher-servlet': startup date [Mon Feb 13 09:44:33 EST 2017]; parent: Root WebApplicationContext
Feb 13, 2017 9:44:33 AM org.springframework.beans.factory.xml.XmlBeanDefinitionReader loadBeanDefinitions
INFO: Loading XML bean definitions from ServletContext resource [/WEB-INF/dispatcher-servlet.xml]
Feb 13, 2017 9:44:33 AM org.springframework.beans.factory.support.DefaultListableBeanFactory preInstantiateSingletons
INFO: Pre-instantiating singletons in org.springframework.beans.factory.support.DefaultListableBeanFactory@5e64f950: defining beans [org.springframework.web.servlet.mvc.support.ControllerClassNameHandlerMapping#0,urlMapping,viewResolver,indexController]; parent: org.springframework.beans.factory.support.DefaultListableBeanFactory@3cd3a122
Feb 13, 2017 9:44:33 AM org.springframework.web.servlet.handler.AbstractUrlHandlerMapping registerHandler
INFO: Mapped URL path [/index.htm] onto handler 'indexController'
Feb 13, 2017 9:44:33 AM org.springframework.web.servlet.FrameworkServlet initServletBean
INFO: FrameworkServlet 'dispatcher': initialization completed in 188 ms
Feb 13, 2017 9:44:33 AM org.apache.catalina.startup.HostConfig deployDescriptor
INFO: Deployment of configuration descriptor C:\Users\cjedwards1\Desktop\AvianMigration\apache-tomee-webprofile-1.7.4\conf\Catalina\localhost\avianMigration.xml has finished in 3,920 ms
Feb 13, 2017 9:44:33 AM org.apache.catalina.startup.HostConfig deployDescriptor
INFO: Deploying configuration descriptor C:\Users\cjedwards1\Desktop\AvianMigration\apache-tomee-webprofile-1.7.4\conf\Catalina\localhost\majorclassifier.xml
Feb 13, 2017 9:44:33 AM org.apache.tomee.catalina.TomcatWebAppBuilder init
INFO: ------------------------- localhost -> /majorclassifier
Feb 13, 2017 9:44:33 AM org.apache.openejb.util.JarExtractor extract
INFO: Extracting jar: C:\Users\cjedwards1\Desktop\AvianMigration\apache-tomee-webprofile-1.7.4\webapps\C:\Users\cjedwards1\Desktop\MajorClassifier\majorclassifier\build\web
Feb 13, 2017 9:44:33 AM org.apache.tomee.catalina.TomcatWebAppBuilder init
SEVERE: can't unpack 'C:\Users\cjedwards1\Desktop\AvianMigration\apache-tomee-webprofile-1.7.4\webapps\C:\Users\cjedwards1\Desktop\MajorClassifier\majorclassifier\build\web'
Feb 13, 2017 9:44:33 AM org.apache.catalina.core.StandardContext resourcesStart
SEVERE: Error starting static Resources
java.lang.IllegalArgumentException: Document base C:\Users\cjedwards1\Desktop\MajorClassifier\majorclassifier\build\web does not exist or is not a readable directory
	at org.apache.naming.resources.FileDirContext.setDocBase(FileDirContext.java:136)
	at org.apache.catalina.core.StandardContext.resourcesStart(StandardContext.java:5197)
	at org.apache.catalina.core.StandardContext.startInternal(StandardContext.java:5386)
	at org.apache.catalina.util.LifecycleBase.start(LifecycleBase.java:147)
	at org.apache.catalina.core.ContainerBase.addChildInternal(ContainerBase.java:899)
	at org.apache.catalina.core.ContainerBase.addChild(ContainerBase.java:875)
	at org.apache.catalina.core.StandardHost.addChild(StandardHost.java:652)
	at org.apache.catalina.startup.HostConfig.deployDescriptor(HostConfig.java:677)
	at org.apache.catalina.startup.HostConfig$DeployDescriptor.run(HostConfig.java:1962)
	at java.util.concurrent.Executors$RunnableAdapter.call(Executors.java:511)
	at java.util.concurrent.FutureTask.run(FutureTask.java:266)
	at java.util.concurrent.ThreadPoolExecutor.runWorker(ThreadPoolExecutor.java:1142)
	at java.util.concurrent.ThreadPoolExecutor$Worker.run(ThreadPoolExecutor.java:617)
	at java.lang.Thread.run(Thread.java:745)

Feb 13, 2017 9:44:33 AM org.apache.catalina.core.ContainerBase addChildInternal
SEVERE: ContainerBase.addChild: start: 
org.apache.catalina.LifecycleException: Failed to start component [StandardEngine[Catalina].StandardHost[localhost].StandardContext[/majorclassifier]]
	at org.apache.catalina.util.LifecycleBase.start(LifecycleBase.java:153)
	at org.apache.catalina.core.ContainerBase.addChildInternal(ContainerBase.java:899)
	at org.apache.catalina.core.ContainerBase.addChild(ContainerBase.java:875)
	at org.apache.catalina.core.StandardHost.addChild(StandardHost.java:652)
	at org.apache.catalina.startup.HostConfig.deployDescriptor(HostConfig.java:677)
	at org.apache.catalina.startup.HostConfig$DeployDescriptor.run(HostConfig.java:1962)
	at java.util.concurrent.Executors$RunnableAdapter.call(Executors.java:511)
	at java.util.concurrent.FutureTask.run(FutureTask.java:266)
	at java.util.concurrent.ThreadPoolExecutor.runWorker(ThreadPoolExecutor.java:1142)
	at java.util.concurrent.ThreadPoolExecutor$Worker.run(ThreadPoolExecutor.java:617)
	at java.lang.Thread.run(Thread.java:745)
Caused by: org.apache.catalina.LifecycleException: Error in resourceStart()
	at org.apache.catalina.core.StandardContext.startInternal(StandardContext.java:5387)
	at org.apache.catalina.util.LifecycleBase.start(LifecycleBase.java:147)
	... 10 more

Feb 13, 2017 9:44:33 AM org.apache.catalina.startup.HostConfig deployDescriptor
SEVERE: Error deploying configuration descriptor C:\Users\cjedwards1\Desktop\AvianMigration\apache-tomee-webprofile-1.7.4\conf\Catalina\localhost\majorclassifier.xml
java.lang.IllegalStateException: ContainerBase.addChild: start: org.apache.catalina.LifecycleException: Failed to start component [StandardEngine[Catalina].StandardHost[localhost].StandardContext[/majorclassifier]]
	at org.apache.catalina.core.ContainerBase.addChildInternal(ContainerBase.java:903)
	at org.apache.catalina.core.ContainerBase.addChild(ContainerBase.java:875)
	at org.apache.catalina.core.StandardHost.addChild(StandardHost.java:652)
	at org.apache.catalina.startup.HostConfig.deployDescriptor(HostConfig.java:677)
	at org.apache.catalina.startup.HostConfig$DeployDescriptor.run(HostConfig.java:1962)
	at java.util.concurrent.Executors$RunnableAdapter.call(Executors.java:511)
	at java.util.concurrent.FutureTask.run(FutureTask.java:266)
	at java.util.concurrent.ThreadPoolExecutor.runWorker(ThreadPoolExecutor.java:1142)
	at java.util.concurrent.ThreadPoolExecutor$Worker.run(ThreadPoolExecutor.java:617)
	at java.lang.Thread.run(Thread.java:745)

Feb 13, 2017 9:44:33 AM org.apache.catalina.startup.HostConfig deployDescriptor
INFO: Deployment of configuration descriptor C:\Users\cjedwards1\Desktop\AvianMigration\apache-tomee-webprofile-1.7.4\conf\Catalina\localhost\majorclassifier.xml has finished in 47 ms
Feb 13, 2017 9:44:33 AM org.apache.catalina.startup.HostConfig deployDirectory
INFO: Deploying web application directory C:\Users\cjedwards1\Desktop\AvianMigration\apache-tomee-webprofile-1.7.4\webapps\docs
Feb 13, 2017 9:44:33 AM org.apache.tomee.catalina.TomcatWebAppBuilder init
INFO: ------------------------- localhost -> /docs
Feb 13, 2017 9:44:33 AM org.apache.openejb.config.ConfigurationFactory configureApplication
INFO: Configuring enterprise application: C:\Users\cjedwards1\Desktop\AvianMigration\apache-tomee-webprofile-1.7.4\webapps\docs
Feb 13, 2017 9:44:33 AM org.apache.openejb.config.ConfigurationFactory configureService
INFO: Configuring Service(id=docs/jdbc/TestDB, type=Resource, provider-id=Default JDBC Database)
Feb 13, 2017 9:44:33 AM org.apache.openejb.assembler.classic.Assembler createRecipe
INFO: Creating Resource(id=docs/jdbc/TestDB)
Feb 13, 2017 9:44:33 AM org.apache.tomee.jdbc.TomEEDataSourceCreator$TomEEDataSource readOnly
INFO: Disabling testOnBorrow since no validation query is provided
Feb 13, 2017 9:44:33 AM org.apache.tomcat.jdbc.pool.ConnectionPool checkPoolConfiguration
WARNING: maxIdle is larger than maxActive, setting maxIdle to: 20
Feb 13, 2017 9:44:33 AM org.apache.openejb.assembler.classic.Assembler unusedProperty
WARNING: Property "maxTotal" not supported by "docs/jdbc/TestDB"
Feb 13, 2017 9:44:33 AM org.apache.openejb.assembler.classic.Assembler unusedProperty
WARNING: Property "maxWaitMillis" not supported by "docs/jdbc/TestDB"
Feb 13, 2017 9:44:33 AM org.apache.openejb.config.AppInfoBuilder build
INFO: Enterprise application "C:\Users\cjedwards1\Desktop\AvianMigration\apache-tomee-webprofile-1.7.4\webapps\docs" loaded.
Feb 13, 2017 9:44:33 AM org.apache.openejb.assembler.classic.Assembler createApplication
INFO: Assembling app: C:\Users\cjedwards1\Desktop\AvianMigration\apache-tomee-webprofile-1.7.4\webapps\docs
Feb 13, 2017 9:44:33 AM org.apache.openejb.cdi.CdiBuilder initSingleton
INFO: Existing thread singleton service in SystemInstance(): org.apache.openejb.cdi.ThreadSingletonServiceImpl@5427c60c
Feb 13, 2017 9:44:33 AM org.apache.openejb.cdi.OpenEJBLifecycle startApplication
INFO: OpenWebBeans Container is starting...
Feb 13, 2017 9:44:33 AM org.apache.webbeans.plugins.PluginLoader startUp
INFO: Adding OpenWebBeansPlugin : [CdiPlugin]
Feb 13, 2017 9:44:33 AM org.apache.webbeans.plugins.PluginLoader startUp
INFO: Adding OpenWebBeansPlugin : [OpenWebBeansJsfPlugin]
Feb 13, 2017 9:44:33 AM org.apache.webbeans.config.BeansDeployer validateInjectionPoints
INFO: All injection points were validated successfully.
Feb 13, 2017 9:44:33 AM org.apache.openejb.cdi.OpenEJBLifecycle startApplication
INFO: OpenWebBeans Container has started, it took 0 ms.
Feb 13, 2017 9:44:33 AM org.apache.openejb.assembler.classic.Assembler createApplication
INFO: Deployed Application(path=C:\Users\cjedwards1\Desktop\AvianMigration\apache-tomee-webprofile-1.7.4\webapps\docs)
Feb 13, 2017 9:44:33 AM org.apache.catalina.startup.HostConfig deployDirectory
INFO: Deployment of web application directory C:\Users\cjedwards1\Desktop\AvianMigration\apache-tomee-webprofile-1.7.4\webapps\docs has finished in 109 ms
Feb 13, 2017 9:44:33 AM org.apache.catalina.startup.HostConfig deployDirectory
INFO: Deploying web application directory C:\Users\cjedwards1\Desktop\AvianMigration\apache-tomee-webprofile-1.7.4\webapps\host-manager
Feb 13, 2017 9:44:33 AM org.apache.tomee.catalina.TomcatWebAppBuilder init
INFO: ------------------------- localhost -> /host-manager
Feb 13, 2017 9:44:33 AM org.apache.openejb.config.ConfigurationFactory configureApplication
INFO: Configuring enterprise application: C:\Users\cjedwards1\Desktop\AvianMigration\apache-tomee-webprofile-1.7.4\webapps\host-manager
Feb 13, 2017 9:44:33 AM org.apache.openejb.config.ConfigurationFactory configureService
INFO: Configuring Service(id=host-manager/jdbc/TestDB, type=Resource, provider-id=Default JDBC Database)
Feb 13, 2017 9:44:34 AM org.apache.openejb.assembler.classic.Assembler createRecipe
INFO: Creating Resource(id=host-manager/jdbc/TestDB)
Feb 13, 2017 9:44:34 AM org.apache.tomee.jdbc.TomEEDataSourceCreator$TomEEDataSource readOnly
INFO: Disabling testOnBorrow since no validation query is provided
Feb 13, 2017 9:44:34 AM org.apache.tomcat.jdbc.pool.ConnectionPool checkPoolConfiguration
WARNING: maxIdle is larger than maxActive, setting maxIdle to: 20
Feb 13, 2017 9:44:34 AM org.apache.openejb.assembler.classic.Assembler unusedProperty
WARNING: Property "maxTotal" not supported by "host-manager/jdbc/TestDB"
Feb 13, 2017 9:44:34 AM org.apache.openejb.assembler.classic.Assembler unusedProperty
WARNING: Property "maxWaitMillis" not supported by "host-manager/jdbc/TestDB"
Feb 13, 2017 9:44:34 AM org.apache.openejb.config.AppInfoBuilder build
INFO: Enterprise application "C:\Users\cjedwards1\Desktop\AvianMigration\apache-tomee-webprofile-1.7.4\webapps\host-manager" loaded.
Feb 13, 2017 9:44:34 AM org.apache.openejb.assembler.classic.Assembler createApplication
INFO: Assembling app: C:\Users\cjedwards1\Desktop\AvianMigration\apache-tomee-webprofile-1.7.4\webapps\host-manager
Feb 13, 2017 9:44:34 AM org.apache.openejb.cdi.CdiBuilder initSingleton
INFO: Existing thread singleton service in SystemInstance(): org.apache.openejb.cdi.ThreadSingletonServiceImpl@5427c60c
Feb 13, 2017 9:44:34 AM org.apache.openejb.cdi.OpenEJBLifecycle startApplication
INFO: OpenWebBeans Container is starting...
Feb 13, 2017 9:44:34 AM org.apache.webbeans.plugins.PluginLoader startUp
INFO: Adding OpenWebBeansPlugin : [CdiPlugin]
Feb 13, 2017 9:44:34 AM org.apache.webbeans.plugins.PluginLoader startUp
INFO: Adding OpenWebBeansPlugin : [OpenWebBeansJsfPlugin]
Feb 13, 2017 9:44:34 AM org.apache.webbeans.config.BeansDeployer validateInjectionPoints
INFO: All injection points were validated successfully.
Feb 13, 2017 9:44:34 AM org.apache.openejb.cdi.OpenEJBLifecycle startApplication
INFO: OpenWebBeans Container has started, it took 0 ms.
Feb 13, 2017 9:44:34 AM org.apache.tomee.catalina.TomcatWebAppBuilder deployWebApps
INFO: using context file C:\Users\cjedwards1\Desktop\AvianMigration\apache-tomee-webprofile-1.7.4\webapps\host-manager\META-INF\context.xml
Feb 13, 2017 9:44:34 AM org.apache.openejb.assembler.classic.Assembler createApplication
INFO: Deployed Application(path=C:\Users\cjedwards1\Desktop\AvianMigration\apache-tomee-webprofile-1.7.4\webapps\host-manager)
Feb 13, 2017 9:44:34 AM org.apache.catalina.startup.HostConfig deployDirectory
INFO: Deployment of web application directory C:\Users\cjedwards1\Desktop\AvianMigration\apache-tomee-webprofile-1.7.4\webapps\host-manager has finished in 453 ms
Feb 13, 2017 9:44:34 AM org.apache.catalina.startup.HostConfig deployDirectory
INFO: Deploying web application directory C:\Users\cjedwards1\Desktop\AvianMigration\apache-tomee-webprofile-1.7.4\webapps\manager
Feb 13, 2017 9:44:34 AM org.apache.tomee.catalina.TomcatWebAppBuilder init
INFO: ------------------------- localhost -> /manager
Feb 13, 2017 9:44:34 AM org.apache.openejb.config.ConfigurationFactory configureApplication
INFO: Configuring enterprise application: C:\Users\cjedwards1\Desktop\AvianMigration\apache-tomee-webprofile-1.7.4\webapps\manager
Feb 13, 2017 9:44:34 AM org.apache.openejb.config.ConfigurationFactory configureService
INFO: Configuring Service(id=manager/jdbc/TestDB, type=Resource, provider-id=Default JDBC Database)
Feb 13, 2017 9:44:34 AM org.apache.openejb.assembler.classic.Assembler createRecipe
INFO: Creating Resource(id=manager/jdbc/TestDB)
Feb 13, 2017 9:44:34 AM org.apache.tomee.jdbc.TomEEDataSourceCreator$TomEEDataSource readOnly
INFO: Disabling testOnBorrow since no validation query is provided
Feb 13, 2017 9:44:34 AM org.apache.tomcat.jdbc.pool.ConnectionPool checkPoolConfiguration
WARNING: maxIdle is larger than maxActive, setting maxIdle to: 20
Feb 13, 2017 9:44:34 AM org.apache.openejb.assembler.classic.Assembler unusedProperty
WARNING: Property "maxTotal" not supported by "manager/jdbc/TestDB"
Feb 13, 2017 9:44:34 AM org.apache.openejb.assembler.classic.Assembler unusedProperty
WARNING: Property "maxWaitMillis" not supported by "manager/jdbc/TestDB"
Feb 13, 2017 9:44:34 AM org.apache.openejb.config.AppInfoBuilder build
INFO: Enterprise application "C:\Users\cjedwards1\Desktop\AvianMigration\apache-tomee-webprofile-1.7.4\webapps\manager" loaded.
Feb 13, 2017 9:44:34 AM org.apache.openejb.assembler.classic.Assembler createApplication
INFO: Assembling app: C:\Users\cjedwards1\Desktop\AvianMigration\apache-tomee-webprofile-1.7.4\webapps\manager
Feb 13, 2017 9:44:34 AM org.apache.openejb.cdi.CdiBuilder initSingleton
INFO: Existing thread singleton service in SystemInstance(): org.apache.openejb.cdi.ThreadSingletonServiceImpl@5427c60c
Feb 13, 2017 9:44:34 AM org.apache.openejb.cdi.OpenEJBLifecycle startApplication
INFO: OpenWebBeans Container is starting...
Feb 13, 2017 9:44:34 AM org.apache.webbeans.plugins.PluginLoader startUp
INFO: Adding OpenWebBeansPlugin : [CdiPlugin]
Feb 13, 2017 9:44:34 AM org.apache.webbeans.plugins.PluginLoader startUp
INFO: Adding OpenWebBeansPlugin : [OpenWebBeansJsfPlugin]
Feb 13, 2017 9:44:34 AM org.apache.webbeans.config.BeansDeployer validateInjectionPoints
INFO: All injection points were validated successfully.
Feb 13, 2017 9:44:34 AM org.apache.openejb.cdi.OpenEJBLifecycle startApplication
INFO: OpenWebBeans Container has started, it took 15 ms.
Feb 13, 2017 9:44:34 AM org.apache.tomee.catalina.TomcatWebAppBuilder deployWebApps
INFO: using context file C:\Users\cjedwards1\Desktop\AvianMigration\apache-tomee-webprofile-1.7.4\webapps\manager\META-INF\context.xml
Feb 13, 2017 9:44:34 AM org.apache.openejb.assembler.classic.Assembler createApplication
INFO: Deployed Application(path=C:\Users\cjedwards1\Desktop\AvianMigration\apache-tomee-webprofile-1.7.4\webapps\manager)
Feb 13, 2017 9:44:34 AM org.apache.catalina.startup.HostConfig deployDirectory
INFO: Deployment of web application directory C:\Users\cjedwards1\Desktop\AvianMigration\apache-tomee-webprofile-1.7.4\webapps\manager has finished in 125 ms
Feb 13, 2017 9:44:34 AM org.apache.catalina.startup.HostConfig deployDirectory
INFO: Deploying web application directory C:\Users\cjedwards1\Desktop\AvianMigration\apache-tomee-webprofile-1.7.4\webapps\ROOT
Feb 13, 2017 9:44:34 AM org.apache.tomee.catalina.TomcatWebAppBuilder init
INFO: ------------------------- localhost -> /
Feb 13, 2017 9:44:34 AM org.apache.openejb.config.ConfigurationFactory configureApplication
INFO: Configuring enterprise application: C:\Users\cjedwards1\Desktop\AvianMigration\apache-tomee-webprofile-1.7.4\webapps\ROOT
Feb 13, 2017 9:44:34 AM org.apache.openejb.config.ConfigurationFactory configureService
INFO: Configuring Service(id=ROOT/jdbc/TestDB, type=Resource, provider-id=Default JDBC Database)
Feb 13, 2017 9:44:34 AM org.apache.openejb.assembler.classic.Assembler createRecipe
INFO: Creating Resource(id=ROOT/jdbc/TestDB)
Feb 13, 2017 9:44:34 AM org.apache.tomee.jdbc.TomEEDataSourceCreator$TomEEDataSource readOnly
INFO: Disabling testOnBorrow since no validation query is provided
Feb 13, 2017 9:44:34 AM org.apache.tomcat.jdbc.pool.ConnectionPool checkPoolConfiguration
WARNING: maxIdle is larger than maxActive, setting maxIdle to: 20
Feb 13, 2017 9:44:34 AM org.apache.openejb.assembler.classic.Assembler unusedProperty
WARNING: Property "maxTotal" not supported by "ROOT/jdbc/TestDB"
Feb 13, 2017 9:44:34 AM org.apache.openejb.assembler.classic.Assembler unusedProperty
WARNING: Property "maxWaitMillis" not supported by "ROOT/jdbc/TestDB"
Feb 13, 2017 9:44:34 AM org.apache.openejb.config.AppInfoBuilder build
INFO: Enterprise application "C:\Users\cjedwards1\Desktop\AvianMigration\apache-tomee-webprofile-1.7.4\webapps\ROOT" loaded.
Feb 13, 2017 9:44:34 AM org.apache.openejb.assembler.classic.Assembler createApplication
INFO: Assembling app: C:\Users\cjedwards1\Desktop\AvianMigration\apache-tomee-webprofile-1.7.4\webapps\ROOT
Feb 13, 2017 9:44:34 AM org.apache.openejb.cdi.CdiBuilder initSingleton
INFO: Existing thread singleton service in SystemInstance(): org.apache.openejb.cdi.ThreadSingletonServiceImpl@5427c60c
Feb 13, 2017 9:44:34 AM org.apache.openejb.cdi.OpenEJBLifecycle startApplication
INFO: OpenWebBeans Container is starting...
Feb 13, 2017 9:44:34 AM org.apache.webbeans.plugins.PluginLoader startUp
INFO: Adding OpenWebBeansPlugin : [CdiPlugin]
Feb 13, 2017 9:44:34 AM org.apache.webbeans.plugins.PluginLoader startUp
INFO: Adding OpenWebBeansPlugin : [OpenWebBeansJsfPlugin]
Feb 13, 2017 9:44:34 AM org.apache.webbeans.config.BeansDeployer validateInjectionPoints
INFO: All injection points were validated successfully.
Feb 13, 2017 9:44:34 AM org.apache.openejb.cdi.OpenEJBLifecycle startApplication
INFO: OpenWebBeans Container has started, it took 0 ms.
Feb 13, 2017 9:44:34 AM org.apache.openejb.assembler.classic.Assembler createApplication
INFO: Deployed Application(path=C:\Users\cjedwards1\Desktop\AvianMigration\apache-tomee-webprofile-1.7.4\webapps\ROOT)
Feb 13, 2017 9:44:34 AM org.apache.catalina.startup.HostConfig deployDirectory
INFO: Deployment of web application directory C:\Users\cjedwards1\Desktop\AvianMigration\apache-tomee-webprofile-1.7.4\webapps\ROOT has finished in 125 ms
Feb 13, 2017 9:44:34 AM org.apache.coyote.AbstractProtocol start
INFO: Starting ProtocolHandler ["http-bio-8080"]
Feb 13, 2017 9:44:34 AM org.apache.coyote.AbstractProtocol start
INFO: Starting ProtocolHandler ["ajp-bio-8009"]
Feb 13, 2017 9:44:34 AM org.apache.catalina.startup.Catalina start
INFO: Server startup in 4840 ms
Feb 13, 2017 9:45:15 AM org.apache.catalina.util.LifecycleBase stop
INFO: The stop() method was called on component [StandardEngine[Catalina].StandardHost[localhost].StandardContext[/majorclassifier]] after stop() had already been called. The second call will be ignored.
Feb 13, 2017 9:46:01 AM org.apache.catalina.core.StandardServer await
INFO: A valid shutdown command was received via the shutdown port. Stopping the Server instance.
Feb 13, 2017 9:46:01 AM org.apache.coyote.AbstractProtocol pause
INFO: Pausing ProtocolHandler ["http-bio-8080"]
Feb 13, 2017 9:46:01 AM org.apache.coyote.AbstractProtocol pause
INFO: Pausing ProtocolHandler ["ajp-bio-8009"]
Feb 13, 2017 9:46:02 AM org.apache.catalina.core.StandardService stopInternal
INFO: Stopping service Catalina
Feb 13, 2017 9:46:02 AM org.springframework.context.support.AbstractApplicationContext doClose
INFO: Closing WebApplicationContext for namespace 'dispatcher-servlet': startup date [Mon Feb 13 09:44:33 EST 2017]; parent: Root WebApplicationContext
Feb 13, 2017 9:46:02 AM org.springframework.beans.factory.support.DefaultSingletonBeanRegistry destroySingletons
INFO: Destroying singletons in org.springframework.beans.factory.support.DefaultListableBeanFactory@5e64f950: defining beans [org.springframework.web.servlet.mvc.support.ControllerClassNameHandlerMapping#0,urlMapping,viewResolver,indexController]; parent: org.springframework.beans.factory.support.DefaultListableBeanFactory@3cd3a122
Feb 13, 2017 9:46:02 AM org.springframework.context.support.AbstractApplicationContext doClose
INFO: Closing Root WebApplicationContext: startup date [Mon Feb 13 09:44:33 EST 2017]; root of context hierarchy
Feb 13, 2017 9:46:02 AM org.springframework.beans.factory.support.DefaultSingletonBeanRegistry destroySingletons
INFO: Destroying singletons in org.springframework.beans.factory.support.DefaultListableBeanFactory@3cd3a122: defining beans []; root of factory hierarchy
Feb 13, 2017 9:46:02 AM org.apache.openejb.assembler.classic.Assembler destroyApplication
INFO: Undeploying app: C:\Users\cjedwards1\Desktop\AvianMigration\avianMigration\build\web
Feb 13, 2017 9:46:02 AM org.apache.openejb.assembler.classic.Assembler destroyResource
INFO: Closing DataSource: web/jdbc/TestDB
Feb 13, 2017 9:46:02 AM org.apache.openejb.util.OptionsLog info
INFO: Using 'openjpa.Log=org.apache.openejb.openjpa.JULOpenJPALogFactory'
Feb 13, 2017 9:46:02 AM org.apache.openejb.assembler.classic.Assembler destroyApplication
INFO: Undeployed app: C:\Users\cjedwards1\Desktop\AvianMigration\avianMigration\build\web
Feb 13, 2017 9:46:02 AM org.apache.catalina.loader.WebappClassLoaderBase clearReferencesJdbc
SEVERE: The web application [/avianMigration] registered the JDBC driver [com.microsoft.sqlserver.jdbc.SQLServerDriver] but failed to unregister it when the web application was stopped. To prevent a memory leak, the JDBC Driver has been forcibly unregistered.
Feb 13, 2017 9:46:02 AM org.apache.openejb.assembler.classic.Assembler destroyApplication
INFO: Undeploying app: C:\Users\cjedwards1\Desktop\AvianMigration\apache-tomee-webprofile-1.7.4\webapps\docs
Feb 13, 2017 9:46:02 AM org.apache.openejb.assembler.classic.Assembler destroyResource
INFO: Closing DataSource: docs/jdbc/TestDB
Feb 13, 2017 9:46:02 AM org.apache.openejb.util.OptionsLog info
INFO: Using 'openjpa.Log=org.apache.openejb.openjpa.JULOpenJPALogFactory'
Feb 13, 2017 9:46:02 AM org.apache.openejb.assembler.classic.Assembler destroyApplication
INFO: Undeployed app: C:\Users\cjedwards1\Desktop\AvianMigration\apache-tomee-webprofile-1.7.4\webapps\docs
Feb 13, 2017 9:46:02 AM org.apache.openejb.assembler.classic.Assembler destroyApplication
INFO: Undeploying app: C:\Users\cjedwards1\Desktop\AvianMigration\apache-tomee-webprofile-1.7.4\webapps\host-manager
Feb 13, 2017 9:46:02 AM org.apache.openejb.assembler.classic.Assembler destroyResource
INFO: Closing DataSource: host-manager/jdbc/TestDB
Feb 13, 2017 9:46:02 AM org.apache.openejb.util.OptionsLog info
INFO: Using 'openjpa.Log=org.apache.openejb.openjpa.JULOpenJPALogFactory'
Feb 13, 2017 9:46:02 AM org.apache.openejb.assembler.classic.Assembler destroyApplication
INFO: Undeployed app: C:\Users\cjedwards1\Desktop\AvianMigration\apache-tomee-webprofile-1.7.4\webapps\host-manager
Feb 13, 2017 9:46:02 AM org.apache.openejb.assembler.classic.Assembler destroyApplication
INFO: Undeploying app: C:\Users\cjedwards1\Desktop\AvianMigration\apache-tomee-webprofile-1.7.4\webapps\manager
Feb 13, 2017 9:46:02 AM org.apache.openejb.assembler.classic.Assembler destroyResource
INFO: Closing DataSource: manager/jdbc/TestDB
Feb 13, 2017 9:46:02 AM org.apache.openejb.util.OptionsLog info
INFO: Using 'openjpa.Log=org.apache.openejb.openjpa.JULOpenJPALogFactory'
Feb 13, 2017 9:46:02 AM org.apache.openejb.assembler.classic.Assembler destroyApplication
INFO: Undeployed app: C:\Users\cjedwards1\Desktop\AvianMigration\apache-tomee-webprofile-1.7.4\webapps\manager
Feb 13, 2017 9:46:02 AM org.apache.openejb.assembler.classic.Assembler destroyApplication
INFO: Undeploying app: C:\Users\cjedwards1\Desktop\AvianMigration\apache-tomee-webprofile-1.7.4\webapps\ROOT
Feb 13, 2017 9:46:02 AM org.apache.openejb.assembler.classic.Assembler destroyResource
INFO: Closing DataSource: ROOT/jdbc/TestDB
Feb 13, 2017 9:46:02 AM org.apache.openejb.util.OptionsLog info
INFO: Using 'openjpa.Log=org.apache.openejb.openjpa.JULOpenJPALogFactory'
Feb 13, 2017 9:46:02 AM org.apache.openejb.assembler.classic.Assembler destroyApplication
INFO: Undeployed app: C:\Users\cjedwards1\Desktop\AvianMigration\apache-tomee-webprofile-1.7.4\webapps\ROOT
Feb 13, 2017 9:46:02 AM org.apache.coyote.AbstractProtocol stop
INFO: Stopping ProtocolHandler ["http-bio-8080"]
Feb 13, 2017 9:46:02 AM org.apache.coyote.AbstractProtocol stop
INFO: Stopping ProtocolHandler ["ajp-bio-8009"]
Feb 13, 2017 9:46:02 AM org.apache.openejb.server.SimpleServiceManager stop
INFO: Stopping server services
Feb 13, 2017 9:46:02 AM org.apache.openejb.assembler.classic.Assembler destroyApplication
INFO: Undeploying app: openejb
Feb 13, 2017 9:46:02 AM org.apache.openejb.util.OptionsLog info
INFO: Using 'openjpa.Log=org.apache.openejb.openjpa.JULOpenJPALogFactory'
Feb 13, 2017 9:46:02 AM org.apache.openejb.assembler.classic.Assembler destroyApplication
INFO: Undeployed app: openejb
Feb 13, 2017 9:46:02 AM org.apache.coyote.AbstractProtocol destroy
INFO: Destroying ProtocolHandler ["http-bio-8080"]
Feb 13, 2017 9:46:02 AM org.apache.coyote.AbstractProtocol destroy
INFO: Destroying ProtocolHandler ["ajp-bio-8009"]
Feb 13, 2017 9:46:14 AM org.apache.catalina.startup.VersionLoggerListener log
INFO: Server version:        Apache Tomcat (TomEE)/7.0.68 (1.7.4)
Feb 13, 2017 9:46:14 AM org.apache.catalina.startup.VersionLoggerListener log
INFO: Server built:          Feb 8 2016 20:25:54 UTC
Feb 13, 2017 9:46:14 AM org.apache.catalina.startup.VersionLoggerListener log
INFO: Server number:         7.0.68.0
Feb 13, 2017 9:46:14 AM org.apache.catalina.startup.VersionLoggerListener log
INFO: OS Name:               Windows 10
Feb 13, 2017 9:46:14 AM org.apache.catalina.startup.VersionLoggerListener log
INFO: OS Version:            10.0
Feb 13, 2017 9:46:14 AM org.apache.catalina.startup.VersionLoggerListener log
INFO: Architecture:          amd64
Feb 13, 2017 9:46:14 AM org.apache.catalina.startup.VersionLoggerListener log
INFO: Java Home:             C:\Program Files\Java\jdk1.8.0_101\jre
Feb 13, 2017 9:46:14 AM org.apache.catalina.startup.VersionLoggerListener log
INFO: JVM Version:           1.8.0_101-b13
Feb 13, 2017 9:46:14 AM org.apache.catalina.startup.VersionLoggerListener log
INFO: JVM Vendor:            Oracle Corporation
Feb 13, 2017 9:46:14 AM org.apache.catalina.startup.VersionLoggerListener log
INFO: CATALINA_BASE:         C:\Users\cjedwards1\Desktop\AvianMigration\apache-tomee-webprofile-1.7.4
Feb 13, 2017 9:46:14 AM org.apache.catalina.startup.VersionLoggerListener log
INFO: CATALINA_HOME:         C:\Users\cjedwards1\Desktop\AvianMigration\apache-tomee-webprofile-1.7.4
Feb 13, 2017 9:46:14 AM org.apache.catalina.startup.VersionLoggerListener log
INFO: Command line argument: -javaagent:C:\Users\cjedwards1\Desktop\AvianMigration\apache-tomee-webprofile-1.7.4\lib\openejb-javaagent.jar
Feb 13, 2017 9:46:14 AM org.apache.catalina.startup.VersionLoggerListener log
INFO: Command line argument: -Djava.util.logging.config.file=C:\Users\cjedwards1\Desktop\AvianMigration\apache-tomee-webprofile-1.7.4\conf\logging.properties
Feb 13, 2017 9:46:14 AM org.apache.catalina.startup.VersionLoggerListener log
INFO: Command line argument: -Djava.util.logging.manager=org.apache.juli.ClassLoaderLogManager
Feb 13, 2017 9:46:14 AM org.apache.catalina.startup.VersionLoggerListener log
INFO: Command line argument: -Djava.endorsed.dirs=C:\Users\cjedwards1\Desktop\AvianMigration\apache-tomee-webprofile-1.7.4\endorsed
Feb 13, 2017 9:46:14 AM org.apache.catalina.startup.VersionLoggerListener log
INFO: Command line argument: -Dcatalina.base=C:\Users\cjedwards1\Desktop\AvianMigration\apache-tomee-webprofile-1.7.4
Feb 13, 2017 9:46:14 AM org.apache.catalina.startup.VersionLoggerListener log
INFO: Command line argument: -Dcatalina.home=C:\Users\cjedwards1\Desktop\AvianMigration\apache-tomee-webprofile-1.7.4
Feb 13, 2017 9:46:14 AM org.apache.catalina.startup.VersionLoggerListener log
INFO: Command line argument: -Djava.io.tmpdir=C:\Users\cjedwards1\Desktop\AvianMigration\apache-tomee-webprofile-1.7.4\temp
Feb 13, 2017 9:46:14 AM org.apache.catalina.core.AprLifecycleListener lifecycleEvent
INFO: The APR based Apache Tomcat Native library which allows optimal performance in production environments was not found on the java.library.path: C:\Program Files\Java\jdk1.8.0_101\bin;C:\WINDOWS\Sun\Java\bin;C:\WINDOWS\system32;C:\WINDOWS;C:\ProgramData\Oracle\Java\javapath;C:\WINDOWS\system32;C:\WINDOWS;C:\WINDOWS\System32\Wbem;C:\WINDOWS\System32\WindowsPowerShell\v1.0\;C:\Program Files (x86)\Microsoft SQL Server\110\Tools\Binn\ManagementStudio\;C:\Program Files (x86)\Microsoft SQL Server\110\Tools\Binn\;C:\Program Files\Microsoft SQL Server\110\Tools\Binn\;C:\Program Files (x86)\Microsoft SQL Server\110\DTS\Binn\;C:\Program Files (x86)\Microsoft SQL Server\Client SDK\ODBC\130\Tools\Binn\;C:\Program Files (x86)\Microsoft SQL Server\130\Tools\Binn\;C:\Program Files (x86)\Microsoft SQL Server\130\DTS\Binn\;C:\Program Files (x86)\Microsoft SQL Server\130\Tools\Binn\ManagementStudio\;C:\Users\cjedwards1\AppData\Local\Microsoft\WindowsApps;C:\Program Files\Java\jdk1.8.0_101\bin;C:\Users\cjedwards1\Desktop\apache-maven-3.3.9\bin;C:\Users\cjedwards1\AppData\Local\Programs\Git\cmd;.
Feb 13, 2017 9:46:14 AM org.apache.coyote.AbstractProtocol init
INFO: Initializing ProtocolHandler ["http-bio-8080"]
Feb 13, 2017 9:46:14 AM org.apache.coyote.AbstractProtocol init
INFO: Initializing ProtocolHandler ["ajp-bio-8009"]
Feb 13, 2017 9:46:14 AM org.apache.openejb.util.OptionsLog info
INFO: Using 'openejb.jdbc.datasource-creator=org.apache.tomee.jdbc.TomEEDataSourceCreator'
Feb 13, 2017 9:46:14 AM org.apache.openejb.OpenEJB$Instance <init>
INFO: ********************************************************************************
Feb 13, 2017 9:46:14 AM org.apache.openejb.OpenEJB$Instance <init>
INFO: OpenEJB http://tomee.apache.org/
Feb 13, 2017 9:46:14 AM org.apache.openejb.OpenEJB$Instance <init>
INFO: Startup: Mon Feb 13 09:46:14 EST 2017
Feb 13, 2017 9:46:14 AM org.apache.openejb.OpenEJB$Instance <init>
INFO: Copyright 1999-2015 (C) Apache OpenEJB/TomEE Project, All Rights Reserved.
Feb 13, 2017 9:46:14 AM org.apache.openejb.OpenEJB$Instance <init>
INFO: Version: 4.7.4
Feb 13, 2017 9:46:14 AM org.apache.openejb.OpenEJB$Instance <init>
INFO: Build date: 20160304
Feb 13, 2017 9:46:14 AM org.apache.openejb.OpenEJB$Instance <init>
INFO: Build time: 09:05
Feb 13, 2017 9:46:14 AM org.apache.openejb.OpenEJB$Instance <init>
INFO: ********************************************************************************
Feb 13, 2017 9:46:14 AM org.apache.openejb.OpenEJB$Instance <init>
INFO: openejb.home = C:\Users\cjedwards1\Desktop\AvianMigration\apache-tomee-webprofile-1.7.4
Feb 13, 2017 9:46:14 AM org.apache.openejb.OpenEJB$Instance <init>
INFO: openejb.base = C:\Users\cjedwards1\Desktop\AvianMigration\apache-tomee-webprofile-1.7.4
Feb 13, 2017 9:46:14 AM org.apache.openejb.cdi.CdiBuilder initializeOWB
INFO: Created new singletonService org.apache.openejb.cdi.ThreadSingletonServiceImpl@5427c60c
Feb 13, 2017 9:46:14 AM org.apache.openejb.cdi.CdiBuilder initializeOWB
INFO: Succeeded in installing singleton service
Feb 13, 2017 9:46:14 AM org.apache.openejb.config.ConfigurationFactory init
INFO: openejb configuration file is 'C:\Users\cjedwards1\Desktop\AvianMigration\apache-tomee-webprofile-1.7.4\conf\tomee.xml'
Feb 13, 2017 9:46:14 AM org.apache.openejb.config.ConfigurationFactory configureService
INFO: Configuring Service(id=Tomcat Security Service, type=SecurityService, provider-id=Tomcat Security Service)
Feb 13, 2017 9:46:14 AM org.apache.openejb.config.ConfigurationFactory configureService
INFO: Configuring Service(id=Default Transaction Manager, type=TransactionManager, provider-id=Default Transaction Manager)
Feb 13, 2017 9:46:14 AM org.apache.openejb.util.OptionsLog info
INFO: Using 'openejb.system.apps=true'
Feb 13, 2017 9:46:14 AM org.apache.openejb.config.ConfigurationFactory configureApplication
INFO: Configuring enterprise application: openejb
Feb 13, 2017 9:46:15 AM org.apache.openejb.config.InitEjbDeployments deploy
INFO: Using openejb.deploymentId.format '{ejbName}'
Feb 13, 2017 9:46:15 AM org.apache.openejb.config.InitEjbDeployments deploy
INFO: Auto-deploying ejb openejb/Deployer: EjbDeployment(deployment-id=openejb/Deployer)
Feb 13, 2017 9:46:15 AM org.apache.openejb.config.InitEjbDeployments deploy
INFO: Auto-deploying ejb openejb/ConfigurationInfo: EjbDeployment(deployment-id=openejb/ConfigurationInfo)
Feb 13, 2017 9:46:15 AM org.apache.openejb.config.InitEjbDeployments deploy
INFO: Auto-deploying ejb MEJB: EjbDeployment(deployment-id=MEJB)
Feb 13, 2017 9:46:15 AM org.apache.openejb.config.ConfigurationFactory configureService
INFO: Configuring Service(id=Default Stateless Container, type=Container, provider-id=Default Stateless Container)
Feb 13, 2017 9:46:15 AM org.apache.openejb.config.AutoConfig createContainer
INFO: Auto-creating a container for bean openejb/Deployer: Container(type=STATELESS, id=Default Stateless Container)
Feb 13, 2017 9:46:15 AM org.apache.openejb.config.AppInfoBuilder build
INFO: Enterprise application "openejb" loaded.
Feb 13, 2017 9:46:15 AM org.apache.openejb.assembler.classic.Assembler createRecipe
INFO: Creating TransactionManager(id=Default Transaction Manager)
Feb 13, 2017 9:46:15 AM org.apache.openejb.assembler.classic.Assembler createRecipe
INFO: Creating SecurityService(id=Tomcat Security Service)
Feb 13, 2017 9:46:15 AM org.apache.openejb.assembler.classic.Assembler createRecipe
INFO: Creating Container(id=Default Stateless Container)
Feb 13, 2017 9:46:15 AM org.apache.openejb.assembler.classic.Assembler createAppClassLoader
INFO: Not creating another application classloader for openejb
Feb 13, 2017 9:46:15 AM org.apache.openejb.assembler.classic.Assembler createApplication
INFO: Assembling app: openejb
Feb 13, 2017 9:46:15 AM org.apache.openejb.util.OptionsLog info
INFO: Using 'openejb.jndiname.format={deploymentId}{interfaceType.openejbLegacyName}'
Feb 13, 2017 9:46:15 AM org.apache.openejb.assembler.classic.JndiBuilder bind
INFO: Jndi(name=openejb/DeployerBusinessRemote) --> Ejb(deployment-id=openejb/Deployer)
Feb 13, 2017 9:46:15 AM org.apache.openejb.assembler.classic.JndiBuilder bind
INFO: Jndi(name=global/openejb/openejb/Deployer!org.apache.openejb.assembler.Deployer) --> Ejb(deployment-id=openejb/Deployer)
Feb 13, 2017 9:46:15 AM org.apache.openejb.assembler.classic.JndiBuilder bind
INFO: Jndi(name=global/openejb/openejb/Deployer) --> Ejb(deployment-id=openejb/Deployer)
Feb 13, 2017 9:46:15 AM org.apache.openejb.assembler.classic.JndiBuilder bind
INFO: Jndi(name=openejb/ConfigurationInfoBusinessRemote) --> Ejb(deployment-id=openejb/ConfigurationInfo)
Feb 13, 2017 9:46:15 AM org.apache.openejb.assembler.classic.JndiBuilder bind
INFO: Jndi(name=global/openejb/openejb/ConfigurationInfo!org.apache.openejb.assembler.classic.cmd.ConfigurationInfo) --> Ejb(deployment-id=openejb/ConfigurationInfo)
Feb 13, 2017 9:46:15 AM org.apache.openejb.assembler.classic.JndiBuilder bind
INFO: Jndi(name=global/openejb/openejb/ConfigurationInfo) --> Ejb(deployment-id=openejb/ConfigurationInfo)
Feb 13, 2017 9:46:15 AM org.apache.openejb.assembler.classic.JndiBuilder bind
INFO: Jndi(name=MEJB) --> Ejb(deployment-id=MEJB)
Feb 13, 2017 9:46:15 AM org.apache.openejb.assembler.classic.JndiBuilder bind
INFO: Jndi(name=global/openejb/MEJB!javax.management.j2ee.ManagementHome) --> Ejb(deployment-id=MEJB)
Feb 13, 2017 9:46:15 AM org.apache.openejb.assembler.classic.JndiBuilder bind
INFO: Jndi(name=global/openejb/MEJB) --> Ejb(deployment-id=MEJB)
Feb 13, 2017 9:46:15 AM org.apache.openejb.assembler.classic.Assembler startEjbs
INFO: Created Ejb(deployment-id=MEJB, ejb-name=MEJB, container=Default Stateless Container)
Feb 13, 2017 9:46:15 AM org.apache.openejb.assembler.classic.Assembler startEjbs
INFO: Created Ejb(deployment-id=openejb/ConfigurationInfo, ejb-name=openejb/ConfigurationInfo, container=Default Stateless Container)
Feb 13, 2017 9:46:15 AM org.apache.openejb.assembler.classic.Assembler startEjbs
INFO: Created Ejb(deployment-id=openejb/Deployer, ejb-name=openejb/Deployer, container=Default Stateless Container)
Feb 13, 2017 9:46:15 AM org.apache.openejb.assembler.classic.Assembler startEjbs
INFO: Started Ejb(deployment-id=MEJB, ejb-name=MEJB, container=Default Stateless Container)
Feb 13, 2017 9:46:15 AM org.apache.openejb.assembler.classic.Assembler startEjbs
INFO: Started Ejb(deployment-id=openejb/ConfigurationInfo, ejb-name=openejb/ConfigurationInfo, container=Default Stateless Container)
Feb 13, 2017 9:46:15 AM org.apache.openejb.assembler.classic.Assembler startEjbs
INFO: Started Ejb(deployment-id=openejb/Deployer, ejb-name=openejb/Deployer, container=Default Stateless Container)
Feb 13, 2017 9:46:15 AM org.apache.openejb.assembler.classic.Assembler deployMBean
INFO: Deployed MBean(openejb.user.mbeans:application=openejb,group=org.apache.openejb.assembler.monitoring,name=JMXDeployer)
Feb 13, 2017 9:46:15 AM org.apache.openejb.assembler.classic.Assembler createApplication
INFO: Deployed Application(path=openejb)
Feb 13, 2017 9:46:15 AM org.apache.openejb.server.SimpleServiceManager start
INFO:   ** Bound Services **
Feb 13, 2017 9:46:15 AM org.apache.openejb.server.SimpleServiceManager printRow
INFO:   NAME                 IP              PORT  
Feb 13, 2017 9:46:15 AM org.apache.openejb.server.SimpleServiceManager start
INFO: -------
Feb 13, 2017 9:46:15 AM org.apache.openejb.server.SimpleServiceManager start
INFO: Ready!
Feb 13, 2017 9:46:15 AM org.apache.catalina.startup.Catalina load
INFO: Initialization processed in 1264 ms
Feb 13, 2017 9:46:15 AM org.apache.tomee.catalina.OpenEJBNamingContextListener bindResource
INFO: Importing a Tomcat Resource with id 'UserDatabase' of type 'org.apache.catalina.UserDatabase'.
Feb 13, 2017 9:46:15 AM org.apache.openejb.assembler.classic.Assembler createRecipe
INFO: Creating Resource(id=UserDatabase)
Feb 13, 2017 9:46:15 AM org.apache.catalina.core.StandardService startInternal
INFO: Starting service Catalina
Feb 13, 2017 9:46:15 AM org.apache.catalina.core.StandardEngine startInternal
INFO: Starting Servlet Engine: Apache Tomcat (TomEE)/7.0.68 (1.7.4)
Feb 13, 2017 9:46:15 AM org.apache.catalina.startup.HostConfig deployDescriptor
INFO: Deploying configuration descriptor C:\Users\cjedwards1\Desktop\AvianMigration\apache-tomee-webprofile-1.7.4\conf\Catalina\localhost\avianMigration.xml
Feb 13, 2017 9:46:15 AM org.apache.tomee.catalina.TomcatWebAppBuilder init
INFO: ------------------------- localhost -> /avianMigration
Feb 13, 2017 9:46:15 AM org.apache.catalina.loader.WebappClassLoaderBase validateJarFile
INFO: validateJarFile(C:\Users\cjedwards1\Desktop\AvianMigration\avianMigration\build\web\WEB-INF\lib\servlet-api.jar) - jar not loaded. See Servlet Spec 3.0, section 10.7.2. Offending class: javax/servlet/Servlet.class
Feb 13, 2017 9:46:16 AM org.apache.openejb.config.ConfigurationFactory configureApplication
INFO: Configuring enterprise application: C:\Users\cjedwards1\Desktop\AvianMigration\avianMigration\build\web
Feb 13, 2017 9:46:16 AM org.apache.openejb.config.ConfigurationFactory configureService
INFO: Configuring Service(id=web/jdbc/TestDB, type=Resource, provider-id=Default JDBC Database)
Feb 13, 2017 9:46:16 AM org.apache.openejb.assembler.classic.Assembler createRecipe
INFO: Creating Resource(id=web/jdbc/TestDB)
Feb 13, 2017 9:46:17 AM org.apache.tomee.jdbc.TomEEDataSourceCreator$TomEEDataSource readOnly
INFO: Disabling testOnBorrow since no validation query is provided
Feb 13, 2017 9:46:17 AM org.apache.tomcat.jdbc.pool.ConnectionPool checkPoolConfiguration
WARNING: maxIdle is larger than maxActive, setting maxIdle to: 20
Feb 13, 2017 9:46:17 AM org.apache.openejb.assembler.classic.Assembler unusedProperty
WARNING: Property "maxTotal" not supported by "web/jdbc/TestDB"
Feb 13, 2017 9:46:17 AM org.apache.openejb.assembler.classic.Assembler unusedProperty
WARNING: Property "maxWaitMillis" not supported by "web/jdbc/TestDB"
Feb 13, 2017 9:46:17 AM org.apache.openejb.config.AppInfoBuilder build
INFO: Enterprise application "C:\Users\cjedwards1\Desktop\AvianMigration\avianMigration\build\web" loaded.
Feb 13, 2017 9:46:17 AM org.apache.openejb.assembler.classic.Assembler createApplication
INFO: Assembling app: C:\Users\cjedwards1\Desktop\AvianMigration\avianMigration\build\web
Feb 13, 2017 9:46:17 AM org.apache.openejb.cdi.CdiBuilder initSingleton
INFO: Existing thread singleton service in SystemInstance(): org.apache.openejb.cdi.ThreadSingletonServiceImpl@5427c60c
Feb 13, 2017 9:46:17 AM org.apache.openejb.cdi.OpenEJBLifecycle startApplication
INFO: OpenWebBeans Container is starting...
Feb 13, 2017 9:46:17 AM org.apache.webbeans.plugins.PluginLoader startUp
INFO: Adding OpenWebBeansPlugin : [CdiPlugin]
Feb 13, 2017 9:46:17 AM org.apache.webbeans.plugins.PluginLoader startUp
INFO: Adding OpenWebBeansPlugin : [OpenWebBeansJsfPlugin]
Feb 13, 2017 9:46:17 AM org.apache.webbeans.config.BeansDeployer validateInjectionPoints
INFO: All injection points were validated successfully.
Feb 13, 2017 9:46:17 AM org.apache.openejb.cdi.OpenEJBLifecycle startApplication
INFO: OpenWebBeans Container has started, it took 94 ms.
Feb 13, 2017 9:46:17 AM org.apache.tomee.catalina.TomcatWebAppBuilder deployWebApps
INFO: using context file C:\Users\cjedwards1\Desktop\AvianMigration\avianMigration\build\web\META-INF\context.xml
Feb 13, 2017 9:46:17 AM org.apache.openejb.assembler.classic.Assembler createApplication
INFO: Deployed Application(path=C:\Users\cjedwards1\Desktop\AvianMigration\avianMigration\build\web)
Feb 13, 2017 9:46:17 AM org.springframework.web.context.ContextLoader initWebApplicationContext
INFO: Root WebApplicationContext: initialization started
Feb 13, 2017 9:46:17 AM org.springframework.context.support.AbstractApplicationContext prepareRefresh
INFO: Refreshing Root WebApplicationContext: startup date [Mon Feb 13 09:46:17 EST 2017]; root of context hierarchy
Feb 13, 2017 9:46:17 AM org.springframework.beans.factory.xml.XmlBeanDefinitionReader loadBeanDefinitions
INFO: Loading XML bean definitions from ServletContext resource [/WEB-INF/applicationContext.xml]
Feb 13, 2017 9:46:17 AM org.springframework.beans.factory.support.DefaultListableBeanFactory preInstantiateSingletons
INFO: Pre-instantiating singletons in org.springframework.beans.factory.support.DefaultListableBeanFactory@4d0ccc3a: defining beans []; root of factory hierarchy
Feb 13, 2017 9:46:17 AM org.springframework.web.context.ContextLoader initWebApplicationContext
INFO: Root WebApplicationContext: initialization completed in 328 ms
Feb 13, 2017 9:46:17 AM org.springframework.web.servlet.FrameworkServlet initServletBean
INFO: FrameworkServlet 'dispatcher': initialization started
Feb 13, 2017 9:46:17 AM org.springframework.context.support.AbstractApplicationContext prepareRefresh
INFO: Refreshing WebApplicationContext for namespace 'dispatcher-servlet': startup date [Mon Feb 13 09:46:17 EST 2017]; parent: Root WebApplicationContext
Feb 13, 2017 9:46:17 AM org.springframework.beans.factory.xml.XmlBeanDefinitionReader loadBeanDefinitions
INFO: Loading XML bean definitions from ServletContext resource [/WEB-INF/dispatcher-servlet.xml]
Feb 13, 2017 9:46:17 AM org.springframework.beans.factory.support.DefaultListableBeanFactory preInstantiateSingletons
INFO: Pre-instantiating singletons in org.springframework.beans.factory.support.DefaultListableBeanFactory@60166951: defining beans [org.springframework.web.servlet.mvc.support.ControllerClassNameHandlerMapping#0,urlMapping,viewResolver,indexController]; parent: org.springframework.beans.factory.support.DefaultListableBeanFactory@4d0ccc3a
Feb 13, 2017 9:46:18 AM org.springframework.web.servlet.handler.AbstractUrlHandlerMapping registerHandler
INFO: Mapped URL path [/index.htm] onto handler 'indexController'
Feb 13, 2017 9:46:18 AM org.springframework.web.servlet.FrameworkServlet initServletBean
INFO: FrameworkServlet 'dispatcher': initialization completed in 218 ms
Feb 13, 2017 9:46:18 AM org.apache.catalina.startup.HostConfig deployDescriptor
INFO: Deployment of configuration descriptor C:\Users\cjedwards1\Desktop\AvianMigration\apache-tomee-webprofile-1.7.4\conf\Catalina\localhost\avianMigration.xml has finished in 2,787 ms
Feb 13, 2017 9:46:18 AM org.apache.catalina.startup.HostConfig deployDescriptor
INFO: Deploying configuration descriptor C:\Users\cjedwards1\Desktop\AvianMigration\apache-tomee-webprofile-1.7.4\conf\Catalina\localhost\majorclassifier.xml
Feb 13, 2017 9:46:18 AM org.apache.tomee.catalina.TomcatWebAppBuilder init
INFO: ------------------------- localhost -> /majorclassifier
Feb 13, 2017 9:46:18 AM org.apache.openejb.util.JarExtractor extract
INFO: Extracting jar: C:\Users\cjedwards1\Desktop\AvianMigration\apache-tomee-webprofile-1.7.4\webapps\C:\Users\cjedwards1\Desktop\MajorClassifier\majorclassifier\build\web
Feb 13, 2017 9:46:18 AM org.apache.tomee.catalina.TomcatWebAppBuilder init
SEVERE: can't unpack 'C:\Users\cjedwards1\Desktop\AvianMigration\apache-tomee-webprofile-1.7.4\webapps\C:\Users\cjedwards1\Desktop\MajorClassifier\majorclassifier\build\web'
Feb 13, 2017 9:46:18 AM org.apache.catalina.core.StandardContext resourcesStart
SEVERE: Error starting static Resources
java.lang.IllegalArgumentException: Document base C:\Users\cjedwards1\Desktop\MajorClassifier\majorclassifier\build\web does not exist or is not a readable directory
	at org.apache.naming.resources.FileDirContext.setDocBase(FileDirContext.java:136)
	at org.apache.catalina.core.StandardContext.resourcesStart(StandardContext.java:5197)
	at org.apache.catalina.core.StandardContext.startInternal(StandardContext.java:5386)
	at org.apache.catalina.util.LifecycleBase.start(LifecycleBase.java:147)
	at org.apache.catalina.core.ContainerBase.addChildInternal(ContainerBase.java:899)
	at org.apache.catalina.core.ContainerBase.addChild(ContainerBase.java:875)
	at org.apache.catalina.core.StandardHost.addChild(StandardHost.java:652)
	at org.apache.catalina.startup.HostConfig.deployDescriptor(HostConfig.java:677)
	at org.apache.catalina.startup.HostConfig$DeployDescriptor.run(HostConfig.java:1962)
	at java.util.concurrent.Executors$RunnableAdapter.call(Executors.java:511)
	at java.util.concurrent.FutureTask.run(FutureTask.java:266)
	at java.util.concurrent.ThreadPoolExecutor.runWorker(ThreadPoolExecutor.java:1142)
	at java.util.concurrent.ThreadPoolExecutor$Worker.run(ThreadPoolExecutor.java:617)
	at java.lang.Thread.run(Thread.java:745)

Feb 13, 2017 9:46:18 AM org.apache.catalina.core.ContainerBase addChildInternal
SEVERE: ContainerBase.addChild: start: 
org.apache.catalina.LifecycleException: Failed to start component [StandardEngine[Catalina].StandardHost[localhost].StandardContext[/majorclassifier]]
	at org.apache.catalina.util.LifecycleBase.start(LifecycleBase.java:153)
	at org.apache.catalina.core.ContainerBase.addChildInternal(ContainerBase.java:899)
	at org.apache.catalina.core.ContainerBase.addChild(ContainerBase.java:875)
	at org.apache.catalina.core.StandardHost.addChild(StandardHost.java:652)
	at org.apache.catalina.startup.HostConfig.deployDescriptor(HostConfig.java:677)
	at org.apache.catalina.startup.HostConfig$DeployDescriptor.run(HostConfig.java:1962)
	at java.util.concurrent.Executors$RunnableAdapter.call(Executors.java:511)
	at java.util.concurrent.FutureTask.run(FutureTask.java:266)
	at java.util.concurrent.ThreadPoolExecutor.runWorker(ThreadPoolExecutor.java:1142)
	at java.util.concurrent.ThreadPoolExecutor$Worker.run(ThreadPoolExecutor.java:617)
	at java.lang.Thread.run(Thread.java:745)
Caused by: org.apache.catalina.LifecycleException: Error in resourceStart()
	at org.apache.catalina.core.StandardContext.startInternal(StandardContext.java:5387)
	at org.apache.catalina.util.LifecycleBase.start(LifecycleBase.java:147)
	... 10 more

Feb 13, 2017 9:46:18 AM org.apache.catalina.startup.HostConfig deployDescriptor
SEVERE: Error deploying configuration descriptor C:\Users\cjedwards1\Desktop\AvianMigration\apache-tomee-webprofile-1.7.4\conf\Catalina\localhost\majorclassifier.xml
java.lang.IllegalStateException: ContainerBase.addChild: start: org.apache.catalina.LifecycleException: Failed to start component [StandardEngine[Catalina].StandardHost[localhost].StandardContext[/majorclassifier]]
	at org.apache.catalina.core.ContainerBase.addChildInternal(ContainerBase.java:903)
	at org.apache.catalina.core.ContainerBase.addChild(ContainerBase.java:875)
	at org.apache.catalina.core.StandardHost.addChild(StandardHost.java:652)
	at org.apache.catalina.startup.HostConfig.deployDescriptor(HostConfig.java:677)
	at org.apache.catalina.startup.HostConfig$DeployDescriptor.run(HostConfig.java:1962)
	at java.util.concurrent.Executors$RunnableAdapter.call(Executors.java:511)
	at java.util.concurrent.FutureTask.run(FutureTask.java:266)
	at java.util.concurrent.ThreadPoolExecutor.runWorker(ThreadPoolExecutor.java:1142)
	at java.util.concurrent.ThreadPoolExecutor$Worker.run(ThreadPoolExecutor.java:617)
	at java.lang.Thread.run(Thread.java:745)

Feb 13, 2017 9:46:18 AM org.apache.catalina.startup.HostConfig deployDescriptor
INFO: Deployment of configuration descriptor C:\Users\cjedwards1\Desktop\AvianMigration\apache-tomee-webprofile-1.7.4\conf\Catalina\localhost\majorclassifier.xml has finished in 62 ms
Feb 13, 2017 9:46:18 AM org.apache.catalina.startup.HostConfig deployDirectory
INFO: Deploying web application directory C:\Users\cjedwards1\Desktop\AvianMigration\apache-tomee-webprofile-1.7.4\webapps\docs
Feb 13, 2017 9:46:18 AM org.apache.tomee.catalina.TomcatWebAppBuilder init
INFO: ------------------------- localhost -> /docs
Feb 13, 2017 9:46:18 AM org.apache.openejb.config.ConfigurationFactory configureApplication
INFO: Configuring enterprise application: C:\Users\cjedwards1\Desktop\AvianMigration\apache-tomee-webprofile-1.7.4\webapps\docs
Feb 13, 2017 9:46:18 AM org.apache.openejb.config.ConfigurationFactory configureService
INFO: Configuring Service(id=docs/jdbc/TestDB, type=Resource, provider-id=Default JDBC Database)
Feb 13, 2017 9:46:18 AM org.apache.openejb.assembler.classic.Assembler createRecipe
INFO: Creating Resource(id=docs/jdbc/TestDB)
Feb 13, 2017 9:46:18 AM org.apache.tomee.jdbc.TomEEDataSourceCreator$TomEEDataSource readOnly
INFO: Disabling testOnBorrow since no validation query is provided
Feb 13, 2017 9:46:18 AM org.apache.tomcat.jdbc.pool.ConnectionPool checkPoolConfiguration
WARNING: maxIdle is larger than maxActive, setting maxIdle to: 20
Feb 13, 2017 9:46:18 AM org.apache.openejb.assembler.classic.Assembler unusedProperty
WARNING: Property "maxTotal" not supported by "docs/jdbc/TestDB"
Feb 13, 2017 9:46:18 AM org.apache.openejb.assembler.classic.Assembler unusedProperty
WARNING: Property "maxWaitMillis" not supported by "docs/jdbc/TestDB"
Feb 13, 2017 9:46:18 AM org.apache.openejb.config.AppInfoBuilder build
INFO: Enterprise application "C:\Users\cjedwards1\Desktop\AvianMigration\apache-tomee-webprofile-1.7.4\webapps\docs" loaded.
Feb 13, 2017 9:46:18 AM org.apache.openejb.assembler.classic.Assembler createApplication
INFO: Assembling app: C:\Users\cjedwards1\Desktop\AvianMigration\apache-tomee-webprofile-1.7.4\webapps\docs
Feb 13, 2017 9:46:18 AM org.apache.openejb.cdi.CdiBuilder initSingleton
INFO: Existing thread singleton service in SystemInstance(): org.apache.openejb.cdi.ThreadSingletonServiceImpl@5427c60c
Feb 13, 2017 9:46:18 AM org.apache.openejb.cdi.OpenEJBLifecycle startApplication
INFO: OpenWebBeans Container is starting...
Feb 13, 2017 9:46:18 AM org.apache.webbeans.plugins.PluginLoader startUp
INFO: Adding OpenWebBeansPlugin : [CdiPlugin]
Feb 13, 2017 9:46:18 AM org.apache.webbeans.plugins.PluginLoader startUp
INFO: Adding OpenWebBeansPlugin : [OpenWebBeansJsfPlugin]
Feb 13, 2017 9:46:18 AM org.apache.webbeans.config.BeansDeployer validateInjectionPoints
INFO: All injection points were validated successfully.
Feb 13, 2017 9:46:18 AM org.apache.openejb.cdi.OpenEJBLifecycle startApplication
INFO: OpenWebBeans Container has started, it took 16 ms.
Feb 13, 2017 9:46:18 AM org.apache.openejb.assembler.classic.Assembler createApplication
INFO: Deployed Application(path=C:\Users\cjedwards1\Desktop\AvianMigration\apache-tomee-webprofile-1.7.4\webapps\docs)
Feb 13, 2017 9:46:18 AM org.apache.catalina.startup.HostConfig deployDirectory
INFO: Deployment of web application directory C:\Users\cjedwards1\Desktop\AvianMigration\apache-tomee-webprofile-1.7.4\webapps\docs has finished in 109 ms
Feb 13, 2017 9:46:18 AM org.apache.catalina.startup.HostConfig deployDirectory
INFO: Deploying web application directory C:\Users\cjedwards1\Desktop\AvianMigration\apache-tomee-webprofile-1.7.4\webapps\host-manager
Feb 13, 2017 9:46:18 AM org.apache.tomee.catalina.TomcatWebAppBuilder init
INFO: ------------------------- localhost -> /host-manager
Feb 13, 2017 9:46:18 AM org.apache.openejb.config.ConfigurationFactory configureApplication
INFO: Configuring enterprise application: C:\Users\cjedwards1\Desktop\AvianMigration\apache-tomee-webprofile-1.7.4\webapps\host-manager
Feb 13, 2017 9:46:18 AM org.apache.openejb.config.ConfigurationFactory configureService
INFO: Configuring Service(id=host-manager/jdbc/TestDB, type=Resource, provider-id=Default JDBC Database)
Feb 13, 2017 9:46:18 AM org.apache.openejb.assembler.classic.Assembler createRecipe
INFO: Creating Resource(id=host-manager/jdbc/TestDB)
Feb 13, 2017 9:46:18 AM org.apache.tomee.jdbc.TomEEDataSourceCreator$TomEEDataSource readOnly
INFO: Disabling testOnBorrow since no validation query is provided
Feb 13, 2017 9:46:18 AM org.apache.tomcat.jdbc.pool.ConnectionPool checkPoolConfiguration
WARNING: maxIdle is larger than maxActive, setting maxIdle to: 20
Feb 13, 2017 9:46:18 AM org.apache.openejb.assembler.classic.Assembler unusedProperty
WARNING: Property "maxTotal" not supported by "host-manager/jdbc/TestDB"
Feb 13, 2017 9:46:18 AM org.apache.openejb.assembler.classic.Assembler unusedProperty
WARNING: Property "maxWaitMillis" not supported by "host-manager/jdbc/TestDB"
Feb 13, 2017 9:46:18 AM org.apache.openejb.config.AppInfoBuilder build
INFO: Enterprise application "C:\Users\cjedwards1\Desktop\AvianMigration\apache-tomee-webprofile-1.7.4\webapps\host-manager" loaded.
Feb 13, 2017 9:46:18 AM org.apache.openejb.assembler.classic.Assembler createApplication
INFO: Assembling app: C:\Users\cjedwards1\Desktop\AvianMigration\apache-tomee-webprofile-1.7.4\webapps\host-manager
Feb 13, 2017 9:46:18 AM org.apache.openejb.cdi.CdiBuilder initSingleton
INFO: Existing thread singleton service in SystemInstance(): org.apache.openejb.cdi.ThreadSingletonServiceImpl@5427c60c
Feb 13, 2017 9:46:18 AM org.apache.openejb.cdi.OpenEJBLifecycle startApplication
INFO: OpenWebBeans Container is starting...
Feb 13, 2017 9:46:18 AM org.apache.webbeans.plugins.PluginLoader startUp
INFO: Adding OpenWebBeansPlugin : [CdiPlugin]
Feb 13, 2017 9:46:18 AM org.apache.webbeans.plugins.PluginLoader startUp
INFO: Adding OpenWebBeansPlugin : [OpenWebBeansJsfPlugin]
Feb 13, 2017 9:46:18 AM org.apache.webbeans.config.BeansDeployer validateInjectionPoints
INFO: All injection points were validated successfully.
Feb 13, 2017 9:46:18 AM org.apache.openejb.cdi.OpenEJBLifecycle startApplication
INFO: OpenWebBeans Container has started, it took 18 ms.
Feb 13, 2017 9:46:18 AM org.apache.tomee.catalina.TomcatWebAppBuilder deployWebApps
INFO: using context file C:\Users\cjedwards1\Desktop\AvianMigration\apache-tomee-webprofile-1.7.4\webapps\host-manager\META-INF\context.xml
Feb 13, 2017 9:46:18 AM org.apache.openejb.assembler.classic.Assembler createApplication
INFO: Deployed Application(path=C:\Users\cjedwards1\Desktop\AvianMigration\apache-tomee-webprofile-1.7.4\webapps\host-manager)
Feb 13, 2017 9:46:18 AM org.apache.catalina.startup.HostConfig deployDirectory
INFO: Deployment of web application directory C:\Users\cjedwards1\Desktop\AvianMigration\apache-tomee-webprofile-1.7.4\webapps\host-manager has finished in 112 ms
Feb 13, 2017 9:46:18 AM org.apache.catalina.startup.HostConfig deployDirectory
INFO: Deploying web application directory C:\Users\cjedwards1\Desktop\AvianMigration\apache-tomee-webprofile-1.7.4\webapps\manager
Feb 13, 2017 9:46:18 AM org.apache.tomee.catalina.TomcatWebAppBuilder init
INFO: ------------------------- localhost -> /manager
Feb 13, 2017 9:46:18 AM org.apache.openejb.config.ConfigurationFactory configureApplication
INFO: Configuring enterprise application: C:\Users\cjedwards1\Desktop\AvianMigration\apache-tomee-webprofile-1.7.4\webapps\manager
Feb 13, 2017 9:46:18 AM org.apache.openejb.config.ConfigurationFactory configureService
INFO: Configuring Service(id=manager/jdbc/TestDB, type=Resource, provider-id=Default JDBC Database)
Feb 13, 2017 9:46:18 AM org.apache.openejb.assembler.classic.Assembler createRecipe
INFO: Creating Resource(id=manager/jdbc/TestDB)
Feb 13, 2017 9:46:18 AM org.apache.tomee.jdbc.TomEEDataSourceCreator$TomEEDataSource readOnly
INFO: Disabling testOnBorrow since no validation query is provided
Feb 13, 2017 9:46:18 AM org.apache.tomcat.jdbc.pool.ConnectionPool checkPoolConfiguration
WARNING: maxIdle is larger than maxActive, setting maxIdle to: 20
Feb 13, 2017 9:46:18 AM org.apache.openejb.assembler.classic.Assembler unusedProperty
WARNING: Property "maxTotal" not supported by "manager/jdbc/TestDB"
Feb 13, 2017 9:46:18 AM org.apache.openejb.assembler.classic.Assembler unusedProperty
WARNING: Property "maxWaitMillis" not supported by "manager/jdbc/TestDB"
Feb 13, 2017 9:46:18 AM org.apache.openejb.config.AppInfoBuilder build
INFO: Enterprise application "C:\Users\cjedwards1\Desktop\AvianMigration\apache-tomee-webprofile-1.7.4\webapps\manager" loaded.
Feb 13, 2017 9:46:18 AM org.apache.openejb.assembler.classic.Assembler createApplication
INFO: Assembling app: C:\Users\cjedwards1\Desktop\AvianMigration\apache-tomee-webprofile-1.7.4\webapps\manager
Feb 13, 2017 9:46:18 AM org.apache.openejb.cdi.CdiBuilder initSingleton
INFO: Existing thread singleton service in SystemInstance(): org.apache.openejb.cdi.ThreadSingletonServiceImpl@5427c60c
Feb 13, 2017 9:46:18 AM org.apache.openejb.cdi.OpenEJBLifecycle startApplication
INFO: OpenWebBeans Container is starting...
Feb 13, 2017 9:46:18 AM org.apache.webbeans.plugins.PluginLoader startUp
INFO: Adding OpenWebBeansPlugin : [CdiPlugin]
Feb 13, 2017 9:46:18 AM org.apache.webbeans.plugins.PluginLoader startUp
INFO: Adding OpenWebBeansPlugin : [OpenWebBeansJsfPlugin]
Feb 13, 2017 9:46:18 AM org.apache.webbeans.config.BeansDeployer validateInjectionPoints
INFO: All injection points were validated successfully.
Feb 13, 2017 9:46:18 AM org.apache.openejb.cdi.OpenEJBLifecycle startApplication
INFO: OpenWebBeans Container has started, it took 0 ms.
Feb 13, 2017 9:46:18 AM org.apache.tomee.catalina.TomcatWebAppBuilder deployWebApps
INFO: using context file C:\Users\cjedwards1\Desktop\AvianMigration\apache-tomee-webprofile-1.7.4\webapps\manager\META-INF\context.xml
Feb 13, 2017 9:46:18 AM org.apache.openejb.assembler.classic.Assembler createApplication
INFO: Deployed Application(path=C:\Users\cjedwards1\Desktop\AvianMigration\apache-tomee-webprofile-1.7.4\webapps\manager)
Feb 13, 2017 9:46:18 AM org.apache.catalina.startup.HostConfig deployDirectory
INFO: Deployment of web application directory C:\Users\cjedwards1\Desktop\AvianMigration\apache-tomee-webprofile-1.7.4\webapps\manager has finished in 78 ms
Feb 13, 2017 9:46:18 AM org.apache.catalina.startup.HostConfig deployDirectory
INFO: Deploying web application directory C:\Users\cjedwards1\Desktop\AvianMigration\apache-tomee-webprofile-1.7.4\webapps\ROOT
Feb 13, 2017 9:46:18 AM org.apache.tomee.catalina.TomcatWebAppBuilder init
INFO: ------------------------- localhost -> /
Feb 13, 2017 9:46:18 AM org.apache.openejb.config.ConfigurationFactory configureApplication
INFO: Configuring enterprise application: C:\Users\cjedwards1\Desktop\AvianMigration\apache-tomee-webprofile-1.7.4\webapps\ROOT
Feb 13, 2017 9:46:18 AM org.apache.openejb.config.ConfigurationFactory configureService
INFO: Configuring Service(id=ROOT/jdbc/TestDB, type=Resource, provider-id=Default JDBC Database)
Feb 13, 2017 9:46:18 AM org.apache.openejb.assembler.classic.Assembler createRecipe
INFO: Creating Resource(id=ROOT/jdbc/TestDB)
Feb 13, 2017 9:46:18 AM org.apache.tomee.jdbc.TomEEDataSourceCreator$TomEEDataSource readOnly
INFO: Disabling testOnBorrow since no validation query is provided
Feb 13, 2017 9:46:18 AM org.apache.tomcat.jdbc.pool.ConnectionPool checkPoolConfiguration
WARNING: maxIdle is larger than maxActive, setting maxIdle to: 20
Feb 13, 2017 9:46:18 AM org.apache.openejb.assembler.classic.Assembler unusedProperty
WARNING: Property "maxTotal" not supported by "ROOT/jdbc/TestDB"
Feb 13, 2017 9:46:18 AM org.apache.openejb.assembler.classic.Assembler unusedProperty
WARNING: Property "maxWaitMillis" not supported by "ROOT/jdbc/TestDB"
Feb 13, 2017 9:46:18 AM org.apache.openejb.config.AppInfoBuilder build
INFO: Enterprise application "C:\Users\cjedwards1\Desktop\AvianMigration\apache-tomee-webprofile-1.7.4\webapps\ROOT" loaded.
Feb 13, 2017 9:46:18 AM org.apache.openejb.assembler.classic.Assembler createApplication
INFO: Assembling app: C:\Users\cjedwards1\Desktop\AvianMigration\apache-tomee-webprofile-1.7.4\webapps\ROOT
Feb 13, 2017 9:46:18 AM org.apache.openejb.cdi.CdiBuilder initSingleton
INFO: Existing thread singleton service in SystemInstance(): org.apache.openejb.cdi.ThreadSingletonServiceImpl@5427c60c
Feb 13, 2017 9:46:18 AM org.apache.openejb.cdi.OpenEJBLifecycle startApplication
INFO: OpenWebBeans Container is starting...
Feb 13, 2017 9:46:18 AM org.apache.webbeans.plugins.PluginLoader startUp
INFO: Adding OpenWebBeansPlugin : [CdiPlugin]
Feb 13, 2017 9:46:18 AM org.apache.webbeans.plugins.PluginLoader startUp
INFO: Adding OpenWebBeansPlugin : [OpenWebBeansJsfPlugin]
Feb 13, 2017 9:46:18 AM org.apache.webbeans.config.BeansDeployer validateInjectionPoints
INFO: All injection points were validated successfully.
Feb 13, 2017 9:46:18 AM org.apache.openejb.cdi.OpenEJBLifecycle startApplication
INFO: OpenWebBeans Container has started, it took 0 ms.
Feb 13, 2017 9:46:18 AM org.apache.openejb.assembler.classic.Assembler createApplication
INFO: Deployed Application(path=C:\Users\cjedwards1\Desktop\AvianMigration\apache-tomee-webprofile-1.7.4\webapps\ROOT)
Feb 13, 2017 9:46:18 AM org.apache.catalina.startup.HostConfig deployDirectory
INFO: Deployment of web application directory C:\Users\cjedwards1\Desktop\AvianMigration\apache-tomee-webprofile-1.7.4\webapps\ROOT has finished in 78 ms
Feb 13, 2017 9:46:18 AM org.apache.coyote.AbstractProtocol start
INFO: Starting ProtocolHandler ["http-bio-8080"]
Feb 13, 2017 9:46:18 AM org.apache.coyote.AbstractProtocol start
INFO: Starting ProtocolHandler ["ajp-bio-8009"]
Feb 13, 2017 9:46:18 AM org.apache.catalina.startup.Catalina start
INFO: Server startup in 3268 ms
Feb 13, 2017 9:46:39 AM org.apache.catalina.util.LifecycleBase stop
INFO: The stop() method was called on component [StandardEngine[Catalina].StandardHost[localhost].StandardContext[/majorclassifier]] after stop() had already been called. The second call will be ignored.
Feb 13, 2017 9:47:28 AM org.apache.catalina.core.StandardServer await
INFO: A valid shutdown command was received via the shutdown port. Stopping the Server instance.
Feb 13, 2017 9:47:28 AM org.apache.coyote.AbstractProtocol pause
INFO: Pausing ProtocolHandler ["http-bio-8080"]
Feb 13, 2017 9:47:28 AM org.apache.coyote.AbstractProtocol pause
INFO: Pausing ProtocolHandler ["ajp-bio-8009"]
Feb 13, 2017 9:47:28 AM org.apache.catalina.core.StandardService stopInternal
INFO: Stopping service Catalina
Feb 13, 2017 9:47:28 AM org.springframework.context.support.AbstractApplicationContext doClose
INFO: Closing WebApplicationContext for namespace 'dispatcher-servlet': startup date [Mon Feb 13 09:46:17 EST 2017]; parent: Root WebApplicationContext
Feb 13, 2017 9:47:28 AM org.springframework.beans.factory.support.DefaultSingletonBeanRegistry destroySingletons
INFO: Destroying singletons in org.springframework.beans.factory.support.DefaultListableBeanFactory@60166951: defining beans [org.springframework.web.servlet.mvc.support.ControllerClassNameHandlerMapping#0,urlMapping,viewResolver,indexController]; parent: org.springframework.beans.factory.support.DefaultListableBeanFactory@4d0ccc3a
Feb 13, 2017 9:47:28 AM org.springframework.context.support.AbstractApplicationContext doClose
INFO: Closing Root WebApplicationContext: startup date [Mon Feb 13 09:46:17 EST 2017]; root of context hierarchy
Feb 13, 2017 9:47:28 AM org.springframework.beans.factory.support.DefaultSingletonBeanRegistry destroySingletons
INFO: Destroying singletons in org.springframework.beans.factory.support.DefaultListableBeanFactory@4d0ccc3a: defining beans []; root of factory hierarchy
Feb 13, 2017 9:47:28 AM org.apache.openejb.assembler.classic.Assembler destroyApplication
INFO: Undeploying app: C:\Users\cjedwards1\Desktop\AvianMigration\avianMigration\build\web
Feb 13, 2017 9:47:28 AM org.apache.openejb.assembler.classic.Assembler destroyResource
INFO: Closing DataSource: web/jdbc/TestDB
Feb 13, 2017 9:47:29 AM org.apache.openejb.util.OptionsLog info
INFO: Using 'openjpa.Log=org.apache.openejb.openjpa.JULOpenJPALogFactory'
Feb 13, 2017 9:47:29 AM org.apache.openejb.assembler.classic.Assembler destroyApplication
INFO: Undeployed app: C:\Users\cjedwards1\Desktop\AvianMigration\avianMigration\build\web
Feb 13, 2017 9:47:29 AM org.apache.catalina.loader.WebappClassLoaderBase clearReferencesJdbc
SEVERE: The web application [/avianMigration] registered the JDBC driver [com.microsoft.sqlserver.jdbc.SQLServerDriver] but failed to unregister it when the web application was stopped. To prevent a memory leak, the JDBC Driver has been forcibly unregistered.
Feb 13, 2017 9:47:29 AM org.apache.openejb.assembler.classic.Assembler destroyApplication
INFO: Undeploying app: C:\Users\cjedwards1\Desktop\AvianMigration\apache-tomee-webprofile-1.7.4\webapps\docs
Feb 13, 2017 9:47:29 AM org.apache.openejb.assembler.classic.Assembler destroyResource
INFO: Closing DataSource: docs/jdbc/TestDB
Feb 13, 2017 9:47:29 AM org.apache.openejb.util.OptionsLog info
INFO: Using 'openjpa.Log=org.apache.openejb.openjpa.JULOpenJPALogFactory'
Feb 13, 2017 9:47:29 AM org.apache.openejb.assembler.classic.Assembler destroyApplication
INFO: Undeployed app: C:\Users\cjedwards1\Desktop\AvianMigration\apache-tomee-webprofile-1.7.4\webapps\docs
Feb 13, 2017 9:47:29 AM org.apache.openejb.assembler.classic.Assembler destroyApplication
INFO: Undeploying app: C:\Users\cjedwards1\Desktop\AvianMigration\apache-tomee-webprofile-1.7.4\webapps\host-manager
Feb 13, 2017 9:47:29 AM org.apache.openejb.assembler.classic.Assembler destroyResource
INFO: Closing DataSource: host-manager/jdbc/TestDB
Feb 13, 2017 9:47:29 AM org.apache.openejb.util.OptionsLog info
INFO: Using 'openjpa.Log=org.apache.openejb.openjpa.JULOpenJPALogFactory'
Feb 13, 2017 9:47:29 AM org.apache.openejb.assembler.classic.Assembler destroyApplication
INFO: Undeployed app: C:\Users\cjedwards1\Desktop\AvianMigration\apache-tomee-webprofile-1.7.4\webapps\host-manager
Feb 13, 2017 9:47:29 AM org.apache.openejb.assembler.classic.Assembler destroyApplication
INFO: Undeploying app: C:\Users\cjedwards1\Desktop\AvianMigration\apache-tomee-webprofile-1.7.4\webapps\manager
Feb 13, 2017 9:47:29 AM org.apache.openejb.assembler.classic.Assembler destroyResource
INFO: Closing DataSource: manager/jdbc/TestDB
Feb 13, 2017 9:47:29 AM org.apache.openejb.util.OptionsLog info
INFO: Using 'openjpa.Log=org.apache.openejb.openjpa.JULOpenJPALogFactory'
Feb 13, 2017 9:47:29 AM org.apache.openejb.assembler.classic.Assembler destroyApplication
INFO: Undeployed app: C:\Users\cjedwards1\Desktop\AvianMigration\apache-tomee-webprofile-1.7.4\webapps\manager
Feb 13, 2017 9:47:29 AM org.apache.openejb.assembler.classic.Assembler destroyApplication
INFO: Undeploying app: C:\Users\cjedwards1\Desktop\AvianMigration\apache-tomee-webprofile-1.7.4\webapps\ROOT
Feb 13, 2017 9:47:29 AM org.apache.openejb.assembler.classic.Assembler destroyResource
INFO: Closing DataSource: ROOT/jdbc/TestDB
Feb 13, 2017 9:47:29 AM org.apache.openejb.util.OptionsLog info
INFO: Using 'openjpa.Log=org.apache.openejb.openjpa.JULOpenJPALogFactory'
Feb 13, 2017 9:47:29 AM org.apache.openejb.assembler.classic.Assembler destroyApplication
INFO: Undeployed app: C:\Users\cjedwards1\Desktop\AvianMigration\apache-tomee-webprofile-1.7.4\webapps\ROOT
Feb 13, 2017 9:47:29 AM org.apache.coyote.AbstractProtocol stop
INFO: Stopping ProtocolHandler ["http-bio-8080"]
Feb 13, 2017 9:47:29 AM org.apache.coyote.AbstractProtocol stop
INFO: Stopping ProtocolHandler ["ajp-bio-8009"]
Feb 13, 2017 9:47:29 AM org.apache.openejb.server.SimpleServiceManager stop
INFO: Stopping server services
Feb 13, 2017 9:47:29 AM org.apache.openejb.assembler.classic.Assembler destroyApplication
INFO: Undeploying app: openejb
Feb 13, 2017 9:47:29 AM org.apache.openejb.util.OptionsLog info
INFO: Using 'openjpa.Log=org.apache.openejb.openjpa.JULOpenJPALogFactory'
Feb 13, 2017 9:47:29 AM org.apache.openejb.assembler.classic.Assembler destroyApplication
INFO: Undeployed app: openejb
Feb 13, 2017 9:47:29 AM org.apache.coyote.AbstractProtocol destroy
INFO: Destroying ProtocolHandler ["http-bio-8080"]
Feb 13, 2017 9:47:29 AM org.apache.coyote.AbstractProtocol destroy
INFO: Destroying ProtocolHandler ["ajp-bio-8009"]
