Jan 26, 2017 9:11:36 AM org.apache.catalina.core.ApplicationContext log
INFO: No Spring WebApplicationInitializer types detected on classpath
Jan 26, 2017 9:11:36 AM org.apache.catalina.core.ApplicationContext log
INFO: Initializing Spring root WebApplicationContext
Jan 26, 2017 9:11:36 AM org.apache.catalina.core.ApplicationContext log
INFO: Initializing Spring FrameworkServlet 'dispatcher'
Jan 26, 2017 9:29:42 AM org.apache.catalina.core.ApplicationContext log
INFO: Destroying Spring FrameworkServlet 'dispatcher'
Jan 26, 2017 9:29:42 AM org.apache.catalina.core.ApplicationContext log
INFO: Closing Spring root WebApplicationContext
Jan 26, 2017 9:29:49 AM org.apache.catalina.core.ApplicationContext log
INFO: No Spring WebApplicationInitializer types detected on classpath
Jan 26, 2017 9:29:49 AM org.apache.catalina.core.ApplicationContext log
INFO: Initializing Spring root WebApplicationContext
Jan 26, 2017 9:29:50 AM org.apache.catalina.core.ApplicationContext log
INFO: Initializing Spring FrameworkServlet 'dispatcher'
Jan 26, 2017 9:31:31 AM org.apache.catalina.core.ApplicationContext log
INFO: Destroying Spring FrameworkServlet 'dispatcher'
Jan 26, 2017 9:31:31 AM org.apache.catalina.core.ApplicationContext log
INFO: Closing Spring root WebApplicationContext
Jan 26, 2017 9:31:48 AM org.apache.catalina.core.ApplicationContext log
INFO: No Spring WebApplicationInitializer types detected on classpath
Jan 26, 2017 9:31:48 AM org.apache.catalina.core.ApplicationContext log
INFO: Initializing Spring root WebApplicationContext
Jan 26, 2017 9:31:48 AM org.apache.catalina.core.ApplicationContext log
INFO: Initializing Spring FrameworkServlet 'dispatcher'
Jan 26, 2017 9:49:23 AM org.apache.catalina.core.ApplicationContext log
INFO: Destroying Spring FrameworkServlet 'dispatcher'
Jan 26, 2017 9:49:23 AM org.apache.catalina.core.ApplicationContext log
INFO: Closing Spring root WebApplicationContext
Jan 26, 2017 9:54:06 AM org.apache.catalina.core.ApplicationContext log
INFO: No Spring WebApplicationInitializer types detected on classpath
Jan 26, 2017 9:54:06 AM org.apache.catalina.core.ApplicationContext log
INFO: Initializing Spring root WebApplicationContext
Jan 26, 2017 9:54:07 AM org.apache.catalina.core.ApplicationContext log
INFO: Initializing Spring FrameworkServlet 'dispatcher'
Jan 26, 2017 9:55:26 AM org.apache.catalina.core.ApplicationContext log
INFO: Destroying Spring FrameworkServlet 'dispatcher'
Jan 26, 2017 9:55:26 AM org.apache.catalina.core.ApplicationContext log
INFO: Closing Spring root WebApplicationContext
Jan 26, 2017 10:02:47 AM org.apache.catalina.core.ApplicationContext log
INFO: No Spring WebApplicationInitializer types detected on classpath
Jan 26, 2017 10:02:47 AM org.apache.catalina.core.ApplicationContext log
INFO: Initializing Spring root WebApplicationContext
Jan 26, 2017 10:02:48 AM org.apache.catalina.core.ApplicationContext log
INFO: Initializing Spring FrameworkServlet 'dispatcher'
Jan 26, 2017 10:02:49 AM org.apache.catalina.core.ApplicationContext log
INFO: Destroying Spring FrameworkServlet 'dispatcher'
Jan 26, 2017 10:02:49 AM org.apache.catalina.core.ApplicationContext log
INFO: Closing Spring root WebApplicationContext
Jan 26, 2017 10:02:50 AM org.apache.catalina.core.ApplicationContext log
INFO: No Spring WebApplicationInitializer types detected on classpath
Jan 26, 2017 10:02:50 AM org.apache.catalina.core.ApplicationContext log
INFO: Initializing Spring root WebApplicationContext
Jan 26, 2017 10:02:50 AM org.apache.catalina.core.ApplicationContext log
INFO: Initializing Spring FrameworkServlet 'dispatcher'
Jan 26, 2017 10:03:49 AM org.apache.catalina.core.ApplicationContext log
INFO: Destroying Spring FrameworkServlet 'dispatcher'
Jan 26, 2017 10:03:49 AM org.apache.catalina.core.ApplicationContext log
INFO: Closing Spring root WebApplicationContext
Jan 26, 2017 10:03:56 AM org.apache.catalina.core.ApplicationContext log
INFO: No Spring WebApplicationInitializer types detected on classpath
Jan 26, 2017 10:03:56 AM org.apache.catalina.core.ApplicationContext log
INFO: Initializing Spring root WebApplicationContext
Jan 26, 2017 10:03:57 AM org.apache.catalina.core.ApplicationContext log
INFO: Initializing Spring FrameworkServlet 'dispatcher'
Jan 26, 2017 10:16:38 AM org.apache.catalina.core.ApplicationContext log
INFO: Destroying Spring FrameworkServlet 'dispatcher'
Jan 26, 2017 10:16:38 AM org.apache.catalina.core.ApplicationContext log
INFO: Closing Spring root WebApplicationContext
Jan 26, 2017 10:16:44 AM org.apache.catalina.core.ApplicationContext log
INFO: No Spring WebApplicationInitializer types detected on classpath
Jan 26, 2017 10:16:45 AM org.apache.catalina.core.ApplicationContext log
INFO: Initializing Spring root WebApplicationContext
Jan 26, 2017 10:16:45 AM org.apache.catalina.core.ApplicationContext log
INFO: Initializing Spring FrameworkServlet 'dispatcher'
Jan 26, 2017 10:16:47 AM org.apache.catalina.core.ApplicationContext log
INFO: Destroying Spring FrameworkServlet 'dispatcher'
Jan 26, 2017 10:16:47 AM org.apache.catalina.core.ApplicationContext log
INFO: Closing Spring root WebApplicationContext
Jan 26, 2017 10:16:49 AM org.apache.catalina.core.ApplicationContext log
INFO: No Spring WebApplicationInitializer types detected on classpath
Jan 26, 2017 10:16:49 AM org.apache.catalina.core.ApplicationContext log
INFO: Initializing Spring root WebApplicationContext
Jan 26, 2017 10:16:49 AM org.apache.catalina.core.ApplicationContext log
INFO: Initializing Spring FrameworkServlet 'dispatcher'
Jan 26, 2017 10:17:14 AM org.apache.catalina.core.ApplicationContext log
INFO: Destroying Spring FrameworkServlet 'dispatcher'
Jan 26, 2017 10:17:14 AM org.apache.catalina.core.ApplicationContext log
INFO: Closing Spring root WebApplicationContext
Jan 26, 2017 10:17:16 AM org.apache.catalina.core.ApplicationContext log
INFO: No Spring WebApplicationInitializer types detected on classpath
Jan 26, 2017 10:17:16 AM org.apache.catalina.core.ApplicationContext log
INFO: Initializing Spring root WebApplicationContext
Jan 26, 2017 10:17:16 AM org.apache.catalina.core.ApplicationContext log
INFO: Initializing Spring FrameworkServlet 'dispatcher'
Jan 26, 2017 10:20:21 AM org.apache.catalina.core.ApplicationContext log
INFO: Destroying Spring FrameworkServlet 'dispatcher'
Jan 26, 2017 10:20:21 AM org.apache.catalina.core.ApplicationContext log
INFO: Closing Spring root WebApplicationContext
Jan 26, 2017 10:20:22 AM org.apache.catalina.core.ApplicationContext log
INFO: No Spring WebApplicationInitializer types detected on classpath
Jan 26, 2017 10:20:22 AM org.apache.catalina.core.ApplicationContext log
INFO: Initializing Spring root WebApplicationContext
Jan 26, 2017 10:20:22 AM org.apache.catalina.core.ApplicationContext log
INFO: Initializing Spring FrameworkServlet 'dispatcher'
Jan 26, 2017 10:20:26 AM org.apache.catalina.core.ApplicationContext log
INFO: Destroying Spring FrameworkServlet 'dispatcher'
Jan 26, 2017 10:20:26 AM org.apache.catalina.core.ApplicationContext log
INFO: Closing Spring root WebApplicationContext
Jan 26, 2017 10:20:26 AM org.apache.catalina.core.ApplicationContext log
INFO: No Spring WebApplicationInitializer types detected on classpath
Jan 26, 2017 10:20:26 AM org.apache.catalina.core.ApplicationContext log
INFO: Initializing Spring root WebApplicationContext
Jan 26, 2017 10:20:27 AM org.apache.catalina.core.ApplicationContext log
INFO: Initializing Spring FrameworkServlet 'dispatcher'
Jan 26, 2017 10:21:52 AM org.apache.catalina.core.ApplicationContext log
INFO: Destroying Spring FrameworkServlet 'dispatcher'
Jan 26, 2017 10:21:52 AM org.apache.catalina.core.ApplicationContext log
INFO: Closing Spring root WebApplicationContext
Jan 26, 2017 10:24:19 AM org.apache.catalina.core.ApplicationContext log
INFO: No Spring WebApplicationInitializer types detected on classpath
Jan 26, 2017 10:24:19 AM org.apache.catalina.core.ApplicationContext log
INFO: Initializing Spring root WebApplicationContext
Jan 26, 2017 10:24:20 AM org.apache.catalina.core.ApplicationContext log
INFO: Initializing Spring FrameworkServlet 'dispatcher'
Jan 26, 2017 10:24:21 AM org.apache.catalina.core.ApplicationContext log
INFO: Destroying Spring FrameworkServlet 'dispatcher'
Jan 26, 2017 10:24:21 AM org.apache.catalina.core.ApplicationContext log
INFO: Closing Spring root WebApplicationContext
Jan 26, 2017 10:24:22 AM org.apache.catalina.core.ApplicationContext log
INFO: No Spring WebApplicationInitializer types detected on classpath
Jan 26, 2017 10:24:22 AM org.apache.catalina.core.ApplicationContext log
INFO: Initializing Spring root WebApplicationContext
Jan 26, 2017 10:24:22 AM org.apache.catalina.core.ApplicationContext log
INFO: Initializing Spring FrameworkServlet 'dispatcher'
Jan 26, 2017 10:27:01 AM org.apache.catalina.core.ApplicationContext log
INFO: Destroying Spring FrameworkServlet 'dispatcher'
Jan 26, 2017 10:27:01 AM org.apache.catalina.core.ApplicationContext log
INFO: Closing Spring root WebApplicationContext
Jan 26, 2017 10:27:02 AM org.apache.catalina.core.ApplicationContext log
INFO: No Spring WebApplicationInitializer types detected on classpath
Jan 26, 2017 10:27:02 AM org.apache.catalina.core.ApplicationContext log
INFO: Initializing Spring root WebApplicationContext
Jan 26, 2017 10:27:03 AM org.apache.catalina.core.ApplicationContext log
INFO: Initializing Spring FrameworkServlet 'dispatcher'
Jan 26, 2017 10:27:07 AM org.apache.catalina.core.ApplicationContext log
INFO: Destroying Spring FrameworkServlet 'dispatcher'
Jan 26, 2017 10:27:07 AM org.apache.catalina.core.ApplicationContext log
INFO: Closing Spring root WebApplicationContext
Jan 26, 2017 10:27:07 AM org.apache.catalina.core.ApplicationContext log
INFO: No Spring WebApplicationInitializer types detected on classpath
Jan 26, 2017 10:27:07 AM org.apache.catalina.core.ApplicationContext log
INFO: Initializing Spring root WebApplicationContext
Jan 26, 2017 10:27:07 AM org.apache.catalina.core.ApplicationContext log
INFO: Initializing Spring FrameworkServlet 'dispatcher'
Jan 26, 2017 10:27:10 AM org.apache.catalina.core.ApplicationContext log
INFO: Destroying Spring FrameworkServlet 'dispatcher'
Jan 26, 2017 10:27:10 AM org.apache.catalina.core.ApplicationContext log
INFO: Closing Spring root WebApplicationContext
Jan 26, 2017 10:27:11 AM org.apache.catalina.core.ApplicationContext log
INFO: No Spring WebApplicationInitializer types detected on classpath
Jan 26, 2017 10:27:11 AM org.apache.catalina.core.ApplicationContext log
INFO: Initializing Spring root WebApplicationContext
Jan 26, 2017 10:27:11 AM org.apache.catalina.core.ApplicationContext log
INFO: Initializing Spring FrameworkServlet 'dispatcher'
Jan 26, 2017 10:29:05 AM org.apache.catalina.core.ApplicationContext log
INFO: Destroying Spring FrameworkServlet 'dispatcher'
Jan 26, 2017 10:29:05 AM org.apache.catalina.core.ApplicationContext log
INFO: Closing Spring root WebApplicationContext
Jan 26, 2017 10:29:06 AM org.apache.catalina.core.ApplicationContext log
INFO: No Spring WebApplicationInitializer types detected on classpath
Jan 26, 2017 10:29:06 AM org.apache.catalina.core.ApplicationContext log
INFO: Initializing Spring root WebApplicationContext
Jan 26, 2017 10:29:06 AM org.apache.catalina.core.ApplicationContext log
INFO: Initializing Spring FrameworkServlet 'dispatcher'
Jan 26, 2017 10:29:10 AM org.apache.catalina.core.ApplicationContext log
INFO: Destroying Spring FrameworkServlet 'dispatcher'
Jan 26, 2017 10:29:10 AM org.apache.catalina.core.ApplicationContext log
INFO: Closing Spring root WebApplicationContext
Jan 26, 2017 10:29:18 AM org.apache.catalina.core.ApplicationContext log
INFO: No Spring WebApplicationInitializer types detected on classpath
Jan 26, 2017 10:29:18 AM org.apache.catalina.core.ApplicationContext log
INFO: Initializing Spring root WebApplicationContext
Jan 26, 2017 10:29:18 AM org.apache.catalina.core.ApplicationContext log
INFO: Initializing Spring FrameworkServlet 'dispatcher'
Jan 26, 2017 10:30:43 AM org.apache.catalina.core.ApplicationContext log
INFO: Destroying Spring FrameworkServlet 'dispatcher'
Jan 26, 2017 10:30:43 AM org.apache.catalina.core.ApplicationContext log
INFO: Closing Spring root WebApplicationContext
Jan 26, 2017 10:30:51 AM org.apache.catalina.core.ApplicationContext log
INFO: No Spring WebApplicationInitializer types detected on classpath
Jan 26, 2017 10:30:51 AM org.apache.catalina.core.ApplicationContext log
INFO: Initializing Spring root WebApplicationContext
Jan 26, 2017 10:30:51 AM org.apache.catalina.core.ApplicationContext log
INFO: Initializing Spring FrameworkServlet 'dispatcher'
Jan 26, 2017 10:31:12 AM org.apache.catalina.core.ApplicationContext log
INFO: Destroying Spring FrameworkServlet 'dispatcher'
Jan 26, 2017 10:31:12 AM org.apache.catalina.core.ApplicationContext log
INFO: Closing Spring root WebApplicationContext
Jan 26, 2017 10:31:12 AM org.apache.catalina.core.ApplicationContext log
INFO: No Spring WebApplicationInitializer types detected on classpath
Jan 26, 2017 10:31:13 AM org.apache.catalina.core.ApplicationContext log
INFO: Initializing Spring root WebApplicationContext
Jan 26, 2017 10:31:13 AM org.apache.catalina.core.ApplicationContext log
INFO: Initializing Spring FrameworkServlet 'dispatcher'
Jan 26, 2017 10:31:22 AM org.apache.catalina.core.ApplicationContext log
INFO: Destroying Spring FrameworkServlet 'dispatcher'
Jan 26, 2017 10:31:22 AM org.apache.catalina.core.ApplicationContext log
INFO: Closing Spring root WebApplicationContext
Jan 26, 2017 10:31:22 AM org.apache.catalina.core.ApplicationContext log
INFO: No Spring WebApplicationInitializer types detected on classpath
Jan 26, 2017 10:31:22 AM org.apache.catalina.core.ApplicationContext log
INFO: Initializing Spring root WebApplicationContext
Jan 26, 2017 10:31:22 AM org.apache.catalina.core.ApplicationContext log
INFO: Initializing Spring FrameworkServlet 'dispatcher'
Jan 26, 2017 10:31:25 AM org.apache.catalina.core.ApplicationContext log
INFO: Destroying Spring FrameworkServlet 'dispatcher'
Jan 26, 2017 10:31:25 AM org.apache.catalina.core.ApplicationContext log
INFO: Closing Spring root WebApplicationContext
Jan 26, 2017 10:31:26 AM org.apache.catalina.core.ApplicationContext log
INFO: No Spring WebApplicationInitializer types detected on classpath
Jan 26, 2017 10:31:26 AM org.apache.catalina.core.ApplicationContext log
INFO: Initializing Spring root WebApplicationContext
Jan 26, 2017 10:31:26 AM org.apache.catalina.core.ApplicationContext log
INFO: Initializing Spring FrameworkServlet 'dispatcher'
Jan 26, 2017 10:33:17 AM org.apache.catalina.core.ApplicationContext log
INFO: Destroying Spring FrameworkServlet 'dispatcher'
Jan 26, 2017 10:33:17 AM org.apache.catalina.core.ApplicationContext log
INFO: Closing Spring root WebApplicationContext
Jan 26, 2017 10:33:23 AM org.apache.catalina.core.ApplicationContext log
INFO: No Spring WebApplicationInitializer types detected on classpath
Jan 26, 2017 10:33:23 AM org.apache.catalina.core.ApplicationContext log
INFO: Initializing Spring root WebApplicationContext
Jan 26, 2017 10:33:24 AM org.apache.catalina.core.ApplicationContext log
INFO: Initializing Spring FrameworkServlet 'dispatcher'
Jan 26, 2017 10:36:47 AM org.apache.catalina.core.ApplicationContext log
INFO: Destroying Spring FrameworkServlet 'dispatcher'
Jan 26, 2017 10:36:47 AM org.apache.catalina.core.ApplicationContext log
INFO: Closing Spring root WebApplicationContext
Jan 26, 2017 10:36:48 AM org.apache.catalina.core.ApplicationContext log
INFO: No Spring WebApplicationInitializer types detected on classpath
Jan 26, 2017 10:36:48 AM org.apache.catalina.core.ApplicationContext log
INFO: Initializing Spring root WebApplicationContext
Jan 26, 2017 10:36:48 AM org.apache.catalina.core.ApplicationContext log
INFO: Initializing Spring FrameworkServlet 'dispatcher'
Jan 26, 2017 10:36:54 AM org.apache.catalina.core.ApplicationContext log
INFO: Destroying Spring FrameworkServlet 'dispatcher'
Jan 26, 2017 10:36:54 AM org.apache.catalina.core.ApplicationContext log
INFO: Closing Spring root WebApplicationContext
Jan 26, 2017 10:36:55 AM org.apache.catalina.core.ApplicationContext log
INFO: No Spring WebApplicationInitializer types detected on classpath
Jan 26, 2017 10:36:55 AM org.apache.catalina.core.ApplicationContext log
INFO: Initializing Spring root WebApplicationContext
Jan 26, 2017 10:36:55 AM org.apache.catalina.core.ApplicationContext log
INFO: Initializing Spring FrameworkServlet 'dispatcher'
Jan 26, 2017 10:39:21 AM org.apache.catalina.core.ApplicationContext log
INFO: Destroying Spring FrameworkServlet 'dispatcher'
Jan 26, 2017 10:39:21 AM org.apache.catalina.core.ApplicationContext log
INFO: Closing Spring root WebApplicationContext
Jan 26, 2017 10:39:22 AM org.apache.catalina.core.ApplicationContext log
INFO: No Spring WebApplicationInitializer types detected on classpath
Jan 26, 2017 10:39:22 AM org.apache.catalina.core.ApplicationContext log
INFO: Initializing Spring root WebApplicationContext
Jan 26, 2017 10:39:22 AM org.apache.catalina.core.ApplicationContext log
INFO: Initializing Spring FrameworkServlet 'dispatcher'
Jan 26, 2017 10:39:25 AM org.apache.catalina.core.ApplicationContext log
INFO: Destroying Spring FrameworkServlet 'dispatcher'
Jan 26, 2017 10:39:25 AM org.apache.catalina.core.ApplicationContext log
INFO: Closing Spring root WebApplicationContext
Jan 26, 2017 10:39:26 AM org.apache.catalina.core.ApplicationContext log
INFO: No Spring WebApplicationInitializer types detected on classpath
Jan 26, 2017 10:39:26 AM org.apache.catalina.core.ApplicationContext log
INFO: Initializing Spring root WebApplicationContext
Jan 26, 2017 10:39:26 AM org.apache.catalina.core.ApplicationContext log
INFO: Initializing Spring FrameworkServlet 'dispatcher'
Jan 26, 2017 10:48:14 AM org.apache.catalina.core.ApplicationContext log
INFO: Destroying Spring FrameworkServlet 'dispatcher'
Jan 26, 2017 10:48:14 AM org.apache.catalina.core.ApplicationContext log
INFO: Closing Spring root WebApplicationContext
Jan 26, 2017 10:48:15 AM org.apache.catalina.core.ApplicationContext log
INFO: No Spring WebApplicationInitializer types detected on classpath
Jan 26, 2017 10:48:15 AM org.apache.catalina.core.ApplicationContext log
INFO: Initializing Spring root WebApplicationContext
Jan 26, 2017 10:48:15 AM org.apache.catalina.core.ApplicationContext log
INFO: Initializing Spring FrameworkServlet 'dispatcher'
Jan 26, 2017 10:49:18 AM org.apache.catalina.core.ApplicationContext log
INFO: Destroying Spring FrameworkServlet 'dispatcher'
Jan 26, 2017 10:49:18 AM org.apache.catalina.core.ApplicationContext log
INFO: Closing Spring root WebApplicationContext
Jan 26, 2017 10:49:19 AM org.apache.catalina.core.ApplicationContext log
INFO: No Spring WebApplicationInitializer types detected on classpath
Jan 26, 2017 10:49:19 AM org.apache.catalina.core.ApplicationContext log
INFO: Initializing Spring root WebApplicationContext
Jan 26, 2017 10:49:19 AM org.apache.catalina.core.ApplicationContext log
INFO: Initializing Spring FrameworkServlet 'dispatcher'
Jan 26, 2017 10:55:17 AM org.apache.catalina.core.ApplicationContext log
INFO: Destroying Spring FrameworkServlet 'dispatcher'
Jan 26, 2017 10:55:17 AM org.apache.catalina.core.ApplicationContext log
INFO: Closing Spring root WebApplicationContext
Jan 26, 2017 10:55:18 AM org.apache.catalina.core.ApplicationContext log
INFO: No Spring WebApplicationInitializer types detected on classpath
Jan 26, 2017 10:55:18 AM org.apache.catalina.core.ApplicationContext log
INFO: Initializing Spring root WebApplicationContext
Jan 26, 2017 10:55:19 AM org.apache.catalina.core.ApplicationContext log
INFO: Initializing Spring FrameworkServlet 'dispatcher'
Jan 26, 2017 10:55:46 AM org.apache.catalina.core.ApplicationContext log
INFO: Destroying Spring FrameworkServlet 'dispatcher'
Jan 26, 2017 10:55:46 AM org.apache.catalina.core.ApplicationContext log
INFO: Closing Spring root WebApplicationContext
Jan 26, 2017 10:55:46 AM org.apache.catalina.core.ApplicationContext log
INFO: No Spring WebApplicationInitializer types detected on classpath
Jan 26, 2017 10:55:46 AM org.apache.catalina.core.ApplicationContext log
INFO: Initializing Spring root WebApplicationContext
Jan 26, 2017 10:55:46 AM org.apache.catalina.core.ApplicationContext log
INFO: Initializing Spring FrameworkServlet 'dispatcher'
Jan 26, 2017 10:56:46 AM org.apache.catalina.core.ApplicationContext log
INFO: Destroying Spring FrameworkServlet 'dispatcher'
Jan 26, 2017 10:56:46 AM org.apache.catalina.core.ApplicationContext log
INFO: Closing Spring root WebApplicationContext
Jan 26, 2017 10:56:47 AM org.apache.catalina.core.ApplicationContext log
INFO: No Spring WebApplicationInitializer types detected on classpath
Jan 26, 2017 10:56:47 AM org.apache.catalina.core.ApplicationContext log
INFO: Initializing Spring root WebApplicationContext
Jan 26, 2017 10:56:47 AM org.apache.catalina.core.ApplicationContext log
INFO: Initializing Spring FrameworkServlet 'dispatcher'
Jan 26, 2017 10:57:39 AM org.apache.catalina.core.ApplicationContext log
INFO: Destroying Spring FrameworkServlet 'dispatcher'
Jan 26, 2017 10:57:39 AM org.apache.catalina.core.ApplicationContext log
INFO: Closing Spring root WebApplicationContext
Jan 26, 2017 10:57:39 AM org.apache.catalina.core.ApplicationContext log
INFO: No Spring WebApplicationInitializer types detected on classpath
Jan 26, 2017 10:57:39 AM org.apache.catalina.core.ApplicationContext log
INFO: Initializing Spring root WebApplicationContext
Jan 26, 2017 10:57:40 AM org.apache.catalina.core.ApplicationContext log
INFO: Initializing Spring FrameworkServlet 'dispatcher'
Jan 26, 2017 11:32:47 AM org.apache.catalina.core.ApplicationContext log
INFO: Destroying Spring FrameworkServlet 'dispatcher'
Jan 26, 2017 11:32:47 AM org.apache.catalina.core.ApplicationContext log
INFO: Closing Spring root WebApplicationContext
Jan 26, 2017 11:32:48 AM org.apache.catalina.core.ApplicationContext log
INFO: No Spring WebApplicationInitializer types detected on classpath
Jan 26, 2017 11:32:48 AM org.apache.catalina.core.ApplicationContext log
INFO: Initializing Spring root WebApplicationContext
Jan 26, 2017 11:32:48 AM org.apache.catalina.core.ApplicationContext log
INFO: Initializing Spring FrameworkServlet 'dispatcher'
Jan 26, 2017 11:32:57 AM org.apache.catalina.core.ApplicationContext log
INFO: Destroying Spring FrameworkServlet 'dispatcher'
Jan 26, 2017 11:32:57 AM org.apache.catalina.core.ApplicationContext log
INFO: Closing Spring root WebApplicationContext
Jan 26, 2017 11:32:58 AM org.apache.catalina.core.ApplicationContext log
INFO: No Spring WebApplicationInitializer types detected on classpath
Jan 26, 2017 11:32:58 AM org.apache.catalina.core.ApplicationContext log
INFO: Initializing Spring root WebApplicationContext
Jan 26, 2017 11:32:58 AM org.apache.catalina.core.ApplicationContext log
INFO: Initializing Spring FrameworkServlet 'dispatcher'
Jan 26, 2017 11:34:04 AM org.apache.catalina.core.ApplicationContext log
INFO: Destroying Spring FrameworkServlet 'dispatcher'
Jan 26, 2017 11:34:04 AM org.apache.catalina.core.ApplicationContext log
INFO: Closing Spring root WebApplicationContext
Jan 26, 2017 11:34:05 AM org.apache.catalina.core.ApplicationContext log
INFO: No Spring WebApplicationInitializer types detected on classpath
Jan 26, 2017 11:34:05 AM org.apache.catalina.core.ApplicationContext log
INFO: Initializing Spring root WebApplicationContext
Jan 26, 2017 11:34:05 AM org.apache.catalina.core.ApplicationContext log
INFO: Initializing Spring FrameworkServlet 'dispatcher'
Jan 26, 2017 11:40:09 AM org.apache.catalina.core.ApplicationContext log
INFO: Destroying Spring FrameworkServlet 'dispatcher'
Jan 26, 2017 11:40:09 AM org.apache.catalina.core.ApplicationContext log
INFO: Closing Spring root WebApplicationContext
Jan 26, 2017 11:40:16 AM org.apache.catalina.core.ApplicationContext log
INFO: No Spring WebApplicationInitializer types detected on classpath
Jan 26, 2017 11:40:16 AM org.apache.catalina.core.ApplicationContext log
INFO: Initializing Spring root WebApplicationContext
Jan 26, 2017 11:40:16 AM org.apache.catalina.core.ApplicationContext log
INFO: Initializing Spring FrameworkServlet 'dispatcher'
Jan 26, 2017 11:40:18 AM org.apache.catalina.core.ApplicationContext log
INFO: Destroying Spring FrameworkServlet 'dispatcher'
Jan 26, 2017 11:40:18 AM org.apache.catalina.core.ApplicationContext log
INFO: Closing Spring root WebApplicationContext
Jan 26, 2017 11:40:19 AM org.apache.catalina.core.ApplicationContext log
INFO: No Spring WebApplicationInitializer types detected on classpath
Jan 26, 2017 11:40:19 AM org.apache.catalina.core.ApplicationContext log
INFO: Initializing Spring root WebApplicationContext
Jan 26, 2017 11:40:19 AM org.apache.catalina.core.ApplicationContext log
INFO: Initializing Spring FrameworkServlet 'dispatcher'
Jan 26, 2017 11:41:40 AM org.apache.catalina.core.ApplicationContext log
INFO: Destroying Spring FrameworkServlet 'dispatcher'
Jan 26, 2017 11:41:40 AM org.apache.catalina.core.ApplicationContext log
INFO: Closing Spring root WebApplicationContext
Jan 26, 2017 11:41:41 AM org.apache.catalina.core.ApplicationContext log
INFO: No Spring WebApplicationInitializer types detected on classpath
Jan 26, 2017 11:41:41 AM org.apache.catalina.core.ApplicationContext log
INFO: Initializing Spring root WebApplicationContext
Jan 26, 2017 11:41:42 AM org.apache.catalina.core.ApplicationContext log
INFO: Initializing Spring FrameworkServlet 'dispatcher'
Jan 26, 2017 11:42:45 AM org.apache.catalina.core.ApplicationContext log
INFO: Destroying Spring FrameworkServlet 'dispatcher'
Jan 26, 2017 11:42:45 AM org.apache.catalina.core.ApplicationContext log
INFO: Closing Spring root WebApplicationContext
Jan 26, 2017 11:42:45 AM org.apache.catalina.core.ApplicationContext log
INFO: No Spring WebApplicationInitializer types detected on classpath
Jan 26, 2017 11:42:45 AM org.apache.catalina.core.ApplicationContext log
INFO: Initializing Spring root WebApplicationContext
Jan 26, 2017 11:42:46 AM org.apache.catalina.core.ApplicationContext log
INFO: Initializing Spring FrameworkServlet 'dispatcher'
Jan 26, 2017 11:44:42 AM org.apache.catalina.core.ApplicationContext log
INFO: Destroying Spring FrameworkServlet 'dispatcher'
Jan 26, 2017 11:44:42 AM org.apache.catalina.core.ApplicationContext log
INFO: Closing Spring root WebApplicationContext
Jan 26, 2017 11:44:43 AM org.apache.catalina.core.ApplicationContext log
INFO: No Spring WebApplicationInitializer types detected on classpath
Jan 26, 2017 11:44:43 AM org.apache.catalina.core.ApplicationContext log
INFO: Initializing Spring root WebApplicationContext
Jan 26, 2017 11:44:44 AM org.apache.catalina.core.ApplicationContext log
INFO: Initializing Spring FrameworkServlet 'dispatcher'
Jan 26, 2017 11:47:30 AM org.apache.catalina.core.ApplicationContext log
INFO: Destroying Spring FrameworkServlet 'dispatcher'
Jan 26, 2017 11:47:30 AM org.apache.catalina.core.ApplicationContext log
INFO: Closing Spring root WebApplicationContext
Jan 26, 2017 11:47:31 AM org.apache.catalina.core.ApplicationContext log
INFO: No Spring WebApplicationInitializer types detected on classpath
Jan 26, 2017 11:47:31 AM org.apache.catalina.core.ApplicationContext log
INFO: Initializing Spring root WebApplicationContext
Jan 26, 2017 11:47:32 AM org.apache.catalina.core.ApplicationContext log
INFO: Initializing Spring FrameworkServlet 'dispatcher'
Jan 26, 2017 11:49:46 AM org.apache.catalina.core.ApplicationContext log
INFO: Destroying Spring FrameworkServlet 'dispatcher'
Jan 26, 2017 11:49:46 AM org.apache.catalina.core.ApplicationContext log
INFO: Closing Spring root WebApplicationContext
Jan 26, 2017 11:49:47 AM org.apache.catalina.core.ApplicationContext log
INFO: No Spring WebApplicationInitializer types detected on classpath
Jan 26, 2017 11:49:47 AM org.apache.catalina.core.ApplicationContext log
INFO: Initializing Spring root WebApplicationContext
Jan 26, 2017 11:49:47 AM org.apache.catalina.core.ApplicationContext log
INFO: Initializing Spring FrameworkServlet 'dispatcher'
Jan 26, 2017 11:49:59 AM org.apache.catalina.core.ApplicationContext log
INFO: Destroying Spring FrameworkServlet 'dispatcher'
Jan 26, 2017 11:49:59 AM org.apache.catalina.core.ApplicationContext log
INFO: Closing Spring root WebApplicationContext
Jan 26, 2017 11:50:00 AM org.apache.catalina.core.ApplicationContext log
INFO: No Spring WebApplicationInitializer types detected on classpath
Jan 26, 2017 11:50:00 AM org.apache.catalina.core.ApplicationContext log
INFO: Initializing Spring root WebApplicationContext
Jan 26, 2017 11:50:00 AM org.apache.catalina.core.ApplicationContext log
INFO: Initializing Spring FrameworkServlet 'dispatcher'
Jan 26, 2017 11:51:20 AM org.apache.catalina.core.ApplicationContext log
INFO: Destroying Spring FrameworkServlet 'dispatcher'
Jan 26, 2017 11:51:20 AM org.apache.catalina.core.ApplicationContext log
INFO: Closing Spring root WebApplicationContext
Jan 26, 2017 11:51:21 AM org.apache.catalina.core.ApplicationContext log
INFO: No Spring WebApplicationInitializer types detected on classpath
Jan 26, 2017 11:51:21 AM org.apache.catalina.core.ApplicationContext log
INFO: Initializing Spring root WebApplicationContext
Jan 26, 2017 11:51:21 AM org.apache.catalina.core.ApplicationContext log
INFO: Initializing Spring FrameworkServlet 'dispatcher'
Jan 26, 2017 11:52:08 AM org.apache.catalina.core.ApplicationContext log
INFO: Destroying Spring FrameworkServlet 'dispatcher'
Jan 26, 2017 11:52:08 AM org.apache.catalina.core.ApplicationContext log
INFO: Closing Spring root WebApplicationContext
Jan 26, 2017 11:52:09 AM org.apache.catalina.core.ApplicationContext log
INFO: No Spring WebApplicationInitializer types detected on classpath
Jan 26, 2017 11:52:09 AM org.apache.catalina.core.ApplicationContext log
INFO: Initializing Spring root WebApplicationContext
Jan 26, 2017 11:52:09 AM org.apache.catalina.core.ApplicationContext log
INFO: Initializing Spring FrameworkServlet 'dispatcher'
Jan 26, 2017 11:55:05 AM org.apache.catalina.core.ApplicationContext log
INFO: Destroying Spring FrameworkServlet 'dispatcher'
Jan 26, 2017 11:55:05 AM org.apache.catalina.core.ApplicationContext log
INFO: Closing Spring root WebApplicationContext
Jan 26, 2017 11:55:06 AM org.apache.catalina.core.ApplicationContext log
INFO: No Spring WebApplicationInitializer types detected on classpath
Jan 26, 2017 11:55:06 AM org.apache.catalina.core.ApplicationContext log
INFO: Initializing Spring root WebApplicationContext
Jan 26, 2017 11:55:06 AM org.apache.catalina.core.ApplicationContext log
INFO: Initializing Spring FrameworkServlet 'dispatcher'
Jan 26, 2017 11:55:43 AM org.apache.catalina.core.ApplicationContext log
INFO: Destroying Spring FrameworkServlet 'dispatcher'
Jan 26, 2017 11:55:43 AM org.apache.catalina.core.ApplicationContext log
INFO: Closing Spring root WebApplicationContext
Jan 26, 2017 11:55:44 AM org.apache.catalina.core.ApplicationContext log
INFO: No Spring WebApplicationInitializer types detected on classpath
Jan 26, 2017 11:55:44 AM org.apache.catalina.core.ApplicationContext log
INFO: Initializing Spring root WebApplicationContext
Jan 26, 2017 11:55:45 AM org.apache.catalina.core.ApplicationContext log
INFO: Initializing Spring FrameworkServlet 'dispatcher'
Jan 26, 2017 11:56:23 AM org.apache.catalina.core.ApplicationContext log
INFO: Destroying Spring FrameworkServlet 'dispatcher'
Jan 26, 2017 11:56:23 AM org.apache.catalina.core.ApplicationContext log
INFO: Closing Spring root WebApplicationContext
Jan 26, 2017 11:56:25 AM org.apache.catalina.core.ApplicationContext log
INFO: No Spring WebApplicationInitializer types detected on classpath
Jan 26, 2017 11:56:25 AM org.apache.catalina.core.ApplicationContext log
INFO: Initializing Spring root WebApplicationContext
Jan 26, 2017 11:56:25 AM org.apache.catalina.core.ApplicationContext log
INFO: Initializing Spring FrameworkServlet 'dispatcher'
Jan 26, 2017 11:58:20 AM org.apache.catalina.core.ApplicationContext log
INFO: Destroying Spring FrameworkServlet 'dispatcher'
Jan 26, 2017 11:58:20 AM org.apache.catalina.core.ApplicationContext log
INFO: Closing Spring root WebApplicationContext
Jan 26, 2017 11:58:22 AM org.apache.catalina.core.ApplicationContext log
INFO: No Spring WebApplicationInitializer types detected on classpath
Jan 26, 2017 11:58:22 AM org.apache.catalina.core.ApplicationContext log
INFO: Initializing Spring root WebApplicationContext
Jan 26, 2017 11:58:22 AM org.apache.catalina.core.ApplicationContext log
INFO: Initializing Spring FrameworkServlet 'dispatcher'
Jan 26, 2017 11:59:43 AM org.apache.catalina.core.ApplicationContext log
INFO: Destroying Spring FrameworkServlet 'dispatcher'
Jan 26, 2017 11:59:43 AM org.apache.catalina.core.ApplicationContext log
INFO: Closing Spring root WebApplicationContext
Jan 26, 2017 11:59:45 AM org.apache.catalina.core.ApplicationContext log
INFO: No Spring WebApplicationInitializer types detected on classpath
Jan 26, 2017 11:59:45 AM org.apache.catalina.core.ApplicationContext log
INFO: Initializing Spring root WebApplicationContext
Jan 26, 2017 11:59:45 AM org.apache.catalina.core.ApplicationContext log
INFO: Initializing Spring FrameworkServlet 'dispatcher'
Jan 26, 2017 12:03:27 PM org.apache.catalina.core.ApplicationContext log
INFO: Destroying Spring FrameworkServlet 'dispatcher'
Jan 26, 2017 12:03:27 PM org.apache.catalina.core.ApplicationContext log
INFO: Closing Spring root WebApplicationContext
Jan 26, 2017 12:03:28 PM org.apache.catalina.core.ApplicationContext log
INFO: No Spring WebApplicationInitializer types detected on classpath
Jan 26, 2017 12:03:28 PM org.apache.catalina.core.ApplicationContext log
INFO: Initializing Spring root WebApplicationContext
Jan 26, 2017 12:03:29 PM org.apache.catalina.core.ApplicationContext log
INFO: Initializing Spring FrameworkServlet 'dispatcher'
Jan 26, 2017 12:04:13 PM org.apache.catalina.core.ApplicationContext log
INFO: Destroying Spring FrameworkServlet 'dispatcher'
Jan 26, 2017 12:04:13 PM org.apache.catalina.core.ApplicationContext log
INFO: Closing Spring root WebApplicationContext
Jan 26, 2017 12:04:15 PM org.apache.catalina.core.ApplicationContext log
INFO: No Spring WebApplicationInitializer types detected on classpath
Jan 26, 2017 12:04:15 PM org.apache.catalina.core.ApplicationContext log
INFO: Initializing Spring root WebApplicationContext
Jan 26, 2017 12:04:15 PM org.apache.catalina.core.ApplicationContext log
INFO: Initializing Spring FrameworkServlet 'dispatcher'
Jan 26, 2017 12:16:52 PM org.apache.catalina.core.ApplicationContext log
INFO: Destroying Spring FrameworkServlet 'dispatcher'
Jan 26, 2017 12:16:52 PM org.apache.catalina.core.ApplicationContext log
INFO: Closing Spring root WebApplicationContext
Jan 26, 2017 12:16:53 PM org.apache.catalina.core.ApplicationContext log
INFO: No Spring WebApplicationInitializer types detected on classpath
Jan 26, 2017 12:16:53 PM org.apache.catalina.core.ApplicationContext log
INFO: Initializing Spring root WebApplicationContext
Jan 26, 2017 12:16:53 PM org.apache.catalina.core.ApplicationContext log
INFO: Initializing Spring FrameworkServlet 'dispatcher'
Jan 26, 2017 12:16:59 PM org.apache.catalina.core.ApplicationContext log
INFO: Destroying Spring FrameworkServlet 'dispatcher'
Jan 26, 2017 12:16:59 PM org.apache.catalina.core.ApplicationContext log
INFO: Closing Spring root WebApplicationContext
Jan 26, 2017 12:17:00 PM org.apache.catalina.core.ApplicationContext log
INFO: No Spring WebApplicationInitializer types detected on classpath
Jan 26, 2017 12:17:00 PM org.apache.catalina.core.ApplicationContext log
INFO: Initializing Spring root WebApplicationContext
Jan 26, 2017 12:17:00 PM org.apache.catalina.core.ApplicationContext log
INFO: Initializing Spring FrameworkServlet 'dispatcher'
Jan 26, 2017 12:18:42 PM org.apache.catalina.core.ApplicationContext log
INFO: Destroying Spring FrameworkServlet 'dispatcher'
Jan 26, 2017 12:18:42 PM org.apache.catalina.core.ApplicationContext log
INFO: Closing Spring root WebApplicationContext
Jan 26, 2017 12:18:43 PM org.apache.catalina.core.ApplicationContext log
INFO: No Spring WebApplicationInitializer types detected on classpath
Jan 26, 2017 12:18:43 PM org.apache.catalina.core.ApplicationContext log
INFO: Initializing Spring root WebApplicationContext
Jan 26, 2017 12:18:43 PM org.apache.catalina.core.ApplicationContext log
INFO: Initializing Spring FrameworkServlet 'dispatcher'
Jan 26, 2017 12:19:15 PM org.apache.catalina.core.ApplicationContext log
INFO: Destroying Spring FrameworkServlet 'dispatcher'
Jan 26, 2017 12:19:15 PM org.apache.catalina.core.ApplicationContext log
INFO: Closing Spring root WebApplicationContext
Jan 26, 2017 12:19:16 PM org.apache.catalina.core.ApplicationContext log
INFO: No Spring WebApplicationInitializer types detected on classpath
Jan 26, 2017 12:19:16 PM org.apache.catalina.core.ApplicationContext log
INFO: Initializing Spring root WebApplicationContext
Jan 26, 2017 12:19:16 PM org.apache.catalina.core.ApplicationContext log
INFO: Initializing Spring FrameworkServlet 'dispatcher'
Jan 26, 2017 12:19:21 PM org.apache.catalina.core.ApplicationContext log
INFO: Destroying Spring FrameworkServlet 'dispatcher'
Jan 26, 2017 12:19:21 PM org.apache.catalina.core.ApplicationContext log
INFO: Closing Spring root WebApplicationContext
Jan 26, 2017 12:19:22 PM org.apache.catalina.core.ApplicationContext log
INFO: No Spring WebApplicationInitializer types detected on classpath
Jan 26, 2017 12:19:22 PM org.apache.catalina.core.ApplicationContext log
INFO: Initializing Spring root WebApplicationContext
Jan 26, 2017 12:19:22 PM org.apache.catalina.core.ApplicationContext log
INFO: Initializing Spring FrameworkServlet 'dispatcher'
Jan 26, 2017 12:20:33 PM org.apache.catalina.core.ApplicationContext log
INFO: Destroying Spring FrameworkServlet 'dispatcher'
Jan 26, 2017 12:20:33 PM org.apache.catalina.core.ApplicationContext log
INFO: Closing Spring root WebApplicationContext
Jan 26, 2017 12:20:34 PM org.apache.catalina.core.ApplicationContext log
INFO: No Spring WebApplicationInitializer types detected on classpath
Jan 26, 2017 12:20:34 PM org.apache.catalina.core.ApplicationContext log
INFO: Initializing Spring root WebApplicationContext
Jan 26, 2017 12:20:34 PM org.apache.catalina.core.ApplicationContext log
INFO: Initializing Spring FrameworkServlet 'dispatcher'
Jan 26, 2017 12:24:14 PM org.apache.catalina.core.ApplicationContext log
INFO: Destroying Spring FrameworkServlet 'dispatcher'
Jan 26, 2017 12:24:14 PM org.apache.catalina.core.ApplicationContext log
INFO: Closing Spring root WebApplicationContext
Jan 26, 2017 12:24:15 PM org.apache.catalina.core.ApplicationContext log
INFO: No Spring WebApplicationInitializer types detected on classpath
Jan 26, 2017 12:24:15 PM org.apache.catalina.core.ApplicationContext log
INFO: Initializing Spring root WebApplicationContext
Jan 26, 2017 12:24:15 PM org.apache.catalina.core.ApplicationContext log
INFO: Initializing Spring FrameworkServlet 'dispatcher'
