Jan 31, 2017 8:02:28 AM org.apache.catalina.core.ApplicationContext log
INFO: Manager: init: Associated with Deployer 'Catalina:type=Deployer,host=localhost'
Jan 31, 2017 8:02:28 AM org.apache.catalina.core.ApplicationContext log
INFO: Manager: init: Global resources are available
Jan 31, 2017 8:02:28 AM org.apache.catalina.core.ApplicationContext log
INFO: Manager: list: Listing contexts for virtual host 'localhost'
Jan 31, 2017 8:02:28 AM org.apache.catalina.core.ApplicationContext log
INFO: Manager: list: Listing contexts for virtual host 'localhost'
Jan 31, 2017 8:02:28 AM org.apache.catalina.core.ApplicationContext log
INFO: Manager: restart: Reloading web application '/majorclassifier'
Jan 31, 2017 8:26:36 AM org.apache.catalina.core.ApplicationContext log
INFO: Manager: list: Listing contexts for virtual host 'localhost'
Jan 31, 2017 8:26:36 AM org.apache.catalina.core.ApplicationContext log
INFO: Manager: restart: Reloading web application '/majorclassifier'
Jan 31, 2017 9:34:50 AM org.apache.catalina.core.ApplicationContext log
INFO: Manager: list: Listing contexts for virtual host 'localhost'
Jan 31, 2017 9:35:27 AM org.apache.catalina.core.ApplicationContext log
INFO: Manager: list: Listing contexts for virtual host 'localhost'
Jan 31, 2017 9:36:12 AM org.apache.catalina.core.ApplicationContext log
INFO: Manager: init: Associated with Deployer 'Catalina:type=Deployer,host=localhost'
Jan 31, 2017 9:36:12 AM org.apache.catalina.core.ApplicationContext log
INFO: Manager: init: Global resources are available
Jan 31, 2017 9:36:12 AM org.apache.catalina.core.ApplicationContext log
INFO: Manager: list: Listing contexts for virtual host 'localhost'
Jan 31, 2017 9:36:12 AM org.apache.catalina.core.ApplicationContext log
INFO: Manager: list: Listing contexts for virtual host 'localhost'
Jan 31, 2017 9:36:12 AM org.apache.catalina.core.ApplicationContext log
INFO: Manager: restart: Reloading web application '/majorclassifier'
Jan 31, 2017 9:37:47 AM org.apache.catalina.core.ApplicationContext log
INFO: Manager: list: Listing contexts for virtual host 'localhost'
Jan 31, 2017 9:38:07 AM org.apache.catalina.core.ApplicationContext log
INFO: Manager: list: Listing contexts for virtual host 'localhost'
Jan 31, 2017 9:38:20 AM org.apache.catalina.core.ApplicationContext log
INFO: Manager: list: Listing contexts for virtual host 'localhost'
Jan 31, 2017 9:38:48 AM org.apache.catalina.core.ApplicationContext log
INFO: Manager: list: Listing contexts for virtual host 'localhost'
Jan 31, 2017 9:39:05 AM org.apache.catalina.core.ApplicationContext log
INFO: Manager: list: Listing contexts for virtual host 'localhost'
Jan 31, 2017 9:39:43 AM org.apache.catalina.core.ApplicationContext log
INFO: Manager: list: Listing contexts for virtual host 'localhost'
Jan 31, 2017 9:39:43 AM org.apache.catalina.core.ApplicationContext log
INFO: Manager: list: Listing contexts for virtual host 'localhost'
Jan 31, 2017 9:44:28 AM org.apache.catalina.core.ApplicationContext log
INFO: Manager: list: Listing contexts for virtual host 'localhost'
Jan 31, 2017 9:44:28 AM org.apache.catalina.core.ApplicationContext log
INFO: Manager: restart: Reloading web application '/majorclassifier'
Jan 31, 2017 9:51:41 AM org.apache.catalina.core.ApplicationContext log
INFO: Manager: list: Listing contexts for virtual host 'localhost'
Jan 31, 2017 9:51:41 AM org.apache.catalina.core.ApplicationContext log
INFO: Manager: restart: Reloading web application '/majorclassifier'
Jan 31, 2017 10:00:05 AM org.apache.catalina.core.ApplicationContext log
INFO: Manager: list: Listing contexts for virtual host 'localhost'
Jan 31, 2017 10:00:05 AM org.apache.catalina.core.ApplicationContext log
INFO: Manager: restart: Reloading web application '/majorclassifier'
Jan 31, 2017 10:06:09 AM org.apache.catalina.core.ApplicationContext log
INFO: Manager: list: Listing contexts for virtual host 'localhost'
Jan 31, 2017 10:06:09 AM org.apache.catalina.core.ApplicationContext log
INFO: Manager: list: Listing contexts for virtual host 'localhost'
Jan 31, 2017 10:06:10 AM org.apache.catalina.core.ApplicationContext log
INFO: Manager: restart: Reloading web application '/majorclassifier'
Jan 31, 2017 10:10:15 AM org.apache.catalina.core.ApplicationContext log
INFO: Manager: list: Listing contexts for virtual host 'localhost'
Jan 31, 2017 10:10:31 AM org.apache.catalina.core.ApplicationContext log
INFO: Manager: list: Listing contexts for virtual host 'localhost'
Jan 31, 2017 10:10:38 AM org.apache.catalina.core.ApplicationContext log
INFO: Manager: list: Listing contexts for virtual host 'localhost'
Jan 31, 2017 10:10:38 AM org.apache.catalina.core.ApplicationContext log
INFO: Manager: list: Listing contexts for virtual host 'localhost'
Jan 31, 2017 10:11:16 AM org.apache.catalina.core.ApplicationContext log
INFO: Manager: list: Listing contexts for virtual host 'localhost'
Jan 31, 2017 10:11:16 AM org.apache.catalina.core.ApplicationContext log
INFO: Manager: list: Listing contexts for virtual host 'localhost'
Jan 31, 2017 10:11:16 AM org.apache.catalina.core.ApplicationContext log
INFO: Manager: undeploy: Undeploying web application at '/majorclassifier'
Jan 31, 2017 10:11:16 AM org.apache.catalina.core.ApplicationContext log
INFO: Manager: install: Installing context configuration at 'file:/C:/Users/CJEDWA~1/AppData/Local/Temp/context2649708144378836729.xml'
Jan 31, 2017 10:11:18 AM org.apache.catalina.core.ApplicationContext log
INFO: Manager: start: Starting web application '/majorclassifier'
Jan 31, 2017 10:11:36 AM org.apache.catalina.core.ApplicationContext log
INFO: Manager: list: Listing contexts for virtual host 'localhost'
Jan 31, 2017 10:12:11 AM org.apache.catalina.core.ApplicationContext log
INFO: Manager: list: Listing contexts for virtual host 'localhost'
Jan 31, 2017 10:12:21 AM org.apache.catalina.core.ApplicationContext log
INFO: Manager: list: Listing contexts for virtual host 'localhost'
Jan 31, 2017 10:12:21 AM org.apache.catalina.core.ApplicationContext log
INFO: Manager: list: Listing contexts for virtual host 'localhost'
Jan 31, 2017 10:13:24 AM org.apache.catalina.core.ApplicationContext log
INFO: Manager: list: Listing contexts for virtual host 'localhost'
Jan 31, 2017 10:13:33 AM org.apache.catalina.core.ApplicationContext log
INFO: Manager: list: Listing contexts for virtual host 'localhost'
Jan 31, 2017 10:13:33 AM org.apache.catalina.core.ApplicationContext log
INFO: Manager: list: Listing contexts for virtual host 'localhost'
Jan 31, 2017 10:13:45 AM org.apache.catalina.core.ApplicationContext log
INFO: Manager: list: Listing contexts for virtual host 'localhost'
Jan 31, 2017 10:13:45 AM org.apache.catalina.core.ApplicationContext log
INFO: Manager: list: Listing contexts for virtual host 'localhost'
Jan 31, 2017 10:14:12 AM org.apache.catalina.core.ApplicationContext log
INFO: Manager: list: Listing contexts for virtual host 'localhost'
Jan 31, 2017 10:14:16 AM org.apache.catalina.core.ApplicationContext log
INFO: Manager: list: Listing contexts for virtual host 'localhost'
Jan 31, 2017 10:14:58 AM org.apache.catalina.core.ApplicationContext log
INFO: Manager: list: Listing contexts for virtual host 'localhost'
Jan 31, 2017 10:15:14 AM org.apache.catalina.core.ApplicationContext log
INFO: Manager: list: Listing contexts for virtual host 'localhost'
Jan 31, 2017 10:15:30 AM org.apache.catalina.core.ApplicationContext log
INFO: Manager: list: Listing contexts for virtual host 'localhost'
Jan 31, 2017 10:15:30 AM org.apache.catalina.core.ApplicationContext log
INFO: Manager: undeploy: Undeploying web application at '/majorclassifier'
Jan 31, 2017 10:15:40 AM org.apache.catalina.core.ApplicationContext log
INFO: Manager: list: Listing contexts for virtual host 'localhost'
Jan 31, 2017 10:15:40 AM org.apache.catalina.core.ApplicationContext log
INFO: Manager: list: Listing contexts for virtual host 'localhost'
Jan 31, 2017 10:15:40 AM org.apache.catalina.core.ApplicationContext log
INFO: Manager: install: Installing context configuration at 'file:/C:/Users/CJEDWA~1/AppData/Local/Temp/context341734376429690812.xml'
Jan 31, 2017 10:15:41 AM org.apache.catalina.core.ApplicationContext log
INFO: Manager: start: Starting web application '/majorclassifier'
Jan 31, 2017 10:15:50 AM org.apache.catalina.core.ApplicationContext log
INFO: Manager: list: Listing contexts for virtual host 'localhost'
Jan 31, 2017 10:15:50 AM org.apache.catalina.core.ApplicationContext log
INFO: Manager: list: Listing contexts for virtual host 'localhost'
Jan 31, 2017 10:18:41 AM org.apache.catalina.core.ApplicationContext log
INFO: Manager: list: Listing contexts for virtual host 'localhost'
Jan 31, 2017 10:18:52 AM org.apache.catalina.core.ApplicationContext log
INFO: Manager: list: Listing contexts for virtual host 'localhost'
Jan 31, 2017 10:18:53 AM org.apache.catalina.core.ApplicationContext log
INFO: Manager: list: Listing contexts for virtual host 'localhost'
Jan 31, 2017 10:19:07 AM org.apache.catalina.core.ApplicationContext log
INFO: Manager: list: Listing contexts for virtual host 'localhost'
Jan 31, 2017 10:19:07 AM org.apache.catalina.core.ApplicationContext log
INFO: Manager: stop: Stopping web application '/majorclassifier'
Jan 31, 2017 10:19:07 AM org.apache.catalina.core.ApplicationContext log
INFO: Manager: start: Starting web application '/majorclassifier'
Jan 31, 2017 10:19:21 AM org.apache.catalina.core.ApplicationContext log
INFO: Manager: list: Listing contexts for virtual host 'localhost'
Jan 31, 2017 10:19:21 AM org.apache.catalina.core.ApplicationContext log
INFO: Manager: list: Listing contexts for virtual host 'localhost'
Jan 31, 2017 10:19:21 AM org.apache.catalina.core.ApplicationContext log
INFO: Manager: stop: Stopping web application '/majorclassifier'
Jan 31, 2017 10:19:21 AM org.apache.catalina.core.ApplicationContext log
INFO: Manager: start: Starting web application '/majorclassifier'
Jan 31, 2017 10:19:40 AM org.apache.catalina.core.ApplicationContext log
INFO: Manager: list: Listing contexts for virtual host 'localhost'
Jan 31, 2017 10:19:40 AM org.apache.catalina.core.ApplicationContext log
INFO: Manager: list: Listing contexts for virtual host 'localhost'
Jan 31, 2017 10:23:19 AM org.apache.catalina.core.ApplicationContext log
INFO: Manager: list: Listing contexts for virtual host 'localhost'
Jan 31, 2017 10:23:19 AM org.apache.catalina.core.ApplicationContext log
INFO: Manager: restart: Reloading web application '/majorclassifier'
Jan 31, 2017 10:23:31 AM org.apache.catalina.core.ApplicationContext log
INFO: Manager: list: Listing contexts for virtual host 'localhost'
Jan 31, 2017 10:23:31 AM org.apache.catalina.core.ApplicationContext log
INFO: Manager: list: Listing contexts for virtual host 'localhost'
Jan 31, 2017 10:23:31 AM org.apache.catalina.core.ApplicationContext log
INFO: Manager: restart: Reloading web application '/majorclassifier'
Jan 31, 2017 10:28:23 AM org.apache.catalina.core.ApplicationContext log
INFO: Manager: list: Listing contexts for virtual host 'localhost'
Jan 31, 2017 10:41:45 AM org.apache.catalina.core.ApplicationContext log
INFO: Manager: list: Listing contexts for virtual host 'localhost'
Jan 31, 2017 10:41:45 AM org.apache.catalina.core.ApplicationContext log
INFO: Manager: list: Listing contexts for virtual host 'localhost'
Jan 31, 2017 10:41:45 AM org.apache.catalina.core.ApplicationContext log
INFO: Manager: restart: Reloading web application '/majorclassifier'
Jan 31, 2017 10:43:27 AM org.apache.catalina.core.ApplicationContext log
INFO: Manager: list: Listing contexts for virtual host 'localhost'
Jan 31, 2017 10:43:27 AM org.apache.catalina.core.ApplicationContext log
INFO: Manager: restart: Reloading web application '/majorclassifier'
Jan 31, 2017 10:43:46 AM org.apache.catalina.core.ApplicationContext log
INFO: Manager: list: Listing contexts for virtual host 'localhost'
Jan 31, 2017 10:43:46 AM org.apache.catalina.core.ApplicationContext log
INFO: Manager: restart: Reloading web application '/majorclassifier'
Jan 31, 2017 10:43:49 AM org.apache.catalina.core.ApplicationContext log
INFO: Manager: list: Listing contexts for virtual host 'localhost'
Jan 31, 2017 10:43:49 AM org.apache.catalina.core.ApplicationContext log
INFO: Manager: restart: Reloading web application '/majorclassifier'
Jan 31, 2017 10:43:51 AM org.apache.catalina.core.ApplicationContext log
INFO: Manager: list: Listing contexts for virtual host 'localhost'
Jan 31, 2017 10:43:51 AM org.apache.catalina.core.ApplicationContext log
INFO: Manager: restart: Reloading web application '/majorclassifier'
Jan 31, 2017 10:43:52 AM org.apache.catalina.core.ApplicationContext log
INFO: Manager: list: Listing contexts for virtual host 'localhost'
Jan 31, 2017 10:43:52 AM org.apache.catalina.core.ApplicationContext log
INFO: Manager: restart: Reloading web application '/majorclassifier'
Jan 31, 2017 10:53:03 AM org.apache.catalina.core.ApplicationContext log
INFO: Manager: init: Associated with Deployer 'Catalina:type=Deployer,host=localhost'
Jan 31, 2017 10:53:03 AM org.apache.catalina.core.ApplicationContext log
INFO: Manager: init: Global resources are available
Jan 31, 2017 10:53:03 AM org.apache.catalina.core.ApplicationContext log
INFO: Manager: list: Listing contexts for virtual host 'localhost'
Jan 31, 2017 10:53:03 AM org.apache.catalina.core.ApplicationContext log
INFO: Manager: list: Listing contexts for virtual host 'localhost'
Jan 31, 2017 10:53:03 AM org.apache.catalina.core.ApplicationContext log
INFO: Manager: restart: Reloading web application '/majorclassifier'
Jan 31, 2017 11:00:53 AM org.apache.catalina.core.ApplicationContext log
INFO: Manager: list: Listing contexts for virtual host 'localhost'
Jan 31, 2017 11:04:04 AM org.apache.catalina.core.ApplicationContext log
INFO: Manager: list: Listing contexts for virtual host 'localhost'
Jan 31, 2017 11:13:20 AM org.apache.catalina.core.ApplicationContext log
INFO: Manager: list: Listing contexts for virtual host 'localhost'
Jan 31, 2017 11:13:20 AM org.apache.catalina.core.ApplicationContext log
INFO: Manager: list: Listing contexts for virtual host 'localhost'
Jan 31, 2017 11:13:50 AM org.apache.catalina.core.ApplicationContext log
INFO: Manager: list: Listing contexts for virtual host 'localhost'
Jan 31, 2017 11:13:50 AM org.apache.catalina.core.ApplicationContext log
INFO: Manager: list: Listing contexts for virtual host 'localhost'
Jan 31, 2017 11:14:57 AM org.apache.catalina.core.ApplicationContext log
INFO: Manager: init: Associated with Deployer 'Catalina:type=Deployer,host=localhost'
Jan 31, 2017 11:14:57 AM org.apache.catalina.core.ApplicationContext log
INFO: Manager: init: Global resources are available
Jan 31, 2017 11:14:57 AM org.apache.catalina.core.ApplicationContext log
INFO: Manager: list: Listing contexts for virtual host 'localhost'
Jan 31, 2017 11:14:57 AM org.apache.catalina.core.ApplicationContext log
INFO: Manager: list: Listing contexts for virtual host 'localhost'
Jan 31, 2017 11:20:09 AM org.apache.catalina.core.ApplicationContext log
INFO: Manager: list: Listing contexts for virtual host 'localhost'
Jan 31, 2017 11:20:09 AM org.apache.catalina.core.ApplicationContext log
INFO: Manager: restart: Reloading web application '/majorclassifier'
Jan 31, 2017 11:23:17 AM org.apache.catalina.core.ApplicationContext log
INFO: Manager: list: Listing contexts for virtual host 'localhost'
Jan 31, 2017 11:23:17 AM org.apache.catalina.core.ApplicationContext log
INFO: Manager: list: Listing contexts for virtual host 'localhost'
Jan 31, 2017 11:23:17 AM org.apache.catalina.core.ApplicationContext log
INFO: Manager: restart: Reloading web application '/majorclassifier'
Jan 31, 2017 11:33:29 AM org.apache.catalina.core.ApplicationContext log
INFO: Manager: list: Listing contexts for virtual host 'localhost'
Jan 31, 2017 11:33:29 AM org.apache.catalina.core.ApplicationContext log
INFO: Manager: restart: Reloading web application '/majorclassifier'
Jan 31, 2017 12:39:17 PM org.apache.catalina.core.ApplicationContext log
INFO: Manager: list: Listing contexts for virtual host 'localhost'
Jan 31, 2017 12:39:17 PM org.apache.catalina.core.ApplicationContext log
INFO: Manager: restart: Reloading web application '/majorclassifier'
