Feb 06, 2017 6:31:04 AM org.apache.catalina.core.ApplicationContext log
INFO: Manager: list: Listing contexts for virtual host 'localhost'
Feb 06, 2017 6:31:04 AM org.apache.catalina.core.ApplicationContext log
INFO: Manager: restart: Reloading web application '/majorclassifier'
Feb 06, 2017 6:31:11 AM org.apache.catalina.core.ApplicationContext log
INFO: Manager: list: Listing contexts for virtual host 'localhost'
Feb 06, 2017 6:31:11 AM org.apache.catalina.core.ApplicationContext log
INFO: Manager: list: Listing contexts for virtual host 'localhost'
Feb 06, 2017 6:31:11 AM org.apache.catalina.core.ApplicationContext log
INFO: Manager: undeploy: Undeploying web application at '/majorclassifier'
Feb 06, 2017 6:31:14 AM org.apache.catalina.core.ApplicationContext log
INFO: Manager: install: Installing context configuration at 'file:/C:/Users/CJEDWA~1/AppData/Local/Temp/context2629630840710513059.xml'
Feb 06, 2017 6:31:15 AM org.apache.catalina.core.ApplicationContext log
INFO: Manager: start: Starting web application '/majorclassifier'
Feb 06, 2017 6:36:34 AM org.apache.catalina.core.ApplicationContext log
INFO: Manager: list: Listing contexts for virtual host 'localhost'
Feb 06, 2017 6:36:34 AM org.apache.catalina.core.ApplicationContext log
INFO: Manager: restart: Reloading web application '/majorclassifier'
Feb 06, 2017 6:36:38 AM org.apache.catalina.core.ApplicationContext log
INFO: Manager: list: Listing contexts for virtual host 'localhost'
Feb 06, 2017 6:36:38 AM org.apache.catalina.core.ApplicationContext log
INFO: Manager: list: Listing contexts for virtual host 'localhost'
Feb 06, 2017 6:36:38 AM org.apache.catalina.core.ApplicationContext log
INFO: Manager: undeploy: Undeploying web application at '/majorclassifier'
Feb 06, 2017 6:36:41 AM org.apache.catalina.core.ApplicationContext log
INFO: Manager: install: Installing context configuration at 'file:/C:/Users/CJEDWA~1/AppData/Local/Temp/context8325925077644140696.xml'
Feb 06, 2017 6:36:42 AM org.apache.catalina.core.ApplicationContext log
INFO: Manager: start: Starting web application '/majorclassifier'
Feb 06, 2017 6:36:48 AM org.apache.catalina.core.ApplicationContext log
INFO: Manager: list: Listing contexts for virtual host 'localhost'
Feb 06, 2017 6:36:48 AM org.apache.catalina.core.ApplicationContext log
INFO: Manager: list: Listing contexts for virtual host 'localhost'
Feb 06, 2017 6:36:48 AM org.apache.catalina.core.ApplicationContext log
INFO: Manager: undeploy: Undeploying web application at '/majorclassifier'
Feb 06, 2017 6:36:48 AM org.apache.catalina.core.ApplicationContext log
INFO: Manager: install: Installing context configuration at 'file:/C:/Users/CJEDWA~1/AppData/Local/Temp/context8010195811840197434.xml'
Feb 06, 2017 6:36:49 AM org.apache.catalina.core.ApplicationContext log
INFO: Manager: start: Starting web application '/majorclassifier'
Feb 06, 2017 6:50:47 AM org.apache.catalina.core.ApplicationContext log
INFO: Manager: list: Listing contexts for virtual host 'localhost'
Feb 06, 2017 6:50:47 AM org.apache.catalina.core.ApplicationContext log
INFO: Manager: restart: Reloading web application '/majorclassifier'
Feb 06, 2017 7:05:19 AM org.apache.catalina.core.ApplicationContext log
INFO: Manager: list: Listing contexts for virtual host 'localhost'
Feb 06, 2017 7:05:19 AM org.apache.catalina.core.ApplicationContext log
INFO: Manager: restart: Reloading web application '/majorclassifier'
Feb 06, 2017 7:14:13 AM org.apache.catalina.core.ApplicationContext log
INFO: Manager: list: Listing contexts for virtual host 'localhost'
Feb 06, 2017 7:14:13 AM org.apache.catalina.core.ApplicationContext log
INFO: Manager: restart: Reloading web application '/majorclassifier'
Feb 06, 2017 10:27:22 AM org.apache.catalina.core.ApplicationContext log
INFO: Manager: list: Listing contexts for virtual host 'localhost'
Feb 06, 2017 10:27:22 AM org.apache.catalina.core.ApplicationContext log
INFO: Manager: restart: Reloading web application '/majorclassifier'
Feb 06, 2017 12:10:47 PM org.apache.catalina.core.ApplicationContext log
INFO: Manager: list: Listing contexts for virtual host 'localhost'
Feb 06, 2017 12:10:47 PM org.apache.catalina.core.ApplicationContext log
INFO: Manager: restart: Reloading web application '/majorclassifier'
Feb 06, 2017 12:13:55 PM org.apache.catalina.core.ApplicationContext log
INFO: Manager: list: Listing contexts for virtual host 'localhost'
Feb 06, 2017 12:13:55 PM org.apache.catalina.core.ApplicationContext log
INFO: Manager: restart: Reloading web application '/majorclassifier'
Feb 06, 2017 12:15:07 PM org.apache.catalina.core.ApplicationContext log
INFO: Manager: list: Listing contexts for virtual host 'localhost'
Feb 06, 2017 12:15:07 PM org.apache.catalina.core.ApplicationContext log
INFO: Manager: restart: Reloading web application '/majorclassifier'
Feb 06, 2017 12:16:07 PM org.apache.catalina.core.ApplicationContext log
INFO: Manager: list: Listing contexts for virtual host 'localhost'
Feb 06, 2017 12:16:07 PM org.apache.catalina.core.ApplicationContext log
INFO: Manager: restart: Reloading web application '/majorclassifier'
Feb 06, 2017 12:18:30 PM org.apache.catalina.core.ApplicationContext log
INFO: Manager: list: Listing contexts for virtual host 'localhost'
Feb 06, 2017 12:18:30 PM org.apache.catalina.core.ApplicationContext log
INFO: Manager: restart: Reloading web application '/majorclassifier'
Feb 06, 2017 12:18:36 PM org.apache.catalina.core.ApplicationContext log
INFO: Manager: list: Listing contexts for virtual host 'localhost'
Feb 06, 2017 12:18:36 PM org.apache.catalina.core.ApplicationContext log
INFO: Manager: restart: Reloading web application '/majorclassifier'
Feb 06, 2017 12:18:48 PM org.apache.catalina.core.ApplicationContext log
INFO: Manager: list: Listing contexts for virtual host 'localhost'
Feb 06, 2017 12:18:48 PM org.apache.catalina.core.ApplicationContext log
INFO: Manager: list: Listing contexts for virtual host 'localhost'
Feb 06, 2017 12:18:48 PM org.apache.catalina.core.ApplicationContext log
INFO: Manager: undeploy: Undeploying web application at '/majorclassifier'
Feb 06, 2017 12:18:51 PM org.apache.catalina.core.ApplicationContext log
INFO: Manager: install: Installing context configuration at 'file:/C:/Users/CJEDWA~1/AppData/Local/Temp/context2189936028520907869.xml'
Feb 06, 2017 12:18:53 PM org.apache.catalina.core.ApplicationContext log
INFO: Manager: start: Starting web application '/majorclassifier'
Feb 06, 2017 12:19:37 PM org.apache.catalina.core.ApplicationContext log
INFO: Manager: init: Associated with Deployer 'Catalina:type=Deployer,host=localhost'
Feb 06, 2017 12:19:37 PM org.apache.catalina.core.ApplicationContext log
INFO: Manager: init: Global resources are available
Feb 06, 2017 12:19:37 PM org.apache.catalina.core.ApplicationContext log
INFO: Manager: list: Listing contexts for virtual host 'localhost'
Feb 06, 2017 12:19:37 PM org.apache.catalina.core.ApplicationContext log
INFO: Manager: list: Listing contexts for virtual host 'localhost'
Feb 06, 2017 12:22:22 PM org.apache.catalina.core.ApplicationContext log
INFO: Manager: list: Listing contexts for virtual host 'localhost'
Feb 06, 2017 12:22:22 PM org.apache.catalina.core.ApplicationContext log
INFO: Manager: restart: Reloading web application '/majorclassifier'
Feb 06, 2017 12:23:56 PM org.apache.catalina.core.ApplicationContext log
INFO: Manager: list: Listing contexts for virtual host 'localhost'
Feb 06, 2017 12:23:56 PM org.apache.catalina.core.ApplicationContext log
INFO: Manager: restart: Reloading web application '/majorclassifier'
Feb 06, 2017 12:24:48 PM org.apache.catalina.core.ApplicationContext log
INFO: Manager: list: Listing contexts for virtual host 'localhost'
Feb 06, 2017 12:24:48 PM org.apache.catalina.core.ApplicationContext log
INFO: Manager: restart: Reloading web application '/majorclassifier'
Feb 06, 2017 12:26:49 PM org.apache.catalina.core.ApplicationContext log
INFO: Manager: list: Listing contexts for virtual host 'localhost'
Feb 06, 2017 12:26:49 PM org.apache.catalina.core.ApplicationContext log
INFO: Manager: restart: Reloading web application '/majorclassifier'
Feb 06, 2017 12:28:51 PM org.apache.catalina.core.ApplicationContext log
INFO: Manager: list: Listing contexts for virtual host 'localhost'
Feb 06, 2017 12:28:51 PM org.apache.catalina.core.ApplicationContext log
INFO: Manager: list: Listing contexts for virtual host 'localhost'
Feb 06, 2017 12:28:51 PM org.apache.catalina.core.ApplicationContext log
INFO: Manager: undeploy: Undeploying web application at '/majorclassifier'
Feb 06, 2017 12:28:51 PM org.apache.catalina.core.ApplicationContext log
INFO: Manager: install: Installing context configuration at 'file:/C:/Users/CJEDWA~1/AppData/Local/Temp/context4535458497964322581.xml'
Feb 06, 2017 12:28:53 PM org.apache.catalina.core.ApplicationContext log
INFO: Manager: start: Starting web application '/majorclassifier'
Feb 06, 2017 12:30:48 PM org.apache.catalina.core.ApplicationContext log
INFO: Manager: list: Listing contexts for virtual host 'localhost'
Feb 06, 2017 12:30:48 PM org.apache.catalina.core.ApplicationContext log
INFO: Manager: restart: Reloading web application '/majorclassifier'
Feb 06, 2017 12:32:05 PM org.apache.catalina.core.ApplicationContext log
INFO: Manager: list: Listing contexts for virtual host 'localhost'
Feb 06, 2017 12:32:05 PM org.apache.catalina.core.ApplicationContext log
INFO: Manager: restart: Reloading web application '/majorclassifier'
Feb 06, 2017 12:33:32 PM org.apache.catalina.core.ApplicationContext log
INFO: Manager: list: Listing contexts for virtual host 'localhost'
Feb 06, 2017 12:33:32 PM org.apache.catalina.core.ApplicationContext log
INFO: Manager: restart: Reloading web application '/majorclassifier'
Feb 06, 2017 12:36:17 PM org.apache.catalina.core.ApplicationContext log
INFO: Manager: list: Listing contexts for virtual host 'localhost'
Feb 06, 2017 12:36:17 PM org.apache.catalina.core.ApplicationContext log
INFO: Manager: restart: Reloading web application '/majorclassifier'
Feb 06, 2017 12:40:10 PM org.apache.catalina.core.ApplicationContext log
INFO: Manager: list: Listing contexts for virtual host 'localhost'
Feb 06, 2017 12:40:10 PM org.apache.catalina.core.ApplicationContext log
INFO: Manager: restart: Reloading web application '/majorclassifier'
