Feb 03, 2017 6:18:59 AM org.apache.catalina.core.ApplicationContext log
INFO: Manager: list: Listing contexts for virtual host 'localhost'
Feb 03, 2017 6:18:59 AM org.apache.catalina.core.ApplicationContext log
INFO: Manager: restart: Reloading web application '/majorclassifier'
Feb 03, 2017 6:27:16 AM org.apache.catalina.core.ApplicationContext log
INFO: Manager: list: Listing contexts for virtual host 'localhost'
Feb 03, 2017 6:27:16 AM org.apache.catalina.core.ApplicationContext log
INFO: Manager: restart: Reloading web application '/majorclassifier'
Feb 03, 2017 6:40:36 AM org.apache.catalina.core.ApplicationContext log
INFO: Manager: list: Listing contexts for virtual host 'localhost'
Feb 03, 2017 6:40:36 AM org.apache.catalina.core.ApplicationContext log
INFO: Manager: restart: Reloading web application '/majorclassifier'
Feb 03, 2017 6:40:39 AM org.apache.catalina.core.ApplicationContext log
INFO: Manager: list: Listing contexts for virtual host 'localhost'
Feb 03, 2017 6:40:39 AM org.apache.catalina.core.ApplicationContext log
INFO: Manager: restart: Reloading web application '/majorclassifier'
Feb 03, 2017 6:40:44 AM org.apache.catalina.core.ApplicationContext log
INFO: Manager: list: Listing contexts for virtual host 'localhost'
Feb 03, 2017 6:40:44 AM org.apache.catalina.core.ApplicationContext log
INFO: Manager: list: Listing contexts for virtual host 'localhost'
Feb 03, 2017 6:40:44 AM org.apache.catalina.core.ApplicationContext log
INFO: Manager: undeploy: Undeploying web application at '/majorclassifier'
Feb 03, 2017 6:40:47 AM org.apache.catalina.core.ApplicationContext log
INFO: Manager: install: Installing context configuration at 'file:/C:/Users/CJEDWA~1/AppData/Local/Temp/context7795745466463110386.xml'
Feb 03, 2017 6:40:48 AM org.apache.catalina.core.ApplicationContext log
INFO: Manager: start: Starting web application '/majorclassifier'
Feb 03, 2017 6:48:28 AM org.apache.catalina.core.ApplicationContext log
INFO: Manager: list: Listing contexts for virtual host 'localhost'
Feb 03, 2017 6:48:28 AM org.apache.catalina.core.ApplicationContext log
INFO: Manager: restart: Reloading web application '/majorclassifier'
Feb 03, 2017 6:51:47 AM org.apache.catalina.core.ApplicationContext log
INFO: Manager: init: Associated with Deployer 'Catalina:type=Deployer,host=localhost'
Feb 03, 2017 6:51:47 AM org.apache.catalina.core.ApplicationContext log
INFO: Manager: init: Global resources are available
Feb 03, 2017 6:51:47 AM org.apache.catalina.core.ApplicationContext log
INFO: Manager: list: Listing contexts for virtual host 'localhost'
Feb 03, 2017 6:51:47 AM org.apache.catalina.core.ApplicationContext log
INFO: Manager: list: Listing contexts for virtual host 'localhost'
Feb 03, 2017 6:51:47 AM org.apache.catalina.core.ApplicationContext log
INFO: Manager: undeploy: Undeploying web application at '/majorclassifier'
Feb 03, 2017 6:51:48 AM org.apache.catalina.core.ApplicationContext log
INFO: Manager: install: Installing context configuration at 'file:/C:/Users/CJEDWA~1/AppData/Local/Temp/context5740149459993903260.xml'
Feb 03, 2017 6:51:49 AM org.apache.catalina.core.ApplicationContext log
INFO: Manager: start: Starting web application '/majorclassifier'
Feb 03, 2017 6:57:01 AM org.apache.catalina.core.ApplicationContext log
INFO: Manager: list: Listing contexts for virtual host 'localhost'
Feb 03, 2017 6:57:01 AM org.apache.catalina.core.ApplicationContext log
INFO: Manager: restart: Reloading web application '/majorclassifier'
Feb 03, 2017 6:58:58 AM org.apache.catalina.core.ApplicationContext log
INFO: Manager: list: Listing contexts for virtual host 'localhost'
Feb 03, 2017 6:58:58 AM org.apache.catalina.core.ApplicationContext log
INFO: Manager: list: Listing contexts for virtual host 'localhost'
Feb 03, 2017 6:58:58 AM org.apache.catalina.core.ApplicationContext log
INFO: Manager: undeploy: Undeploying web application at '/majorclassifier'
Feb 03, 2017 6:58:59 AM org.apache.catalina.core.ApplicationContext log
INFO: Manager: install: Installing context configuration at 'file:/C:/Users/CJEDWA~1/AppData/Local/Temp/context295006248884757878.xml'
Feb 03, 2017 6:59:00 AM org.apache.catalina.core.ApplicationContext log
INFO: Manager: start: Starting web application '/majorclassifier'
Feb 03, 2017 7:00:11 AM org.apache.catalina.core.ApplicationContext log
INFO: Manager: list: Listing contexts for virtual host 'localhost'
Feb 03, 2017 7:00:14 AM org.apache.catalina.core.ApplicationContext log
INFO: Manager: list: Listing contexts for virtual host 'localhost'
Feb 03, 2017 7:00:14 AM org.apache.catalina.core.ApplicationContext log
INFO: Manager: list: Listing contexts for virtual host 'localhost'
Feb 03, 2017 7:00:14 AM org.apache.catalina.core.ApplicationContext log
INFO: Manager: undeploy: Undeploying web application at '/majorclassifier'
Feb 03, 2017 7:00:15 AM org.apache.catalina.core.ApplicationContext log
INFO: Manager: install: Installing context configuration at 'file:/C:/Users/CJEDWA~1/AppData/Local/Temp/context5547409814002788638.xml'
Feb 03, 2017 7:00:16 AM org.apache.catalina.core.ApplicationContext log
INFO: Manager: start: Starting web application '/majorclassifier'
Feb 03, 2017 7:01:43 AM org.apache.catalina.core.ApplicationContext log
INFO: Manager: list: Listing contexts for virtual host 'localhost'
Feb 03, 2017 7:01:54 AM org.apache.catalina.core.ApplicationContext log
INFO: Manager: list: Listing contexts for virtual host 'localhost'
Feb 03, 2017 7:01:54 AM org.apache.catalina.core.ApplicationContext log
INFO: Manager: list: Listing contexts for virtual host 'localhost'
Feb 03, 2017 7:01:54 AM org.apache.catalina.core.ApplicationContext log
INFO: Manager: undeploy: Undeploying web application at '/majorclassifier'
Feb 03, 2017 7:01:55 AM org.apache.catalina.core.ApplicationContext log
INFO: Manager: install: Installing context configuration at 'file:/C:/Users/CJEDWA~1/AppData/Local/Temp/context8762684914018368946.xml'
Feb 03, 2017 7:01:56 AM org.apache.catalina.core.ApplicationContext log
INFO: Manager: start: Starting web application '/majorclassifier'
Feb 03, 2017 7:04:11 AM org.apache.catalina.core.ApplicationContext log
INFO: Manager: list: Listing contexts for virtual host 'localhost'
Feb 03, 2017 7:04:16 AM org.apache.catalina.core.ApplicationContext log
INFO: Manager: list: Listing contexts for virtual host 'localhost'
Feb 03, 2017 7:04:16 AM org.apache.catalina.core.ApplicationContext log
INFO: Manager: list: Listing contexts for virtual host 'localhost'
Feb 03, 2017 7:04:16 AM org.apache.catalina.core.ApplicationContext log
INFO: Manager: undeploy: Undeploying web application at '/majorclassifier'
Feb 03, 2017 7:04:16 AM org.apache.catalina.core.ApplicationContext log
INFO: Manager: install: Installing context configuration at 'file:/C:/Users/CJEDWA~1/AppData/Local/Temp/context5187314227491563026.xml'
Feb 03, 2017 7:04:18 AM org.apache.catalina.core.ApplicationContext log
INFO: Manager: start: Starting web application '/majorclassifier'
Feb 03, 2017 7:05:00 AM org.apache.catalina.core.ApplicationContext log
INFO: Manager: list: Listing contexts for virtual host 'localhost'
Feb 03, 2017 7:05:29 AM org.apache.catalina.core.ApplicationContext log
INFO: Manager: list: Listing contexts for virtual host 'localhost'
Feb 03, 2017 7:05:29 AM org.apache.catalina.core.ApplicationContext log
INFO: Manager: restart: Reloading web application '/majorclassifier'
Feb 03, 2017 7:05:32 AM org.apache.catalina.core.ApplicationContext log
INFO: Manager: list: Listing contexts for virtual host 'localhost'
Feb 03, 2017 7:05:32 AM org.apache.catalina.core.ApplicationContext log
INFO: Manager: list: Listing contexts for virtual host 'localhost'
Feb 03, 2017 7:05:32 AM org.apache.catalina.core.ApplicationContext log
INFO: Manager: undeploy: Undeploying web application at '/majorclassifier'
Feb 03, 2017 7:05:33 AM org.apache.catalina.core.ApplicationContext log
INFO: Manager: install: Installing context configuration at 'file:/C:/Users/CJEDWA~1/AppData/Local/Temp/context4713972221521875965.xml'
Feb 03, 2017 7:05:34 AM org.apache.catalina.core.ApplicationContext log
INFO: Manager: start: Starting web application '/majorclassifier'
Feb 03, 2017 7:07:09 AM org.apache.catalina.core.ApplicationContext log
INFO: Manager: list: Listing contexts for virtual host 'localhost'
Feb 03, 2017 7:07:09 AM org.apache.catalina.core.ApplicationContext log
INFO: Manager: restart: Reloading web application '/majorclassifier'
Feb 03, 2017 7:09:03 AM org.apache.catalina.core.ApplicationContext log
INFO: Manager: list: Listing contexts for virtual host 'localhost'
Feb 03, 2017 7:09:03 AM org.apache.catalina.core.ApplicationContext log
INFO: Manager: restart: Reloading web application '/majorclassifier'
Feb 03, 2017 7:13:53 AM org.apache.catalina.core.ApplicationContext log
INFO: Manager: list: Listing contexts for virtual host 'localhost'
Feb 03, 2017 7:13:53 AM org.apache.catalina.core.ApplicationContext log
INFO: Manager: restart: Reloading web application '/majorclassifier'
Feb 03, 2017 7:16:00 AM org.apache.catalina.core.ApplicationContext log
INFO: Manager: list: Listing contexts for virtual host 'localhost'
Feb 03, 2017 7:16:03 AM org.apache.catalina.core.ApplicationContext log
INFO: Manager: list: Listing contexts for virtual host 'localhost'
Feb 03, 2017 7:16:07 AM org.apache.catalina.core.ApplicationContext log
INFO: Manager: list: Listing contexts for virtual host 'localhost'
Feb 03, 2017 7:16:07 AM org.apache.catalina.core.ApplicationContext log
INFO: Manager: list: Listing contexts for virtual host 'localhost'
Feb 03, 2017 7:16:07 AM org.apache.catalina.core.ApplicationContext log
INFO: Manager: undeploy: Undeploying web application at '/majorclassifier'
Feb 03, 2017 7:16:08 AM org.apache.catalina.core.ApplicationContext log
INFO: Manager: install: Installing context configuration at 'file:/C:/Users/CJEDWA~1/AppData/Local/Temp/context907131197036419109.xml'
Feb 03, 2017 7:16:09 AM org.apache.catalina.core.ApplicationContext log
INFO: Manager: start: Starting web application '/majorclassifier'
Feb 03, 2017 7:21:41 AM org.apache.catalina.core.ApplicationContext log
INFO: Manager: list: Listing contexts for virtual host 'localhost'
Feb 03, 2017 7:21:45 AM org.apache.catalina.core.ApplicationContext log
INFO: Manager: list: Listing contexts for virtual host 'localhost'
Feb 03, 2017 7:21:45 AM org.apache.catalina.core.ApplicationContext log
INFO: Manager: list: Listing contexts for virtual host 'localhost'
Feb 03, 2017 7:21:45 AM org.apache.catalina.core.ApplicationContext log
INFO: Manager: undeploy: Undeploying web application at '/majorclassifier'
Feb 03, 2017 7:21:46 AM org.apache.catalina.core.ApplicationContext log
INFO: Manager: install: Installing context configuration at 'file:/C:/Users/CJEDWA~1/AppData/Local/Temp/context6568752966356917753.xml'
Feb 03, 2017 7:21:47 AM org.apache.catalina.core.ApplicationContext log
INFO: Manager: start: Starting web application '/majorclassifier'
Feb 03, 2017 7:26:35 AM org.apache.catalina.core.ApplicationContext log
INFO: Manager: list: Listing contexts for virtual host 'localhost'
Feb 03, 2017 7:26:38 AM org.apache.catalina.core.ApplicationContext log
INFO: Manager: list: Listing contexts for virtual host 'localhost'
Feb 03, 2017 7:26:38 AM org.apache.catalina.core.ApplicationContext log
INFO: Manager: list: Listing contexts for virtual host 'localhost'
Feb 03, 2017 7:26:38 AM org.apache.catalina.core.ApplicationContext log
INFO: Manager: undeploy: Undeploying web application at '/majorclassifier'
Feb 03, 2017 7:26:39 AM org.apache.catalina.core.ApplicationContext log
INFO: Manager: install: Installing context configuration at 'file:/C:/Users/CJEDWA~1/AppData/Local/Temp/context4083752031232831905.xml'
Feb 03, 2017 7:26:40 AM org.apache.catalina.core.ApplicationContext log
INFO: Manager: start: Starting web application '/majorclassifier'
Feb 03, 2017 7:27:52 AM org.apache.catalina.core.ApplicationContext log
INFO: Manager: list: Listing contexts for virtual host 'localhost'
Feb 03, 2017 7:27:55 AM org.apache.catalina.core.ApplicationContext log
INFO: Manager: list: Listing contexts for virtual host 'localhost'
Feb 03, 2017 7:27:55 AM org.apache.catalina.core.ApplicationContext log
INFO: Manager: list: Listing contexts for virtual host 'localhost'
Feb 03, 2017 7:27:55 AM org.apache.catalina.core.ApplicationContext log
INFO: Manager: undeploy: Undeploying web application at '/majorclassifier'
Feb 03, 2017 7:27:56 AM org.apache.catalina.core.ApplicationContext log
INFO: Manager: install: Installing context configuration at 'file:/C:/Users/CJEDWA~1/AppData/Local/Temp/context4117546006215459364.xml'
Feb 03, 2017 7:27:57 AM org.apache.catalina.core.ApplicationContext log
INFO: Manager: start: Starting web application '/majorclassifier'
Feb 03, 2017 7:29:27 AM org.apache.catalina.core.ApplicationContext log
INFO: Manager: list: Listing contexts for virtual host 'localhost'
Feb 03, 2017 7:29:30 AM org.apache.catalina.core.ApplicationContext log
INFO: Manager: list: Listing contexts for virtual host 'localhost'
Feb 03, 2017 7:29:30 AM org.apache.catalina.core.ApplicationContext log
INFO: Manager: list: Listing contexts for virtual host 'localhost'
Feb 03, 2017 7:29:30 AM org.apache.catalina.core.ApplicationContext log
INFO: Manager: undeploy: Undeploying web application at '/majorclassifier'
Feb 03, 2017 7:29:31 AM org.apache.catalina.core.ApplicationContext log
INFO: Manager: install: Installing context configuration at 'file:/C:/Users/CJEDWA~1/AppData/Local/Temp/context4630204193044042402.xml'
Feb 03, 2017 7:29:32 AM org.apache.catalina.core.ApplicationContext log
INFO: Manager: start: Starting web application '/majorclassifier'
Feb 03, 2017 7:34:32 AM org.apache.catalina.core.ApplicationContext log
INFO: Manager: list: Listing contexts for virtual host 'localhost'
Feb 03, 2017 7:34:36 AM org.apache.catalina.core.ApplicationContext log
INFO: Manager: list: Listing contexts for virtual host 'localhost'
Feb 03, 2017 7:34:36 AM org.apache.catalina.core.ApplicationContext log
INFO: Manager: list: Listing contexts for virtual host 'localhost'
Feb 03, 2017 7:34:36 AM org.apache.catalina.core.ApplicationContext log
INFO: Manager: undeploy: Undeploying web application at '/majorclassifier'
Feb 03, 2017 7:34:36 AM org.apache.catalina.core.ApplicationContext log
INFO: Manager: install: Installing context configuration at 'file:/C:/Users/CJEDWA~1/AppData/Local/Temp/context5274080058316692261.xml'
Feb 03, 2017 7:34:38 AM org.apache.catalina.core.ApplicationContext log
INFO: Manager: start: Starting web application '/majorclassifier'
Feb 03, 2017 7:38:43 AM org.apache.catalina.core.ApplicationContext log
INFO: Manager: list: Listing contexts for virtual host 'localhost'
Feb 03, 2017 7:39:01 AM org.apache.catalina.core.ApplicationContext log
INFO: Manager: list: Listing contexts for virtual host 'localhost'
Feb 03, 2017 7:39:04 AM org.apache.catalina.core.ApplicationContext log
INFO: Manager: list: Listing contexts for virtual host 'localhost'
Feb 03, 2017 7:39:04 AM org.apache.catalina.core.ApplicationContext log
INFO: Manager: list: Listing contexts for virtual host 'localhost'
Feb 03, 2017 7:39:04 AM org.apache.catalina.core.ApplicationContext log
INFO: Manager: undeploy: Undeploying web application at '/majorclassifier'
Feb 03, 2017 7:39:07 AM org.apache.catalina.core.ApplicationContext log
INFO: Manager: install: Installing context configuration at 'file:/C:/Users/CJEDWA~1/AppData/Local/Temp/context796574824507810582.xml'
Feb 03, 2017 7:39:08 AM org.apache.catalina.core.ApplicationContext log
INFO: Manager: start: Starting web application '/majorclassifier'
Feb 03, 2017 7:41:21 AM org.apache.catalina.core.ApplicationContext log
INFO: Manager: list: Listing contexts for virtual host 'localhost'
Feb 03, 2017 7:41:29 AM org.apache.catalina.core.ApplicationContext log
INFO: Manager: list: Listing contexts for virtual host 'localhost'
Feb 03, 2017 7:41:29 AM org.apache.catalina.core.ApplicationContext log
INFO: Manager: list: Listing contexts for virtual host 'localhost'
Feb 03, 2017 7:41:29 AM org.apache.catalina.core.ApplicationContext log
INFO: Manager: undeploy: Undeploying web application at '/majorclassifier'
Feb 03, 2017 7:41:32 AM org.apache.catalina.core.ApplicationContext log
INFO: Manager: install: Installing context configuration at 'file:/C:/Users/CJEDWA~1/AppData/Local/Temp/context1238431450807127808.xml'
Feb 03, 2017 7:41:33 AM org.apache.catalina.core.ApplicationContext log
INFO: Manager: start: Starting web application '/majorclassifier'
Feb 03, 2017 7:43:38 AM org.apache.catalina.core.ApplicationContext log
INFO: Manager: list: Listing contexts for virtual host 'localhost'
Feb 03, 2017 7:43:43 AM org.apache.catalina.core.ApplicationContext log
INFO: Manager: list: Listing contexts for virtual host 'localhost'
Feb 03, 2017 7:43:43 AM org.apache.catalina.core.ApplicationContext log
INFO: Manager: list: Listing contexts for virtual host 'localhost'
Feb 03, 2017 7:43:43 AM org.apache.catalina.core.ApplicationContext log
INFO: Manager: undeploy: Undeploying web application at '/majorclassifier'
Feb 03, 2017 7:43:46 AM org.apache.catalina.core.ApplicationContext log
INFO: Manager: install: Installing context configuration at 'file:/C:/Users/CJEDWA~1/AppData/Local/Temp/context4819249619644312495.xml'
Feb 03, 2017 7:43:48 AM org.apache.catalina.core.ApplicationContext log
INFO: Manager: start: Starting web application '/majorclassifier'
Feb 03, 2017 7:51:16 AM org.apache.catalina.core.ApplicationContext log
INFO: Manager: list: Listing contexts for virtual host 'localhost'
Feb 03, 2017 7:51:24 AM org.apache.catalina.core.ApplicationContext log
INFO: Manager: list: Listing contexts for virtual host 'localhost'
Feb 03, 2017 7:51:24 AM org.apache.catalina.core.ApplicationContext log
INFO: Manager: list: Listing contexts for virtual host 'localhost'
Feb 03, 2017 7:51:24 AM org.apache.catalina.core.ApplicationContext log
INFO: Manager: undeploy: Undeploying web application at '/majorclassifier'
Feb 03, 2017 7:51:28 AM org.apache.catalina.core.ApplicationContext log
INFO: Manager: install: Installing context configuration at 'file:/C:/Users/CJEDWA~1/AppData/Local/Temp/context5971577465511064578.xml'
Feb 03, 2017 7:51:29 AM org.apache.catalina.core.ApplicationContext log
INFO: Manager: start: Starting web application '/majorclassifier'
Feb 03, 2017 7:54:12 AM org.apache.catalina.core.ApplicationContext log
INFO: Manager: list: Listing contexts for virtual host 'localhost'
Feb 03, 2017 7:54:18 AM org.apache.catalina.core.ApplicationContext log
INFO: Manager: list: Listing contexts for virtual host 'localhost'
Feb 03, 2017 7:54:18 AM org.apache.catalina.core.ApplicationContext log
INFO: Manager: list: Listing contexts for virtual host 'localhost'
Feb 03, 2017 7:54:18 AM org.apache.catalina.core.ApplicationContext log
INFO: Manager: undeploy: Undeploying web application at '/majorclassifier'
Feb 03, 2017 7:54:21 AM org.apache.catalina.core.ApplicationContext log
INFO: Manager: install: Installing context configuration at 'file:/C:/Users/CJEDWA~1/AppData/Local/Temp/context7695335322312825029.xml'
Feb 03, 2017 7:54:23 AM org.apache.catalina.core.ApplicationContext log
INFO: Manager: start: Starting web application '/majorclassifier'
Feb 03, 2017 7:55:17 AM org.apache.catalina.core.ApplicationContext log
INFO: Manager: list: Listing contexts for virtual host 'localhost'
Feb 03, 2017 7:55:21 AM org.apache.catalina.core.ApplicationContext log
INFO: Manager: list: Listing contexts for virtual host 'localhost'
Feb 03, 2017 7:55:21 AM org.apache.catalina.core.ApplicationContext log
INFO: Manager: list: Listing contexts for virtual host 'localhost'
Feb 03, 2017 7:55:21 AM org.apache.catalina.core.ApplicationContext log
INFO: Manager: undeploy: Undeploying web application at '/majorclassifier'
Feb 03, 2017 7:55:24 AM org.apache.catalina.core.ApplicationContext log
INFO: Manager: install: Installing context configuration at 'file:/C:/Users/CJEDWA~1/AppData/Local/Temp/context535859031180322757.xml'
Feb 03, 2017 7:55:26 AM org.apache.catalina.core.ApplicationContext log
INFO: Manager: start: Starting web application '/majorclassifier'
Feb 03, 2017 7:58:08 AM org.apache.catalina.core.ApplicationContext log
INFO: Manager: list: Listing contexts for virtual host 'localhost'
Feb 03, 2017 7:58:13 AM org.apache.catalina.core.ApplicationContext log
INFO: Manager: list: Listing contexts for virtual host 'localhost'
Feb 03, 2017 7:58:13 AM org.apache.catalina.core.ApplicationContext log
INFO: Manager: list: Listing contexts for virtual host 'localhost'
Feb 03, 2017 7:58:13 AM org.apache.catalina.core.ApplicationContext log
INFO: Manager: undeploy: Undeploying web application at '/majorclassifier'
Feb 03, 2017 7:58:16 AM org.apache.catalina.core.ApplicationContext log
INFO: Manager: install: Installing context configuration at 'file:/C:/Users/CJEDWA~1/AppData/Local/Temp/context2657973133421616479.xml'
Feb 03, 2017 7:58:17 AM org.apache.catalina.core.ApplicationContext log
INFO: Manager: start: Starting web application '/majorclassifier'
Feb 03, 2017 7:59:46 AM org.apache.catalina.core.ApplicationContext log
INFO: Manager: list: Listing contexts for virtual host 'localhost'
Feb 03, 2017 7:59:51 AM org.apache.catalina.core.ApplicationContext log
INFO: Manager: list: Listing contexts for virtual host 'localhost'
Feb 03, 2017 7:59:51 AM org.apache.catalina.core.ApplicationContext log
INFO: Manager: list: Listing contexts for virtual host 'localhost'
Feb 03, 2017 7:59:51 AM org.apache.catalina.core.ApplicationContext log
INFO: Manager: undeploy: Undeploying web application at '/majorclassifier'
Feb 03, 2017 7:59:54 AM org.apache.catalina.core.ApplicationContext log
INFO: Manager: install: Installing context configuration at 'file:/C:/Users/CJEDWA~1/AppData/Local/Temp/context1750031913134860920.xml'
Feb 03, 2017 7:59:55 AM org.apache.catalina.core.ApplicationContext log
INFO: Manager: start: Starting web application '/majorclassifier'
Feb 03, 2017 8:20:41 AM org.apache.catalina.core.ApplicationContext log
INFO: Manager: list: Listing contexts for virtual host 'localhost'
Feb 03, 2017 8:20:55 AM org.apache.catalina.core.ApplicationContext log
INFO: Manager: list: Listing contexts for virtual host 'localhost'
Feb 03, 2017 8:20:55 AM org.apache.catalina.core.ApplicationContext log
INFO: Manager: list: Listing contexts for virtual host 'localhost'
Feb 03, 2017 8:20:55 AM org.apache.catalina.core.ApplicationContext log
INFO: Manager: undeploy: Undeploying web application at '/majorclassifier'
Feb 03, 2017 8:20:58 AM org.apache.catalina.core.ApplicationContext log
INFO: Manager: install: Installing context configuration at 'file:/C:/Users/CJEDWA~1/AppData/Local/Temp/context1433358844647544144.xml'
Feb 03, 2017 8:21:00 AM org.apache.catalina.core.ApplicationContext log
INFO: Manager: start: Starting web application '/majorclassifier'
Feb 03, 2017 8:21:45 AM org.apache.catalina.core.ApplicationContext log
INFO: Manager: list: Listing contexts for virtual host 'localhost'
Feb 03, 2017 8:21:49 AM org.apache.catalina.core.ApplicationContext log
INFO: Manager: list: Listing contexts for virtual host 'localhost'
Feb 03, 2017 8:21:49 AM org.apache.catalina.core.ApplicationContext log
INFO: Manager: list: Listing contexts for virtual host 'localhost'
Feb 03, 2017 8:21:49 AM org.apache.catalina.core.ApplicationContext log
INFO: Manager: undeploy: Undeploying web application at '/majorclassifier'
Feb 03, 2017 8:21:52 AM org.apache.catalina.core.ApplicationContext log
INFO: Manager: install: Installing context configuration at 'file:/C:/Users/CJEDWA~1/AppData/Local/Temp/context8498659985846421319.xml'
Feb 03, 2017 8:21:53 AM org.apache.catalina.core.ApplicationContext log
INFO: Manager: start: Starting web application '/majorclassifier'
Feb 03, 2017 8:25:09 AM org.apache.catalina.core.ApplicationContext log
INFO: Manager: list: Listing contexts for virtual host 'localhost'
Feb 03, 2017 8:25:13 AM org.apache.catalina.core.ApplicationContext log
INFO: Manager: list: Listing contexts for virtual host 'localhost'
Feb 03, 2017 8:25:13 AM org.apache.catalina.core.ApplicationContext log
INFO: Manager: list: Listing contexts for virtual host 'localhost'
Feb 03, 2017 8:25:13 AM org.apache.catalina.core.ApplicationContext log
INFO: Manager: undeploy: Undeploying web application at '/majorclassifier'
Feb 03, 2017 8:25:16 AM org.apache.catalina.core.ApplicationContext log
INFO: Manager: install: Installing context configuration at 'file:/C:/Users/CJEDWA~1/AppData/Local/Temp/context894375566842002314.xml'
Feb 03, 2017 8:25:17 AM org.apache.catalina.core.ApplicationContext log
INFO: Manager: start: Starting web application '/majorclassifier'
Feb 03, 2017 8:30:43 AM org.apache.catalina.core.ApplicationContext log
INFO: Manager: list: Listing contexts for virtual host 'localhost'
Feb 03, 2017 8:30:49 AM org.apache.catalina.core.ApplicationContext log
INFO: Manager: list: Listing contexts for virtual host 'localhost'
Feb 03, 2017 8:30:49 AM org.apache.catalina.core.ApplicationContext log
INFO: Manager: list: Listing contexts for virtual host 'localhost'
Feb 03, 2017 8:30:49 AM org.apache.catalina.core.ApplicationContext log
INFO: Manager: undeploy: Undeploying web application at '/majorclassifier'
Feb 03, 2017 8:30:52 AM org.apache.catalina.core.ApplicationContext log
INFO: Manager: install: Installing context configuration at 'file:/C:/Users/CJEDWA~1/AppData/Local/Temp/context1860197959598736494.xml'
Feb 03, 2017 8:30:53 AM org.apache.catalina.core.ApplicationContext log
INFO: Manager: start: Starting web application '/majorclassifier'
Feb 03, 2017 8:31:28 AM org.apache.catalina.core.ApplicationContext log
INFO: Manager: list: Listing contexts for virtual host 'localhost'
Feb 03, 2017 8:31:31 AM org.apache.catalina.core.ApplicationContext log
INFO: Manager: list: Listing contexts for virtual host 'localhost'
Feb 03, 2017 8:31:31 AM org.apache.catalina.core.ApplicationContext log
INFO: Manager: list: Listing contexts for virtual host 'localhost'
Feb 03, 2017 8:31:31 AM org.apache.catalina.core.ApplicationContext log
INFO: Manager: undeploy: Undeploying web application at '/majorclassifier'
Feb 03, 2017 8:31:34 AM org.apache.catalina.core.ApplicationContext log
INFO: Manager: install: Installing context configuration at 'file:/C:/Users/CJEDWA~1/AppData/Local/Temp/context7682221835613577613.xml'
Feb 03, 2017 8:31:35 AM org.apache.catalina.core.ApplicationContext log
INFO: Manager: start: Starting web application '/majorclassifier'
Feb 03, 2017 8:34:10 AM org.apache.catalina.core.ApplicationContext log
INFO: Manager: list: Listing contexts for virtual host 'localhost'
Feb 03, 2017 8:34:14 AM org.apache.catalina.core.ApplicationContext log
INFO: Manager: list: Listing contexts for virtual host 'localhost'
Feb 03, 2017 8:34:14 AM org.apache.catalina.core.ApplicationContext log
INFO: Manager: list: Listing contexts for virtual host 'localhost'
Feb 03, 2017 8:34:14 AM org.apache.catalina.core.ApplicationContext log
INFO: Manager: undeploy: Undeploying web application at '/majorclassifier'
Feb 03, 2017 8:34:17 AM org.apache.catalina.core.ApplicationContext log
INFO: Manager: install: Installing context configuration at 'file:/C:/Users/CJEDWA~1/AppData/Local/Temp/context8036734078925329121.xml'
Feb 03, 2017 8:34:18 AM org.apache.catalina.core.ApplicationContext log
INFO: Manager: start: Starting web application '/majorclassifier'
Feb 03, 2017 8:35:29 AM org.apache.catalina.core.ApplicationContext log
INFO: Manager: list: Listing contexts for virtual host 'localhost'
Feb 03, 2017 8:35:33 AM org.apache.catalina.core.ApplicationContext log
INFO: Manager: list: Listing contexts for virtual host 'localhost'
Feb 03, 2017 8:35:33 AM org.apache.catalina.core.ApplicationContext log
INFO: Manager: list: Listing contexts for virtual host 'localhost'
Feb 03, 2017 8:35:33 AM org.apache.catalina.core.ApplicationContext log
INFO: Manager: undeploy: Undeploying web application at '/majorclassifier'
Feb 03, 2017 8:35:36 AM org.apache.catalina.core.ApplicationContext log
INFO: Manager: install: Installing context configuration at 'file:/C:/Users/CJEDWA~1/AppData/Local/Temp/context7901518187824423538.xml'
Feb 03, 2017 8:35:37 AM org.apache.catalina.core.ApplicationContext log
INFO: Manager: start: Starting web application '/majorclassifier'
Feb 03, 2017 8:38:02 AM org.apache.catalina.core.ApplicationContext log
INFO: Manager: list: Listing contexts for virtual host 'localhost'
Feb 03, 2017 8:38:05 AM org.apache.catalina.core.ApplicationContext log
INFO: Manager: list: Listing contexts for virtual host 'localhost'
Feb 03, 2017 8:38:05 AM org.apache.catalina.core.ApplicationContext log
INFO: Manager: list: Listing contexts for virtual host 'localhost'
Feb 03, 2017 8:38:05 AM org.apache.catalina.core.ApplicationContext log
INFO: Manager: undeploy: Undeploying web application at '/majorclassifier'
Feb 03, 2017 8:38:08 AM org.apache.catalina.core.ApplicationContext log
INFO: Manager: install: Installing context configuration at 'file:/C:/Users/CJEDWA~1/AppData/Local/Temp/context6609858420172964148.xml'
Feb 03, 2017 8:38:09 AM org.apache.catalina.core.ApplicationContext log
INFO: Manager: start: Starting web application '/majorclassifier'
Feb 03, 2017 8:39:59 AM org.apache.catalina.core.ApplicationContext log
INFO: Manager: list: Listing contexts for virtual host 'localhost'
Feb 03, 2017 8:40:12 AM org.apache.catalina.core.ApplicationContext log
INFO: Manager: list: Listing contexts for virtual host 'localhost'
Feb 03, 2017 9:02:39 AM org.apache.catalina.core.ApplicationContext log
INFO: Manager: list: Listing contexts for virtual host 'localhost'
Feb 03, 2017 9:03:01 AM org.apache.catalina.core.ApplicationContext log
INFO: Manager: list: Listing contexts for virtual host 'localhost'
Feb 03, 2017 9:03:01 AM org.apache.catalina.core.ApplicationContext log
INFO: Manager: list: Listing contexts for virtual host 'localhost'
Feb 03, 2017 9:03:01 AM org.apache.catalina.core.ApplicationContext log
INFO: Manager: undeploy: Undeploying web application at '/majorclassifier'
Feb 03, 2017 9:03:04 AM org.apache.catalina.core.ApplicationContext log
INFO: Manager: install: Installing context configuration at 'file:/C:/Users/CJEDWA~1/AppData/Local/Temp/context1252263930741108891.xml'
Feb 03, 2017 9:03:06 AM org.apache.catalina.core.ApplicationContext log
INFO: Manager: start: Starting web application '/majorclassifier'
Feb 03, 2017 9:05:29 AM org.apache.catalina.core.ApplicationContext log
INFO: Manager: list: Listing contexts for virtual host 'localhost'
Feb 03, 2017 9:05:34 AM org.apache.catalina.core.ApplicationContext log
INFO: Manager: list: Listing contexts for virtual host 'localhost'
Feb 03, 2017 9:05:34 AM org.apache.catalina.core.ApplicationContext log
INFO: Manager: list: Listing contexts for virtual host 'localhost'
Feb 03, 2017 9:05:34 AM org.apache.catalina.core.ApplicationContext log
INFO: Manager: undeploy: Undeploying web application at '/majorclassifier'
Feb 03, 2017 9:05:37 AM org.apache.catalina.core.ApplicationContext log
INFO: Manager: install: Installing context configuration at 'file:/C:/Users/CJEDWA~1/AppData/Local/Temp/context959657643750702838.xml'
Feb 03, 2017 9:05:38 AM org.apache.catalina.core.ApplicationContext log
INFO: Manager: start: Starting web application '/majorclassifier'
Feb 03, 2017 9:14:00 AM org.apache.catalina.core.ApplicationContext log
INFO: Manager: list: Listing contexts for virtual host 'localhost'
Feb 03, 2017 9:20:56 AM org.apache.catalina.core.ApplicationContext log
INFO: Manager: list: Listing contexts for virtual host 'localhost'
Feb 03, 2017 9:27:27 AM org.apache.catalina.core.ApplicationContext log
INFO: Manager: list: Listing contexts for virtual host 'localhost'
Feb 03, 2017 9:27:27 AM org.apache.catalina.core.ApplicationContext log
INFO: Manager: list: Listing contexts for virtual host 'localhost'
Feb 03, 2017 9:27:27 AM org.apache.catalina.core.ApplicationContext log
INFO: Manager: undeploy: Undeploying web application at '/majorclassifier'
Feb 03, 2017 9:27:28 AM org.apache.catalina.core.ApplicationContext log
INFO: Manager: install: Installing context configuration at 'file:/C:/Users/CJEDWA~1/AppData/Local/Temp/context6443791411125086769.xml'
Feb 03, 2017 9:27:29 AM org.apache.catalina.core.ApplicationContext log
INFO: Manager: start: Starting web application '/majorclassifier'
Feb 03, 2017 9:29:39 AM org.apache.catalina.core.ApplicationContext log
INFO: Manager: list: Listing contexts for virtual host 'localhost'
Feb 03, 2017 9:29:44 AM org.apache.catalina.core.ApplicationContext log
INFO: Manager: list: Listing contexts for virtual host 'localhost'
Feb 03, 2017 9:29:44 AM org.apache.catalina.core.ApplicationContext log
INFO: Manager: list: Listing contexts for virtual host 'localhost'
Feb 03, 2017 9:29:44 AM org.apache.catalina.core.ApplicationContext log
INFO: Manager: undeploy: Undeploying web application at '/majorclassifier'
Feb 03, 2017 9:29:46 AM org.apache.catalina.core.ApplicationContext log
INFO: Manager: install: Installing context configuration at 'file:/C:/Users/CJEDWA~1/AppData/Local/Temp/context4809324936062454734.xml'
Feb 03, 2017 9:29:48 AM org.apache.catalina.core.ApplicationContext log
INFO: Manager: start: Starting web application '/majorclassifier'
Feb 03, 2017 9:30:55 AM org.apache.catalina.core.ApplicationContext log
INFO: Manager: list: Listing contexts for virtual host 'localhost'
Feb 03, 2017 9:32:58 AM org.apache.catalina.core.ApplicationContext log
INFO: Manager: list: Listing contexts for virtual host 'localhost'
Feb 03, 2017 9:32:58 AM org.apache.catalina.core.ApplicationContext log
INFO: Manager: list: Listing contexts for virtual host 'localhost'
Feb 03, 2017 9:32:58 AM org.apache.catalina.core.ApplicationContext log
INFO: Manager: undeploy: Undeploying web application at '/majorclassifier'
Feb 03, 2017 9:32:59 AM org.apache.catalina.core.ApplicationContext log
INFO: Manager: install: Installing context configuration at 'file:/C:/Users/CJEDWA~1/AppData/Local/Temp/context8382277375437813685.xml'
Feb 03, 2017 9:33:00 AM org.apache.catalina.core.ApplicationContext log
INFO: Manager: start: Starting web application '/majorclassifier'
Feb 03, 2017 9:46:15 AM org.apache.catalina.core.ApplicationContext log
INFO: Manager: list: Listing contexts for virtual host 'localhost'
Feb 03, 2017 12:03:01 PM org.apache.catalina.core.ApplicationContext log
INFO: Manager: list: Listing contexts for virtual host 'localhost'
Feb 03, 2017 12:04:44 PM org.apache.catalina.core.ApplicationContext log
INFO: Manager: list: Listing contexts for virtual host 'localhost'
Feb 03, 2017 12:04:48 PM org.apache.catalina.core.ApplicationContext log
INFO: Manager: list: Listing contexts for virtual host 'localhost'
Feb 03, 2017 12:04:48 PM org.apache.catalina.core.ApplicationContext log
INFO: Manager: list: Listing contexts for virtual host 'localhost'
Feb 03, 2017 12:04:48 PM org.apache.catalina.core.ApplicationContext log
INFO: Manager: undeploy: Undeploying web application at '/majorclassifier'
Feb 03, 2017 12:04:51 PM org.apache.catalina.core.ApplicationContext log
INFO: Manager: install: Installing context configuration at 'file:/C:/Users/CJEDWA~1/AppData/Local/Temp/context7025377445616114766.xml'
Feb 03, 2017 12:04:52 PM org.apache.catalina.core.ApplicationContext log
INFO: Manager: start: Starting web application '/majorclassifier'
Feb 03, 2017 12:08:40 PM org.apache.catalina.core.ApplicationContext log
INFO: Manager: list: Listing contexts for virtual host 'localhost'
Feb 03, 2017 12:09:00 PM org.apache.catalina.core.ApplicationContext log
INFO: Manager: list: Listing contexts for virtual host 'localhost'
Feb 03, 2017 12:09:04 PM org.apache.catalina.core.ApplicationContext log
INFO: Manager: list: Listing contexts for virtual host 'localhost'
Feb 03, 2017 12:09:04 PM org.apache.catalina.core.ApplicationContext log
INFO: Manager: list: Listing contexts for virtual host 'localhost'
Feb 03, 2017 12:09:04 PM org.apache.catalina.core.ApplicationContext log
INFO: Manager: undeploy: Undeploying web application at '/majorclassifier'
Feb 03, 2017 12:09:07 PM org.apache.catalina.core.ApplicationContext log
INFO: Manager: install: Installing context configuration at 'file:/C:/Users/CJEDWA~1/AppData/Local/Temp/context3750406998749468220.xml'
Feb 03, 2017 12:09:08 PM org.apache.catalina.core.ApplicationContext log
INFO: Manager: start: Starting web application '/majorclassifier'
Feb 03, 2017 12:11:00 PM org.apache.catalina.core.ApplicationContext log
INFO: Manager: list: Listing contexts for virtual host 'localhost'
Feb 03, 2017 12:11:04 PM org.apache.catalina.core.ApplicationContext log
INFO: Manager: list: Listing contexts for virtual host 'localhost'
Feb 03, 2017 12:11:04 PM org.apache.catalina.core.ApplicationContext log
INFO: Manager: list: Listing contexts for virtual host 'localhost'
Feb 03, 2017 12:11:04 PM org.apache.catalina.core.ApplicationContext log
INFO: Manager: undeploy: Undeploying web application at '/majorclassifier'
Feb 03, 2017 12:11:07 PM org.apache.catalina.core.ApplicationContext log
INFO: Manager: install: Installing context configuration at 'file:/C:/Users/CJEDWA~1/AppData/Local/Temp/context4144447665630271819.xml'
Feb 03, 2017 12:11:08 PM org.apache.catalina.core.ApplicationContext log
INFO: Manager: start: Starting web application '/majorclassifier'
Feb 03, 2017 12:12:53 PM org.apache.catalina.core.ApplicationContext log
INFO: Manager: list: Listing contexts for virtual host 'localhost'
Feb 03, 2017 12:12:56 PM org.apache.catalina.core.ApplicationContext log
INFO: Manager: list: Listing contexts for virtual host 'localhost'
Feb 03, 2017 12:12:56 PM org.apache.catalina.core.ApplicationContext log
INFO: Manager: list: Listing contexts for virtual host 'localhost'
Feb 03, 2017 12:12:56 PM org.apache.catalina.core.ApplicationContext log
INFO: Manager: undeploy: Undeploying web application at '/majorclassifier'
Feb 03, 2017 12:12:59 PM org.apache.catalina.core.ApplicationContext log
INFO: Manager: install: Installing context configuration at 'file:/C:/Users/CJEDWA~1/AppData/Local/Temp/context5451254172179607745.xml'
Feb 03, 2017 12:13:01 PM org.apache.catalina.core.ApplicationContext log
INFO: Manager: start: Starting web application '/majorclassifier'
Feb 03, 2017 12:13:58 PM org.apache.catalina.core.ApplicationContext log
INFO: Manager: list: Listing contexts for virtual host 'localhost'
Feb 03, 2017 12:14:03 PM org.apache.catalina.core.ApplicationContext log
INFO: Manager: list: Listing contexts for virtual host 'localhost'
Feb 03, 2017 12:14:03 PM org.apache.catalina.core.ApplicationContext log
INFO: Manager: list: Listing contexts for virtual host 'localhost'
Feb 03, 2017 12:14:03 PM org.apache.catalina.core.ApplicationContext log
INFO: Manager: undeploy: Undeploying web application at '/majorclassifier'
Feb 03, 2017 12:14:06 PM org.apache.catalina.core.ApplicationContext log
INFO: Manager: install: Installing context configuration at 'file:/C:/Users/CJEDWA~1/AppData/Local/Temp/context3967443751901448907.xml'
Feb 03, 2017 12:14:08 PM org.apache.catalina.core.ApplicationContext log
INFO: Manager: start: Starting web application '/majorclassifier'
Feb 03, 2017 12:14:54 PM org.apache.catalina.core.ApplicationContext log
INFO: Manager: list: Listing contexts for virtual host 'localhost'
Feb 03, 2017 12:14:58 PM org.apache.catalina.core.ApplicationContext log
INFO: Manager: list: Listing contexts for virtual host 'localhost'
Feb 03, 2017 12:14:58 PM org.apache.catalina.core.ApplicationContext log
INFO: Manager: list: Listing contexts for virtual host 'localhost'
Feb 03, 2017 12:14:58 PM org.apache.catalina.core.ApplicationContext log
INFO: Manager: undeploy: Undeploying web application at '/majorclassifier'
Feb 03, 2017 12:15:01 PM org.apache.catalina.core.ApplicationContext log
INFO: Manager: install: Installing context configuration at 'file:/C:/Users/CJEDWA~1/AppData/Local/Temp/context7554396564274850339.xml'
Feb 03, 2017 12:15:02 PM org.apache.catalina.core.ApplicationContext log
INFO: Manager: start: Starting web application '/majorclassifier'
Feb 03, 2017 12:15:54 PM org.apache.catalina.core.ApplicationContext log
INFO: Manager: list: Listing contexts for virtual host 'localhost'
Feb 03, 2017 12:16:00 PM org.apache.catalina.core.ApplicationContext log
INFO: Manager: list: Listing contexts for virtual host 'localhost'
Feb 03, 2017 12:16:00 PM org.apache.catalina.core.ApplicationContext log
INFO: Manager: list: Listing contexts for virtual host 'localhost'
Feb 03, 2017 12:16:00 PM org.apache.catalina.core.ApplicationContext log
INFO: Manager: undeploy: Undeploying web application at '/majorclassifier'
Feb 03, 2017 12:16:03 PM org.apache.catalina.core.ApplicationContext log
INFO: Manager: install: Installing context configuration at 'file:/C:/Users/CJEDWA~1/AppData/Local/Temp/context131708199952513732.xml'
Feb 03, 2017 12:16:04 PM org.apache.catalina.core.ApplicationContext log
INFO: Manager: start: Starting web application '/majorclassifier'
Feb 03, 2017 12:20:01 PM org.apache.catalina.core.ApplicationContext log
INFO: Manager: list: Listing contexts for virtual host 'localhost'
Feb 03, 2017 12:20:05 PM org.apache.catalina.core.ApplicationContext log
INFO: Manager: list: Listing contexts for virtual host 'localhost'
Feb 03, 2017 12:20:05 PM org.apache.catalina.core.ApplicationContext log
INFO: Manager: list: Listing contexts for virtual host 'localhost'
Feb 03, 2017 12:20:05 PM org.apache.catalina.core.ApplicationContext log
INFO: Manager: undeploy: Undeploying web application at '/majorclassifier'
Feb 03, 2017 12:20:08 PM org.apache.catalina.core.ApplicationContext log
INFO: Manager: install: Installing context configuration at 'file:/C:/Users/CJEDWA~1/AppData/Local/Temp/context5311550924684182957.xml'
Feb 03, 2017 12:20:09 PM org.apache.catalina.core.ApplicationContext log
INFO: Manager: start: Starting web application '/majorclassifier'
Feb 03, 2017 12:21:32 PM org.apache.catalina.core.ApplicationContext log
INFO: Manager: list: Listing contexts for virtual host 'localhost'
Feb 03, 2017 12:21:35 PM org.apache.catalina.core.ApplicationContext log
INFO: Manager: list: Listing contexts for virtual host 'localhost'
Feb 03, 2017 12:21:35 PM org.apache.catalina.core.ApplicationContext log
INFO: Manager: list: Listing contexts for virtual host 'localhost'
Feb 03, 2017 12:21:35 PM org.apache.catalina.core.ApplicationContext log
INFO: Manager: undeploy: Undeploying web application at '/majorclassifier'
Feb 03, 2017 12:21:38 PM org.apache.catalina.core.ApplicationContext log
INFO: Manager: install: Installing context configuration at 'file:/C:/Users/CJEDWA~1/AppData/Local/Temp/context8249229750894214197.xml'
Feb 03, 2017 12:21:39 PM org.apache.catalina.core.ApplicationContext log
INFO: Manager: start: Starting web application '/majorclassifier'
Feb 03, 2017 12:25:00 PM org.apache.catalina.core.ApplicationContext log
INFO: Manager: list: Listing contexts for virtual host 'localhost'
Feb 03, 2017 12:25:04 PM org.apache.catalina.core.ApplicationContext log
INFO: Manager: list: Listing contexts for virtual host 'localhost'
Feb 03, 2017 12:25:04 PM org.apache.catalina.core.ApplicationContext log
INFO: Manager: list: Listing contexts for virtual host 'localhost'
Feb 03, 2017 12:25:04 PM org.apache.catalina.core.ApplicationContext log
INFO: Manager: undeploy: Undeploying web application at '/majorclassifier'
Feb 03, 2017 12:25:07 PM org.apache.catalina.core.ApplicationContext log
INFO: Manager: install: Installing context configuration at 'file:/C:/Users/CJEDWA~1/AppData/Local/Temp/context547189795707773807.xml'
Feb 03, 2017 12:25:09 PM org.apache.catalina.core.ApplicationContext log
INFO: Manager: start: Starting web application '/majorclassifier'
Feb 03, 2017 12:28:26 PM org.apache.catalina.core.ApplicationContext log
INFO: Manager: list: Listing contexts for virtual host 'localhost'
Feb 03, 2017 12:28:30 PM org.apache.catalina.core.ApplicationContext log
INFO: Manager: list: Listing contexts for virtual host 'localhost'
Feb 03, 2017 12:28:30 PM org.apache.catalina.core.ApplicationContext log
INFO: Manager: list: Listing contexts for virtual host 'localhost'
Feb 03, 2017 12:28:30 PM org.apache.catalina.core.ApplicationContext log
INFO: Manager: undeploy: Undeploying web application at '/majorclassifier'
Feb 03, 2017 12:28:33 PM org.apache.catalina.core.ApplicationContext log
INFO: Manager: install: Installing context configuration at 'file:/C:/Users/CJEDWA~1/AppData/Local/Temp/context3690416798648709211.xml'
Feb 03, 2017 12:28:34 PM org.apache.catalina.core.ApplicationContext log
INFO: Manager: start: Starting web application '/majorclassifier'
Feb 03, 2017 12:37:21 PM org.apache.catalina.core.ApplicationContext log
INFO: Manager: list: Listing contexts for virtual host 'localhost'
Feb 03, 2017 12:37:21 PM org.apache.catalina.core.ApplicationContext log
INFO: Manager: list: Listing contexts for virtual host 'localhost'
Feb 03, 2017 12:37:21 PM org.apache.catalina.core.ApplicationContext log
INFO: Manager: undeploy: Undeploying web application at '/majorclassifier'
Feb 03, 2017 12:37:21 PM org.apache.catalina.core.ApplicationContext log
INFO: Manager: install: Installing context configuration at 'file:/C:/Users/CJEDWA~1/AppData/Local/Temp/context3527419408812342511.xml'
Feb 03, 2017 12:37:23 PM org.apache.catalina.core.ApplicationContext log
INFO: Manager: start: Starting web application '/majorclassifier'
Feb 03, 2017 12:44:05 PM org.apache.catalina.core.ApplicationContext log
INFO: Manager: list: Listing contexts for virtual host 'localhost'
Feb 03, 2017 12:44:05 PM org.apache.catalina.core.ApplicationContext log
INFO: Manager: list: Listing contexts for virtual host 'localhost'
Feb 03, 2017 12:44:05 PM org.apache.catalina.core.ApplicationContext log
INFO: Manager: undeploy: Undeploying web application at '/majorclassifier'
Feb 03, 2017 12:44:06 PM org.apache.catalina.core.ApplicationContext log
INFO: Manager: install: Installing context configuration at 'file:/C:/Users/CJEDWA~1/AppData/Local/Temp/context3303265770726188757.xml'
Feb 03, 2017 12:44:07 PM org.apache.catalina.core.ApplicationContext log
INFO: Manager: start: Starting web application '/majorclassifier'
Feb 03, 2017 12:51:42 PM org.apache.catalina.core.ApplicationContext log
INFO: Manager: list: Listing contexts for virtual host 'localhost'
Feb 03, 2017 12:51:42 PM org.apache.catalina.core.ApplicationContext log
INFO: Manager: list: Listing contexts for virtual host 'localhost'
Feb 03, 2017 12:51:42 PM org.apache.catalina.core.ApplicationContext log
INFO: Manager: undeploy: Undeploying web application at '/majorclassifier'
Feb 03, 2017 12:51:42 PM org.apache.catalina.core.ApplicationContext log
INFO: Manager: install: Installing context configuration at 'file:/C:/Users/CJEDWA~1/AppData/Local/Temp/context646309812626859675.xml'
Feb 03, 2017 12:51:44 PM org.apache.catalina.core.ApplicationContext log
INFO: Manager: start: Starting web application '/majorclassifier'
Feb 03, 2017 1:01:12 PM org.apache.catalina.core.ApplicationContext log
INFO: Manager: list: Listing contexts for virtual host 'localhost'
Feb 03, 2017 1:01:17 PM org.apache.catalina.core.ApplicationContext log
INFO: Manager: list: Listing contexts for virtual host 'localhost'
Feb 03, 2017 1:01:17 PM org.apache.catalina.core.ApplicationContext log
INFO: Manager: list: Listing contexts for virtual host 'localhost'
Feb 03, 2017 1:01:17 PM org.apache.catalina.core.ApplicationContext log
INFO: Manager: undeploy: Undeploying web application at '/majorclassifier'
Feb 03, 2017 1:01:19 PM org.apache.catalina.core.ApplicationContext log
INFO: Manager: install: Installing context configuration at 'file:/C:/Users/CJEDWA~1/AppData/Local/Temp/context3614763867311058229.xml'
Feb 03, 2017 1:01:21 PM org.apache.catalina.core.ApplicationContext log
INFO: Manager: start: Starting web application '/majorclassifier'
Feb 03, 2017 1:03:11 PM org.apache.catalina.core.ApplicationContext log
INFO: Manager: list: Listing contexts for virtual host 'localhost'
Feb 03, 2017 1:03:13 PM org.apache.catalina.core.ApplicationContext log
INFO: Manager: list: Listing contexts for virtual host 'localhost'
Feb 03, 2017 1:03:13 PM org.apache.catalina.core.ApplicationContext log
INFO: Manager: list: Listing contexts for virtual host 'localhost'
Feb 03, 2017 1:03:13 PM org.apache.catalina.core.ApplicationContext log
INFO: Manager: undeploy: Undeploying web application at '/majorclassifier'
Feb 03, 2017 1:03:16 PM org.apache.catalina.core.ApplicationContext log
INFO: Manager: install: Installing context configuration at 'file:/C:/Users/CJEDWA~1/AppData/Local/Temp/context5278340691100741278.xml'
Feb 03, 2017 1:03:17 PM org.apache.catalina.core.ApplicationContext log
INFO: Manager: start: Starting web application '/majorclassifier'
Feb 03, 2017 1:04:51 PM org.apache.catalina.core.ApplicationContext log
INFO: Manager: list: Listing contexts for virtual host 'localhost'
Feb 03, 2017 1:04:55 PM org.apache.catalina.core.ApplicationContext log
INFO: Manager: list: Listing contexts for virtual host 'localhost'
Feb 03, 2017 1:04:55 PM org.apache.catalina.core.ApplicationContext log
INFO: Manager: list: Listing contexts for virtual host 'localhost'
Feb 03, 2017 1:04:55 PM org.apache.catalina.core.ApplicationContext log
INFO: Manager: undeploy: Undeploying web application at '/majorclassifier'
Feb 03, 2017 1:04:58 PM org.apache.catalina.core.ApplicationContext log
INFO: Manager: install: Installing context configuration at 'file:/C:/Users/CJEDWA~1/AppData/Local/Temp/context4985106742794218749.xml'
Feb 03, 2017 1:04:59 PM org.apache.catalina.core.ApplicationContext log
INFO: Manager: start: Starting web application '/majorclassifier'
Feb 03, 2017 1:07:01 PM org.apache.catalina.core.ApplicationContext log
INFO: Manager: list: Listing contexts for virtual host 'localhost'
Feb 03, 2017 1:07:05 PM org.apache.catalina.core.ApplicationContext log
INFO: Manager: list: Listing contexts for virtual host 'localhost'
Feb 03, 2017 1:07:05 PM org.apache.catalina.core.ApplicationContext log
INFO: Manager: list: Listing contexts for virtual host 'localhost'
Feb 03, 2017 1:07:05 PM org.apache.catalina.core.ApplicationContext log
INFO: Manager: undeploy: Undeploying web application at '/majorclassifier'
Feb 03, 2017 1:07:08 PM org.apache.catalina.core.ApplicationContext log
INFO: Manager: install: Installing context configuration at 'file:/C:/Users/CJEDWA~1/AppData/Local/Temp/context6197978713933973925.xml'
Feb 03, 2017 1:07:09 PM org.apache.catalina.core.ApplicationContext log
INFO: Manager: start: Starting web application '/majorclassifier'
Feb 03, 2017 1:07:57 PM org.apache.catalina.core.ApplicationContext log
INFO: Manager: list: Listing contexts for virtual host 'localhost'
Feb 03, 2017 1:08:00 PM org.apache.catalina.core.ApplicationContext log
INFO: Manager: list: Listing contexts for virtual host 'localhost'
Feb 03, 2017 1:08:00 PM org.apache.catalina.core.ApplicationContext log
INFO: Manager: list: Listing contexts for virtual host 'localhost'
Feb 03, 2017 1:08:00 PM org.apache.catalina.core.ApplicationContext log
INFO: Manager: undeploy: Undeploying web application at '/majorclassifier'
Feb 03, 2017 1:08:03 PM org.apache.catalina.core.ApplicationContext log
INFO: Manager: install: Installing context configuration at 'file:/C:/Users/CJEDWA~1/AppData/Local/Temp/context2111865180371290686.xml'
Feb 03, 2017 1:08:04 PM org.apache.catalina.core.ApplicationContext log
INFO: Manager: start: Starting web application '/majorclassifier'
Feb 03, 2017 1:11:09 PM org.apache.catalina.core.ApplicationContext log
INFO: Manager: list: Listing contexts for virtual host 'localhost'
Feb 03, 2017 1:11:15 PM org.apache.catalina.core.ApplicationContext log
INFO: Manager: list: Listing contexts for virtual host 'localhost'
Feb 03, 2017 1:11:15 PM org.apache.catalina.core.ApplicationContext log
INFO: Manager: list: Listing contexts for virtual host 'localhost'
Feb 03, 2017 1:11:15 PM org.apache.catalina.core.ApplicationContext log
INFO: Manager: undeploy: Undeploying web application at '/majorclassifier'
Feb 03, 2017 1:11:17 PM org.apache.catalina.core.ApplicationContext log
INFO: Manager: install: Installing context configuration at 'file:/C:/Users/CJEDWA~1/AppData/Local/Temp/context539178633880061148.xml'
Feb 03, 2017 1:11:19 PM org.apache.catalina.core.ApplicationContext log
INFO: Manager: start: Starting web application '/majorclassifier'
Feb 03, 2017 1:18:40 PM org.apache.catalina.core.ApplicationContext log
INFO: Manager: list: Listing contexts for virtual host 'localhost'
Feb 03, 2017 1:18:45 PM org.apache.catalina.core.ApplicationContext log
INFO: Manager: list: Listing contexts for virtual host 'localhost'
Feb 03, 2017 1:18:45 PM org.apache.catalina.core.ApplicationContext log
INFO: Manager: list: Listing contexts for virtual host 'localhost'
Feb 03, 2017 1:18:45 PM org.apache.catalina.core.ApplicationContext log
INFO: Manager: undeploy: Undeploying web application at '/majorclassifier'
Feb 03, 2017 1:18:48 PM org.apache.catalina.core.ApplicationContext log
INFO: Manager: install: Installing context configuration at 'file:/C:/Users/CJEDWA~1/AppData/Local/Temp/context1356047886748143120.xml'
Feb 03, 2017 1:18:49 PM org.apache.catalina.core.ApplicationContext log
INFO: Manager: start: Starting web application '/majorclassifier'
Feb 03, 2017 1:21:48 PM org.apache.catalina.core.ApplicationContext log
INFO: Manager: list: Listing contexts for virtual host 'localhost'
Feb 03, 2017 1:21:55 PM org.apache.catalina.core.ApplicationContext log
INFO: Manager: list: Listing contexts for virtual host 'localhost'
Feb 03, 2017 1:21:55 PM org.apache.catalina.core.ApplicationContext log
INFO: Manager: list: Listing contexts for virtual host 'localhost'
Feb 03, 2017 1:21:55 PM org.apache.catalina.core.ApplicationContext log
INFO: Manager: undeploy: Undeploying web application at '/majorclassifier'
Feb 03, 2017 1:21:58 PM org.apache.catalina.core.ApplicationContext log
INFO: Manager: install: Installing context configuration at 'file:/C:/Users/CJEDWA~1/AppData/Local/Temp/context4944593159024735312.xml'
Feb 03, 2017 1:22:00 PM org.apache.catalina.core.ApplicationContext log
INFO: Manager: start: Starting web application '/majorclassifier'
Feb 03, 2017 1:47:52 PM org.apache.catalina.core.ApplicationContext log
INFO: Manager: list: Listing contexts for virtual host 'localhost'
Feb 03, 2017 1:47:52 PM org.apache.catalina.core.ApplicationContext log
INFO: Manager: list: Listing contexts for virtual host 'localhost'
Feb 03, 2017 1:47:52 PM org.apache.catalina.core.ApplicationContext log
INFO: Manager: undeploy: Undeploying web application at '/majorclassifier'
Feb 03, 2017 1:47:53 PM org.apache.catalina.core.ApplicationContext log
INFO: Manager: install: Installing context configuration at 'file:/C:/Users/CJEDWA~1/AppData/Local/Temp/context8821216231436982160.xml'
Feb 03, 2017 1:47:54 PM org.apache.catalina.core.ApplicationContext log
INFO: Manager: start: Starting web application '/majorclassifier'
Feb 03, 2017 1:56:22 PM org.apache.catalina.core.ApplicationContext log
INFO: Manager: list: Listing contexts for virtual host 'localhost'
Feb 03, 2017 1:56:27 PM org.apache.catalina.core.ApplicationContext log
INFO: Manager: list: Listing contexts for virtual host 'localhost'
Feb 03, 2017 1:56:27 PM org.apache.catalina.core.ApplicationContext log
INFO: Manager: list: Listing contexts for virtual host 'localhost'
Feb 03, 2017 1:56:27 PM org.apache.catalina.core.ApplicationContext log
INFO: Manager: undeploy: Undeploying web application at '/majorclassifier'
Feb 03, 2017 1:56:30 PM org.apache.catalina.core.ApplicationContext log
INFO: Manager: install: Installing context configuration at 'file:/C:/Users/CJEDWA~1/AppData/Local/Temp/context2885148686631310807.xml'
Feb 03, 2017 1:56:31 PM org.apache.catalina.core.ApplicationContext log
INFO: Manager: start: Starting web application '/majorclassifier'
Feb 03, 2017 1:58:41 PM org.apache.catalina.core.ApplicationContext log
INFO: Manager: list: Listing contexts for virtual host 'localhost'
Feb 03, 2017 1:58:41 PM org.apache.catalina.core.ApplicationContext log
INFO: Manager: list: Listing contexts for virtual host 'localhost'
Feb 03, 2017 1:58:41 PM org.apache.catalina.core.ApplicationContext log
INFO: Manager: undeploy: Undeploying web application at '/majorclassifier'
Feb 03, 2017 1:58:41 PM org.apache.catalina.core.ApplicationContext log
INFO: Manager: install: Installing context configuration at 'file:/C:/Users/CJEDWA~1/AppData/Local/Temp/context613719109714995913.xml'
Feb 03, 2017 1:58:42 PM org.apache.catalina.core.ApplicationContext log
INFO: Manager: start: Starting web application '/majorclassifier'
Feb 03, 2017 2:11:57 PM org.apache.catalina.core.ApplicationContext log
INFO: Manager: list: Listing contexts for virtual host 'localhost'
Feb 03, 2017 2:12:03 PM org.apache.catalina.core.ApplicationContext log
INFO: Manager: list: Listing contexts for virtual host 'localhost'
Feb 03, 2017 2:12:03 PM org.apache.catalina.core.ApplicationContext log
INFO: Manager: list: Listing contexts for virtual host 'localhost'
Feb 03, 2017 2:12:03 PM org.apache.catalina.core.ApplicationContext log
INFO: Manager: undeploy: Undeploying web application at '/majorclassifier'
Feb 03, 2017 2:12:06 PM org.apache.catalina.core.ApplicationContext log
INFO: Manager: install: Installing context configuration at 'file:/C:/Users/CJEDWA~1/AppData/Local/Temp/context7256150973332774561.xml'
Feb 03, 2017 2:12:08 PM org.apache.catalina.core.ApplicationContext log
INFO: Manager: start: Starting web application '/majorclassifier'
Feb 03, 2017 2:13:35 PM org.apache.catalina.core.ApplicationContext log
INFO: Manager: list: Listing contexts for virtual host 'localhost'
Feb 03, 2017 2:13:35 PM org.apache.catalina.core.ApplicationContext log
INFO: Manager: list: Listing contexts for virtual host 'localhost'
Feb 03, 2017 2:13:35 PM org.apache.catalina.core.ApplicationContext log
INFO: Manager: undeploy: Undeploying web application at '/majorclassifier'
Feb 03, 2017 2:13:35 PM org.apache.catalina.core.ApplicationContext log
INFO: Manager: install: Installing context configuration at 'file:/C:/Users/CJEDWA~1/AppData/Local/Temp/context2772252040523365239.xml'
Feb 03, 2017 2:13:36 PM org.apache.catalina.core.ApplicationContext log
INFO: Manager: start: Starting web application '/majorclassifier'
Feb 03, 2017 2:15:57 PM org.apache.catalina.core.ApplicationContext log
INFO: Manager: list: Listing contexts for virtual host 'localhost'
Feb 03, 2017 2:15:57 PM org.apache.catalina.core.ApplicationContext log
INFO: Manager: list: Listing contexts for virtual host 'localhost'
Feb 03, 2017 2:15:57 PM org.apache.catalina.core.ApplicationContext log
INFO: Manager: undeploy: Undeploying web application at '/majorclassifier'
Feb 03, 2017 2:15:57 PM org.apache.catalina.core.ApplicationContext log
INFO: Manager: install: Installing context configuration at 'file:/C:/Users/CJEDWA~1/AppData/Local/Temp/context3042653738842361548.xml'
Feb 03, 2017 2:15:59 PM org.apache.catalina.core.ApplicationContext log
INFO: Manager: start: Starting web application '/majorclassifier'
Feb 03, 2017 2:16:36 PM org.apache.catalina.core.ApplicationContext log
INFO: Manager: list: Listing contexts for virtual host 'localhost'
Feb 03, 2017 2:16:36 PM org.apache.catalina.core.ApplicationContext log
INFO: Manager: list: Listing contexts for virtual host 'localhost'
Feb 03, 2017 2:16:36 PM org.apache.catalina.core.ApplicationContext log
INFO: Manager: undeploy: Undeploying web application at '/majorclassifier'
Feb 03, 2017 2:16:36 PM org.apache.catalina.core.ApplicationContext log
INFO: Manager: install: Installing context configuration at 'file:/C:/Users/CJEDWA~1/AppData/Local/Temp/context448879293398060390.xml'
Feb 03, 2017 2:16:38 PM org.apache.catalina.core.ApplicationContext log
INFO: Manager: start: Starting web application '/majorclassifier'
Feb 03, 2017 2:28:04 PM org.apache.catalina.core.ApplicationContext log
INFO: Manager: list: Listing contexts for virtual host 'localhost'
Feb 03, 2017 2:28:04 PM org.apache.catalina.core.ApplicationContext log
INFO: Manager: list: Listing contexts for virtual host 'localhost'
Feb 03, 2017 2:28:04 PM org.apache.catalina.core.ApplicationContext log
INFO: Manager: undeploy: Undeploying web application at '/majorclassifier'
Feb 03, 2017 2:28:05 PM org.apache.catalina.core.ApplicationContext log
INFO: Manager: install: Installing context configuration at 'file:/C:/Users/CJEDWA~1/AppData/Local/Temp/context4878386739196122300.xml'
Feb 03, 2017 2:28:06 PM org.apache.catalina.core.ApplicationContext log
INFO: Manager: start: Starting web application '/majorclassifier'
Feb 03, 2017 2:34:48 PM org.apache.catalina.core.ApplicationContext log
INFO: Manager: list: Listing contexts for virtual host 'localhost'
Feb 03, 2017 2:34:48 PM org.apache.catalina.core.ApplicationContext log
INFO: Manager: list: Listing contexts for virtual host 'localhost'
Feb 03, 2017 2:34:48 PM org.apache.catalina.core.ApplicationContext log
INFO: Manager: undeploy: Undeploying web application at '/majorclassifier'
Feb 03, 2017 2:34:49 PM org.apache.catalina.core.ApplicationContext log
INFO: Manager: install: Installing context configuration at 'file:/C:/Users/CJEDWA~1/AppData/Local/Temp/context7592791496881139368.xml'
Feb 03, 2017 2:34:50 PM org.apache.catalina.core.ApplicationContext log
INFO: Manager: start: Starting web application '/majorclassifier'
Feb 03, 2017 2:40:33 PM org.apache.catalina.core.ApplicationContext log
INFO: Manager: list: Listing contexts for virtual host 'localhost'
Feb 03, 2017 2:40:33 PM org.apache.catalina.core.ApplicationContext log
INFO: Manager: list: Listing contexts for virtual host 'localhost'
Feb 03, 2017 2:40:33 PM org.apache.catalina.core.ApplicationContext log
INFO: Manager: undeploy: Undeploying web application at '/majorclassifier'
Feb 03, 2017 2:40:33 PM org.apache.catalina.core.ApplicationContext log
INFO: Manager: install: Installing context configuration at 'file:/C:/Users/CJEDWA~1/AppData/Local/Temp/context1912026916452103637.xml'
Feb 03, 2017 2:40:35 PM org.apache.catalina.core.ApplicationContext log
INFO: Manager: start: Starting web application '/majorclassifier'
Feb 03, 2017 2:44:26 PM org.apache.catalina.core.ApplicationContext log
INFO: Manager: list: Listing contexts for virtual host 'localhost'
Feb 03, 2017 2:44:26 PM org.apache.catalina.core.ApplicationContext log
INFO: Manager: list: Listing contexts for virtual host 'localhost'
Feb 03, 2017 2:44:26 PM org.apache.catalina.core.ApplicationContext log
INFO: Manager: undeploy: Undeploying web application at '/majorclassifier'
Feb 03, 2017 2:44:27 PM org.apache.catalina.core.ApplicationContext log
INFO: Manager: install: Installing context configuration at 'file:/C:/Users/CJEDWA~1/AppData/Local/Temp/context1369012747187899161.xml'
Feb 03, 2017 2:44:28 PM org.apache.catalina.core.ApplicationContext log
INFO: Manager: start: Starting web application '/majorclassifier'
