Jan 30, 2017 6:26:18 AM org.apache.catalina.core.ApplicationContext log
INFO: Manager: list: Listing contexts for virtual host 'localhost'
Jan 30, 2017 6:26:18 AM org.apache.catalina.core.ApplicationContext log
INFO: Manager: list: Listing contexts for virtual host 'localhost'
Jan 30, 2017 6:26:18 AM org.apache.catalina.core.ApplicationContext log
INFO: Manager: undeploy: Undeploying web application at '/majorclassifier'
Jan 30, 2017 6:26:19 AM org.apache.catalina.core.ApplicationContext log
INFO: Manager: install: Installing context configuration at 'file:/C:/Users/CJEDWA~1/AppData/Local/Temp/context3662393739612642064.xml'
Jan 30, 2017 6:26:20 AM org.apache.catalina.core.ApplicationContext log
INFO: Manager: start: Starting web application '/majorclassifier'
Jan 30, 2017 6:32:49 AM org.apache.catalina.core.ApplicationContext log
INFO: Manager: list: Listing contexts for virtual host 'localhost'
Jan 30, 2017 6:32:49 AM org.apache.catalina.core.ApplicationContext log
INFO: Manager: list: Listing contexts for virtual host 'localhost'
Jan 30, 2017 6:32:49 AM org.apache.catalina.core.ApplicationContext log
INFO: Manager: restart: Reloading web application '/majorclassifier'
Jan 30, 2017 6:35:25 AM org.apache.catalina.core.ApplicationContext log
INFO: Manager: list: Listing contexts for virtual host 'localhost'
Jan 30, 2017 6:35:25 AM org.apache.catalina.core.ApplicationContext log
INFO: Manager: list: Listing contexts for virtual host 'localhost'
Jan 30, 2017 6:35:25 AM org.apache.catalina.core.ApplicationContext log
INFO: Manager: undeploy: Undeploying web application at '/majorclassifier'
Jan 30, 2017 6:35:26 AM org.apache.catalina.core.ApplicationContext log
INFO: Manager: install: Installing context configuration at 'file:/C:/Users/CJEDWA~1/AppData/Local/Temp/context6315279190178423603.xml'
Jan 30, 2017 6:35:27 AM org.apache.catalina.core.ApplicationContext log
INFO: Manager: start: Starting web application '/majorclassifier'
Jan 30, 2017 6:35:28 AM org.apache.catalina.core.ApplicationContext log
INFO: Manager: list: Listing contexts for virtual host 'localhost'
Jan 30, 2017 6:35:28 AM org.apache.catalina.core.ApplicationContext log
INFO: Manager: list: Listing contexts for virtual host 'localhost'
Jan 30, 2017 6:35:28 AM org.apache.catalina.core.ApplicationContext log
INFO: Manager: restart: Reloading web application '/majorclassifier'
Jan 30, 2017 6:38:50 AM org.apache.catalina.core.ApplicationContext log
INFO: Manager: list: Listing contexts for virtual host 'localhost'
Jan 30, 2017 6:38:50 AM org.apache.catalina.core.ApplicationContext log
INFO: Manager: list: Listing contexts for virtual host 'localhost'
Jan 30, 2017 7:37:29 AM org.apache.catalina.core.ApplicationContext log
INFO: Manager: init: Associated with Deployer 'Catalina:type=Deployer,host=localhost'
Jan 30, 2017 7:37:29 AM org.apache.catalina.core.ApplicationContext log
INFO: Manager: init: Global resources are available
Jan 30, 2017 7:37:29 AM org.apache.catalina.core.ApplicationContext log
INFO: Manager: list: Listing contexts for virtual host 'localhost'
Jan 30, 2017 7:37:29 AM org.apache.catalina.core.ApplicationContext log
INFO: Manager: undeploy: Undeploying web application at '/majorclassifier'
Jan 30, 2017 7:37:29 AM org.apache.catalina.core.ApplicationContext log
INFO: Manager: install: Installing context configuration at 'file:/C:/Users/CJEDWA~1/AppData/Local/Temp/context8896987195449412049.xml'
Jan 30, 2017 7:37:31 AM org.apache.catalina.core.ApplicationContext log
INFO: Manager: start: Starting web application '/majorclassifier'
Jan 30, 2017 9:54:26 AM org.apache.catalina.core.ApplicationContext log
INFO: Manager: list: Listing contexts for virtual host 'localhost'
Jan 30, 2017 9:54:26 AM org.apache.catalina.core.ApplicationContext log
INFO: Manager: restart: Reloading web application '/majorclassifier'
Jan 30, 2017 10:31:16 AM org.apache.catalina.core.ApplicationContext log
INFO: Manager: list: Listing contexts for virtual host 'localhost'
Jan 30, 2017 10:31:16 AM org.apache.catalina.core.ApplicationContext log
INFO: Manager: restart: Reloading web application '/majorclassifier'
Jan 30, 2017 11:54:29 AM org.apache.catalina.core.ApplicationContext log
INFO: Manager: list: Listing contexts for virtual host 'localhost'
Jan 30, 2017 11:54:29 AM org.apache.catalina.core.ApplicationContext log
INFO: Manager: list: Listing contexts for virtual host 'localhost'
Jan 30, 2017 11:54:29 AM org.apache.catalina.core.ApplicationContext log
INFO: Manager: restart: Reloading web application '/majorclassifier'
Jan 30, 2017 11:57:52 AM org.apache.catalina.core.ApplicationContext log
INFO: Manager: list: Listing contexts for virtual host 'localhost'
Jan 30, 2017 11:57:52 AM org.apache.catalina.core.ApplicationContext log
INFO: Manager: restart: Reloading web application '/majorclassifier'
Jan 30, 2017 11:57:59 AM org.apache.catalina.core.ApplicationContext log
INFO: Manager: list: Listing contexts for virtual host 'localhost'
Jan 30, 2017 11:57:59 AM org.apache.catalina.core.ApplicationContext log
INFO: Manager: list: Listing contexts for virtual host 'localhost'
Jan 30, 2017 11:57:59 AM org.apache.catalina.core.ApplicationContext log
INFO: Manager: restart: Reloading web application '/majorclassifier'
Jan 30, 2017 12:21:51 PM org.apache.catalina.core.ApplicationContext log
INFO: Manager: list: Listing contexts for virtual host 'localhost'
Jan 30, 2017 12:21:51 PM org.apache.catalina.core.ApplicationContext log
INFO: Manager: restart: Reloading web application '/majorclassifier'
Jan 30, 2017 12:22:42 PM org.apache.catalina.core.ApplicationContext log
INFO: Manager: list: Listing contexts for virtual host 'localhost'
Jan 30, 2017 12:22:42 PM org.apache.catalina.core.ApplicationContext log
INFO: Manager: restart: Reloading web application '/majorclassifier'
Jan 30, 2017 12:29:11 PM org.apache.catalina.core.ApplicationContext log
INFO: Manager: list: Listing contexts for virtual host 'localhost'
Jan 30, 2017 12:29:11 PM org.apache.catalina.core.ApplicationContext log
INFO: Manager: restart: Reloading web application '/majorclassifier'
Jan 30, 2017 12:30:02 PM org.apache.catalina.core.ApplicationContext log
INFO: Manager: list: Listing contexts for virtual host 'localhost'
Jan 30, 2017 12:30:02 PM org.apache.catalina.core.ApplicationContext log
INFO: Manager: restart: Reloading web application '/majorclassifier'
Jan 30, 2017 12:31:07 PM org.apache.catalina.core.ApplicationContext log
INFO: Manager: list: Listing contexts for virtual host 'localhost'
Jan 30, 2017 12:31:07 PM org.apache.catalina.core.ApplicationContext log
INFO: Manager: restart: Reloading web application '/majorclassifier'
Jan 30, 2017 12:33:57 PM org.apache.catalina.core.ApplicationContext log
INFO: Manager: list: Listing contexts for virtual host 'localhost'
Jan 30, 2017 12:33:57 PM org.apache.catalina.core.ApplicationContext log
INFO: Manager: restart: Reloading web application '/majorclassifier'
Jan 30, 2017 12:34:14 PM org.apache.catalina.core.ApplicationContext log
INFO: Manager: list: Listing contexts for virtual host 'localhost'
Jan 30, 2017 12:34:14 PM org.apache.catalina.core.ApplicationContext log
INFO: Manager: restart: Reloading web application '/majorclassifier'
Jan 30, 2017 12:35:55 PM org.apache.catalina.core.ApplicationContext log
INFO: Manager: init: Associated with Deployer 'Catalina:type=Deployer,host=localhost'
Jan 30, 2017 12:35:55 PM org.apache.catalina.core.ApplicationContext log
INFO: Manager: init: Global resources are available
Jan 30, 2017 12:35:55 PM org.apache.catalina.core.ApplicationContext log
INFO: Manager: list: Listing contexts for virtual host 'localhost'
Jan 30, 2017 12:35:55 PM org.apache.catalina.core.ApplicationContext log
INFO: Manager: list: Listing contexts for virtual host 'localhost'
Jan 30, 2017 12:35:55 PM org.apache.catalina.core.ApplicationContext log
INFO: Manager: undeploy: Undeploying web application at '/majorclassifier'
Jan 30, 2017 12:35:55 PM org.apache.catalina.core.ApplicationContext log
INFO: Manager: install: Installing context configuration at 'file:/C:/Users/CJEDWA~1/AppData/Local/Temp/context852016411578280721.xml'
Jan 30, 2017 12:35:57 PM org.apache.catalina.core.ApplicationContext log
INFO: Manager: start: Starting web application '/majorclassifier'
Jan 30, 2017 12:41:35 PM org.apache.catalina.core.ApplicationContext log
INFO: Manager: list: Listing contexts for virtual host 'localhost'
Jan 30, 2017 12:41:35 PM org.apache.catalina.core.ApplicationContext log
INFO: Manager: restart: Reloading web application '/majorclassifier'
Jan 30, 2017 12:42:03 PM org.apache.catalina.core.ApplicationContext log
INFO: Manager: list: Listing contexts for virtual host 'localhost'
Jan 30, 2017 12:42:03 PM org.apache.catalina.core.ApplicationContext log
INFO: Manager: list: Listing contexts for virtual host 'localhost'
Jan 30, 2017 12:42:03 PM org.apache.catalina.core.ApplicationContext log
INFO: Manager: restart: Reloading web application '/majorclassifier'
Jan 30, 2017 12:44:40 PM org.apache.catalina.core.ApplicationContext log
INFO: Manager: list: Listing contexts for virtual host 'localhost'
Jan 30, 2017 12:44:40 PM org.apache.catalina.core.ApplicationContext log
INFO: Manager: restart: Reloading web application '/majorclassifier'
Jan 30, 2017 1:37:07 PM org.apache.catalina.core.ApplicationContext log
INFO: Manager: init: Associated with Deployer 'Catalina:type=Deployer,host=localhost'
Jan 30, 2017 1:37:07 PM org.apache.catalina.core.ApplicationContext log
INFO: Manager: init: Global resources are available
Jan 30, 2017 1:37:07 PM org.apache.catalina.core.ApplicationContext log
INFO: Manager: list: Listing contexts for virtual host 'localhost'
Jan 30, 2017 1:37:07 PM org.apache.catalina.core.ApplicationContext log
INFO: Manager: list: Listing contexts for virtual host 'localhost'
Jan 30, 2017 1:37:07 PM org.apache.catalina.core.ApplicationContext log
INFO: Manager: restart: Reloading web application '/majorclassifier'
Jan 30, 2017 1:37:18 PM org.apache.catalina.core.ApplicationContext log
INFO: Manager: list: Listing contexts for virtual host 'localhost'
Jan 30, 2017 1:37:18 PM org.apache.catalina.core.ApplicationContext log
INFO: Manager: list: Listing contexts for virtual host 'localhost'
Jan 30, 2017 1:37:27 PM org.apache.catalina.core.ApplicationContext log
INFO: Manager: list: Listing contexts for virtual host 'localhost'
Jan 30, 2017 1:37:27 PM org.apache.catalina.core.ApplicationContext log
INFO: Manager: restart: Reloading web application '/majorclassifier'
Jan 30, 2017 1:37:31 PM org.apache.catalina.core.ApplicationContext log
INFO: Manager: list: Listing contexts for virtual host 'localhost'
Jan 30, 2017 1:37:31 PM org.apache.catalina.core.ApplicationContext log
INFO: Manager: restart: Reloading web application '/majorclassifier'
Jan 30, 2017 1:37:33 PM org.apache.catalina.core.ApplicationContext log
INFO: Manager: list: Listing contexts for virtual host 'localhost'
Jan 30, 2017 1:37:33 PM org.apache.catalina.core.ApplicationContext log
INFO: Manager: restart: Reloading web application '/majorclassifier'
Jan 30, 2017 1:37:35 PM org.apache.catalina.core.ApplicationContext log
INFO: Manager: list: Listing contexts for virtual host 'localhost'
Jan 30, 2017 1:37:35 PM org.apache.catalina.core.ApplicationContext log
INFO: Manager: restart: Reloading web application '/majorclassifier'
Jan 30, 2017 1:37:37 PM org.apache.catalina.core.ApplicationContext log
INFO: Manager: list: Listing contexts for virtual host 'localhost'
Jan 30, 2017 1:37:37 PM org.apache.catalina.core.ApplicationContext log
INFO: Manager: restart: Reloading web application '/majorclassifier'
Jan 30, 2017 1:37:39 PM org.apache.catalina.core.ApplicationContext log
INFO: Manager: list: Listing contexts for virtual host 'localhost'
Jan 30, 2017 1:37:39 PM org.apache.catalina.core.ApplicationContext log
INFO: Manager: restart: Reloading web application '/majorclassifier'
Jan 30, 2017 1:41:23 PM org.apache.catalina.core.ApplicationContext log
INFO: Manager: init: Associated with Deployer 'Catalina:type=Deployer,host=localhost'
Jan 30, 2017 1:41:23 PM org.apache.catalina.core.ApplicationContext log
INFO: Manager: init: Global resources are available
Jan 30, 2017 1:41:23 PM org.apache.catalina.core.ApplicationContext log
INFO: Manager: list: Listing contexts for virtual host 'localhost'
Jan 30, 2017 1:41:23 PM org.apache.catalina.core.ApplicationContext log
INFO: Manager: list: Listing contexts for virtual host 'localhost'
Jan 30, 2017 1:41:23 PM org.apache.catalina.core.ApplicationContext log
INFO: Manager: restart: Reloading web application '/majorclassifier'
Jan 30, 2017 1:41:34 PM org.apache.catalina.core.ApplicationContext log
INFO: Manager: list: Listing contexts for virtual host 'localhost'
Jan 30, 2017 1:41:34 PM org.apache.catalina.core.ApplicationContext log
INFO: Manager: restart: Reloading web application '/majorclassifier'
Jan 30, 2017 1:41:36 PM org.apache.catalina.core.ApplicationContext log
INFO: Manager: list: Listing contexts for virtual host 'localhost'
Jan 30, 2017 1:41:36 PM org.apache.catalina.core.ApplicationContext log
INFO: Manager: restart: Reloading web application '/majorclassifier'
Jan 30, 2017 1:41:39 PM org.apache.catalina.core.ApplicationContext log
INFO: Manager: list: Listing contexts for virtual host 'localhost'
Jan 30, 2017 1:41:39 PM org.apache.catalina.core.ApplicationContext log
INFO: Manager: restart: Reloading web application '/majorclassifier'
Jan 30, 2017 1:41:41 PM org.apache.catalina.core.ApplicationContext log
INFO: Manager: list: Listing contexts for virtual host 'localhost'
Jan 30, 2017 1:41:41 PM org.apache.catalina.core.ApplicationContext log
INFO: Manager: restart: Reloading web application '/majorclassifier'
Jan 30, 2017 1:41:44 PM org.apache.catalina.core.ApplicationContext log
INFO: Manager: list: Listing contexts for virtual host 'localhost'
Jan 30, 2017 1:41:44 PM org.apache.catalina.core.ApplicationContext log
INFO: Manager: restart: Reloading web application '/majorclassifier'
Jan 30, 2017 1:41:47 PM org.apache.catalina.core.ApplicationContext log
INFO: Manager: list: Listing contexts for virtual host 'localhost'
Jan 30, 2017 1:41:47 PM org.apache.catalina.core.ApplicationContext log
INFO: Manager: restart: Reloading web application '/majorclassifier'
Jan 30, 2017 1:41:49 PM org.apache.catalina.core.ApplicationContext log
INFO: Manager: list: Listing contexts for virtual host 'localhost'
Jan 30, 2017 1:41:49 PM org.apache.catalina.core.ApplicationContext log
INFO: Manager: restart: Reloading web application '/majorclassifier'
Jan 30, 2017 1:41:52 PM org.apache.catalina.core.ApplicationContext log
INFO: Manager: list: Listing contexts for virtual host 'localhost'
Jan 30, 2017 1:41:52 PM org.apache.catalina.core.ApplicationContext log
INFO: Manager: restart: Reloading web application '/majorclassifier'
Jan 30, 2017 1:41:54 PM org.apache.catalina.core.ApplicationContext log
INFO: Manager: list: Listing contexts for virtual host 'localhost'
Jan 30, 2017 1:41:54 PM org.apache.catalina.core.ApplicationContext log
INFO: Manager: restart: Reloading web application '/majorclassifier'
Jan 30, 2017 1:41:57 PM org.apache.catalina.core.ApplicationContext log
INFO: Manager: list: Listing contexts for virtual host 'localhost'
Jan 30, 2017 1:41:57 PM org.apache.catalina.core.ApplicationContext log
INFO: Manager: restart: Reloading web application '/majorclassifier'
Jan 30, 2017 1:41:59 PM org.apache.catalina.core.ApplicationContext log
INFO: Manager: list: Listing contexts for virtual host 'localhost'
Jan 30, 2017 1:41:59 PM org.apache.catalina.core.ApplicationContext log
INFO: Manager: restart: Reloading web application '/majorclassifier'
Jan 30, 2017 1:42:02 PM org.apache.catalina.core.ApplicationContext log
INFO: Manager: list: Listing contexts for virtual host 'localhost'
Jan 30, 2017 1:42:02 PM org.apache.catalina.core.ApplicationContext log
INFO: Manager: restart: Reloading web application '/majorclassifier'
Jan 30, 2017 1:42:04 PM org.apache.catalina.core.ApplicationContext log
INFO: Manager: list: Listing contexts for virtual host 'localhost'
Jan 30, 2017 1:42:04 PM org.apache.catalina.core.ApplicationContext log
INFO: Manager: restart: Reloading web application '/majorclassifier'
Jan 30, 2017 1:42:07 PM org.apache.catalina.core.ApplicationContext log
INFO: Manager: list: Listing contexts for virtual host 'localhost'
Jan 30, 2017 1:42:07 PM org.apache.catalina.core.ApplicationContext log
INFO: Manager: restart: Reloading web application '/majorclassifier'
Jan 30, 2017 1:42:11 PM org.apache.catalina.core.ApplicationContext log
INFO: Manager: list: Listing contexts for virtual host 'localhost'
Jan 30, 2017 1:42:11 PM org.apache.catalina.core.ApplicationContext log
INFO: Manager: restart: Reloading web application '/majorclassifier'
Jan 30, 2017 1:42:12 PM org.apache.catalina.core.ApplicationContext log
INFO: Manager: list: Listing contexts for virtual host 'localhost'
Jan 30, 2017 1:42:12 PM org.apache.catalina.core.ApplicationContext log
INFO: Manager: restart: Reloading web application '/majorclassifier'
Jan 30, 2017 1:42:15 PM org.apache.catalina.core.ApplicationContext log
INFO: Manager: list: Listing contexts for virtual host 'localhost'
Jan 30, 2017 1:42:15 PM org.apache.catalina.core.ApplicationContext log
INFO: Manager: restart: Reloading web application '/majorclassifier'
Jan 30, 2017 1:42:18 PM org.apache.catalina.core.ApplicationContext log
INFO: Manager: list: Listing contexts for virtual host 'localhost'
Jan 30, 2017 1:42:18 PM org.apache.catalina.core.ApplicationContext log
INFO: Manager: restart: Reloading web application '/majorclassifier'
Jan 30, 2017 1:42:20 PM org.apache.catalina.core.ApplicationContext log
INFO: Manager: list: Listing contexts for virtual host 'localhost'
Jan 30, 2017 1:42:20 PM org.apache.catalina.core.ApplicationContext log
INFO: Manager: restart: Reloading web application '/majorclassifier'
Jan 30, 2017 1:42:23 PM org.apache.catalina.core.ApplicationContext log
INFO: Manager: list: Listing contexts for virtual host 'localhost'
Jan 30, 2017 1:42:23 PM org.apache.catalina.core.ApplicationContext log
INFO: Manager: restart: Reloading web application '/majorclassifier'
Jan 30, 2017 1:42:25 PM org.apache.catalina.core.ApplicationContext log
INFO: Manager: list: Listing contexts for virtual host 'localhost'
Jan 30, 2017 1:42:25 PM org.apache.catalina.core.ApplicationContext log
INFO: Manager: restart: Reloading web application '/majorclassifier'
Jan 30, 2017 1:42:28 PM org.apache.catalina.core.ApplicationContext log
INFO: Manager: list: Listing contexts for virtual host 'localhost'
Jan 30, 2017 1:42:28 PM org.apache.catalina.core.ApplicationContext log
INFO: Manager: restart: Reloading web application '/majorclassifier'
Jan 30, 2017 1:42:30 PM org.apache.catalina.core.ApplicationContext log
INFO: Manager: list: Listing contexts for virtual host 'localhost'
Jan 30, 2017 1:42:30 PM org.apache.catalina.core.ApplicationContext log
INFO: Manager: restart: Reloading web application '/majorclassifier'
Jan 30, 2017 1:42:34 PM org.apache.catalina.core.ApplicationContext log
INFO: Manager: list: Listing contexts for virtual host 'localhost'
Jan 30, 2017 1:42:34 PM org.apache.catalina.core.ApplicationContext log
INFO: Manager: restart: Reloading web application '/majorclassifier'
Jan 30, 2017 1:42:35 PM org.apache.catalina.core.ApplicationContext log
INFO: Manager: list: Listing contexts for virtual host 'localhost'
Jan 30, 2017 1:42:35 PM org.apache.catalina.core.ApplicationContext log
INFO: Manager: restart: Reloading web application '/majorclassifier'
Jan 30, 2017 2:04:54 PM org.apache.catalina.core.ApplicationContext log
INFO: Manager: init: Associated with Deployer 'Catalina:type=Deployer,host=localhost'
Jan 30, 2017 2:04:54 PM org.apache.catalina.core.ApplicationContext log
INFO: Manager: init: Global resources are available
Jan 30, 2017 2:04:54 PM org.apache.catalina.core.ApplicationContext log
INFO: Manager: list: Listing contexts for virtual host 'localhost'
Jan 30, 2017 2:04:54 PM org.apache.catalina.core.ApplicationContext log
INFO: Manager: list: Listing contexts for virtual host 'localhost'
Jan 30, 2017 2:04:54 PM org.apache.catalina.core.ApplicationContext log
INFO: Manager: restart: Reloading web application '/majorclassifier'
Jan 30, 2017 2:05:07 PM org.apache.catalina.core.ApplicationContext log
INFO: Manager: list: Listing contexts for virtual host 'localhost'
Jan 30, 2017 2:05:07 PM org.apache.catalina.core.ApplicationContext log
INFO: Manager: restart: Reloading web application '/majorclassifier'
Jan 30, 2017 2:05:09 PM org.apache.catalina.core.ApplicationContext log
INFO: Manager: list: Listing contexts for virtual host 'localhost'
Jan 30, 2017 2:05:09 PM org.apache.catalina.core.ApplicationContext log
INFO: Manager: restart: Reloading web application '/majorclassifier'
Jan 30, 2017 2:05:11 PM org.apache.catalina.core.ApplicationContext log
INFO: Manager: list: Listing contexts for virtual host 'localhost'
Jan 30, 2017 2:05:11 PM org.apache.catalina.core.ApplicationContext log
INFO: Manager: restart: Reloading web application '/majorclassifier'
Jan 30, 2017 2:05:14 PM org.apache.catalina.core.ApplicationContext log
INFO: Manager: list: Listing contexts for virtual host 'localhost'
Jan 30, 2017 2:05:14 PM org.apache.catalina.core.ApplicationContext log
INFO: Manager: restart: Reloading web application '/majorclassifier'
Jan 30, 2017 2:05:15 PM org.apache.catalina.core.ApplicationContext log
INFO: Manager: list: Listing contexts for virtual host 'localhost'
Jan 30, 2017 2:05:15 PM org.apache.catalina.core.ApplicationContext log
INFO: Manager: restart: Reloading web application '/majorclassifier'
Jan 30, 2017 2:05:17 PM org.apache.catalina.core.ApplicationContext log
INFO: Manager: list: Listing contexts for virtual host 'localhost'
Jan 30, 2017 2:05:18 PM org.apache.catalina.core.ApplicationContext log
INFO: Manager: restart: Reloading web application '/majorclassifier'
Jan 30, 2017 2:05:20 PM org.apache.catalina.core.ApplicationContext log
INFO: Manager: list: Listing contexts for virtual host 'localhost'
Jan 30, 2017 2:05:20 PM org.apache.catalina.core.ApplicationContext log
INFO: Manager: restart: Reloading web application '/majorclassifier'
Jan 30, 2017 2:05:22 PM org.apache.catalina.core.ApplicationContext log
INFO: Manager: list: Listing contexts for virtual host 'localhost'
Jan 30, 2017 2:05:22 PM org.apache.catalina.core.ApplicationContext log
INFO: Manager: restart: Reloading web application '/majorclassifier'
Jan 30, 2017 2:05:24 PM org.apache.catalina.core.ApplicationContext log
INFO: Manager: list: Listing contexts for virtual host 'localhost'
Jan 30, 2017 2:05:24 PM org.apache.catalina.core.ApplicationContext log
INFO: Manager: restart: Reloading web application '/majorclassifier'
Jan 30, 2017 2:05:26 PM org.apache.catalina.core.ApplicationContext log
INFO: Manager: list: Listing contexts for virtual host 'localhost'
Jan 30, 2017 2:05:26 PM org.apache.catalina.core.ApplicationContext log
INFO: Manager: restart: Reloading web application '/majorclassifier'
Jan 30, 2017 2:05:29 PM org.apache.catalina.core.ApplicationContext log
INFO: Manager: list: Listing contexts for virtual host 'localhost'
Jan 30, 2017 2:05:29 PM org.apache.catalina.core.ApplicationContext log
INFO: Manager: restart: Reloading web application '/majorclassifier'
Jan 30, 2017 2:05:31 PM org.apache.catalina.core.ApplicationContext log
INFO: Manager: list: Listing contexts for virtual host 'localhost'
Jan 30, 2017 2:05:31 PM org.apache.catalina.core.ApplicationContext log
INFO: Manager: restart: Reloading web application '/majorclassifier'
Jan 30, 2017 2:05:33 PM org.apache.catalina.core.ApplicationContext log
INFO: Manager: list: Listing contexts for virtual host 'localhost'
Jan 30, 2017 2:05:33 PM org.apache.catalina.core.ApplicationContext log
INFO: Manager: restart: Reloading web application '/majorclassifier'
Jan 30, 2017 2:05:35 PM org.apache.catalina.core.ApplicationContext log
INFO: Manager: list: Listing contexts for virtual host 'localhost'
Jan 30, 2017 2:05:35 PM org.apache.catalina.core.ApplicationContext log
INFO: Manager: restart: Reloading web application '/majorclassifier'
