Feb 27, 2017 8:58:46 AM org.apache.catalina.core.ApplicationContext log
INFO: Manager: init: Associated with Deployer 'Catalina:type=Deployer,host=localhost'
Feb 27, 2017 8:58:46 AM org.apache.catalina.core.ApplicationContext log
INFO: Manager: init: Global resources are available
Feb 27, 2017 8:58:46 AM org.apache.catalina.core.ApplicationContext log
INFO: Manager: list: Listing contexts for virtual host 'localhost'
Feb 27, 2017 8:58:46 AM org.apache.catalina.core.ApplicationContext log
INFO: Manager: list: Listing contexts for virtual host 'localhost'
Feb 27, 2017 8:58:46 AM org.apache.catalina.core.ApplicationContext log
INFO: Manager: restart: Reloading web application '/avianMigration'
Feb 27, 2017 9:02:43 AM org.apache.catalina.core.ApplicationContext log
INFO: Manager: init: Associated with Deployer 'Catalina:type=Deployer,host=localhost'
Feb 27, 2017 9:02:43 AM org.apache.catalina.core.ApplicationContext log
INFO: Manager: init: Global resources are available
Feb 27, 2017 9:02:43 AM org.apache.catalina.core.ApplicationContext log
INFO: Manager: list: Listing contexts for virtual host 'localhost'
Feb 27, 2017 9:02:43 AM org.apache.catalina.core.ApplicationContext log
INFO: Manager: list: Listing contexts for virtual host 'localhost'
Feb 27, 2017 9:02:43 AM org.apache.catalina.core.ApplicationContext log
INFO: Manager: undeploy: Undeploying web application at '/avianMigration'
Feb 27, 2017 9:02:44 AM org.apache.catalina.core.ApplicationContext log
INFO: Manager: install: Installing context configuration at 'file:/C:/Users/CJEDWA~1/AppData/Local/Temp/context1351734780365582086.xml'
Feb 27, 2017 9:02:45 AM org.apache.catalina.core.ApplicationContext log
INFO: Manager: start: Starting web application '/avianMigration'
Feb 27, 2017 9:08:29 AM org.apache.catalina.core.ApplicationContext log
INFO: Manager: init: Associated with Deployer 'Catalina:type=Deployer,host=localhost'
Feb 27, 2017 9:08:29 AM org.apache.catalina.core.ApplicationContext log
INFO: Manager: init: Global resources are available
Feb 27, 2017 9:08:29 AM org.apache.catalina.core.ApplicationContext log
INFO: Manager: list: Listing contexts for virtual host 'localhost'
Feb 27, 2017 9:08:29 AM org.apache.catalina.core.ApplicationContext log
INFO: Manager: list: Listing contexts for virtual host 'localhost'
Feb 27, 2017 9:08:29 AM org.apache.catalina.core.ApplicationContext log
INFO: Manager: undeploy: Undeploying web application at '/avianMigration'
Feb 27, 2017 9:08:29 AM org.apache.catalina.core.ApplicationContext log
INFO: Manager: install: Installing context configuration at 'file:/C:/Users/CJEDWA~1/AppData/Local/Temp/context1981168879379431882.xml'
Feb 27, 2017 9:08:32 AM org.apache.catalina.core.ApplicationContext log
INFO: Manager: start: Starting web application '/avianMigration'
Feb 27, 2017 9:16:10 AM org.apache.catalina.core.ApplicationContext log
INFO: Manager: list: Listing contexts for virtual host 'localhost'
Feb 27, 2017 9:16:10 AM org.apache.catalina.core.ApplicationContext log
INFO: Manager: list: Listing contexts for virtual host 'localhost'
Feb 27, 2017 9:16:10 AM org.apache.catalina.core.ApplicationContext log
INFO: Manager: undeploy: Undeploying web application at '/avianMigration'
Feb 27, 2017 9:16:15 AM org.apache.catalina.core.ApplicationContext log
INFO: Manager: install: Installing context configuration at 'file:/C:/Users/CJEDWA~1/AppData/Local/Temp/context6914962163842443598.xml'
Feb 27, 2017 9:16:17 AM org.apache.catalina.core.ApplicationContext log
INFO: Manager: start: Starting web application '/avianMigration'
Feb 27, 2017 9:16:57 AM org.apache.catalina.core.ApplicationContext log
INFO: Manager: list: Listing contexts for virtual host 'localhost'
Feb 27, 2017 9:16:57 AM org.apache.catalina.core.ApplicationContext log
INFO: Manager: list: Listing contexts for virtual host 'localhost'
Feb 27, 2017 9:16:57 AM org.apache.catalina.core.ApplicationContext log
INFO: Manager: undeploy: Undeploying web application at '/avianMigration'
Feb 27, 2017 9:16:57 AM org.apache.catalina.core.ApplicationContext log
INFO: Manager: install: Installing context configuration at 'file:/C:/Users/CJEDWA~1/AppData/Local/Temp/context7921268804626859655.xml'
Feb 27, 2017 9:16:59 AM org.apache.catalina.core.ApplicationContext log
INFO: Manager: start: Starting web application '/avianMigration'
Feb 27, 2017 9:18:25 AM org.apache.catalina.core.ApplicationContext log
INFO: Manager: list: Listing contexts for virtual host 'localhost'
Feb 27, 2017 9:18:25 AM org.apache.catalina.core.ApplicationContext log
INFO: Manager: list: Listing contexts for virtual host 'localhost'
Feb 27, 2017 9:18:25 AM org.apache.catalina.core.ApplicationContext log
INFO: Manager: undeploy: Undeploying web application at '/avianMigration'
Feb 27, 2017 9:18:26 AM org.apache.catalina.core.ApplicationContext log
INFO: Manager: install: Installing context configuration at 'file:/C:/Users/CJEDWA~1/AppData/Local/Temp/context5464902364362396872.xml'
Feb 27, 2017 9:18:28 AM org.apache.catalina.core.ApplicationContext log
INFO: Manager: start: Starting web application '/avianMigration'
Feb 27, 2017 9:19:10 AM org.apache.catalina.core.ApplicationContext log
INFO: Manager: list: Listing contexts for virtual host 'localhost'
Feb 27, 2017 9:19:10 AM org.apache.catalina.core.ApplicationContext log
INFO: Manager: list: Listing contexts for virtual host 'localhost'
Feb 27, 2017 9:19:10 AM org.apache.catalina.core.ApplicationContext log
INFO: Manager: undeploy: Undeploying web application at '/avianMigration'
Feb 27, 2017 9:19:11 AM org.apache.catalina.core.ApplicationContext log
INFO: Manager: install: Installing context configuration at 'file:/C:/Users/CJEDWA~1/AppData/Local/Temp/context7823386810202027346.xml'
Feb 27, 2017 9:19:13 AM org.apache.catalina.core.ApplicationContext log
INFO: Manager: start: Starting web application '/avianMigration'
Feb 27, 2017 9:21:03 AM org.apache.catalina.core.ApplicationContext log
INFO: Manager: list: Listing contexts for virtual host 'localhost'
Feb 27, 2017 9:21:03 AM org.apache.catalina.core.ApplicationContext log
INFO: Manager: list: Listing contexts for virtual host 'localhost'
Feb 27, 2017 9:21:03 AM org.apache.catalina.core.ApplicationContext log
INFO: Manager: undeploy: Undeploying web application at '/avianMigration'
Feb 27, 2017 9:21:03 AM org.apache.catalina.core.ApplicationContext log
INFO: Manager: install: Installing context configuration at 'file:/C:/Users/CJEDWA~1/AppData/Local/Temp/context2812209986042456450.xml'
Feb 27, 2017 9:21:05 AM org.apache.catalina.core.ApplicationContext log
INFO: Manager: start: Starting web application '/avianMigration'
Feb 27, 2017 9:21:29 AM org.apache.catalina.core.ApplicationContext log
INFO: Manager: list: Listing contexts for virtual host 'localhost'
Feb 27, 2017 9:21:29 AM org.apache.catalina.core.ApplicationContext log
INFO: Manager: list: Listing contexts for virtual host 'localhost'
Feb 27, 2017 9:21:29 AM org.apache.catalina.core.ApplicationContext log
INFO: Manager: undeploy: Undeploying web application at '/avianMigration'
Feb 27, 2017 9:21:30 AM org.apache.catalina.core.ApplicationContext log
INFO: Manager: install: Installing context configuration at 'file:/C:/Users/CJEDWA~1/AppData/Local/Temp/context5539388784914465681.xml'
Feb 27, 2017 9:21:31 AM org.apache.catalina.core.ApplicationContext log
INFO: Manager: start: Starting web application '/avianMigration'
Feb 27, 2017 9:22:55 AM org.apache.catalina.core.ApplicationContext log
INFO: Manager: list: Listing contexts for virtual host 'localhost'
Feb 27, 2017 9:22:55 AM org.apache.catalina.core.ApplicationContext log
INFO: Manager: list: Listing contexts for virtual host 'localhost'
Feb 27, 2017 9:22:55 AM org.apache.catalina.core.ApplicationContext log
INFO: Manager: undeploy: Undeploying web application at '/avianMigration'
Feb 27, 2017 9:22:56 AM org.apache.catalina.core.ApplicationContext log
INFO: Manager: install: Installing context configuration at 'file:/C:/Users/CJEDWA~1/AppData/Local/Temp/context4971424848987645686.xml'
Feb 27, 2017 9:22:58 AM org.apache.catalina.core.ApplicationContext log
INFO: Manager: start: Starting web application '/avianMigration'
Feb 27, 2017 9:29:22 AM org.apache.catalina.core.ApplicationContext log
INFO: Manager: list: Listing contexts for virtual host 'localhost'
Feb 27, 2017 9:29:22 AM org.apache.catalina.core.ApplicationContext log
INFO: Manager: list: Listing contexts for virtual host 'localhost'
Feb 27, 2017 9:29:22 AM org.apache.catalina.core.ApplicationContext log
INFO: Manager: undeploy: Undeploying web application at '/avianMigration'
Feb 27, 2017 9:29:24 AM org.apache.catalina.core.ApplicationContext log
INFO: Manager: install: Installing context configuration at 'file:/C:/Users/CJEDWA~1/AppData/Local/Temp/context259718670064061701.xml'
Feb 27, 2017 9:29:26 AM org.apache.catalina.core.ApplicationContext log
INFO: Manager: start: Starting web application '/avianMigration'
Feb 27, 2017 9:38:16 AM org.apache.catalina.core.ApplicationContext log
INFO: Manager: list: Listing contexts for virtual host 'localhost'
Feb 27, 2017 9:38:16 AM org.apache.catalina.core.ApplicationContext log
INFO: Manager: restart: Reloading web application '/avianMigration'
Feb 27, 2017 9:41:30 AM org.apache.catalina.core.ApplicationContext log
INFO: Manager: list: Listing contexts for virtual host 'localhost'
Feb 27, 2017 9:41:30 AM org.apache.catalina.core.ApplicationContext log
INFO: Manager: restart: Reloading web application '/avianMigration'
Feb 27, 2017 9:41:51 AM org.apache.catalina.core.ApplicationContext log
INFO: Manager: list: Listing contexts for virtual host 'localhost'
Feb 27, 2017 9:41:51 AM org.apache.catalina.core.ApplicationContext log
INFO: Manager: restart: Reloading web application '/avianMigration'
Feb 27, 2017 9:43:18 AM org.apache.catalina.core.ApplicationContext log
INFO: Manager: list: Listing contexts for virtual host 'localhost'
Feb 27, 2017 9:43:18 AM org.apache.catalina.core.ApplicationContext log
INFO: Manager: list: Listing contexts for virtual host 'localhost'
Feb 27, 2017 9:43:18 AM org.apache.catalina.core.ApplicationContext log
INFO: Manager: undeploy: Undeploying web application at '/avianMigration'
Feb 27, 2017 9:43:21 AM org.apache.catalina.core.ApplicationContext log
INFO: Manager: install: Installing context configuration at 'file:/C:/Users/CJEDWA~1/AppData/Local/Temp/context2376335054233308279.xml'
Feb 27, 2017 9:43:22 AM org.apache.catalina.core.ApplicationContext log
INFO: Manager: start: Starting web application '/avianMigration'
Feb 27, 2017 9:47:28 AM org.apache.catalina.core.ApplicationContext log
INFO: Manager: list: Listing contexts for virtual host 'localhost'
Feb 27, 2017 9:47:28 AM org.apache.catalina.core.ApplicationContext log
INFO: Manager: list: Listing contexts for virtual host 'localhost'
Feb 27, 2017 9:47:28 AM org.apache.catalina.core.ApplicationContext log
INFO: Manager: undeploy: Undeploying web application at '/avianMigration'
Feb 27, 2017 9:47:30 AM org.apache.catalina.core.ApplicationContext log
INFO: Manager: install: Installing context configuration at 'file:/C:/Users/CJEDWA~1/AppData/Local/Temp/context2345480872256244831.xml'
Feb 27, 2017 9:47:32 AM org.apache.catalina.core.ApplicationContext log
INFO: Manager: start: Starting web application '/avianMigration'
Feb 27, 2017 10:06:11 AM org.apache.catalina.core.ApplicationContext log
INFO: Manager: list: Listing contexts for virtual host 'localhost'
Feb 27, 2017 10:06:11 AM org.apache.catalina.core.ApplicationContext log
INFO: Manager: list: Listing contexts for virtual host 'localhost'
Feb 27, 2017 10:06:11 AM org.apache.catalina.core.ApplicationContext log
INFO: Manager: undeploy: Undeploying web application at '/avianMigration'
Feb 27, 2017 10:06:14 AM org.apache.catalina.core.ApplicationContext log
INFO: Manager: install: Installing context configuration at 'file:/C:/Users/CJEDWA~1/AppData/Local/Temp/context7804446380023955242.xml'
Feb 27, 2017 10:06:15 AM org.apache.catalina.core.ApplicationContext log
INFO: Manager: start: Starting web application '/avianMigration'
Feb 27, 2017 10:11:14 AM org.apache.catalina.core.ApplicationContext log
INFO: Manager: list: Listing contexts for virtual host 'localhost'
Feb 27, 2017 10:11:14 AM org.apache.catalina.core.ApplicationContext log
INFO: Manager: list: Listing contexts for virtual host 'localhost'
Feb 27, 2017 10:11:14 AM org.apache.catalina.core.ApplicationContext log
INFO: Manager: undeploy: Undeploying web application at '/avianMigration'
Feb 27, 2017 10:11:17 AM org.apache.catalina.core.ApplicationContext log
INFO: Manager: install: Installing context configuration at 'file:/C:/Users/CJEDWA~1/AppData/Local/Temp/context4161540303083059202.xml'
Feb 27, 2017 10:11:18 AM org.apache.catalina.core.ApplicationContext log
INFO: Manager: start: Starting web application '/avianMigration'
Feb 27, 2017 10:13:02 AM org.apache.catalina.core.ApplicationContext log
INFO: Manager: list: Listing contexts for virtual host 'localhost'
Feb 27, 2017 10:13:02 AM org.apache.catalina.core.ApplicationContext log
INFO: Manager: restart: Reloading web application '/avianMigration'
Feb 27, 2017 10:15:26 AM org.apache.catalina.core.ApplicationContext log
INFO: Manager: list: Listing contexts for virtual host 'localhost'
Feb 27, 2017 10:15:26 AM org.apache.catalina.core.ApplicationContext log
INFO: Manager: restart: Reloading web application '/avianMigration'
Feb 27, 2017 10:15:32 AM org.apache.catalina.core.ApplicationContext log
INFO: Manager: list: Listing contexts for virtual host 'localhost'
Feb 27, 2017 10:15:33 AM org.apache.catalina.core.ApplicationContext log
INFO: Manager: restart: Reloading web application '/avianMigration'
Feb 27, 2017 10:17:02 AM org.apache.catalina.core.ApplicationContext log
INFO: Manager: list: Listing contexts for virtual host 'localhost'
Feb 27, 2017 10:17:02 AM org.apache.catalina.core.ApplicationContext log
INFO: Manager: restart: Reloading web application '/avianMigration'
Feb 27, 2017 10:40:07 AM org.apache.catalina.core.ApplicationContext log
INFO: Manager: init: Associated with Deployer 'Catalina:type=Deployer,host=localhost'
Feb 27, 2017 10:40:07 AM org.apache.catalina.core.ApplicationContext log
INFO: Manager: init: Global resources are available
Feb 27, 2017 10:40:07 AM org.apache.catalina.core.ApplicationContext log
INFO: Manager: list: Listing contexts for virtual host 'localhost'
Feb 27, 2017 10:40:07 AM org.apache.catalina.core.ApplicationContext log
INFO: Manager: restart: Reloading web application '/avianMigration'
Feb 27, 2017 10:40:47 AM org.apache.catalina.core.ApplicationContext log
INFO: Manager: list: Listing contexts for virtual host 'localhost'
Feb 27, 2017 10:40:47 AM org.apache.catalina.core.ApplicationContext log
INFO: Manager: list: Listing contexts for virtual host 'localhost'
Feb 27, 2017 10:40:47 AM org.apache.catalina.core.ApplicationContext log
INFO: Manager: undeploy: Undeploying web application at '/avianMigration'
Feb 27, 2017 10:40:49 AM org.apache.catalina.core.ApplicationContext log
INFO: Manager: install: Installing context configuration at 'file:/C:/Users/CJEDWA~1/AppData/Local/Temp/context2151446205629090576.xml'
Feb 27, 2017 10:40:51 AM org.apache.catalina.core.ApplicationContext log
INFO: Manager: start: Starting web application '/avianMigration'
Feb 27, 2017 10:42:22 AM org.apache.catalina.core.ApplicationContext log
INFO: Manager: list: Listing contexts for virtual host 'localhost'
Feb 27, 2017 10:42:22 AM org.apache.catalina.core.ApplicationContext log
INFO: Manager: list: Listing contexts for virtual host 'localhost'
Feb 27, 2017 10:42:22 AM org.apache.catalina.core.ApplicationContext log
INFO: Manager: undeploy: Undeploying web application at '/avianMigration'
Feb 27, 2017 10:42:24 AM org.apache.catalina.core.ApplicationContext log
INFO: Manager: install: Installing context configuration at 'file:/C:/Users/CJEDWA~1/AppData/Local/Temp/context6324801247126167100.xml'
Feb 27, 2017 10:42:26 AM org.apache.catalina.core.ApplicationContext log
INFO: Manager: start: Starting web application '/avianMigration'
Feb 27, 2017 10:43:17 AM org.apache.catalina.core.ApplicationContext log
INFO: Manager: list: Listing contexts for virtual host 'localhost'
Feb 27, 2017 10:43:17 AM org.apache.catalina.core.ApplicationContext log
INFO: Manager: restart: Reloading web application '/avianMigration'
